<?xml version="1.0" encoding="UTF-8"?>
<robot generator="Robot 6.1.1 (Python 3.11.5 on win32)" generated="20231222 17:01:25.090" rpa="false" schemaversion="4">
<suite id="s1" name="Post" source="d:\AutomationTest\test\test\testcases\post.robot">
<test id="s1-t1" name="DA_25 Verify that navigating to the right &quot;edit post&quot; page" line="273">
<kw name="Setup" library="common" type="SETUP">
<kw name="Set Browser Timeout" library="Browser">
<arg>${BROWSER_TIMEOUT}</arg>
<tag>Config</tag>
<tag>Setter</tag>
<doc>Sets the timeout used by most input and getter keywords.</doc>
<status status="PASS" starttime="20231222 17:01:27.085" endtime="20231222 17:01:27.085"/>
</kw>
<kw name="New Browser" library="Browser">
<arg>${BROWSER}</arg>
<arg>headless=${HEADLESS}</arg>
<tag>BrowserControl</tag>
<tag>Setter</tag>
<doc>Create a new playwright Browser with specified options.</doc>
<msg timestamp="20231222 17:01:27.086" level="INFO">{"browser": "chromium", "headless": false, "chromiumSandbox": false, "devtools": false, "handleSIGHUP": true, "handleSIGINT": true, "handleSIGTERM": true, "slowMo": 0.0, "timeout": 30000.0, "tracesDir": "D:\\AutomationTest\\test\\test\\browser\\traces\\d1be232a-f061-41a7-bfdb-dc4a43f10504"}</msg>
<msg timestamp="20231222 17:01:27.612" level="INFO">Successfully created browser with options: {"browser":"chromium","headless":false,"chromiumSandbox":false,"devtools":false,"handleSIGHUP":true,"handleSIGINT":true,"handleSIGTERM":true,"slowMo":0,"timeout":30000,"tracesDir":"D:\\AutomationTest\\test\\test\\browser\\traces\\d1be232a-f061-41a7-bfdb-dc4a43f10504"}</msg>
<status status="PASS" starttime="20231222 17:01:27.086" endtime="20231222 17:01:27.612"/>
</kw>
<kw name="New Page" library="Browser">
<arg>${URL_DEFAULT}</arg>
<tag>BrowserControl</tag>
<tag>Setter</tag>
<doc>Open a new Page.</doc>
<msg timestamp="20231222 17:01:29.825" level="INFO">Successfully initialized new page object and opened url: http://dev1.geneat.vn:7802/#/vn</msg>
<msg timestamp="20231222 17:01:29.826" level="INFO">No context was open. New context was automatically opened when this page is created.</msg>
<status status="PASS" starttime="20231222 17:01:27.613" endtime="20231222 17:01:29.826"/>
</kw>
<kw name="Evaluate" library="BuiltIn">
<var>${STATE}</var>
<arg>json.loads('''{}''')</arg>
<arg>json</arg>
<doc>Evaluates the given expression in Python and returns the result.</doc>
<msg timestamp="20231222 17:01:29.830" level="INFO">${STATE} = {}</msg>
<status status="PASS" starttime="20231222 17:01:29.827" endtime="20231222 17:01:29.831"/>
</kw>
<status status="PASS" starttime="20231222 17:01:27.084" endtime="20231222 17:01:29.832"/>
</kw>
<kw name="Create a test post_category">
<var>${cate_1}</var>
<kw name="Run Keyword And Return Status" library="BuiltIn">
<var>${condition}</var>
<arg>Confirm locating exactly in "Post" page</arg>
<doc>Runs the given keyword with given arguments and returns the status as a Boolean value.</doc>
<kw name="Confirm locating exactly in &quot;Post&quot; page" library="common" sourcename="Confirm locating exactly in &quot;${name}&quot; page">
<kw name="Wait Until Element Spin" library="common">
<kw name="Sleep" library="BuiltIn">
<arg>${SHOULD_TIMEOUT}</arg>
<doc>Pauses the test executed for the given time.</doc>
<msg timestamp="20231222 17:01:29.941" level="INFO">Slept 100 milliseconds</msg>
<status status="PASS" starttime="20231222 17:01:29.840" endtime="20231222 17:01:29.941"/>
</kw>
<kw name="Set Variable" library="BuiltIn">
<var>${element}</var>
<arg>xpath=//*[contains(@class, "ant-spin-spinning")]</arg>
<doc>Returns the given values which can then be assigned to a variables.</doc>
<msg timestamp="20231222 17:01:29.941" level="INFO">${element} = xpath=//*[contains(@class, "ant-spin-spinning")]</msg>
<status status="PASS" starttime="20231222 17:01:29.941" endtime="20231222 17:01:29.942"/>
</kw>
<kw name="Get Element Count" library="Browser">
<var>${count}</var>
<arg>${element}</arg>
<tag>Assertion</tag>
<tag>Getter</tag>
<tag>PageContent</tag>
<doc>Returns the count of elements found with ``selector``.</doc>
<msg timestamp="20231222 17:01:29.995" level="INFO">${count} = 0</msg>
<status status="PASS" starttime="20231222 17:01:29.942" endtime="20231222 17:01:29.995"/>
</kw>
<if>
<branch type="IF" condition="${count} &gt; 0">
<kw name="Wait Until Page Does Not Contain Element" library="common">
<arg>${element}</arg>
<status status="NOT RUN" starttime="20231222 17:01:29.999" endtime="20231222 17:01:29.999"/>
</kw>
<status status="NOT RUN" starttime="20231222 17:01:29.996" endtime="20231222 17:01:30.000"/>
</branch>
<status status="PASS" starttime="20231222 17:01:29.996" endtime="20231222 17:01:30.000"/>
</if>
<status status="PASS" starttime="20231222 17:01:29.840" endtime="20231222 17:01:30.000"/>
</kw>
<kw name="Get Element Count" library="Browser">
<var>${cnt}</var>
<arg>//header//span[contains(text(),"${name}")]</arg>
<tag>Assertion</tag>
<tag>Getter</tag>
<tag>PageContent</tag>
<doc>Returns the count of elements found with ``selector``.</doc>
<msg timestamp="20231222 17:01:30.010" level="INFO">${cnt} = 0</msg>
<status status="PASS" starttime="20231222 17:01:30.001" endtime="20231222 17:01:30.011"/>
</kw>
<kw name="Should Be True" library="BuiltIn">
<arg>${cnt} &gt; 0</arg>
<doc>Fails if the given condition is not true.</doc>
<msg timestamp="20231222 17:01:30.013" level="FAIL">'0 &gt; 0' should be true.</msg>
<status status="FAIL" starttime="20231222 17:01:30.011" endtime="20231222 17:01:30.015"/>
</kw>
<status status="FAIL" starttime="20231222 17:01:29.839" endtime="20231222 17:01:30.017"/>
</kw>
<msg timestamp="20231222 17:01:30.017" level="INFO">${condition} = False</msg>
<status status="PASS" starttime="20231222 17:01:29.839" endtime="20231222 17:01:30.018"/>
</kw>
<if>
<branch type="IF" condition="'${condition}' == 'True'">
<kw name="Click &quot;Tạo mới&quot; button" library="common" sourcename="Click &quot;${text}&quot; button">
<status status="NOT RUN" starttime="20231222 17:01:30.019" endtime="20231222 17:01:30.019"/>
</kw>
<status status="NOT RUN" starttime="20231222 17:01:30.019" endtime="20231222 17:01:30.020"/>
</branch>
<branch type="ELSE">
<kw name="Go to page create category &quot;Post&quot; with &quot;/post&quot;" sourcename="Go to page create category &quot;${name}&quot; with &quot;${url}&quot;">
<kw name="Login to admin" library="common">
<kw name="Wait Until Element Spin" library="common">
<kw name="Sleep" library="BuiltIn">
<arg>${SHOULD_TIMEOUT}</arg>
<doc>Pauses the test executed for the given time.</doc>
<msg timestamp="20231222 17:01:30.156" level="INFO">Slept 100 milliseconds</msg>
<status status="PASS" starttime="20231222 17:01:30.054" endtime="20231222 17:01:30.158"/>
</kw>
<kw name="Set Variable" library="BuiltIn">
<var>${element}</var>
<arg>xpath=//*[contains(@class, "ant-spin-spinning")]</arg>
<doc>Returns the given values which can then be assigned to a variables.</doc>
<msg timestamp="20231222 17:01:30.158" level="INFO">${element} = xpath=//*[contains(@class, "ant-spin-spinning")]</msg>
<status status="PASS" starttime="20231222 17:01:30.158" endtime="20231222 17:01:30.158"/>
</kw>
<kw name="Get Element Count" library="Browser">
<var>${count}</var>
<arg>${element}</arg>
<tag>Assertion</tag>
<tag>Getter</tag>
<tag>PageContent</tag>
<doc>Returns the count of elements found with ``selector``.</doc>
<msg timestamp="20231222 17:01:30.194" level="INFO">${count} = 0</msg>
<status status="PASS" starttime="20231222 17:01:30.158" endtime="20231222 17:01:30.195"/>
</kw>
<if>
<branch type="IF" condition="${count} &gt; 0">
<kw name="Wait Until Page Does Not Contain Element" library="common">
<arg>${element}</arg>
<status status="NOT RUN" starttime="20231222 17:01:30.202" endtime="20231222 17:01:30.202"/>
</kw>
<status status="NOT RUN" starttime="20231222 17:01:30.200" endtime="20231222 17:01:30.203"/>
</branch>
<status status="PASS" starttime="20231222 17:01:30.200" endtime="20231222 17:01:30.203"/>
</if>
<status status="PASS" starttime="20231222 17:01:30.053" endtime="20231222 17:01:30.204"/>
</kw>
<kw name="Enter &quot;email&quot; in &quot;Email&quot; with &quot;admin@gmail.com&quot;" library="common" sourcename="Enter &quot;${type}&quot; in &quot;${name}&quot; with &quot;${text}&quot;">
<kw name="Get Random Text" library="common">
<var>${text}</var>
<arg>${type}</arg>
<arg>${text}</arg>
<kw name="Set Variable" library="BuiltIn">
<var>${symbol}</var>
<arg>_RANDOM_</arg>
<doc>Returns the given values which can then be assigned to a variables.</doc>
<msg timestamp="20231222 17:01:30.206" level="INFO">${symbol} = _RANDOM_</msg>
<status status="PASS" starttime="20231222 17:01:30.204" endtime="20231222 17:01:30.206"/>
</kw>
<kw name="Set Variable" library="BuiltIn">
<var>${new_text}</var>
<doc>Returns the given values which can then be assigned to a variables.</doc>
<msg timestamp="20231222 17:01:30.206" level="INFO">${new_text} = </msg>
<status status="PASS" starttime="20231222 17:01:30.206" endtime="20231222 17:01:30.206"/>
</kw>
<kw name="Get Regexp Matches" library="String">
<var>${containsS}</var>
<arg>${text}</arg>
<arg>_@(.+)@_</arg>
<arg>1</arg>
<doc>Returns a list of all non-overlapping matches in the given string.</doc>
<msg timestamp="20231222 17:01:30.207" level="INFO">${containsS} = []</msg>
<status status="PASS" starttime="20231222 17:01:30.206" endtime="20231222 17:01:30.207"/>
</kw>
<kw name="Get Length" library="BuiltIn">
<var>${cntS}</var>
<arg>${containsS}</arg>
<doc>Returns and logs the length of the given item as an integer.</doc>
<msg timestamp="20231222 17:01:30.207" level="INFO">Length is 0</msg>
<msg timestamp="20231222 17:01:30.207" level="INFO">${cntS} = 0</msg>
<status status="PASS" starttime="20231222 17:01:30.207" endtime="20231222 17:01:30.207"/>
</kw>
<kw name="Get Regexp Matches" library="String">
<var>${contains}</var>
<arg>${text}</arg>
<arg>${symbol}</arg>
<doc>Returns a list of all non-overlapping matches in the given string.</doc>
<msg timestamp="20231222 17:01:30.208" level="INFO">${contains} = []</msg>
<status status="PASS" starttime="20231222 17:01:30.208" endtime="20231222 17:01:30.208"/>
</kw>
<kw name="Get Length" library="BuiltIn">
<var>${cnt}</var>
<arg>${contains}</arg>
<doc>Returns and logs the length of the given item as an integer.</doc>
<msg timestamp="20231222 17:01:30.208" level="INFO">Length is 0</msg>
<msg timestamp="20231222 17:01:30.208" level="INFO">${cnt} = 0</msg>
<status status="PASS" starttime="20231222 17:01:30.208" endtime="20231222 17:01:30.208"/>
</kw>
<if>
<branch type="IF" condition="${cntS} &gt; 0">
<kw name="Set Variable" library="BuiltIn">
<var>${new_text}</var>
<arg>${STATE["${containsS[0]}"]}</arg>
<doc>Returns the given values which can then be assigned to a variables.</doc>
<status status="NOT RUN" starttime="20231222 17:01:30.209" endtime="20231222 17:01:30.209"/>
</kw>
<kw name="Set Variable" library="BuiltIn">
<var>${symbol}</var>
<arg>_@${containsS[0]}@_</arg>
<doc>Returns the given values which can then be assigned to a variables.</doc>
<status status="NOT RUN" starttime="20231222 17:01:30.209" endtime="20231222 17:01:30.209"/>
</kw>
<status status="NOT RUN" starttime="20231222 17:01:30.209" endtime="20231222 17:01:30.209"/>
</branch>
<branch type="ELSE IF" condition="${cnt} &gt; 0 and '${type}' == 'test name'">
<kw name="Sentence" library="FakerLibrary">
<var>${random}</var>
<arg>nb_words=3</arg>
<doc>Generate a sentence.</doc>
<status status="NOT RUN" starttime="20231222 17:01:30.210" endtime="20231222 17:01:30.210"/>
</kw>
<kw name="Split String" library="String">
<var>${words}</var>
<arg>${TEST NAME}</arg>
<arg>${SPACE}</arg>
<doc>Splits the ``string`` using ``separator`` as a delimiter string.</doc>
<status status="NOT RUN" starttime="20231222 17:01:30.210" endtime="20231222 17:01:30.210"/>
</kw>
<kw name="Set Variable" library="BuiltIn">
<var>${new_text}</var>
<arg>${words[0]} ${random}</arg>
<doc>Returns the given values which can then be assigned to a variables.</doc>
<status status="NOT RUN" starttime="20231222 17:01:30.210" endtime="20231222 17:01:30.210"/>
</kw>
<status status="NOT RUN" starttime="20231222 17:01:30.209" endtime="20231222 17:01:30.210"/>
</branch>
<branch type="ELSE IF" condition="${cnt} &gt; 0 and '${type}' == 'number'">
<kw name="Random Int" library="FakerLibrary">
<var>${new_text}</var>
<doc>Generate a random integer between two integers ``min`` and ``max`` inclusive
while observing the provided ``step`` value.</doc>
<status status="NOT RUN" starttime="20231222 17:01:30.211" endtime="20231222 17:01:30.211"/>
</kw>
<kw name="Convert To String" library="BuiltIn">
<var>${new_text}</var>
<arg>${new_text}</arg>
<doc>Converts the given item to a Unicode string.</doc>
<status status="NOT RUN" starttime="20231222 17:01:30.219" endtime="20231222 17:01:30.220"/>
</kw>
<status status="NOT RUN" starttime="20231222 17:01:30.211" endtime="20231222 17:01:30.221"/>
</branch>
<branch type="ELSE IF" condition="${cnt} &gt; 0 and '${type}' == 'percentage'">
<kw name="Random Int" library="FakerLibrary">
<var>${new_text}</var>
<arg>max=100</arg>
<doc>Generate a random integer between two integers ``min`` and ``max`` inclusive
while observing the provided ``step`` value.</doc>
<status status="NOT RUN" starttime="20231222 17:01:30.224" endtime="20231222 17:01:30.224"/>
</kw>
<kw name="Convert To String" library="BuiltIn">
<var>${new_text}</var>
<arg>${new_text}</arg>
<doc>Converts the given item to a Unicode string.</doc>
<status status="NOT RUN" starttime="20231222 17:01:30.224" endtime="20231222 17:01:30.224"/>
</kw>
<status status="NOT RUN" starttime="20231222 17:01:30.221" endtime="20231222 17:01:30.224"/>
</branch>
<branch type="ELSE IF" condition="${cnt} &gt; 0 and '${type}' == 'paragraph'">
<kw name="Paragraph" library="FakerLibrary">
<var>${new_text}</var>
<doc>Generate a paragraph.</doc>
<status status="NOT RUN" starttime="20231222 17:01:30.226" endtime="20231222 17:01:30.226"/>
</kw>
<status status="NOT RUN" starttime="20231222 17:01:30.224" endtime="20231222 17:01:30.226"/>
</branch>
<branch type="ELSE IF" condition="${cnt} &gt; 0 and '${type}' == 'email'">
<kw name="Email" library="FakerLibrary">
<var>${new_text}</var>
<status status="NOT RUN" starttime="20231222 17:01:30.226" endtime="20231222 17:01:30.226"/>
</kw>
<status status="NOT RUN" starttime="20231222 17:01:30.226" endtime="20231222 17:01:30.227"/>
</branch>
<branch type="ELSE IF" condition="${cnt} &gt; 0 and '${type}' == 'phone'">
<kw name="Random Int" library="FakerLibrary">
<var>${new_text}</var>
<arg>min=2000000000</arg>
<arg>max=9999999999</arg>
<doc>Generate a random integer between two integers ``min`` and ``max`` inclusive
while observing the provided ``step`` value.</doc>
<status status="NOT RUN" starttime="20231222 17:01:30.227" endtime="20231222 17:01:30.227"/>
</kw>
<kw name="Convert To String" library="BuiltIn">
<var>${new_text}</var>
<arg>${new_text}</arg>
<doc>Converts the given item to a Unicode string.</doc>
<status status="NOT RUN" starttime="20231222 17:01:30.227" endtime="20231222 17:01:30.228"/>
</kw>
<kw name="Catenate" library="BuiltIn">
<var>${new_text}</var>
<arg>SEPARATOR=</arg>
<arg>0</arg>
<arg>${new_text}</arg>
<doc>Catenates the given items together and returns the resulted string.</doc>
<status status="NOT RUN" starttime="20231222 17:01:30.228" endtime="20231222 17:01:30.228"/>
</kw>
<status status="NOT RUN" starttime="20231222 17:01:30.227" endtime="20231222 17:01:30.228"/>
</branch>
<branch type="ELSE IF" condition="${cnt} &gt; 0 and '${type}' == 'color'">
<kw name="Safe Hex Color" library="FakerLibrary">
<var>${new_text}</var>
<doc>Generate a web-safe color formatted as a hex triplet.</doc>
<status status="NOT RUN" starttime="20231222 17:01:30.229" endtime="20231222 17:01:30.229"/>
</kw>
<status status="NOT RUN" starttime="20231222 17:01:30.228" endtime="20231222 17:01:30.232"/>
</branch>
<branch type="ELSE IF" condition="${cnt} &gt; 0 and &quot;${type}&quot; == 'password'">
<kw name="Password" library="FakerLibrary">
<var>${new_text}</var>
<arg>10</arg>
<arg>True</arg>
<arg>True</arg>
<arg>True</arg>
<arg>True</arg>
<doc>Generate a random password of the specified ``length``.</doc>
<status status="NOT RUN" starttime="20231222 17:01:30.236" endtime="20231222 17:01:30.238"/>
</kw>
<status status="NOT RUN" starttime="20231222 17:01:30.233" endtime="20231222 17:01:30.238"/>
</branch>
<branch type="ELSE IF" condition="${cnt} &gt; 0 and '${type}' == 'date'">
<kw name="Date" library="FakerLibrary">
<var>${new_text}</var>
<arg>pattern=%d-%m-%Y</arg>
<doc>Get a date string between January 1, 1970 and now.</doc>
<status status="NOT RUN" starttime="20231222 17:01:30.239" endtime="20231222 17:01:30.239"/>
</kw>
<status status="NOT RUN" starttime="20231222 17:01:30.239" endtime="20231222 17:01:30.239"/>
</branch>
<branch type="ELSE IF" condition="${cnt} &gt; 0 and '${type}' == 'word'">
<kw name="Sentence" library="FakerLibrary">
<var>${new_text}</var>
<arg>nb_words=2</arg>
<doc>Generate a sentence.</doc>
<status status="NOT RUN" starttime="20231222 17:01:30.241" endtime="20231222 17:01:30.241"/>
</kw>
<status status="NOT RUN" starttime="20231222 17:01:30.241" endtime="20231222 17:01:30.241"/>
</branch>
<branch type="ELSE IF" condition="${cnt} &gt; 0">
<kw name="Sentence" library="FakerLibrary">
<var>${new_text}</var>
<doc>Generate a sentence.</doc>
<status status="NOT RUN" starttime="20231222 17:01:30.242" endtime="20231222 17:01:30.242"/>
</kw>
<status status="NOT RUN" starttime="20231222 17:01:30.242" endtime="20231222 17:01:30.242"/>
</branch>
<status status="PASS" starttime="20231222 17:01:30.208" endtime="20231222 17:01:30.242"/>
</if>
<kw name="Get Length" library="BuiltIn">
<var>${cnt}</var>
<arg>${text}</arg>
<doc>Returns and logs the length of the given item as an integer.</doc>
<msg timestamp="20231222 17:01:30.244" level="INFO">Length is 15</msg>
<msg timestamp="20231222 17:01:30.244" level="INFO">${cnt} = 15</msg>
<status status="PASS" starttime="20231222 17:01:30.242" endtime="20231222 17:01:30.244"/>
</kw>
<if>
<branch type="IF" condition="${cnt} &gt; 0">
<kw name="Replace String" library="String">
<var>${text}</var>
<arg>${text}</arg>
<arg>${symbol}</arg>
<arg>${new_text}</arg>
<doc>Replaces ``search_for`` in the given ``string`` with ``replace_with``.</doc>
<msg timestamp="20231222 17:01:30.245" level="INFO">${text} = admin@gmail.com</msg>
<status status="PASS" starttime="20231222 17:01:30.245" endtime="20231222 17:01:30.249"/>
</kw>
<status status="PASS" starttime="20231222 17:01:30.244" endtime="20231222 17:01:30.251"/>
</branch>
<status status="PASS" starttime="20231222 17:01:30.244" endtime="20231222 17:01:30.252"/>
</if>
<msg timestamp="20231222 17:01:30.253" level="INFO">${text} = admin@gmail.com</msg>
<status status="PASS" starttime="20231222 17:01:30.204" endtime="20231222 17:01:30.253"/>
</kw>
<kw name="Get Element Form Item By Name" library="common">
<var>${element}</var>
<arg>${name}</arg>
<arg>//input[contains(@class, "ant-input")]</arg>
<msg timestamp="20231222 17:01:30.254" level="INFO">${element} = xpath=//*[contains(@class, "ant-form-item-label")]/label[text()="Email"]/../../*[contains(@class, "ant-form-item")]//input[contains(@class, "ant-input")]</msg>
<status status="PASS" starttime="20231222 17:01:30.253" endtime="20231222 17:01:30.254"/>
</kw>
<kw name="Clear Text" library="Browser">
<arg>${element}</arg>
<tag>PageContent</tag>
<tag>Setter</tag>
<doc>Clears the text field found by ``selector``.</doc>
<status status="PASS" starttime="20231222 17:01:30.254" endtime="20231222 17:01:30.327"/>
</kw>
<kw name="Fill Text" library="Browser">
<arg>${element}</arg>
<arg>${text}</arg>
<arg>True</arg>
<tag>PageContent</tag>
<tag>Setter</tag>
<doc>Clears and fills the given ``txt`` into the text field found by ``selector``.</doc>
<msg timestamp="20231222 17:01:30.327" level="INFO">Fills the text 'admin@gmail.com' in the given field.</msg>
<status status="PASS" starttime="20231222 17:01:30.327" endtime="20231222 17:01:30.440"/>
</kw>
<kw name="Get Length" library="BuiltIn">
<var>${cnt}</var>
<arg>${text}</arg>
<doc>Returns and logs the length of the given item as an integer.</doc>
<msg timestamp="20231222 17:01:30.451" level="INFO">Length is 15</msg>
<msg timestamp="20231222 17:01:30.452" level="INFO">${cnt} = 15</msg>
<status status="PASS" starttime="20231222 17:01:30.445" endtime="20231222 17:01:30.453"/>
</kw>
<if>
<branch type="IF" condition="${cnt} &gt; 0">
<kw name="Set Global Variable" library="BuiltIn">
<arg>\${STATE["${name}"]}</arg>
<arg>${text}</arg>
<doc>Makes a variable available globally in all tests and suites.</doc>
<msg timestamp="20231222 17:01:30.458" level="INFO">${STATE["Email"]} = admin@gmail.com</msg>
<status status="PASS" starttime="20231222 17:01:30.458" endtime="20231222 17:01:30.459"/>
</kw>
<status status="PASS" starttime="20231222 17:01:30.456" endtime="20231222 17:01:30.459"/>
</branch>
<status status="PASS" starttime="20231222 17:01:30.454" endtime="20231222 17:01:30.459"/>
</if>
<status status="PASS" starttime="20231222 17:01:30.204" endtime="20231222 17:01:30.459"/>
</kw>
<kw name="Enter &quot;password&quot; in &quot;Mật khẩu&quot; with &quot;123123&quot;" library="common" sourcename="Enter &quot;${type}&quot; in &quot;${name}&quot; with &quot;${text}&quot;">
<kw name="Get Random Text" library="common">
<var>${text}</var>
<arg>${type}</arg>
<arg>${text}</arg>
<kw name="Set Variable" library="BuiltIn">
<var>${symbol}</var>
<arg>_RANDOM_</arg>
<doc>Returns the given values which can then be assigned to a variables.</doc>
<msg timestamp="20231222 17:01:30.462" level="INFO">${symbol} = _RANDOM_</msg>
<status status="PASS" starttime="20231222 17:01:30.461" endtime="20231222 17:01:30.463"/>
</kw>
<kw name="Set Variable" library="BuiltIn">
<var>${new_text}</var>
<doc>Returns the given values which can then be assigned to a variables.</doc>
<msg timestamp="20231222 17:01:30.465" level="INFO">${new_text} = </msg>
<status status="PASS" starttime="20231222 17:01:30.464" endtime="20231222 17:01:30.465"/>
</kw>
<kw name="Get Regexp Matches" library="String">
<var>${containsS}</var>
<arg>${text}</arg>
<arg>_@(.+)@_</arg>
<arg>1</arg>
<doc>Returns a list of all non-overlapping matches in the given string.</doc>
<msg timestamp="20231222 17:01:30.471" level="INFO">${containsS} = []</msg>
<status status="PASS" starttime="20231222 17:01:30.469" endtime="20231222 17:01:30.471"/>
</kw>
<kw name="Get Length" library="BuiltIn">
<var>${cntS}</var>
<arg>${containsS}</arg>
<doc>Returns and logs the length of the given item as an integer.</doc>
<msg timestamp="20231222 17:01:30.472" level="INFO">Length is 0</msg>
<msg timestamp="20231222 17:01:30.472" level="INFO">${cntS} = 0</msg>
<status status="PASS" starttime="20231222 17:01:30.472" endtime="20231222 17:01:30.472"/>
</kw>
<kw name="Get Regexp Matches" library="String">
<var>${contains}</var>
<arg>${text}</arg>
<arg>${symbol}</arg>
<doc>Returns a list of all non-overlapping matches in the given string.</doc>
<msg timestamp="20231222 17:01:30.473" level="INFO">${contains} = []</msg>
<status status="PASS" starttime="20231222 17:01:30.473" endtime="20231222 17:01:30.473"/>
</kw>
<kw name="Get Length" library="BuiltIn">
<var>${cnt}</var>
<arg>${contains}</arg>
<doc>Returns and logs the length of the given item as an integer.</doc>
<msg timestamp="20231222 17:01:30.474" level="INFO">Length is 0</msg>
<msg timestamp="20231222 17:01:30.474" level="INFO">${cnt} = 0</msg>
<status status="PASS" starttime="20231222 17:01:30.474" endtime="20231222 17:01:30.474"/>
</kw>
<if>
<branch type="IF" condition="${cntS} &gt; 0">
<kw name="Set Variable" library="BuiltIn">
<var>${new_text}</var>
<arg>${STATE["${containsS[0]}"]}</arg>
<doc>Returns the given values which can then be assigned to a variables.</doc>
<status status="NOT RUN" starttime="20231222 17:01:30.476" endtime="20231222 17:01:30.476"/>
</kw>
<kw name="Set Variable" library="BuiltIn">
<var>${symbol}</var>
<arg>_@${containsS[0]}@_</arg>
<doc>Returns the given values which can then be assigned to a variables.</doc>
<status status="NOT RUN" starttime="20231222 17:01:30.476" endtime="20231222 17:01:30.477"/>
</kw>
<status status="NOT RUN" starttime="20231222 17:01:30.474" endtime="20231222 17:01:30.477"/>
</branch>
<branch type="ELSE IF" condition="${cnt} &gt; 0 and '${type}' == 'test name'">
<kw name="Sentence" library="FakerLibrary">
<var>${random}</var>
<arg>nb_words=3</arg>
<doc>Generate a sentence.</doc>
<status status="NOT RUN" starttime="20231222 17:01:30.478" endtime="20231222 17:01:30.478"/>
</kw>
<kw name="Split String" library="String">
<var>${words}</var>
<arg>${TEST NAME}</arg>
<arg>${SPACE}</arg>
<doc>Splits the ``string`` using ``separator`` as a delimiter string.</doc>
<status status="NOT RUN" starttime="20231222 17:01:30.482" endtime="20231222 17:01:30.494"/>
</kw>
<kw name="Set Variable" library="BuiltIn">
<var>${new_text}</var>
<arg>${words[0]} ${random}</arg>
<doc>Returns the given values which can then be assigned to a variables.</doc>
<status status="NOT RUN" starttime="20231222 17:01:30.519" endtime="20231222 17:01:30.519"/>
</kw>
<status status="NOT RUN" starttime="20231222 17:01:30.477" endtime="20231222 17:01:30.520"/>
</branch>
<branch type="ELSE IF" condition="${cnt} &gt; 0 and '${type}' == 'number'">
<kw name="Random Int" library="FakerLibrary">
<var>${new_text}</var>
<doc>Generate a random integer between two integers ``min`` and ``max`` inclusive
while observing the provided ``step`` value.</doc>
<status status="NOT RUN" starttime="20231222 17:01:30.522" endtime="20231222 17:01:30.522"/>
</kw>
<kw name="Convert To String" library="BuiltIn">
<var>${new_text}</var>
<arg>${new_text}</arg>
<doc>Converts the given item to a Unicode string.</doc>
<status status="NOT RUN" starttime="20231222 17:01:30.522" endtime="20231222 17:01:30.523"/>
</kw>
<status status="NOT RUN" starttime="20231222 17:01:30.520" endtime="20231222 17:01:30.523"/>
</branch>
<branch type="ELSE IF" condition="${cnt} &gt; 0 and '${type}' == 'percentage'">
<kw name="Random Int" library="FakerLibrary">
<var>${new_text}</var>
<arg>max=100</arg>
<doc>Generate a random integer between two integers ``min`` and ``max`` inclusive
while observing the provided ``step`` value.</doc>
<status status="NOT RUN" starttime="20231222 17:01:30.524" endtime="20231222 17:01:30.524"/>
</kw>
<kw name="Convert To String" library="BuiltIn">
<var>${new_text}</var>
<arg>${new_text}</arg>
<doc>Converts the given item to a Unicode string.</doc>
<status status="NOT RUN" starttime="20231222 17:01:30.525" endtime="20231222 17:01:30.525"/>
</kw>
<status status="NOT RUN" starttime="20231222 17:01:30.523" endtime="20231222 17:01:30.525"/>
</branch>
<branch type="ELSE IF" condition="${cnt} &gt; 0 and '${type}' == 'paragraph'">
<kw name="Paragraph" library="FakerLibrary">
<var>${new_text}</var>
<doc>Generate a paragraph.</doc>
<status status="NOT RUN" starttime="20231222 17:01:30.526" endtime="20231222 17:01:30.526"/>
</kw>
<status status="NOT RUN" starttime="20231222 17:01:30.525" endtime="20231222 17:01:30.526"/>
</branch>
<branch type="ELSE IF" condition="${cnt} &gt; 0 and '${type}' == 'email'">
<kw name="Email" library="FakerLibrary">
<var>${new_text}</var>
<status status="NOT RUN" starttime="20231222 17:01:30.527" endtime="20231222 17:01:30.528"/>
</kw>
<status status="NOT RUN" starttime="20231222 17:01:30.526" endtime="20231222 17:01:30.528"/>
</branch>
<branch type="ELSE IF" condition="${cnt} &gt; 0 and '${type}' == 'phone'">
<kw name="Random Int" library="FakerLibrary">
<var>${new_text}</var>
<arg>min=2000000000</arg>
<arg>max=9999999999</arg>
<doc>Generate a random integer between two integers ``min`` and ``max`` inclusive
while observing the provided ``step`` value.</doc>
<status status="NOT RUN" starttime="20231222 17:01:30.532" endtime="20231222 17:01:30.532"/>
</kw>
<kw name="Convert To String" library="BuiltIn">
<var>${new_text}</var>
<arg>${new_text}</arg>
<doc>Converts the given item to a Unicode string.</doc>
<status status="NOT RUN" starttime="20231222 17:01:30.534" endtime="20231222 17:01:30.535"/>
</kw>
<kw name="Catenate" library="BuiltIn">
<var>${new_text}</var>
<arg>SEPARATOR=</arg>
<arg>0</arg>
<arg>${new_text}</arg>
<doc>Catenates the given items together and returns the resulted string.</doc>
<status status="NOT RUN" starttime="20231222 17:01:30.535" endtime="20231222 17:01:30.535"/>
</kw>
<status status="NOT RUN" starttime="20231222 17:01:30.530" endtime="20231222 17:01:30.536"/>
</branch>
<branch type="ELSE IF" condition="${cnt} &gt; 0 and '${type}' == 'color'">
<kw name="Safe Hex Color" library="FakerLibrary">
<var>${new_text}</var>
<doc>Generate a web-safe color formatted as a hex triplet.</doc>
<status status="NOT RUN" starttime="20231222 17:01:30.540" endtime="20231222 17:01:30.556"/>
</kw>
<status status="NOT RUN" starttime="20231222 17:01:30.536" endtime="20231222 17:01:30.558"/>
</branch>
<branch type="ELSE IF" condition="${cnt} &gt; 0 and &quot;${type}&quot; == 'password'">
<kw name="Password" library="FakerLibrary">
<var>${new_text}</var>
<arg>10</arg>
<arg>True</arg>
<arg>True</arg>
<arg>True</arg>
<arg>True</arg>
<doc>Generate a random password of the specified ``length``.</doc>
<status status="NOT RUN" starttime="20231222 17:01:30.572" endtime="20231222 17:01:30.572"/>
</kw>
<status status="NOT RUN" starttime="20231222 17:01:30.561" endtime="20231222 17:01:30.572"/>
</branch>
<branch type="ELSE IF" condition="${cnt} &gt; 0 and '${type}' == 'date'">
<kw name="Date" library="FakerLibrary">
<var>${new_text}</var>
<arg>pattern=%d-%m-%Y</arg>
<doc>Get a date string between January 1, 1970 and now.</doc>
<status status="NOT RUN" starttime="20231222 17:01:30.572" endtime="20231222 17:01:30.574"/>
</kw>
<status status="NOT RUN" starttime="20231222 17:01:30.572" endtime="20231222 17:01:30.574"/>
</branch>
<branch type="ELSE IF" condition="${cnt} &gt; 0 and '${type}' == 'word'">
<kw name="Sentence" library="FakerLibrary">
<var>${new_text}</var>
<arg>nb_words=2</arg>
<doc>Generate a sentence.</doc>
<status status="NOT RUN" starttime="20231222 17:01:30.574" endtime="20231222 17:01:30.574"/>
</kw>
<status status="NOT RUN" starttime="20231222 17:01:30.574" endtime="20231222 17:01:30.574"/>
</branch>
<branch type="ELSE IF" condition="${cnt} &gt; 0">
<kw name="Sentence" library="FakerLibrary">
<var>${new_text}</var>
<doc>Generate a sentence.</doc>
<status status="NOT RUN" starttime="20231222 17:01:30.575" endtime="20231222 17:01:30.575"/>
</kw>
<status status="NOT RUN" starttime="20231222 17:01:30.575" endtime="20231222 17:01:30.575"/>
</branch>
<status status="PASS" starttime="20231222 17:01:30.474" endtime="20231222 17:01:30.575"/>
</if>
<kw name="Get Length" library="BuiltIn">
<var>${cnt}</var>
<arg>${text}</arg>
<doc>Returns and logs the length of the given item as an integer.</doc>
<msg timestamp="20231222 17:01:30.576" level="INFO">Length is 6</msg>
<msg timestamp="20231222 17:01:30.576" level="INFO">${cnt} = 6</msg>
<status status="PASS" starttime="20231222 17:01:30.575" endtime="20231222 17:01:30.576"/>
</kw>
<if>
<branch type="IF" condition="${cnt} &gt; 0">
<kw name="Replace String" library="String">
<var>${text}</var>
<arg>${text}</arg>
<arg>${symbol}</arg>
<arg>${new_text}</arg>
<doc>Replaces ``search_for`` in the given ``string`` with ``replace_with``.</doc>
<msg timestamp="20231222 17:01:30.577" level="INFO">${text} = 123123</msg>
<status status="PASS" starttime="20231222 17:01:30.576" endtime="20231222 17:01:30.577"/>
</kw>
<status status="PASS" starttime="20231222 17:01:30.576" endtime="20231222 17:01:30.577"/>
</branch>
<status status="PASS" starttime="20231222 17:01:30.576" endtime="20231222 17:01:30.577"/>
</if>
<msg timestamp="20231222 17:01:30.577" level="INFO">${text} = 123123</msg>
<status status="PASS" starttime="20231222 17:01:30.460" endtime="20231222 17:01:30.577"/>
</kw>
<kw name="Get Element Form Item By Name" library="common">
<var>${element}</var>
<arg>${name}</arg>
<arg>//input[contains(@class, "ant-input")]</arg>
<msg timestamp="20231222 17:01:30.581" level="INFO">${element} = xpath=//*[contains(@class, "ant-form-item-label")]/label[text()="Mật khẩu"]/../../*[contains(@class, "ant-form-item")]//input[contains(@class, "ant-input")]</msg>
<status status="PASS" starttime="20231222 17:01:30.577" endtime="20231222 17:01:30.583"/>
</kw>
<kw name="Clear Text" library="Browser">
<arg>${element}</arg>
<tag>PageContent</tag>
<tag>Setter</tag>
<doc>Clears the text field found by ``selector``.</doc>
<status status="PASS" starttime="20231222 17:01:30.587" endtime="20231222 17:01:30.648"/>
</kw>
<kw name="Fill Text" library="Browser">
<arg>${element}</arg>
<arg>${text}</arg>
<arg>True</arg>
<tag>PageContent</tag>
<tag>Setter</tag>
<doc>Clears and fills the given ``txt`` into the text field found by ``selector``.</doc>
<msg timestamp="20231222 17:01:30.653" level="INFO">Fills the text '123123' in the given field.</msg>
<status status="PASS" starttime="20231222 17:01:30.650" endtime="20231222 17:01:30.722"/>
</kw>
<kw name="Get Length" library="BuiltIn">
<var>${cnt}</var>
<arg>${text}</arg>
<doc>Returns and logs the length of the given item as an integer.</doc>
<msg timestamp="20231222 17:01:30.724" level="INFO">Length is 6</msg>
<msg timestamp="20231222 17:01:30.726" level="INFO">${cnt} = 6</msg>
<status status="PASS" starttime="20231222 17:01:30.723" endtime="20231222 17:01:30.727"/>
</kw>
<if>
<branch type="IF" condition="${cnt} &gt; 0">
<kw name="Set Global Variable" library="BuiltIn">
<arg>\${STATE["${name}"]}</arg>
<arg>${text}</arg>
<doc>Makes a variable available globally in all tests and suites.</doc>
<msg timestamp="20231222 17:01:30.734" level="INFO">${STATE["Mật khẩu"]} = 123123</msg>
<status status="PASS" starttime="20231222 17:01:30.731" endtime="20231222 17:01:30.735"/>
</kw>
<status status="PASS" starttime="20231222 17:01:30.729" endtime="20231222 17:01:30.738"/>
</branch>
<status status="PASS" starttime="20231222 17:01:30.728" endtime="20231222 17:01:30.738"/>
</if>
<status status="PASS" starttime="20231222 17:01:30.460" endtime="20231222 17:01:30.739"/>
</kw>
<kw name="Click &quot;Đăng nhập&quot; button" library="common" sourcename="Click &quot;${text}&quot; button">
<kw name="Click" library="Browser">
<arg>xpath=//button[@title="${text}"]</arg>
<tag>PageContent</tag>
<tag>Setter</tag>
<doc>Simulates mouse click on the element found by ``selector``.</doc>
<status status="PASS" starttime="20231222 17:01:30.740" endtime="20231222 17:01:30.859"/>
</kw>
<kw name="Click Confirm To Action" library="common">
<kw name="Set Variable" library="BuiltIn">
<var>${element}</var>
<arg>xpath=//*[contains(@class, "ant-popover")]//*[contains(@class, "ant-btn-primary")]</arg>
<doc>Returns the given values which can then be assigned to a variables.</doc>
<msg timestamp="20231222 17:01:30.860" level="INFO">${element} = xpath=//*[contains(@class, "ant-popover")]//*[contains(@class, "ant-btn-primary")]</msg>
<status status="PASS" starttime="20231222 17:01:30.859" endtime="20231222 17:01:30.860"/>
</kw>
<kw name="Get Element Count" library="Browser">
<var>${count}</var>
<arg>${element}</arg>
<tag>Assertion</tag>
<tag>Getter</tag>
<tag>PageContent</tag>
<doc>Returns the count of elements found with ``selector``.</doc>
<msg timestamp="20231222 17:01:30.876" level="INFO">${count} = 0</msg>
<status status="PASS" starttime="20231222 17:01:30.860" endtime="20231222 17:01:30.876"/>
</kw>
<if>
<branch type="IF" condition="${count} &gt; 0">
<kw name="Click" library="Browser">
<arg>${element}</arg>
<tag>PageContent</tag>
<tag>Setter</tag>
<doc>Simulates mouse click on the element found by ``selector``.</doc>
<status status="NOT RUN" starttime="20231222 17:01:30.876" endtime="20231222 17:01:30.877"/>
</kw>
<kw name="Sleep" library="BuiltIn">
<arg>${SHOULD_TIMEOUT}</arg>
<doc>Pauses the test executed for the given time.</doc>
<status status="NOT RUN" starttime="20231222 17:01:30.877" endtime="20231222 17:01:30.877"/>
</kw>
<status status="NOT RUN" starttime="20231222 17:01:30.876" endtime="20231222 17:01:30.877"/>
</branch>
<status status="PASS" starttime="20231222 17:01:30.876" endtime="20231222 17:01:30.877"/>
</if>
<status status="PASS" starttime="20231222 17:01:30.859" endtime="20231222 17:01:30.877"/>
</kw>
<kw name="Scroll By" library="Browser">
<arg>${None}</arg>
<tag>PageContent</tag>
<tag>Setter</tag>
<doc>Scrolls an element or the page relative from current position by the given values.</doc>
<msg timestamp="20231222 17:01:30.894" level="INFO">JavaScript executed successfully.</msg>
<msg timestamp="20231222 17:01:30.894" level="INFO">JavaScript executed successfully.</msg>
<msg timestamp="20231222 17:01:30.939" level="INFO">JavaScript executed successfully.</msg>
<msg timestamp="20231222 17:01:30.940" level="INFO">JavaScript executed successfully.</msg>
<msg timestamp="20231222 17:01:30.956" level="INFO">JavaScript executed successfully.</msg>
<status status="PASS" starttime="20231222 17:01:30.877" endtime="20231222 17:01:30.957"/>
</kw>
<status status="PASS" starttime="20231222 17:01:30.739" endtime="20231222 17:01:30.958"/>
</kw>
<kw name="User look message &quot;Success&quot; popup" library="common" sourcename="User look message &quot;${message}&quot; popup">
<kw name="Get Regexp Matches" library="String">
<var>${contains}</var>
<arg>${message}</arg>
<arg>_@(.+)@_</arg>
<arg>1</arg>
<doc>Returns a list of all non-overlapping matches in the given string.</doc>
<msg timestamp="20231222 17:01:30.960" level="INFO">${contains} = []</msg>
<status status="PASS" starttime="20231222 17:01:30.959" endtime="20231222 17:01:30.960"/>
</kw>
<kw name="Get Length" library="BuiltIn">
<var>${cnt}</var>
<arg>${contains}</arg>
<doc>Returns and logs the length of the given item as an integer.</doc>
<msg timestamp="20231222 17:01:30.960" level="INFO">Length is 0</msg>
<msg timestamp="20231222 17:01:30.960" level="INFO">${cnt} = 0</msg>
<status status="PASS" starttime="20231222 17:01:30.960" endtime="20231222 17:01:30.960"/>
</kw>
<if>
<branch type="IF" condition="${cnt} &gt; 0">
<kw name="Replace String" library="String">
<var>${message}</var>
<arg>${message}</arg>
<arg>_@${contains[0]}@_</arg>
<arg>${STATE["${contains[0]}"]}</arg>
<doc>Replaces ``search_for`` in the given ``string`` with ``replace_with``.</doc>
<status status="NOT RUN" starttime="20231222 17:01:30.961" endtime="20231222 17:01:30.961"/>
</kw>
<status status="NOT RUN" starttime="20231222 17:01:30.960" endtime="20231222 17:01:30.961"/>
</branch>
<status status="PASS" starttime="20231222 17:01:30.960" endtime="20231222 17:01:30.962"/>
</if>
<kw name="Wait Until Element Is Visible" library="common">
<arg>id=swal2-html-container</arg>
<kw name="Wait For Elements State" library="Browser">
<arg>${locator}</arg>
<arg>visible</arg>
<arg>${timeout}</arg>
<arg>${message}</arg>
<tag>PageContent</tag>
<tag>Wait</tag>
<doc>Waits for the element found by ``selector`` to satisfy state option.</doc>
<msg timestamp="20231222 17:01:31.092" level="INFO">Waited for Element with selector id=swal2-html-container at state visible</msg>
<status status="PASS" starttime="20231222 17:01:30.966" endtime="20231222 17:01:31.092"/>
</kw>
<status status="PASS" starttime="20231222 17:01:30.962" endtime="20231222 17:01:31.092"/>
</kw>
<kw name="Element Text Should Be" library="common">
<arg>id=swal2-html-container</arg>
<arg>${message}</arg>
<kw name="Get Text" library="Browser">
<arg>${locator}</arg>
<arg>equal</arg>
<arg>${expected}</arg>
<arg>${message}</arg>
<tag>Assertion</tag>
<tag>Getter</tag>
<tag>PageContent</tag>
<doc>Returns text attribute of the element found by ``selector``.</doc>
<msg timestamp="20231222 17:01:31.144" level="INFO">Text: 'Success'</msg>
<status status="PASS" starttime="20231222 17:01:31.098" endtime="20231222 17:01:31.146"/>
</kw>
<status status="PASS" starttime="20231222 17:01:31.093" endtime="20231222 17:01:31.147"/>
</kw>
<kw name="Set Variable" library="BuiltIn">
<var>${element}</var>
<arg>xpath=//*[contains(@class, "swal2-confirm")]</arg>
<doc>Returns the given values which can then be assigned to a variables.</doc>
<msg timestamp="20231222 17:01:31.149" level="INFO">${element} = xpath=//*[contains(@class, "swal2-confirm")]</msg>
<status status="PASS" starttime="20231222 17:01:31.148" endtime="20231222 17:01:31.149"/>
</kw>
<kw name="Run Keyword And Return Status" library="BuiltIn">
<var>${passed}</var>
<arg>Element Should Be Visible</arg>
<arg>${element}</arg>
<doc>Runs the given keyword with given arguments and returns the status as a Boolean value.</doc>
<kw name="Element Should Be Visible" library="common">
<arg>${element}</arg>
<kw name="Wait For Elements State" library="Browser">
<arg>${locator}</arg>
<arg>visible</arg>
<arg>${timeout}</arg>
<arg>${message}</arg>
<tag>PageContent</tag>
<tag>Wait</tag>
<doc>Waits for the element found by ``selector`` to satisfy state option.</doc>
<msg timestamp="20231222 17:01:31.463" level="INFO" html="true">&lt;/td&gt;&lt;/tr&gt;&lt;tr&gt;&lt;td colspan="3"&gt;&lt;a href="browser/screenshot/fail-screenshot-1.png" target="_blank"&gt;&lt;img src="browser/screenshot/fail-screenshot-1.png" width="800px"/&gt;&lt;/a&gt;</msg>
<msg timestamp="20231222 17:01:31.465" level="INFO">See also file:///D:/AutomationTest/test/test/playwright-log.txt for additional details.</msg>
<msg timestamp="20231222 17:01:31.465" level="FAIL">TimeoutError: locator.waitFor: Timeout 100ms exceeded.
=========================== logs ===========================
waiting for locator('xpath=//*[contains(@class, "swal2-confirm")]') to be visible
  locator resolved to hidden &lt;button type="button" aria-label="" class="swal2-confirm…&gt;OK&lt;/button&gt;
  locator resolved to hidden &lt;button type="button" aria-label="" class="swal2-confirm…&gt;OK&lt;/button&gt;
============================================================
Tip: Use "Set Browser Timeout" for increasing the timeout or double check your locator as the targeted element(s) couldn't be found.</msg>
<status status="FAIL" starttime="20231222 17:01:31.154" endtime="20231222 17:01:31.471"/>
</kw>
<status status="FAIL" starttime="20231222 17:01:31.151" endtime="20231222 17:01:31.471"/>
</kw>
<msg timestamp="20231222 17:01:31.471" level="INFO">${passed} = False</msg>
<status status="PASS" starttime="20231222 17:01:31.150" endtime="20231222 17:01:31.471"/>
</kw>
<if>
<branch type="IF" condition="'${passed}' == 'True'">
<kw name="Click" library="Browser">
<arg>${element}</arg>
<tag>PageContent</tag>
<tag>Setter</tag>
<doc>Simulates mouse click on the element found by ``selector``.</doc>
<status status="NOT RUN" starttime="20231222 17:01:31.472" endtime="20231222 17:01:31.472"/>
</kw>
<status status="NOT RUN" starttime="20231222 17:01:31.472" endtime="20231222 17:01:31.472"/>
</branch>
<status status="PASS" starttime="20231222 17:01:31.472" endtime="20231222 17:01:31.472"/>
</if>
<status status="PASS" starttime="20231222 17:01:30.958" endtime="20231222 17:01:31.473"/>
</kw>
<status status="PASS" starttime="20231222 17:01:30.032" endtime="20231222 17:01:31.473"/>
</kw>
<kw name="Click &quot;QUẢN LÝ DANH MỤC&quot; menu" library="common" sourcename="Click &quot;${text}&quot; menu">
<kw name="Click" library="Browser">
<arg>xpath=//li[contains(@class, "menu") and descendant::span[contains(text(), "${text}")]]</arg>
<tag>PageContent</tag>
<tag>Setter</tag>
<doc>Simulates mouse click on the element found by ``selector``.</doc>
<status status="PASS" starttime="20231222 17:01:31.474" endtime="20231222 17:01:33.038"/>
</kw>
<status status="PASS" starttime="20231222 17:01:31.473" endtime="20231222 17:01:33.038"/>
</kw>
<kw name="Click &quot;${name}&quot; sub menu to &quot;${url}&quot;" library="common" sourcename="Click &quot;${text}&quot; sub menu to &quot;${url}&quot;">
<kw name="Wait Until Element Spin" library="common">
<kw name="Sleep" library="BuiltIn">
<arg>${SHOULD_TIMEOUT}</arg>
<doc>Pauses the test executed for the given time.</doc>
<msg timestamp="20231222 17:01:33.141" level="INFO">Slept 100 milliseconds</msg>
<status status="PASS" starttime="20231222 17:01:33.040" endtime="20231222 17:01:33.141"/>
</kw>
<kw name="Set Variable" library="BuiltIn">
<var>${element}</var>
<arg>xpath=//*[contains(@class, "ant-spin-spinning")]</arg>
<doc>Returns the given values which can then be assigned to a variables.</doc>
<msg timestamp="20231222 17:01:33.142" level="INFO">${element} = xpath=//*[contains(@class, "ant-spin-spinning")]</msg>
<status status="PASS" starttime="20231222 17:01:33.142" endtime="20231222 17:01:33.142"/>
</kw>
<kw name="Get Element Count" library="Browser">
<var>${count}</var>
<arg>${element}</arg>
<tag>Assertion</tag>
<tag>Getter</tag>
<tag>PageContent</tag>
<doc>Returns the count of elements found with ``selector``.</doc>
<msg timestamp="20231222 17:01:33.152" level="INFO">${count} = 0</msg>
<status status="PASS" starttime="20231222 17:01:33.142" endtime="20231222 17:01:33.152"/>
</kw>
<if>
<branch type="IF" condition="${count} &gt; 0">
<kw name="Wait Until Page Does Not Contain Element" library="common">
<arg>${element}</arg>
<status status="NOT RUN" starttime="20231222 17:01:33.155" endtime="20231222 17:01:33.156"/>
</kw>
<status status="NOT RUN" starttime="20231222 17:01:33.153" endtime="20231222 17:01:33.156"/>
</branch>
<status status="PASS" starttime="20231222 17:01:33.153" endtime="20231222 17:01:33.156"/>
</if>
<status status="PASS" starttime="20231222 17:01:33.040" endtime="20231222 17:01:33.156"/>
</kw>
<kw name="Click" library="Browser">
<arg>xpath=//a[contains(@class, "sub-menu") and descendant::span[contains(text(), "${text}")]]</arg>
<tag>PageContent</tag>
<tag>Setter</tag>
<doc>Simulates mouse click on the element found by ``selector``.</doc>
<status status="PASS" starttime="20231222 17:01:33.157" endtime="20231222 17:01:33.319"/>
</kw>
<kw name="Get Url" library="Browser">
<var>${curent_url}</var>
<tag>Assertion</tag>
<tag>Getter</tag>
<tag>PageContent</tag>
<doc>Returns the current URL.</doc>
<msg timestamp="20231222 17:01:33.324" level="INFO">${curent_url} = http://dev1.geneat.vn:7802/#/vn/post</msg>
<status status="PASS" starttime="20231222 17:01:33.319" endtime="20231222 17:01:33.324"/>
</kw>
<kw name="Should Contain" library="BuiltIn">
<arg>${curent_url}</arg>
<arg>${URL_DEFAULT}${url}</arg>
<doc>Fails if ``container`` does not contain ``item`` one or more times.</doc>
<status status="PASS" starttime="20231222 17:01:33.324" endtime="20231222 17:01:33.325"/>
</kw>
<status status="PASS" starttime="20231222 17:01:33.040" endtime="20231222 17:01:33.325"/>
</kw>
<kw name="Click &quot;Tạo mới&quot; button" library="common" sourcename="Click &quot;${text}&quot; button">
<kw name="Click" library="Browser">
<arg>xpath=//button[@title="${text}"]</arg>
<tag>PageContent</tag>
<tag>Setter</tag>
<doc>Simulates mouse click on the element found by ``selector``.</doc>
<status status="PASS" starttime="20231222 17:01:33.325" endtime="20231222 17:01:33.930"/>
</kw>
<kw name="Click Confirm To Action" library="common">
<kw name="Set Variable" library="BuiltIn">
<var>${element}</var>
<arg>xpath=//*[contains(@class, "ant-popover")]//*[contains(@class, "ant-btn-primary")]</arg>
<doc>Returns the given values which can then be assigned to a variables.</doc>
<msg timestamp="20231222 17:01:33.932" level="INFO">${element} = xpath=//*[contains(@class, "ant-popover")]//*[contains(@class, "ant-btn-primary")]</msg>
<status status="PASS" starttime="20231222 17:01:33.931" endtime="20231222 17:01:33.932"/>
</kw>
<kw name="Get Element Count" library="Browser">
<var>${count}</var>
<arg>${element}</arg>
<tag>Assertion</tag>
<tag>Getter</tag>
<tag>PageContent</tag>
<doc>Returns the count of elements found with ``selector``.</doc>
<msg timestamp="20231222 17:01:33.939" level="INFO">${count} = 0</msg>
<status status="PASS" starttime="20231222 17:01:33.932" endtime="20231222 17:01:33.939"/>
</kw>
<if>
<branch type="IF" condition="${count} &gt; 0">
<kw name="Click" library="Browser">
<arg>${element}</arg>
<tag>PageContent</tag>
<tag>Setter</tag>
<doc>Simulates mouse click on the element found by ``selector``.</doc>
<status status="NOT RUN" starttime="20231222 17:01:33.941" endtime="20231222 17:01:33.941"/>
</kw>
<kw name="Sleep" library="BuiltIn">
<arg>${SHOULD_TIMEOUT}</arg>
<doc>Pauses the test executed for the given time.</doc>
<status status="NOT RUN" starttime="20231222 17:01:33.942" endtime="20231222 17:01:33.943"/>
</kw>
<status status="NOT RUN" starttime="20231222 17:01:33.940" endtime="20231222 17:01:33.944"/>
</branch>
<status status="PASS" starttime="20231222 17:01:33.940" endtime="20231222 17:01:33.944"/>
</if>
<status status="PASS" starttime="20231222 17:01:33.931" endtime="20231222 17:01:33.945"/>
</kw>
<kw name="Scroll By" library="Browser">
<arg>${None}</arg>
<tag>PageContent</tag>
<tag>Setter</tag>
<doc>Scrolls an element or the page relative from current position by the given values.</doc>
<msg timestamp="20231222 17:01:33.964" level="INFO">JavaScript executed successfully.</msg>
<msg timestamp="20231222 17:01:33.965" level="INFO">JavaScript executed successfully.</msg>
<msg timestamp="20231222 17:01:33.998" level="INFO">JavaScript executed successfully.</msg>
<msg timestamp="20231222 17:01:33.998" level="INFO">JavaScript executed successfully.</msg>
<msg timestamp="20231222 17:01:34.007" level="INFO">JavaScript executed successfully.</msg>
<status status="PASS" starttime="20231222 17:01:33.945" endtime="20231222 17:01:34.008"/>
</kw>
<status status="PASS" starttime="20231222 17:01:33.325" endtime="20231222 17:01:34.010"/>
</kw>
<status status="PASS" starttime="20231222 17:01:30.021" endtime="20231222 17:01:34.011"/>
</kw>
<status status="PASS" starttime="20231222 17:01:30.020" endtime="20231222 17:01:34.011"/>
</branch>
<status status="PASS" starttime="20231222 17:01:30.018" endtime="20231222 17:01:34.011"/>
</if>
<kw name="Enter &quot;test name&quot; in &quot;Tiêu đề&quot; with &quot;_RANDOM_&quot;" library="common" sourcename="Enter &quot;${type}&quot; in &quot;${name}&quot; with &quot;${text}&quot;">
<kw name="Get Random Text" library="common">
<var>${text}</var>
<arg>${type}</arg>
<arg>${text}</arg>
<kw name="Set Variable" library="BuiltIn">
<var>${symbol}</var>
<arg>_RANDOM_</arg>
<doc>Returns the given values which can then be assigned to a variables.</doc>
<msg timestamp="20231222 17:01:34.015" level="INFO">${symbol} = _RANDOM_</msg>
<status status="PASS" starttime="20231222 17:01:34.014" endtime="20231222 17:01:34.015"/>
</kw>
<kw name="Set Variable" library="BuiltIn">
<var>${new_text}</var>
<doc>Returns the given values which can then be assigned to a variables.</doc>
<msg timestamp="20231222 17:01:34.016" level="INFO">${new_text} = </msg>
<status status="PASS" starttime="20231222 17:01:34.015" endtime="20231222 17:01:34.016"/>
</kw>
<kw name="Get Regexp Matches" library="String">
<var>${containsS}</var>
<arg>${text}</arg>
<arg>_@(.+)@_</arg>
<arg>1</arg>
<doc>Returns a list of all non-overlapping matches in the given string.</doc>
<msg timestamp="20231222 17:01:34.016" level="INFO">${containsS} = []</msg>
<status status="PASS" starttime="20231222 17:01:34.016" endtime="20231222 17:01:34.016"/>
</kw>
<kw name="Get Length" library="BuiltIn">
<var>${cntS}</var>
<arg>${containsS}</arg>
<doc>Returns and logs the length of the given item as an integer.</doc>
<msg timestamp="20231222 17:01:34.018" level="INFO">Length is 0</msg>
<msg timestamp="20231222 17:01:34.018" level="INFO">${cntS} = 0</msg>
<status status="PASS" starttime="20231222 17:01:34.016" endtime="20231222 17:01:34.018"/>
</kw>
<kw name="Get Regexp Matches" library="String">
<var>${contains}</var>
<arg>${text}</arg>
<arg>${symbol}</arg>
<doc>Returns a list of all non-overlapping matches in the given string.</doc>
<msg timestamp="20231222 17:01:34.018" level="INFO">${contains} = ['_RANDOM_']</msg>
<status status="PASS" starttime="20231222 17:01:34.018" endtime="20231222 17:01:34.018"/>
</kw>
<kw name="Get Length" library="BuiltIn">
<var>${cnt}</var>
<arg>${contains}</arg>
<doc>Returns and logs the length of the given item as an integer.</doc>
<msg timestamp="20231222 17:01:34.019" level="INFO">Length is 1</msg>
<msg timestamp="20231222 17:01:34.019" level="INFO">${cnt} = 1</msg>
<status status="PASS" starttime="20231222 17:01:34.019" endtime="20231222 17:01:34.019"/>
</kw>
<if>
<branch type="IF" condition="${cntS} &gt; 0">
<kw name="Set Variable" library="BuiltIn">
<var>${new_text}</var>
<arg>${STATE["${containsS[0]}"]}</arg>
<doc>Returns the given values which can then be assigned to a variables.</doc>
<status status="NOT RUN" starttime="20231222 17:01:34.019" endtime="20231222 17:01:34.021"/>
</kw>
<kw name="Set Variable" library="BuiltIn">
<var>${symbol}</var>
<arg>_@${containsS[0]}@_</arg>
<doc>Returns the given values which can then be assigned to a variables.</doc>
<status status="NOT RUN" starttime="20231222 17:01:34.021" endtime="20231222 17:01:34.021"/>
</kw>
<status status="NOT RUN" starttime="20231222 17:01:34.019" endtime="20231222 17:01:34.021"/>
</branch>
<branch type="ELSE IF" condition="${cnt} &gt; 0 and '${type}' == 'test name'">
<kw name="Sentence" library="FakerLibrary">
<var>${random}</var>
<arg>nb_words=3</arg>
<doc>Generate a sentence.</doc>
<msg timestamp="20231222 17:01:34.022" level="INFO">${random} = Modi facilis.</msg>
<status status="PASS" starttime="20231222 17:01:34.021" endtime="20231222 17:01:34.022"/>
</kw>
<kw name="Split String" library="String">
<var>${words}</var>
<arg>${TEST NAME}</arg>
<arg>${SPACE}</arg>
<doc>Splits the ``string`` using ``separator`` as a delimiter string.</doc>
<msg timestamp="20231222 17:01:34.022" level="INFO">${words} = ['DA_25', 'Verify', 'that', 'navigating', 'to', 'the', 'right', '"edit', 'post"', 'page']</msg>
<status status="PASS" starttime="20231222 17:01:34.022" endtime="20231222 17:01:34.022"/>
</kw>
<kw name="Set Variable" library="BuiltIn">
<var>${new_text}</var>
<arg>${words[0]} ${random}</arg>
<doc>Returns the given values which can then be assigned to a variables.</doc>
<msg timestamp="20231222 17:01:34.023" level="INFO">${new_text} = DA_25 Modi facilis.</msg>
<status status="PASS" starttime="20231222 17:01:34.023" endtime="20231222 17:01:34.023"/>
</kw>
<status status="PASS" starttime="20231222 17:01:34.021" endtime="20231222 17:01:34.023"/>
</branch>
<branch type="ELSE IF" condition="${cnt} &gt; 0 and '${type}' == 'number'">
<kw name="Random Int" library="FakerLibrary">
<var>${new_text}</var>
<doc>Generate a random integer between two integers ``min`` and ``max`` inclusive
while observing the provided ``step`` value.</doc>
<status status="NOT RUN" starttime="20231222 17:01:34.024" endtime="20231222 17:01:34.024"/>
</kw>
<kw name="Convert To String" library="BuiltIn">
<var>${new_text}</var>
<arg>${new_text}</arg>
<doc>Converts the given item to a Unicode string.</doc>
<status status="NOT RUN" starttime="20231222 17:01:34.024" endtime="20231222 17:01:34.024"/>
</kw>
<status status="NOT RUN" starttime="20231222 17:01:34.023" endtime="20231222 17:01:34.024"/>
</branch>
<branch type="ELSE IF" condition="${cnt} &gt; 0 and '${type}' == 'percentage'">
<kw name="Random Int" library="FakerLibrary">
<var>${new_text}</var>
<arg>max=100</arg>
<doc>Generate a random integer between two integers ``min`` and ``max`` inclusive
while observing the provided ``step`` value.</doc>
<status status="NOT RUN" starttime="20231222 17:01:34.024" endtime="20231222 17:01:34.024"/>
</kw>
<kw name="Convert To String" library="BuiltIn">
<var>${new_text}</var>
<arg>${new_text}</arg>
<doc>Converts the given item to a Unicode string.</doc>
<status status="NOT RUN" starttime="20231222 17:01:34.024" endtime="20231222 17:01:34.024"/>
</kw>
<status status="NOT RUN" starttime="20231222 17:01:34.024" endtime="20231222 17:01:34.024"/>
</branch>
<branch type="ELSE IF" condition="${cnt} &gt; 0 and '${type}' == 'paragraph'">
<kw name="Paragraph" library="FakerLibrary">
<var>${new_text}</var>
<doc>Generate a paragraph.</doc>
<status status="NOT RUN" starttime="20231222 17:01:34.025" endtime="20231222 17:01:34.025"/>
</kw>
<status status="NOT RUN" starttime="20231222 17:01:34.024" endtime="20231222 17:01:34.026"/>
</branch>
<branch type="ELSE IF" condition="${cnt} &gt; 0 and '${type}' == 'email'">
<kw name="Email" library="FakerLibrary">
<var>${new_text}</var>
<status status="NOT RUN" starttime="20231222 17:01:34.027" endtime="20231222 17:01:34.027"/>
</kw>
<status status="NOT RUN" starttime="20231222 17:01:34.027" endtime="20231222 17:01:34.028"/>
</branch>
<branch type="ELSE IF" condition="${cnt} &gt; 0 and '${type}' == 'phone'">
<kw name="Random Int" library="FakerLibrary">
<var>${new_text}</var>
<arg>min=2000000000</arg>
<arg>max=9999999999</arg>
<doc>Generate a random integer between two integers ``min`` and ``max`` inclusive
while observing the provided ``step`` value.</doc>
<status status="NOT RUN" starttime="20231222 17:01:34.028" endtime="20231222 17:01:34.028"/>
</kw>
<kw name="Convert To String" library="BuiltIn">
<var>${new_text}</var>
<arg>${new_text}</arg>
<doc>Converts the given item to a Unicode string.</doc>
<status status="NOT RUN" starttime="20231222 17:01:34.029" endtime="20231222 17:01:34.029"/>
</kw>
<kw name="Catenate" library="BuiltIn">
<var>${new_text}</var>
<arg>SEPARATOR=</arg>
<arg>0</arg>
<arg>${new_text}</arg>
<doc>Catenates the given items together and returns the resulted string.</doc>
<status status="NOT RUN" starttime="20231222 17:01:34.029" endtime="20231222 17:01:34.029"/>
</kw>
<status status="NOT RUN" starttime="20231222 17:01:34.028" endtime="20231222 17:01:34.029"/>
</branch>
<branch type="ELSE IF" condition="${cnt} &gt; 0 and '${type}' == 'color'">
<kw name="Safe Hex Color" library="FakerLibrary">
<var>${new_text}</var>
<doc>Generate a web-safe color formatted as a hex triplet.</doc>
<status status="NOT RUN" starttime="20231222 17:01:34.029" endtime="20231222 17:01:34.030"/>
</kw>
<status status="NOT RUN" starttime="20231222 17:01:34.029" endtime="20231222 17:01:34.030"/>
</branch>
<branch type="ELSE IF" condition="${cnt} &gt; 0 and &quot;${type}&quot; == 'password'">
<kw name="Password" library="FakerLibrary">
<var>${new_text}</var>
<arg>10</arg>
<arg>True</arg>
<arg>True</arg>
<arg>True</arg>
<arg>True</arg>
<doc>Generate a random password of the specified ``length``.</doc>
<status status="NOT RUN" starttime="20231222 17:01:34.030" endtime="20231222 17:01:34.030"/>
</kw>
<status status="NOT RUN" starttime="20231222 17:01:34.030" endtime="20231222 17:01:34.030"/>
</branch>
<branch type="ELSE IF" condition="${cnt} &gt; 0 and '${type}' == 'date'">
<kw name="Date" library="FakerLibrary">
<var>${new_text}</var>
<arg>pattern=%d-%m-%Y</arg>
<doc>Get a date string between January 1, 1970 and now.</doc>
<status status="NOT RUN" starttime="20231222 17:01:34.031" endtime="20231222 17:01:34.031"/>
</kw>
<status status="NOT RUN" starttime="20231222 17:01:34.030" endtime="20231222 17:01:34.031"/>
</branch>
<branch type="ELSE IF" condition="${cnt} &gt; 0 and '${type}' == 'word'">
<kw name="Sentence" library="FakerLibrary">
<var>${new_text}</var>
<arg>nb_words=2</arg>
<doc>Generate a sentence.</doc>
<status status="NOT RUN" starttime="20231222 17:01:34.031" endtime="20231222 17:01:34.031"/>
</kw>
<status status="NOT RUN" starttime="20231222 17:01:34.031" endtime="20231222 17:01:34.031"/>
</branch>
<branch type="ELSE IF" condition="${cnt} &gt; 0">
<kw name="Sentence" library="FakerLibrary">
<var>${new_text}</var>
<doc>Generate a sentence.</doc>
<status status="NOT RUN" starttime="20231222 17:01:34.032" endtime="20231222 17:01:34.032"/>
</kw>
<status status="NOT RUN" starttime="20231222 17:01:34.031" endtime="20231222 17:01:34.032"/>
</branch>
<status status="PASS" starttime="20231222 17:01:34.019" endtime="20231222 17:01:34.032"/>
</if>
<kw name="Get Length" library="BuiltIn">
<var>${cnt}</var>
<arg>${text}</arg>
<doc>Returns and logs the length of the given item as an integer.</doc>
<msg timestamp="20231222 17:01:34.032" level="INFO">Length is 8</msg>
<msg timestamp="20231222 17:01:34.032" level="INFO">${cnt} = 8</msg>
<status status="PASS" starttime="20231222 17:01:34.032" endtime="20231222 17:01:34.032"/>
</kw>
<if>
<branch type="IF" condition="${cnt} &gt; 0">
<kw name="Replace String" library="String">
<var>${text}</var>
<arg>${text}</arg>
<arg>${symbol}</arg>
<arg>${new_text}</arg>
<doc>Replaces ``search_for`` in the given ``string`` with ``replace_with``.</doc>
<msg timestamp="20231222 17:01:34.034" level="INFO">${text} = DA_25 Modi facilis.</msg>
<status status="PASS" starttime="20231222 17:01:34.033" endtime="20231222 17:01:34.034"/>
</kw>
<status status="PASS" starttime="20231222 17:01:34.033" endtime="20231222 17:01:34.034"/>
</branch>
<status status="PASS" starttime="20231222 17:01:34.033" endtime="20231222 17:01:34.034"/>
</if>
<msg timestamp="20231222 17:01:34.034" level="INFO">${text} = DA_25 Modi facilis.</msg>
<status status="PASS" starttime="20231222 17:01:34.013" endtime="20231222 17:01:34.034"/>
</kw>
<kw name="Get Element Form Item By Name" library="common">
<var>${element}</var>
<arg>${name}</arg>
<arg>//input[contains(@class, "ant-input")]</arg>
<msg timestamp="20231222 17:01:34.036" level="INFO">${element} = xpath=//*[contains(@class, "ant-form-item-label")]/label[text()="Tiêu đề"]/../../*[contains(@class, "ant-form-item")]//input[contains(@class, "ant-input")]</msg>
<status status="PASS" starttime="20231222 17:01:34.034" endtime="20231222 17:01:34.036"/>
</kw>
<kw name="Clear Text" library="Browser">
<arg>${element}</arg>
<tag>PageContent</tag>
<tag>Setter</tag>
<doc>Clears the text field found by ``selector``.</doc>
<status status="PASS" starttime="20231222 17:01:34.036" endtime="20231222 17:01:34.058"/>
</kw>
<kw name="Fill Text" library="Browser">
<arg>${element}</arg>
<arg>${text}</arg>
<arg>True</arg>
<tag>PageContent</tag>
<tag>Setter</tag>
<doc>Clears and fills the given ``txt`` into the text field found by ``selector``.</doc>
<msg timestamp="20231222 17:01:34.062" level="INFO">Fills the text 'DA_25 Modi facilis.' in the given field.</msg>
<status status="PASS" starttime="20231222 17:01:34.062" endtime="20231222 17:01:34.086"/>
</kw>
<kw name="Get Length" library="BuiltIn">
<var>${cnt}</var>
<arg>${text}</arg>
<doc>Returns and logs the length of the given item as an integer.</doc>
<msg timestamp="20231222 17:01:34.087" level="INFO">Length is 19</msg>
<msg timestamp="20231222 17:01:34.087" level="INFO">${cnt} = 19</msg>
<status status="PASS" starttime="20231222 17:01:34.086" endtime="20231222 17:01:34.087"/>
</kw>
<if>
<branch type="IF" condition="${cnt} &gt; 0">
<kw name="Set Global Variable" library="BuiltIn">
<arg>\${STATE["${name}"]}</arg>
<arg>${text}</arg>
<doc>Makes a variable available globally in all tests and suites.</doc>
<msg timestamp="20231222 17:01:34.088" level="INFO">${STATE["Tiêu đề"]} = DA_25 Modi facilis.</msg>
<status status="PASS" starttime="20231222 17:01:34.088" endtime="20231222 17:01:34.088"/>
</kw>
<status status="PASS" starttime="20231222 17:01:34.087" endtime="20231222 17:01:34.088"/>
</branch>
<status status="PASS" starttime="20231222 17:01:34.087" endtime="20231222 17:01:34.088"/>
</if>
<status status="PASS" starttime="20231222 17:01:34.012" endtime="20231222 17:01:34.088"/>
</kw>
<kw name="Check Text" library="common">
<var>${text}</var>
<arg>_@Tiêu đề@_</arg>
<kw name="Get Regexp Matches" library="String">
<var>${containsS}</var>
<arg>${text}</arg>
<arg>_@(.+)@_</arg>
<arg>1</arg>
<doc>Returns a list of all non-overlapping matches in the given string.</doc>
<msg timestamp="20231222 17:01:34.089" level="INFO">${containsS} = ['Tiêu đề']</msg>
<status status="PASS" starttime="20231222 17:01:34.089" endtime="20231222 17:01:34.089"/>
</kw>
<kw name="Get Length" library="BuiltIn">
<var>${cntS}</var>
<arg>${containsS}</arg>
<doc>Returns and logs the length of the given item as an integer.</doc>
<msg timestamp="20231222 17:01:34.089" level="INFO">Length is 1</msg>
<msg timestamp="20231222 17:01:34.090" level="INFO">${cntS} = 1</msg>
<status status="PASS" starttime="20231222 17:01:34.089" endtime="20231222 17:01:34.090"/>
</kw>
<if>
<branch type="IF" condition="${cntS} &gt; 0">
<kw name="Set Variable" library="BuiltIn">
<var>${text}</var>
<arg>${STATE["${containsS[0]}"]}</arg>
<doc>Returns the given values which can then be assigned to a variables.</doc>
<msg timestamp="20231222 17:01:34.093" level="INFO">${text} = DA_25 Modi facilis.</msg>
<status status="PASS" starttime="20231222 17:01:34.090" endtime="20231222 17:01:34.094"/>
</kw>
<status status="PASS" starttime="20231222 17:01:34.090" endtime="20231222 17:01:34.094"/>
</branch>
<status status="PASS" starttime="20231222 17:01:34.090" endtime="20231222 17:01:34.094"/>
</if>
<msg timestamp="20231222 17:01:34.095" level="INFO">${text} = DA_25 Modi facilis.</msg>
<status status="PASS" starttime="20231222 17:01:34.088" endtime="20231222 17:01:34.096"/>
</kw>
<kw name="Set Variable" library="BuiltIn">
<var>${name}</var>
<arg>${text}</arg>
<doc>Returns the given values which can then be assigned to a variables.</doc>
<msg timestamp="20231222 17:01:34.097" level="INFO">${name} = DA_25 Modi facilis.</msg>
<status status="PASS" starttime="20231222 17:01:34.096" endtime="20231222 17:01:34.097"/>
</kw>
<kw name="Enter &quot;paragraph&quot; in textarea &quot;Giới thiệu&quot; with &quot;_RANDOM_&quot;" library="common" sourcename="Enter &quot;${type}&quot; in textarea &quot;${name}&quot; with &quot;${text}&quot;">
<kw name="Get Random Text" library="common">
<var>${text}</var>
<arg>${type}</arg>
<arg>${text}</arg>
<kw name="Set Variable" library="BuiltIn">
<var>${symbol}</var>
<arg>_RANDOM_</arg>
<doc>Returns the given values which can then be assigned to a variables.</doc>
<msg timestamp="20231222 17:01:34.099" level="INFO">${symbol} = _RANDOM_</msg>
<status status="PASS" starttime="20231222 17:01:34.098" endtime="20231222 17:01:34.099"/>
</kw>
<kw name="Set Variable" library="BuiltIn">
<var>${new_text}</var>
<doc>Returns the given values which can then be assigned to a variables.</doc>
<msg timestamp="20231222 17:01:34.099" level="INFO">${new_text} = </msg>
<status status="PASS" starttime="20231222 17:01:34.099" endtime="20231222 17:01:34.099"/>
</kw>
<kw name="Get Regexp Matches" library="String">
<var>${containsS}</var>
<arg>${text}</arg>
<arg>_@(.+)@_</arg>
<arg>1</arg>
<doc>Returns a list of all non-overlapping matches in the given string.</doc>
<msg timestamp="20231222 17:01:34.100" level="INFO">${containsS} = []</msg>
<status status="PASS" starttime="20231222 17:01:34.099" endtime="20231222 17:01:34.100"/>
</kw>
<kw name="Get Length" library="BuiltIn">
<var>${cntS}</var>
<arg>${containsS}</arg>
<doc>Returns and logs the length of the given item as an integer.</doc>
<msg timestamp="20231222 17:01:34.100" level="INFO">Length is 0</msg>
<msg timestamp="20231222 17:01:34.100" level="INFO">${cntS} = 0</msg>
<status status="PASS" starttime="20231222 17:01:34.100" endtime="20231222 17:01:34.100"/>
</kw>
<kw name="Get Regexp Matches" library="String">
<var>${contains}</var>
<arg>${text}</arg>
<arg>${symbol}</arg>
<doc>Returns a list of all non-overlapping matches in the given string.</doc>
<msg timestamp="20231222 17:01:34.101" level="INFO">${contains} = ['_RANDOM_']</msg>
<status status="PASS" starttime="20231222 17:01:34.100" endtime="20231222 17:01:34.101"/>
</kw>
<kw name="Get Length" library="BuiltIn">
<var>${cnt}</var>
<arg>${contains}</arg>
<doc>Returns and logs the length of the given item as an integer.</doc>
<msg timestamp="20231222 17:01:34.101" level="INFO">Length is 1</msg>
<msg timestamp="20231222 17:01:34.101" level="INFO">${cnt} = 1</msg>
<status status="PASS" starttime="20231222 17:01:34.101" endtime="20231222 17:01:34.101"/>
</kw>
<if>
<branch type="IF" condition="${cntS} &gt; 0">
<kw name="Set Variable" library="BuiltIn">
<var>${new_text}</var>
<arg>${STATE["${containsS[0]}"]}</arg>
<doc>Returns the given values which can then be assigned to a variables.</doc>
<status status="NOT RUN" starttime="20231222 17:01:34.102" endtime="20231222 17:01:34.102"/>
</kw>
<kw name="Set Variable" library="BuiltIn">
<var>${symbol}</var>
<arg>_@${containsS[0]}@_</arg>
<doc>Returns the given values which can then be assigned to a variables.</doc>
<status status="NOT RUN" starttime="20231222 17:01:34.102" endtime="20231222 17:01:34.102"/>
</kw>
<status status="NOT RUN" starttime="20231222 17:01:34.101" endtime="20231222 17:01:34.102"/>
</branch>
<branch type="ELSE IF" condition="${cnt} &gt; 0 and '${type}' == 'test name'">
<kw name="Sentence" library="FakerLibrary">
<var>${random}</var>
<arg>nb_words=3</arg>
<doc>Generate a sentence.</doc>
<status status="NOT RUN" starttime="20231222 17:01:34.102" endtime="20231222 17:01:34.103"/>
</kw>
<kw name="Split String" library="String">
<var>${words}</var>
<arg>${TEST NAME}</arg>
<arg>${SPACE}</arg>
<doc>Splits the ``string`` using ``separator`` as a delimiter string.</doc>
<status status="NOT RUN" starttime="20231222 17:01:34.103" endtime="20231222 17:01:34.103"/>
</kw>
<kw name="Set Variable" library="BuiltIn">
<var>${new_text}</var>
<arg>${words[0]} ${random}</arg>
<doc>Returns the given values which can then be assigned to a variables.</doc>
<status status="NOT RUN" starttime="20231222 17:01:34.103" endtime="20231222 17:01:34.103"/>
</kw>
<status status="NOT RUN" starttime="20231222 17:01:34.102" endtime="20231222 17:01:34.103"/>
</branch>
<branch type="ELSE IF" condition="${cnt} &gt; 0 and '${type}' == 'number'">
<kw name="Random Int" library="FakerLibrary">
<var>${new_text}</var>
<doc>Generate a random integer between two integers ``min`` and ``max`` inclusive
while observing the provided ``step`` value.</doc>
<status status="NOT RUN" starttime="20231222 17:01:34.104" endtime="20231222 17:01:34.104"/>
</kw>
<kw name="Convert To String" library="BuiltIn">
<var>${new_text}</var>
<arg>${new_text}</arg>
<doc>Converts the given item to a Unicode string.</doc>
<status status="NOT RUN" starttime="20231222 17:01:34.104" endtime="20231222 17:01:34.104"/>
</kw>
<status status="NOT RUN" starttime="20231222 17:01:34.104" endtime="20231222 17:01:34.104"/>
</branch>
<branch type="ELSE IF" condition="${cnt} &gt; 0 and '${type}' == 'percentage'">
<kw name="Random Int" library="FakerLibrary">
<var>${new_text}</var>
<arg>max=100</arg>
<doc>Generate a random integer between two integers ``min`` and ``max`` inclusive
while observing the provided ``step`` value.</doc>
<status status="NOT RUN" starttime="20231222 17:01:34.105" endtime="20231222 17:01:34.105"/>
</kw>
<kw name="Convert To String" library="BuiltIn">
<var>${new_text}</var>
<arg>${new_text}</arg>
<doc>Converts the given item to a Unicode string.</doc>
<status status="NOT RUN" starttime="20231222 17:01:34.105" endtime="20231222 17:01:34.105"/>
</kw>
<status status="NOT RUN" starttime="20231222 17:01:34.105" endtime="20231222 17:01:34.105"/>
</branch>
<branch type="ELSE IF" condition="${cnt} &gt; 0 and '${type}' == 'paragraph'">
<kw name="Paragraph" library="FakerLibrary">
<var>${new_text}</var>
<doc>Generate a paragraph.</doc>
<msg timestamp="20231222 17:01:34.106" level="INFO">${new_text} = Doloremque sunt veritatis debitis deserunt. Dolores ratione reiciendis deserunt minima quas aperiam ipsam. Molestiae at error quas repudiandae soluta nam iure.</msg>
<status status="PASS" starttime="20231222 17:01:34.106" endtime="20231222 17:01:34.106"/>
</kw>
<status status="PASS" starttime="20231222 17:01:34.105" endtime="20231222 17:01:34.106"/>
</branch>
<branch type="ELSE IF" condition="${cnt} &gt; 0 and '${type}' == 'email'">
<kw name="Email" library="FakerLibrary">
<var>${new_text}</var>
<status status="NOT RUN" starttime="20231222 17:01:34.106" endtime="20231222 17:01:34.106"/>
</kw>
<status status="NOT RUN" starttime="20231222 17:01:34.106" endtime="20231222 17:01:34.106"/>
</branch>
<branch type="ELSE IF" condition="${cnt} &gt; 0 and '${type}' == 'phone'">
<kw name="Random Int" library="FakerLibrary">
<var>${new_text}</var>
<arg>min=2000000000</arg>
<arg>max=9999999999</arg>
<doc>Generate a random integer between two integers ``min`` and ``max`` inclusive
while observing the provided ``step`` value.</doc>
<status status="NOT RUN" starttime="20231222 17:01:34.106" endtime="20231222 17:01:34.108"/>
</kw>
<kw name="Convert To String" library="BuiltIn">
<var>${new_text}</var>
<arg>${new_text}</arg>
<doc>Converts the given item to a Unicode string.</doc>
<status status="NOT RUN" starttime="20231222 17:01:34.110" endtime="20231222 17:01:34.111"/>
</kw>
<kw name="Catenate" library="BuiltIn">
<var>${new_text}</var>
<arg>SEPARATOR=</arg>
<arg>0</arg>
<arg>${new_text}</arg>
<doc>Catenates the given items together and returns the resulted string.</doc>
<status status="NOT RUN" starttime="20231222 17:01:34.112" endtime="20231222 17:01:34.115"/>
</kw>
<status status="NOT RUN" starttime="20231222 17:01:34.106" endtime="20231222 17:01:34.116"/>
</branch>
<branch type="ELSE IF" condition="${cnt} &gt; 0 and '${type}' == 'color'">
<kw name="Safe Hex Color" library="FakerLibrary">
<var>${new_text}</var>
<doc>Generate a web-safe color formatted as a hex triplet.</doc>
<status status="NOT RUN" starttime="20231222 17:01:34.117" endtime="20231222 17:01:34.117"/>
</kw>
<status status="NOT RUN" starttime="20231222 17:01:34.117" endtime="20231222 17:01:34.117"/>
</branch>
<branch type="ELSE IF" condition="${cnt} &gt; 0 and &quot;${type}&quot; == 'password'">
<kw name="Password" library="FakerLibrary">
<var>${new_text}</var>
<arg>10</arg>
<arg>True</arg>
<arg>True</arg>
<arg>True</arg>
<arg>True</arg>
<doc>Generate a random password of the specified ``length``.</doc>
<status status="NOT RUN" starttime="20231222 17:01:34.118" endtime="20231222 17:01:34.119"/>
</kw>
<status status="NOT RUN" starttime="20231222 17:01:34.118" endtime="20231222 17:01:34.120"/>
</branch>
<branch type="ELSE IF" condition="${cnt} &gt; 0 and '${type}' == 'date'">
<kw name="Date" library="FakerLibrary">
<var>${new_text}</var>
<arg>pattern=%d-%m-%Y</arg>
<doc>Get a date string between January 1, 1970 and now.</doc>
<status status="NOT RUN" starttime="20231222 17:01:34.121" endtime="20231222 17:01:34.121"/>
</kw>
<status status="NOT RUN" starttime="20231222 17:01:34.120" endtime="20231222 17:01:34.122"/>
</branch>
<branch type="ELSE IF" condition="${cnt} &gt; 0 and '${type}' == 'word'">
<kw name="Sentence" library="FakerLibrary">
<var>${new_text}</var>
<arg>nb_words=2</arg>
<doc>Generate a sentence.</doc>
<status status="NOT RUN" starttime="20231222 17:01:34.123" endtime="20231222 17:01:34.124"/>
</kw>
<status status="NOT RUN" starttime="20231222 17:01:34.122" endtime="20231222 17:01:34.124"/>
</branch>
<branch type="ELSE IF" condition="${cnt} &gt; 0">
<kw name="Sentence" library="FakerLibrary">
<var>${new_text}</var>
<doc>Generate a sentence.</doc>
<status status="NOT RUN" starttime="20231222 17:01:34.124" endtime="20231222 17:01:34.125"/>
</kw>
<status status="NOT RUN" starttime="20231222 17:01:34.124" endtime="20231222 17:01:34.125"/>
</branch>
<status status="PASS" starttime="20231222 17:01:34.101" endtime="20231222 17:01:34.132"/>
</if>
<kw name="Get Length" library="BuiltIn">
<var>${cnt}</var>
<arg>${text}</arg>
<doc>Returns and logs the length of the given item as an integer.</doc>
<msg timestamp="20231222 17:01:34.140" level="INFO">Length is 8</msg>
<msg timestamp="20231222 17:01:34.141" level="INFO">${cnt} = 8</msg>
<status status="PASS" starttime="20231222 17:01:34.140" endtime="20231222 17:01:34.141"/>
</kw>
<if>
<branch type="IF" condition="${cnt} &gt; 0">
<kw name="Replace String" library="String">
<var>${text}</var>
<arg>${text}</arg>
<arg>${symbol}</arg>
<arg>${new_text}</arg>
<doc>Replaces ``search_for`` in the given ``string`` with ``replace_with``.</doc>
<msg timestamp="20231222 17:01:34.152" level="INFO">${text} = Doloremque sunt veritatis debitis deserunt. Dolores ratione reiciendis deserunt minima quas aperiam ipsam. Molestiae at error quas repudiandae soluta nam iure.</msg>
<status status="PASS" starttime="20231222 17:01:34.146" endtime="20231222 17:01:34.154"/>
</kw>
<status status="PASS" starttime="20231222 17:01:34.141" endtime="20231222 17:01:34.154"/>
</branch>
<status status="PASS" starttime="20231222 17:01:34.141" endtime="20231222 17:01:34.166"/>
</if>
<msg timestamp="20231222 17:01:34.171" level="INFO">${text} = Doloremque sunt veritatis debitis deserunt. Dolores ratione reiciendis deserunt minima quas aperiam ipsam. Molestiae at error quas repudiandae soluta nam iure.</msg>
<status status="PASS" starttime="20231222 17:01:34.098" endtime="20231222 17:01:34.172"/>
</kw>
<kw name="Get Element Form Item By Name" library="common">
<var>${element}</var>
<arg>${name}</arg>
<arg>//textarea</arg>
<msg timestamp="20231222 17:01:34.173" level="INFO">${element} = xpath=//*[contains(@class, "ant-form-item-label")]/label[text()="Giới thiệu"]/../../*[contains(@class, "ant-form-item")]//textarea</msg>
<status status="PASS" starttime="20231222 17:01:34.172" endtime="20231222 17:01:34.173"/>
</kw>
<kw name="Clear Text" library="Browser">
<arg>${element}</arg>
<tag>PageContent</tag>
<tag>Setter</tag>
<doc>Clears the text field found by ``selector``.</doc>
<status status="PASS" starttime="20231222 17:01:34.174" endtime="20231222 17:01:34.239"/>
</kw>
<kw name="Fill Text" library="Browser">
<arg>${element}</arg>
<arg>${text}</arg>
<tag>PageContent</tag>
<tag>Setter</tag>
<doc>Clears and fills the given ``txt`` into the text field found by ``selector``.</doc>
<msg timestamp="20231222 17:01:34.240" level="INFO">Fills the text 'Doloremque sunt veritatis debitis deserunt. Dolores ratione reiciendis deserunt minima quas aperiam ipsam. Molestiae at error quas repudiandae soluta nam iure.' in the given field.</msg>
<status status="PASS" starttime="20231222 17:01:34.239" endtime="20231222 17:01:34.299"/>
</kw>
<kw name="Get Length" library="BuiltIn">
<var>${cnt}</var>
<arg>${text}</arg>
<doc>Returns and logs the length of the given item as an integer.</doc>
<msg timestamp="20231222 17:01:34.303" level="INFO">Length is 159</msg>
<msg timestamp="20231222 17:01:34.304" level="INFO">${cnt} = 159</msg>
<status status="PASS" starttime="20231222 17:01:34.303" endtime="20231222 17:01:34.304"/>
</kw>
<if>
<branch type="IF" condition="${cnt} &gt; 0">
<kw name="Set Global Variable" library="BuiltIn">
<arg>\${STATE["${name}"]}</arg>
<arg>${text}</arg>
<doc>Makes a variable available globally in all tests and suites.</doc>
<msg timestamp="20231222 17:01:34.306" level="INFO">${STATE["Giới thiệu"]} = Doloremque sunt veritatis debitis deserunt. Dolores ratione reiciendis deserunt minima quas aperiam ipsam. Molestiae at error quas repudiandae soluta nam iure.</msg>
<status status="PASS" starttime="20231222 17:01:34.305" endtime="20231222 17:01:34.306"/>
</kw>
<status status="PASS" starttime="20231222 17:01:34.304" endtime="20231222 17:01:34.306"/>
</branch>
<status status="PASS" starttime="20231222 17:01:34.304" endtime="20231222 17:01:34.306"/>
</if>
<status status="PASS" starttime="20231222 17:01:34.097" endtime="20231222 17:01:34.306"/>
</kw>
<kw name="Click &quot;Lưu lại&quot; button" library="common" sourcename="Click &quot;${text}&quot; button">
<kw name="Click" library="Browser">
<arg>xpath=//button[@title="${text}"]</arg>
<tag>PageContent</tag>
<tag>Setter</tag>
<doc>Simulates mouse click on the element found by ``selector``.</doc>
<status status="PASS" starttime="20231222 17:01:34.307" endtime="20231222 17:01:34.587"/>
</kw>
<kw name="Click Confirm To Action" library="common">
<kw name="Set Variable" library="BuiltIn">
<var>${element}</var>
<arg>xpath=//*[contains(@class, "ant-popover")]//*[contains(@class, "ant-btn-primary")]</arg>
<doc>Returns the given values which can then be assigned to a variables.</doc>
<msg timestamp="20231222 17:01:34.587" level="INFO">${element} = xpath=//*[contains(@class, "ant-popover")]//*[contains(@class, "ant-btn-primary")]</msg>
[...]
<doc>Scrolls an element or the page relative from current position by the given values.</doc>
<msg timestamp="20231222 17:01:43.028" level="INFO">JavaScript executed successfully.</msg>
<msg timestamp="20231222 17:01:43.029" level="INFO">JavaScript executed successfully.</msg>
<msg timestamp="20231222 17:01:43.041" level="INFO">JavaScript executed successfully.</msg>
<msg timestamp="20231222 17:01:43.041" level="INFO">JavaScript executed successfully.</msg>
<msg timestamp="20231222 17:01:43.045" level="INFO">JavaScript executed successfully.</msg>
<status status="PASS" starttime="20231222 17:01:43.016" endtime="20231222 17:01:43.045"/>
</kw>
<status status="PASS" starttime="20231222 17:01:42.809" endtime="20231222 17:01:43.046"/>
</kw>
<kw name="Then &quot;${title_1}&quot; table line should be highlighted" library="common" sourcename="&quot;${name}&quot; table line should be highlighted">
<kw name="Wait Until Element Spin" library="common">
<kw name="Sleep" library="BuiltIn">
<arg>${SHOULD_TIMEOUT}</arg>
<doc>Pauses the test executed for the given time.</doc>
<msg timestamp="20231222 17:01:43.150" level="INFO">Slept 100 milliseconds</msg>
<status status="PASS" starttime="20231222 17:01:43.049" endtime="20231222 17:01:43.154"/>
</kw>
<kw name="Set Variable" library="BuiltIn">
<var>${element}</var>
<arg>xpath=//*[contains(@class, "ant-spin-spinning")]</arg>
<doc>Returns the given values which can then be assigned to a variables.</doc>
<msg timestamp="20231222 17:01:43.156" level="INFO">${element} = xpath=//*[contains(@class, "ant-spin-spinning")]</msg>
<status status="PASS" starttime="20231222 17:01:43.155" endtime="20231222 17:01:43.156"/>
</kw>
<kw name="Get Element Count" library="Browser">
<var>${count}</var>
<arg>${element}</arg>
<tag>Assertion</tag>
<tag>Getter</tag>
<tag>PageContent</tag>
<doc>Returns the count of elements found with ``selector``.</doc>
<msg timestamp="20231222 17:01:43.174" level="INFO">${count} = 0</msg>
<status status="PASS" starttime="20231222 17:01:43.158" endtime="20231222 17:01:43.177"/>
</kw>
<if>
<branch type="IF" condition="${count} &gt; 0">
<kw name="Wait Until Page Does Not Contain Element" library="common">
<arg>${element}</arg>
<status status="NOT RUN" starttime="20231222 17:01:43.180" endtime="20231222 17:01:43.181"/>
</kw>
<status status="NOT RUN" starttime="20231222 17:01:43.178" endtime="20231222 17:01:43.181"/>
</branch>
<status status="PASS" starttime="20231222 17:01:43.178" endtime="20231222 17:01:43.181"/>
</if>
<status status="PASS" starttime="20231222 17:01:43.048" endtime="20231222 17:01:43.183"/>
</kw>
<kw name="Check Text" library="common">
<var>${name}</var>
<arg>${name}</arg>
<kw name="Get Regexp Matches" library="String">
<var>${containsS}</var>
<arg>${text}</arg>
<arg>_@(.+)@_</arg>
<arg>1</arg>
<doc>Returns a list of all non-overlapping matches in the given string.</doc>
<msg timestamp="20231222 17:01:43.192" level="INFO">${containsS} = []</msg>
<status status="PASS" starttime="20231222 17:01:43.189" endtime="20231222 17:01:43.192"/>
</kw>
<kw name="Get Length" library="BuiltIn">
<var>${cntS}</var>
<arg>${containsS}</arg>
<doc>Returns and logs the length of the given item as an integer.</doc>
<msg timestamp="20231222 17:01:43.193" level="INFO">Length is 0</msg>
<msg timestamp="20231222 17:01:43.193" level="INFO">${cntS} = 0</msg>
<status status="PASS" starttime="20231222 17:01:43.192" endtime="20231222 17:01:43.193"/>
</kw>
<if>
<branch type="IF" condition="${cntS} &gt; 0">
<kw name="Set Variable" library="BuiltIn">
<var>${text}</var>
<arg>${STATE["${containsS[0]}"]}</arg>
<doc>Returns the given values which can then be assigned to a variables.</doc>
<status status="NOT RUN" starttime="20231222 17:01:43.196" endtime="20231222 17:01:43.198"/>
</kw>
<status status="NOT RUN" starttime="20231222 17:01:43.193" endtime="20231222 17:01:43.199"/>
</branch>
<status status="PASS" starttime="20231222 17:01:43.193" endtime="20231222 17:01:43.200"/>
</if>
<msg timestamp="20231222 17:01:43.201" level="INFO">${name} = DA_25 Quidem illo.</msg>
<status status="PASS" starttime="20231222 17:01:43.184" endtime="20231222 17:01:43.202"/>
</kw>
<kw name="Get Property" library="Browser">
<arg>//button[contains(text(),"${name}")]//ancestor::tr</arg>
<arg>className</arg>
<arg>contains</arg>
<arg>bg-blue-100</arg>
<tag>Assertion</tag>
<tag>Getter</tag>
<tag>PageContent</tag>
<doc>Returns the ``property`` of the element found by ``selector``.</doc>
<msg timestamp="20231222 17:01:43.248" level="INFO">Property: 'bg-blue-100 ant-table-row ng-star-inserted'</msg>
<status status="PASS" starttime="20231222 17:01:43.203" endtime="20231222 17:01:43.248"/>
</kw>
<status status="PASS" starttime="20231222 17:01:43.047" endtime="20231222 17:01:43.248"/>
</kw>
<kw name="When Click on the &quot;Xóa&quot; button in the &quot;${title_1}&quot; table line" library="common" sourcename="Click on the &quot;${text}&quot; button in the &quot;${name}&quot; table line">
<kw name="Wait Until Element Spin" library="common">
<kw name="Sleep" library="BuiltIn">
<arg>${SHOULD_TIMEOUT}</arg>
<doc>Pauses the test executed for the given time.</doc>
<msg timestamp="20231222 17:01:43.354" level="INFO">Slept 100 milliseconds</msg>
<status status="PASS" starttime="20231222 17:01:43.252" endtime="20231222 17:01:43.354"/>
</kw>
<kw name="Set Variable" library="BuiltIn">
<var>${element}</var>
<arg>xpath=//*[contains(@class, "ant-spin-spinning")]</arg>
<doc>Returns the given values which can then be assigned to a variables.</doc>
<msg timestamp="20231222 17:01:43.360" level="INFO">${element} = xpath=//*[contains(@class, "ant-spin-spinning")]</msg>
<status status="PASS" starttime="20231222 17:01:43.355" endtime="20231222 17:01:43.362"/>
</kw>
<kw name="Get Element Count" library="Browser">
<var>${count}</var>
<arg>${element}</arg>
<tag>Assertion</tag>
<tag>Getter</tag>
<tag>PageContent</tag>
<doc>Returns the count of elements found with ``selector``.</doc>
<msg timestamp="20231222 17:01:43.391" level="INFO">${count} = 0</msg>
<status status="PASS" starttime="20231222 17:01:43.365" endtime="20231222 17:01:43.394"/>
</kw>
<if>
<branch type="IF" condition="${count} &gt; 0">
<kw name="Wait Until Page Does Not Contain Element" library="common">
<arg>${element}</arg>
<status status="NOT RUN" starttime="20231222 17:01:43.395" endtime="20231222 17:01:43.395"/>
</kw>
<status status="NOT RUN" starttime="20231222 17:01:43.395" endtime="20231222 17:01:43.396"/>
</branch>
<status status="PASS" starttime="20231222 17:01:43.395" endtime="20231222 17:01:43.396"/>
</if>
<status status="PASS" starttime="20231222 17:01:43.250" endtime="20231222 17:01:43.396"/>
</kw>
<kw name="Check Text" library="common">
<var>${name}</var>
<arg>${name}</arg>
<kw name="Get Regexp Matches" library="String">
<var>${containsS}</var>
<arg>${text}</arg>
<arg>_@(.+)@_</arg>
<arg>1</arg>
<doc>Returns a list of all non-overlapping matches in the given string.</doc>
<msg timestamp="20231222 17:01:43.397" level="INFO">${containsS} = []</msg>
<status status="PASS" starttime="20231222 17:01:43.397" endtime="20231222 17:01:43.397"/>
</kw>
<kw name="Get Length" library="BuiltIn">
<var>${cntS}</var>
<arg>${containsS}</arg>
<doc>Returns and logs the length of the given item as an integer.</doc>
<msg timestamp="20231222 17:01:43.399" level="INFO">Length is 0</msg>
<msg timestamp="20231222 17:01:43.399" level="INFO">${cntS} = 0</msg>
<status status="PASS" starttime="20231222 17:01:43.399" endtime="20231222 17:01:43.399"/>
</kw>
<if>
<branch type="IF" condition="${cntS} &gt; 0">
<kw name="Set Variable" library="BuiltIn">
<var>${text}</var>
<arg>${STATE["${containsS[0]}"]}</arg>
<doc>Returns the given values which can then be assigned to a variables.</doc>
<status status="NOT RUN" starttime="20231222 17:01:43.403" endtime="20231222 17:01:43.404"/>
</kw>
<status status="NOT RUN" starttime="20231222 17:01:43.402" endtime="20231222 17:01:43.404"/>
</branch>
<status status="PASS" starttime="20231222 17:01:43.401" endtime="20231222 17:01:43.404"/>
</if>
<msg timestamp="20231222 17:01:43.405" level="INFO">${name} = DA_25 Quidem illo.</msg>
<status status="PASS" starttime="20231222 17:01:43.396" endtime="20231222 17:01:43.407"/>
</kw>
<if>
<branch type="IF" condition="'${text}' == 'Chi tiết'">
<kw name="Get Element Table Item By Name" library="common">
<var>${element1}</var>
<arg>${name}</arg>
<arg>//button[@title = "${text}"]</arg>
<status status="NOT RUN" starttime="20231222 17:01:43.410" endtime="20231222 17:01:43.411"/>
</kw>
<kw name="Get Element Count" library="Browser">
<var>${count}</var>
<arg>${element1}</arg>
<tag>Assertion</tag>
<tag>Getter</tag>
<tag>PageContent</tag>
<doc>Returns the count of elements found with ``selector``.</doc>
<status status="NOT RUN" starttime="20231222 17:01:43.412" endtime="20231222 17:01:43.412"/>
</kw>
<if>
<branch type="IF" condition="${count} &gt; 0">
<kw name="Click" library="Browser">
<arg>${element1}</arg>
<tag>PageContent</tag>
<tag>Setter</tag>
<doc>Simulates mouse click on the element found by ``selector``.</doc>
<status status="NOT RUN" starttime="20231222 17:01:43.413" endtime="20231222 17:01:43.413"/>
</kw>
<status status="NOT RUN" starttime="20231222 17:01:43.412" endtime="20231222 17:01:43.414"/>
</branch>
<branch type="ELSE">
<kw name="Get Element Table Item By Name" library="common">
<var>${elementS}</var>
<arg>${name}</arg>
<arg>//p[contains(text(),"${name}")]</arg>
<status status="NOT RUN" starttime="20231222 17:01:43.414" endtime="20231222 17:01:43.414"/>
</kw>
<kw name="Click" library="Browser">
<arg>${elementS}</arg>
<tag>PageContent</tag>
<tag>Setter</tag>
<doc>Simulates mouse click on the element found by ``selector``.</doc>
<status status="NOT RUN" starttime="20231222 17:01:43.415" endtime="20231222 17:01:43.415"/>
</kw>
<status status="NOT RUN" starttime="20231222 17:01:43.414" endtime="20231222 17:01:43.415"/>
</branch>
<status status="NOT RUN" starttime="20231222 17:01:43.412" endtime="20231222 17:01:43.415"/>
</if>
<status status="NOT RUN" starttime="20231222 17:01:43.407" endtime="20231222 17:01:43.416"/>
</branch>
<branch type="ELSE">
<kw name="Get Element Table Item By Name" library="common">
<var>${element}</var>
<arg>${name}</arg>
<arg>//button[@title = "${text}"]</arg>
<msg timestamp="20231222 17:01:43.419" level="INFO">${element} = xpath=//*[contains(@class, "ant-table-row")]//*[contains(text(), "DA_25 Quidem illo.")]/ancestor::tr//button[@title = "Xóa"]</msg>
<status status="PASS" starttime="20231222 17:01:43.416" endtime="20231222 17:01:43.420"/>
</kw>
<kw name="Click" library="Browser">
<arg>${element}</arg>
<tag>PageContent</tag>
<tag>Setter</tag>
<doc>Simulates mouse click on the element found by ``selector``.</doc>
<status status="PASS" starttime="20231222 17:01:43.421" endtime="20231222 17:01:43.607"/>
</kw>
<status status="PASS" starttime="20231222 17:01:43.416" endtime="20231222 17:01:43.608"/>
</branch>
<status status="PASS" starttime="20231222 17:01:43.407" endtime="20231222 17:01:43.608"/>
</if>
<kw name="Click Confirm To Action" library="common">
<kw name="Set Variable" library="BuiltIn">
<var>${element}</var>
<arg>xpath=//*[contains(@class, "ant-popover")]//*[contains(@class, "ant-btn-primary")]</arg>
<doc>Returns the given values which can then be assigned to a variables.</doc>
<msg timestamp="20231222 17:01:43.611" level="INFO">${element} = xpath=//*[contains(@class, "ant-popover")]//*[contains(@class, "ant-btn-primary")]</msg>
<status status="PASS" starttime="20231222 17:01:43.610" endtime="20231222 17:01:43.612"/>
</kw>
<kw name="Get Element Count" library="Browser">
<var>${count}</var>
<arg>${element}</arg>
<tag>Assertion</tag>
<tag>Getter</tag>
<tag>PageContent</tag>
<doc>Returns the count of elements found with ``selector``.</doc>
<msg timestamp="20231222 17:01:43.621" level="INFO">${count} = 1</msg>
<status status="PASS" starttime="20231222 17:01:43.612" endtime="20231222 17:01:43.623"/>
</kw>
<if>
<branch type="IF" condition="${count} &gt; 0">
<kw name="Click" library="Browser">
<arg>${element}</arg>
<tag>PageContent</tag>
<tag>Setter</tag>
<doc>Simulates mouse click on the element found by ``selector``.</doc>
<status status="PASS" starttime="20231222 17:01:43.624" endtime="20231222 17:01:43.863"/>
</kw>
<kw name="Sleep" library="BuiltIn">
<arg>${SHOULD_TIMEOUT}</arg>
<doc>Pauses the test executed for the given time.</doc>
<msg timestamp="20231222 17:01:43.964" level="INFO">Slept 100 milliseconds</msg>
<status status="PASS" starttime="20231222 17:01:43.863" endtime="20231222 17:01:43.964"/>
</kw>
<status status="PASS" starttime="20231222 17:01:43.623" endtime="20231222 17:01:43.964"/>
</branch>
<status status="PASS" starttime="20231222 17:01:43.623" endtime="20231222 17:01:43.964"/>
</if>
<status status="PASS" starttime="20231222 17:01:43.608" endtime="20231222 17:01:43.964"/>
</kw>
<status status="PASS" starttime="20231222 17:01:43.249" endtime="20231222 17:01:43.964"/>
</kw>
<kw name="When Click on the &quot;Xóa&quot; button in the &quot;${cate_1}&quot; item line" library="common" sourcename="Click on the &quot;${text}&quot; button in the &quot;${name}&quot; item line">
<kw name="Wait Until Element Spin" library="common">
<kw name="Sleep" library="BuiltIn">
<arg>${SHOULD_TIMEOUT}</arg>
<doc>Pauses the test executed for the given time.</doc>
<msg timestamp="20231222 17:01:44.070" level="INFO">Slept 100 milliseconds</msg>
<status status="PASS" starttime="20231222 17:01:43.970" endtime="20231222 17:01:44.072"/>
</kw>
<kw name="Set Variable" library="BuiltIn">
<var>${element}</var>
<arg>xpath=//*[contains(@class, "ant-spin-spinning")]</arg>
<doc>Returns the given values which can then be assigned to a variables.</doc>
<msg timestamp="20231222 17:01:44.074" level="INFO">${element} = xpath=//*[contains(@class, "ant-spin-spinning")]</msg>
<status status="PASS" starttime="20231222 17:01:44.073" endtime="20231222 17:01:44.074"/>
</kw>
<kw name="Get Element Count" library="Browser">
<var>${count}</var>
<arg>${element}</arg>
<tag>Assertion</tag>
<tag>Getter</tag>
<tag>PageContent</tag>
<doc>Returns the count of elements found with ``selector``.</doc>
<msg timestamp="20231222 17:01:44.088" level="INFO">${count} = 0</msg>
<status status="PASS" starttime="20231222 17:01:44.074" endtime="20231222 17:01:44.091"/>
</kw>
<if>
<branch type="IF" condition="${count} &gt; 0">
<kw name="Wait Until Page Does Not Contain Element" library="common">
<arg>${element}</arg>
<status status="NOT RUN" starttime="20231222 17:01:44.092" endtime="20231222 17:01:44.092"/>
</kw>
<status status="NOT RUN" starttime="20231222 17:01:44.092" endtime="20231222 17:01:44.092"/>
</branch>
<status status="PASS" starttime="20231222 17:01:44.091" endtime="20231222 17:01:44.092"/>
</if>
<status status="PASS" starttime="20231222 17:01:43.969" endtime="20231222 17:01:44.092"/>
</kw>
<kw name="Check Text" library="common">
<var>${name}</var>
<arg>${name}</arg>
<kw name="Get Regexp Matches" library="String">
<var>${containsS}</var>
<arg>${text}</arg>
<arg>_@(.+)@_</arg>
<arg>1</arg>
<doc>Returns a list of all non-overlapping matches in the given string.</doc>
<msg timestamp="20231222 17:01:44.094" level="INFO">${containsS} = []</msg>
<status status="PASS" starttime="20231222 17:01:44.093" endtime="20231222 17:01:44.094"/>
</kw>
<kw name="Get Length" library="BuiltIn">
<var>${cntS}</var>
<arg>${containsS}</arg>
<doc>Returns and logs the length of the given item as an integer.</doc>
<msg timestamp="20231222 17:01:44.095" level="INFO">Length is 0</msg>
<msg timestamp="20231222 17:01:44.095" level="INFO">${cntS} = 0</msg>
<status status="PASS" starttime="20231222 17:01:44.095" endtime="20231222 17:01:44.095"/>
</kw>
<if>
<branch type="IF" condition="${cntS} &gt; 0">
<kw name="Set Variable" library="BuiltIn">
<var>${text}</var>
<arg>${STATE["${containsS[0]}"]}</arg>
<doc>Returns the given values which can then be assigned to a variables.</doc>
<status status="NOT RUN" starttime="20231222 17:01:44.096" endtime="20231222 17:01:44.097"/>
</kw>
<status status="NOT RUN" starttime="20231222 17:01:44.096" endtime="20231222 17:01:44.097"/>
</branch>
<status status="PASS" starttime="20231222 17:01:44.096" endtime="20231222 17:01:44.098"/>
</if>
<msg timestamp="20231222 17:01:44.098" level="INFO">${name} = DA_25 Modi facilis.</msg>
<status status="PASS" starttime="20231222 17:01:44.093" endtime="20231222 17:01:44.098"/>
</kw>
<kw name="Get Element Item By Name" library="common">
<var>${element}</var>
<arg>${name}</arg>
<arg>//button[@title = "${text}"]</arg>
<msg timestamp="20231222 17:01:44.101" level="INFO">${element} = xpath=//*[contains(@class, "item-text") and contains(text(), "DA_25 Modi facilis.")]/ancestor::*[contains(@class, "item")]//button[@title = "Xóa"]</msg>
<status status="PASS" starttime="20231222 17:01:44.100" endtime="20231222 17:01:44.103"/>
</kw>
<kw name="Click" library="Browser">
<arg>${element}</arg>
<tag>PageContent</tag>
<tag>Setter</tag>
<doc>Simulates mouse click on the element found by ``selector``.</doc>
<status status="PASS" starttime="20231222 17:01:44.103" endtime="20231222 17:01:45.725"/>
</kw>
<kw name="Click Confirm To Action" library="common">
<kw name="Set Variable" library="BuiltIn">
<var>${element}</var>
<arg>xpath=//*[contains(@class, "ant-popover")]//*[contains(@class, "ant-btn-primary")]</arg>
<doc>Returns the given values which can then be assigned to a variables.</doc>
<msg timestamp="20231222 17:01:45.726" level="INFO">${element} = xpath=//*[contains(@class, "ant-popover")]//*[contains(@class, "ant-btn-primary")]</msg>
<status status="PASS" starttime="20231222 17:01:45.726" endtime="20231222 17:01:45.726"/>
</kw>
<kw name="Get Element Count" library="Browser">
<var>${count}</var>
<arg>${element}</arg>
<tag>Assertion</tag>
<tag>Getter</tag>
<tag>PageContent</tag>
<doc>Returns the count of elements found with ``selector``.</doc>
<msg timestamp="20231222 17:01:45.740" level="INFO">${count} = 1</msg>
<status status="PASS" starttime="20231222 17:01:45.726" endtime="20231222 17:01:45.740"/>
</kw>
<if>
<branch type="IF" condition="${count} &gt; 0">
<kw name="Click" library="Browser">
<arg>${element}</arg>
<tag>PageContent</tag>
<tag>Setter</tag>
<doc>Simulates mouse click on the element found by ``selector``.</doc>
<status status="PASS" starttime="20231222 17:01:45.741" endtime="20231222 17:01:45.993"/>
</kw>
<kw name="Sleep" library="BuiltIn">
<arg>${SHOULD_TIMEOUT}</arg>
<doc>Pauses the test executed for the given time.</doc>
<msg timestamp="20231222 17:01:46.095" level="INFO">Slept 100 milliseconds</msg>
<status status="PASS" starttime="20231222 17:01:45.993" endtime="20231222 17:01:46.095"/>
</kw>
<status status="PASS" starttime="20231222 17:01:45.741" endtime="20231222 17:01:46.095"/>
</branch>
<status status="PASS" starttime="20231222 17:01:45.741" endtime="20231222 17:01:46.096"/>
</if>
<status status="PASS" starttime="20231222 17:01:45.725" endtime="20231222 17:01:46.096"/>
</kw>
<status status="PASS" starttime="20231222 17:01:43.967" endtime="20231222 17:01:46.098"/>
</kw>
<kw name="Tear Down" library="common" type="TEARDOWN">
<kw name="Close Browser" library="Browser">
<arg>ALL</arg>
<tag>BrowserControl</tag>
<tag>Setter</tag>
<doc>Closes the current browser.</doc>
<msg timestamp="20231222 17:01:46.446" level="INFO">Closed all browsers</msg>
<status status="PASS" starttime="20231222 17:01:46.104" endtime="20231222 17:01:46.446"/>
</kw>
<status status="PASS" starttime="20231222 17:01:46.101" endtime="20231222 17:01:46.447"/>
</kw>
<tag>DetailedInfo</tag>
<status status="PASS" starttime="20231222 17:01:27.080" endtime="20231222 17:01:46.448"/>
</test>
<status status="PASS" starttime="20231222 17:01:25.109" endtime="20231222 17:01:46.458"/>
</suite>
<statistics>
<total>
<stat pass="1" fail="0" skip="0">All Tests</stat>
</total>
<tag>
<stat pass="1" fail="0" skip="0">DetailedInfo</stat>
</tag>
<suite>
<stat pass="1" fail="0" skip="0" id="s1" name="Post">Post</stat>
</suite>
</statistics>
<errors>
</errors>
</robot>
