<?xml version="1.0" encoding="UTF-8"?>
<robot generator="Robot 6.1.1 (Python 3.11.5 on win32)" generated="20231208 18:46:46.050" rpa="false" schemaversion="4">
<suite id="s1" name="Category" source="d:\AutomationTest\test\test\testcases\category.robot">
<test id="s1-t1" name="CA_17 Verify the changing with the existed &quot;Mã&quot;" line="169">
<kw name="Setup" library="common" type="SETUP">
<kw name="Set Browser Timeout" library="Browser">
<arg>${BROWSER_TIMEOUT}</arg>
<tag>Config</tag>
<tag>Setter</tag>
<doc>Sets the timeout used by most input and getter keywords.</doc>
<status status="PASS" starttime="20231208 18:46:47.344" endtime="20231208 18:46:47.344"/>
</kw>
<kw name="New Browser" library="Browser">
<arg>${BROWSER}</arg>
<arg>headless=${HEADLESS}</arg>
<tag>BrowserControl</tag>
<tag>Setter</tag>
<doc>Create a new playwright Browser with specified options.</doc>
<msg timestamp="20231208 18:46:47.345" level="INFO">{"browser": "chromium", "headless": false, "chromiumSandbox": false, "devtools": false, "handleSIGHUP": true, "handleSIGINT": true, "handleSIGTERM": true, "slowMo": 0.0, "timeout": 30000.0, "tracesDir": "D:\\AutomationTest\\test\\test\\browser\\traces\\06a838af-20d4-4a3f-a0b7-49721fea5800"}</msg>
<msg timestamp="20231208 18:46:48.263" level="INFO">Successfully created browser with options: {"browser":"chromium","headless":false,"chromiumSandbox":false,"devtools":false,"handleSIGHUP":true,"handleSIGINT":true,"handleSIGTERM":true,"slowMo":0,"timeout":30000,"tracesDir":"D:\\AutomationTest\\test\\test\\browser\\traces\\06a838af-20d4-4a3f-a0b7-49721fea5800"}</msg>
<status status="PASS" starttime="20231208 18:46:47.344" endtime="20231208 18:46:48.264"/>
</kw>
<kw name="New Page" library="Browser">
<arg>${URL_DEFAULT}</arg>
<tag>BrowserControl</tag>
<tag>Setter</tag>
<doc>Open a new Page.</doc>
<msg timestamp="20231208 18:46:50.570" level="INFO">Successfully initialized new page object and opened url: http://dev1.geneat.vn:7802/#/vn</msg>
<msg timestamp="20231208 18:46:50.572" level="INFO">No context was open. New context was automatically opened when this page is created.</msg>
<status status="PASS" starttime="20231208 18:46:48.267" endtime="20231208 18:46:50.572"/>
</kw>
<kw name="Evaluate" library="BuiltIn">
<var>${STATE}</var>
<arg>json.loads('''{}''')</arg>
<arg>json</arg>
<doc>Evaluates the given expression in Python and returns the result.</doc>
<msg timestamp="20231208 18:46:50.576" level="INFO">${STATE} = {}</msg>
<status status="PASS" starttime="20231208 18:46:50.574" endtime="20231208 18:46:50.576"/>
</kw>
<status status="PASS" starttime="20231208 18:46:47.343" endtime="20231208 18:46:50.577"/>
</kw>
<kw name="Create a category">
<var>${category}</var>
<kw name="Run Keyword And Return Status" library="BuiltIn">
<var>${condition}</var>
<arg>Confirm locating exactly in "Quản lý dữ liệu" page</arg>
<doc>Runs the given keyword with given arguments and returns the status as a Boolean value.</doc>
<kw name="Confirm locating exactly in &quot;Quản lý dữ liệu&quot; page" library="common" sourcename="Confirm locating exactly in &quot;${name}&quot; page">
<kw name="Get Element Count" library="Browser">
<var>${cnt}</var>
<arg>//header//span[contains(text(),"${name}")]</arg>
<tag>Assertion</tag>
<tag>Getter</tag>
<tag>PageContent</tag>
<doc>Returns the count of elements found with ``selector``.</doc>
<msg timestamp="20231208 18:46:50.751" level="INFO">${cnt} = 0</msg>
<status status="PASS" starttime="20231208 18:46:50.630" endtime="20231208 18:46:50.751"/>
</kw>
<kw name="Should Be True" library="BuiltIn">
<arg>${cnt} &gt; 0</arg>
<doc>Fails if the given condition is not true.</doc>
<msg timestamp="20231208 18:46:50.752" level="FAIL">'0 &gt; 0' should be true.</msg>
<status status="FAIL" starttime="20231208 18:46:50.751" endtime="20231208 18:46:50.752"/>
</kw>
<status status="FAIL" starttime="20231208 18:46:50.626" endtime="20231208 18:46:50.752"/>
</kw>
<msg timestamp="20231208 18:46:50.754" level="INFO">${condition} = False</msg>
<status status="PASS" starttime="20231208 18:46:50.581" endtime="20231208 18:46:50.755"/>
</kw>
<if>
<branch type="IF" condition="'${condition}' == 'True'">
<kw name="Click &quot;Tạo mới&quot; button" library="common" sourcename="Click &quot;${text}&quot; button">
<status status="NOT RUN" starttime="20231208 18:46:50.760" endtime="20231208 18:46:50.761"/>
</kw>
<status status="NOT RUN" starttime="20231208 18:46:50.756" endtime="20231208 18:46:50.761"/>
</branch>
<branch type="ELSE">
<kw name="Go to page create category &quot;Quản lý dữ liệu&quot; with &quot;/data&quot;" sourcename="Go to page create category &quot;${name}&quot; with &quot;${url}&quot;">
<kw name="Login to admin" library="common">
<kw name="Enter &quot;email&quot; in &quot;Email&quot; with &quot;admin@gmail.com&quot;" library="common" sourcename="Enter &quot;${type}&quot; in &quot;${name}&quot; with &quot;${text}&quot;">
<kw name="Get Random Text" library="common">
<var>${text}</var>
<arg>${type}</arg>
<arg>${text}</arg>
<kw name="Set Variable" library="BuiltIn">
<var>${symbol}</var>
<arg>_RANDOM_</arg>
<doc>Returns the given values which can then be assigned to a variables.</doc>
<msg timestamp="20231208 18:46:50.766" level="INFO">${symbol} = _RANDOM_</msg>
<status status="PASS" starttime="20231208 18:46:50.766" endtime="20231208 18:46:50.766"/>
</kw>
<kw name="Set Variable" library="BuiltIn">
<var>${new_text}</var>
<doc>Returns the given values which can then be assigned to a variables.</doc>
<msg timestamp="20231208 18:46:50.767" level="INFO">${new_text} = </msg>
<status status="PASS" starttime="20231208 18:46:50.766" endtime="20231208 18:46:50.767"/>
</kw>
<kw name="Get Regexp Matches" library="String">
<var>${containsS}</var>
<arg>${text}</arg>
<arg>_@(.+)@_</arg>
<arg>1</arg>
<doc>Returns a list of all non-overlapping matches in the given string.</doc>
<msg timestamp="20231208 18:46:50.767" level="INFO">${containsS} = []</msg>
<status status="PASS" starttime="20231208 18:46:50.767" endtime="20231208 18:46:50.767"/>
</kw>
<kw name="Get Length" library="BuiltIn">
<var>${cntS}</var>
<arg>${containsS}</arg>
<doc>Returns and logs the length of the given item as an integer.</doc>
<msg timestamp="20231208 18:46:50.768" level="INFO">Length is 0</msg>
<msg timestamp="20231208 18:46:50.768" level="INFO">${cntS} = 0</msg>
<status status="PASS" starttime="20231208 18:46:50.768" endtime="20231208 18:46:50.768"/>
</kw>
<kw name="Get Regexp Matches" library="String">
<var>${contains}</var>
<arg>${text}</arg>
<arg>${symbol}</arg>
<doc>Returns a list of all non-overlapping matches in the given string.</doc>
<msg timestamp="20231208 18:46:50.768" level="INFO">${contains} = []</msg>
<status status="PASS" starttime="20231208 18:46:50.768" endtime="20231208 18:46:50.768"/>
</kw>
<kw name="Get Length" library="BuiltIn">
<var>${cnt}</var>
<arg>${contains}</arg>
<doc>Returns and logs the length of the given item as an integer.</doc>
<msg timestamp="20231208 18:46:50.769" level="INFO">Length is 0</msg>
<msg timestamp="20231208 18:46:50.770" level="INFO">${cnt} = 0</msg>
<status status="PASS" starttime="20231208 18:46:50.769" endtime="20231208 18:46:50.770"/>
</kw>
<if>
<branch type="IF" condition="${cntS} &gt; 0">
<kw name="Set Variable" library="BuiltIn">
<var>${new_text}</var>
<arg>${STATE["${containsS[0]}"]}</arg>
<doc>Returns the given values which can then be assigned to a variables.</doc>
<status status="NOT RUN" starttime="20231208 18:46:50.772" endtime="20231208 18:46:50.774"/>
</kw>
<kw name="Set Variable" library="BuiltIn">
<var>${symbol}</var>
<arg>_@${containsS[0]}@_</arg>
<doc>Returns the given values which can then be assigned to a variables.</doc>
<status status="NOT RUN" starttime="20231208 18:46:50.774" endtime="20231208 18:46:50.774"/>
</kw>
<status status="NOT RUN" starttime="20231208 18:46:50.772" endtime="20231208 18:46:50.774"/>
</branch>
<branch type="ELSE IF" condition="${cnt} &gt; 0 and '${type}' == 'test name'">
<kw name="Sentence" library="FakerLibrary">
<var>${random}</var>
<arg>nb_words=3</arg>
<doc>Generate a sentence.</doc>
<status status="NOT RUN" starttime="20231208 18:46:50.774" endtime="20231208 18:46:50.777"/>
</kw>
<kw name="Split String" library="String">
<var>${words}</var>
<arg>${TEST NAME}</arg>
<arg>${SPACE}</arg>
<doc>Splits the ``string`` using ``separator`` as a delimiter string.</doc>
<status status="NOT RUN" starttime="20231208 18:46:50.778" endtime="20231208 18:46:50.778"/>
</kw>
<kw name="Set Variable" library="BuiltIn">
<var>${new_text}</var>
<arg>${words[0]} ${random}</arg>
<doc>Returns the given values which can then be assigned to a variables.</doc>
<status status="NOT RUN" starttime="20231208 18:46:50.778" endtime="20231208 18:46:50.779"/>
</kw>
<status status="NOT RUN" starttime="20231208 18:46:50.774" endtime="20231208 18:46:50.779"/>
</branch>
<branch type="ELSE IF" condition="${cnt} &gt; 0 and '${type}' == 'number'">
<kw name="Random Int" library="FakerLibrary">
<var>${new_text}</var>
<doc>Generate a random integer between two integers ``min`` and ``max`` inclusive
while observing the provided ``step`` value.</doc>
<status status="NOT RUN" starttime="20231208 18:46:50.780" endtime="20231208 18:46:50.780"/>
</kw>
<kw name="Convert To String" library="BuiltIn">
<var>${new_text}</var>
<arg>${new_text}</arg>
<doc>Converts the given item to a Unicode string.</doc>
<status status="NOT RUN" starttime="20231208 18:46:50.781" endtime="20231208 18:46:50.781"/>
</kw>
<status status="NOT RUN" starttime="20231208 18:46:50.779" endtime="20231208 18:46:50.781"/>
</branch>
<branch type="ELSE IF" condition="${cnt} &gt; 0 and '${type}' == 'percentage'">
<kw name="Random Int" library="FakerLibrary">
<var>${new_text}</var>
<arg>max=100</arg>
<doc>Generate a random integer between two integers ``min`` and ``max`` inclusive
while observing the provided ``step`` value.</doc>
<status status="NOT RUN" starttime="20231208 18:46:50.783" endtime="20231208 18:46:50.783"/>
</kw>
<kw name="Convert To String" library="BuiltIn">
<var>${new_text}</var>
<arg>${new_text}</arg>
<doc>Converts the given item to a Unicode string.</doc>
<status status="NOT RUN" starttime="20231208 18:46:50.783" endtime="20231208 18:46:50.784"/>
</kw>
<status status="NOT RUN" starttime="20231208 18:46:50.781" endtime="20231208 18:46:50.784"/>
</branch>
<branch type="ELSE IF" condition="${cnt} &gt; 0 and '${type}' == 'paragraph'">
<kw name="Paragraph" library="FakerLibrary">
<var>${new_text}</var>
<doc>Generate a paragraph.</doc>
<status status="NOT RUN" starttime="20231208 18:46:50.785" endtime="20231208 18:46:50.785"/>
</kw>
<status status="NOT RUN" starttime="20231208 18:46:50.784" endtime="20231208 18:46:50.786"/>
</branch>
<branch type="ELSE IF" condition="${cnt} &gt; 0 and '${type}' == 'email'">
<kw name="Email" library="FakerLibrary">
<var>${new_text}</var>
<status status="NOT RUN" starttime="20231208 18:46:50.787" endtime="20231208 18:46:50.787"/>
</kw>
<status status="NOT RUN" starttime="20231208 18:46:50.787" endtime="20231208 18:46:50.787"/>
</branch>
<branch type="ELSE IF" condition="${cnt} &gt; 0 and '${type}' == 'phone'">
<kw name="Random Int" library="FakerLibrary">
<var>${new_text}</var>
<arg>min=2000000000</arg>
<arg>max=9999999999</arg>
<doc>Generate a random integer between two integers ``min`` and ``max`` inclusive
while observing the provided ``step`` value.</doc>
<status status="NOT RUN" starttime="20231208 18:46:50.789" endtime="20231208 18:46:50.789"/>
</kw>
<kw name="Convert To String" library="BuiltIn">
<var>${new_text}</var>
<arg>${new_text}</arg>
<doc>Converts the given item to a Unicode string.</doc>
<status status="NOT RUN" starttime="20231208 18:46:50.790" endtime="20231208 18:46:50.790"/>
</kw>
<kw name="Catenate" library="BuiltIn">
<var>${new_text}</var>
<arg>SEPARATOR=</arg>
<arg>0</arg>
<arg>${new_text}</arg>
<doc>Catenates the given items together and returns the resulted string.</doc>
<status status="NOT RUN" starttime="20231208 18:46:50.790" endtime="20231208 18:46:50.791"/>
</kw>
<status status="NOT RUN" starttime="20231208 18:46:50.789" endtime="20231208 18:46:50.791"/>
</branch>
<branch type="ELSE IF" condition="${cnt} &gt; 0 and '${type}' == 'color'">
<kw name="Safe Hex Color" library="FakerLibrary">
<var>${new_text}</var>
<doc>Generate a web-safe color formatted as a hex triplet.</doc>
<status status="NOT RUN" starttime="20231208 18:46:50.791" endtime="20231208 18:46:50.793"/>
</kw>
<status status="NOT RUN" starttime="20231208 18:46:50.791" endtime="20231208 18:46:50.793"/>
</branch>
<branch type="ELSE IF" condition="${cnt} &gt; 0 and &quot;${type}&quot; == 'password'">
<kw name="Password" library="FakerLibrary">
<var>${new_text}</var>
<arg>10</arg>
<arg>True</arg>
<arg>True</arg>
<arg>True</arg>
<arg>True</arg>
<doc>Generate a random password of the specified ``length``.</doc>
<status status="NOT RUN" starttime="20231208 18:46:50.795" endtime="20231208 18:46:50.796"/>
</kw>
<status status="NOT RUN" starttime="20231208 18:46:50.793" endtime="20231208 18:46:50.797"/>
</branch>
<branch type="ELSE IF" condition="${cnt} &gt; 0 and '${type}' == 'date'">
<kw name="Date" library="FakerLibrary">
<var>${new_text}</var>
<arg>pattern=%d-%m-%Y</arg>
<doc>Get a date string between January 1, 1970 and now.</doc>
<status status="NOT RUN" starttime="20231208 18:46:50.798" endtime="20231208 18:46:50.798"/>
</kw>
<status status="NOT RUN" starttime="20231208 18:46:50.797" endtime="20231208 18:46:50.798"/>
</branch>
<branch type="ELSE IF" condition="${cnt} &gt; 0 and '${type}' == 'word'">
<kw name="Sentence" library="FakerLibrary">
<var>${new_text}</var>
<arg>nb_words=2</arg>
<doc>Generate a sentence.</doc>
<status status="NOT RUN" starttime="20231208 18:46:50.799" endtime="20231208 18:46:50.801"/>
</kw>
<status status="NOT RUN" starttime="20231208 18:46:50.798" endtime="20231208 18:46:50.801"/>
</branch>
<branch type="ELSE IF" condition="${cnt} &gt; 0">
<kw name="Sentence" library="FakerLibrary">
<var>${new_text}</var>
<doc>Generate a sentence.</doc>
<status status="NOT RUN" starttime="20231208 18:46:50.802" endtime="20231208 18:46:50.802"/>
</kw>
<status status="NOT RUN" starttime="20231208 18:46:50.801" endtime="20231208 18:46:50.802"/>
</branch>
<status status="PASS" starttime="20231208 18:46:50.771" endtime="20231208 18:46:50.803"/>
</if>
<kw name="Get Length" library="BuiltIn">
<var>${cnt}</var>
<arg>${text}</arg>
<doc>Returns and logs the length of the given item as an integer.</doc>
<msg timestamp="20231208 18:46:50.805" level="INFO">Length is 15</msg>
<msg timestamp="20231208 18:46:50.805" level="INFO">${cnt} = 15</msg>
<status status="PASS" starttime="20231208 18:46:50.803" endtime="20231208 18:46:50.805"/>
</kw>
<if>
<branch type="IF" condition="${cnt} &gt; 0">
<kw name="Replace String" library="String">
<var>${text}</var>
<arg>${text}</arg>
<arg>${symbol}</arg>
<arg>${new_text}</arg>
<doc>Replaces ``search_for`` in the given ``string`` with ``replace_with``.</doc>
<msg timestamp="20231208 18:46:50.807" level="INFO">${text} = admin@gmail.com</msg>
<status status="PASS" starttime="20231208 18:46:50.806" endtime="20231208 18:46:50.807"/>
</kw>
<status status="PASS" starttime="20231208 18:46:50.806" endtime="20231208 18:46:50.807"/>
</branch>
<status status="PASS" starttime="20231208 18:46:50.806" endtime="20231208 18:46:50.810"/>
</if>
<msg timestamp="20231208 18:46:50.811" level="INFO">${text} = admin@gmail.com</msg>
<status status="PASS" starttime="20231208 18:46:50.764" endtime="20231208 18:46:50.811"/>
</kw>
<kw name="Get Element Form Item By Name" library="common">
<var>${element}</var>
<arg>${name}</arg>
<arg>//input[contains(@class, "ant-input")]</arg>
<msg timestamp="20231208 18:46:50.854" level="INFO">${element} = xpath=//*[contains(@class, "ant-form-item-label")]/label[text()="Email"]/../../*[contains(@class, "ant-form-item")]//input[contains(@class, "ant-input")]</msg>
<status status="PASS" starttime="20231208 18:46:50.815" endtime="20231208 18:46:50.855"/>
</kw>
<kw name="Clear Text" library="Browser">
<arg>${element}</arg>
<tag>PageContent</tag>
<tag>Setter</tag>
<doc>Clears the text field found by ``selector``.</doc>
<status status="PASS" starttime="20231208 18:46:50.855" endtime="20231208 18:46:51.124"/>
</kw>
<kw name="Fill Text" library="Browser">
<arg>${element}</arg>
<arg>${text}</arg>
<arg>True</arg>
<tag>PageContent</tag>
<tag>Setter</tag>
<doc>Clears and fills the given ``txt`` into the text field found by ``selector``.</doc>
<msg timestamp="20231208 18:46:51.126" level="INFO">Fills the text 'admin@gmail.com' in the given field.</msg>
<status status="PASS" starttime="20231208 18:46:51.124" endtime="20231208 18:46:51.254"/>
</kw>
<kw name="Get Length" library="BuiltIn">
<var>${cnt}</var>
<arg>${text}</arg>
<doc>Returns and logs the length of the given item as an integer.</doc>
<msg timestamp="20231208 18:46:51.255" level="INFO">Length is 15</msg>
<msg timestamp="20231208 18:46:51.256" level="INFO">${cnt} = 15</msg>
<status status="PASS" starttime="20231208 18:46:51.255" endtime="20231208 18:46:51.256"/>
</kw>
<if>
<branch type="IF" condition="${cnt} &gt; 0">
<kw name="Set Global Variable" library="BuiltIn">
<arg>${STATE["${name}"]}</arg>
<arg>${text}</arg>
<doc>Makes a variable available globally in all tests and suites.</doc>
<msg timestamp="20231208 18:46:51.257" level="INFO">${STATE["Email"]} = admin@gmail.com</msg>
<status status="PASS" starttime="20231208 18:46:51.256" endtime="20231208 18:46:51.258"/>
</kw>
<status status="PASS" starttime="20231208 18:46:51.256" endtime="20231208 18:46:51.258"/>
</branch>
<status status="PASS" starttime="20231208 18:46:51.256" endtime="20231208 18:46:51.258"/>
</if>
<status status="PASS" starttime="20231208 18:46:50.763" endtime="20231208 18:46:51.258"/>
</kw>
<kw name="Enter &quot;text&quot; in &quot;Mật khẩu&quot; with &quot;123123&quot;" library="common" sourcename="Enter &quot;${type}&quot; in &quot;${name}&quot; with &quot;${text}&quot;">
<kw name="Get Random Text" library="common">
<var>${text}</var>
<arg>${type}</arg>
<arg>${text}</arg>
<kw name="Set Variable" library="BuiltIn">
<var>${symbol}</var>
<arg>_RANDOM_</arg>
<doc>Returns the given values which can then be assigned to a variables.</doc>
<msg timestamp="20231208 18:46:51.261" level="INFO">${symbol} = _RANDOM_</msg>
<status status="PASS" starttime="20231208 18:46:51.260" endtime="20231208 18:46:51.261"/>
</kw>
<kw name="Set Variable" library="BuiltIn">
<var>${new_text}</var>
<doc>Returns the given values which can then be assigned to a variables.</doc>
<msg timestamp="20231208 18:46:51.267" level="INFO">${new_text} = </msg>
<status status="PASS" starttime="20231208 18:46:51.264" endtime="20231208 18:46:51.267"/>
</kw>
<kw name="Get Regexp Matches" library="String">
<var>${containsS}</var>
<arg>${text}</arg>
<arg>_@(.+)@_</arg>
<arg>1</arg>
<doc>Returns a list of all non-overlapping matches in the given string.</doc>
<msg timestamp="20231208 18:46:51.268" level="INFO">${containsS} = []</msg>
<status status="PASS" starttime="20231208 18:46:51.268" endtime="20231208 18:46:51.269"/>
</kw>
<kw name="Get Length" library="BuiltIn">
<var>${cntS}</var>
<arg>${containsS}</arg>
<doc>Returns and logs the length of the given item as an integer.</doc>
<msg timestamp="20231208 18:46:51.270" level="INFO">Length is 0</msg>
<msg timestamp="20231208 18:46:51.270" level="INFO">${cntS} = 0</msg>
<status status="PASS" starttime="20231208 18:46:51.269" endtime="20231208 18:46:51.270"/>
</kw>
<kw name="Get Regexp Matches" library="String">
<var>${contains}</var>
<arg>${text}</arg>
<arg>${symbol}</arg>
<doc>Returns a list of all non-overlapping matches in the given string.</doc>
<msg timestamp="20231208 18:46:51.271" level="INFO">${contains} = []</msg>
<status status="PASS" starttime="20231208 18:46:51.270" endtime="20231208 18:46:51.271"/>
</kw>
<kw name="Get Length" library="BuiltIn">
<var>${cnt}</var>
<arg>${contains}</arg>
<doc>Returns and logs the length of the given item as an integer.</doc>
<msg timestamp="20231208 18:46:51.271" level="INFO">Length is 0</msg>
<msg timestamp="20231208 18:46:51.271" level="INFO">${cnt} = 0</msg>
<status status="PASS" starttime="20231208 18:46:51.271" endtime="20231208 18:46:51.272"/>
</kw>
<if>
<branch type="IF" condition="${cntS} &gt; 0">
<kw name="Set Variable" library="BuiltIn">
<var>${new_text}</var>
<arg>${STATE["${containsS[0]}"]}</arg>
<doc>Returns the given values which can then be assigned to a variables.</doc>
<status status="NOT RUN" starttime="20231208 18:46:51.272" endtime="20231208 18:46:51.272"/>
</kw>
<kw name="Set Variable" library="BuiltIn">
<var>${symbol}</var>
<arg>_@${containsS[0]}@_</arg>
<doc>Returns the given values which can then be assigned to a variables.</doc>
<status status="NOT RUN" starttime="20231208 18:46:51.273" endtime="20231208 18:46:51.273"/>
</kw>
<status status="NOT RUN" starttime="20231208 18:46:51.272" endtime="20231208 18:46:51.273"/>
</branch>
<branch type="ELSE IF" condition="${cnt} &gt; 0 and '${type}' == 'test name'">
<kw name="Sentence" library="FakerLibrary">
<var>${random}</var>
<arg>nb_words=3</arg>
<doc>Generate a sentence.</doc>
<status status="NOT RUN" starttime="20231208 18:46:51.274" endtime="20231208 18:46:51.274"/>
</kw>
<kw name="Split String" library="String">
<var>${words}</var>
<arg>${TEST NAME}</arg>
<arg>${SPACE}</arg>
<doc>Splits the ``string`` using ``separator`` as a delimiter string.</doc>
<status status="NOT RUN" starttime="20231208 18:46:51.274" endtime="20231208 18:46:51.274"/>
</kw>
<kw name="Set Variable" library="BuiltIn">
<var>${new_text}</var>
<arg>${words[0]} ${random}</arg>
<doc>Returns the given values which can then be assigned to a variables.</doc>
<status status="NOT RUN" starttime="20231208 18:46:51.275" endtime="20231208 18:46:51.275"/>
</kw>
<status status="NOT RUN" starttime="20231208 18:46:51.273" endtime="20231208 18:46:51.276"/>
</branch>
<branch type="ELSE IF" condition="${cnt} &gt; 0 and '${type}' == 'number'">
<kw name="Random Int" library="FakerLibrary">
<var>${new_text}</var>
<doc>Generate a random integer between two integers ``min`` and ``max`` inclusive
while observing the provided ``step`` value.</doc>
<status status="NOT RUN" starttime="20231208 18:46:51.276" endtime="20231208 18:46:51.276"/>
</kw>
<kw name="Convert To String" library="BuiltIn">
<var>${new_text}</var>
<arg>${new_text}</arg>
<doc>Converts the given item to a Unicode string.</doc>
<status status="NOT RUN" starttime="20231208 18:46:51.277" endtime="20231208 18:46:51.277"/>
</kw>
<status status="NOT RUN" starttime="20231208 18:46:51.276" endtime="20231208 18:46:51.279"/>
</branch>
<branch type="ELSE IF" condition="${cnt} &gt; 0 and '${type}' == 'percentage'">
<kw name="Random Int" library="FakerLibrary">
<var>${new_text}</var>
<arg>max=100</arg>
<doc>Generate a random integer between two integers ``min`` and ``max`` inclusive
while observing the provided ``step`` value.</doc>
<status status="NOT RUN" starttime="20231208 18:46:51.282" endtime="20231208 18:46:51.283"/>
</kw>
<kw name="Convert To String" library="BuiltIn">
<var>${new_text}</var>
<arg>${new_text}</arg>
<doc>Converts the given item to a Unicode string.</doc>
<status status="NOT RUN" starttime="20231208 18:46:51.284" endtime="20231208 18:46:51.285"/>
</kw>
<status status="NOT RUN" starttime="20231208 18:46:51.279" endtime="20231208 18:46:51.285"/>
</branch>
<branch type="ELSE IF" condition="${cnt} &gt; 0 and '${type}' == 'paragraph'">
<kw name="Paragraph" library="FakerLibrary">
<var>${new_text}</var>
<doc>Generate a paragraph.</doc>
<status status="NOT RUN" starttime="20231208 18:46:51.286" endtime="20231208 18:46:51.286"/>
</kw>
<status status="NOT RUN" starttime="20231208 18:46:51.285" endtime="20231208 18:46:51.287"/>
</branch>
<branch type="ELSE IF" condition="${cnt} &gt; 0 and '${type}' == 'email'">
<kw name="Email" library="FakerLibrary">
<var>${new_text}</var>
<status status="NOT RUN" starttime="20231208 18:46:51.287" endtime="20231208 18:46:51.287"/>
</kw>
<status status="NOT RUN" starttime="20231208 18:46:51.287" endtime="20231208 18:46:51.288"/>
</branch>
<branch type="ELSE IF" condition="${cnt} &gt; 0 and '${type}' == 'phone'">
<kw name="Random Int" library="FakerLibrary">
<var>${new_text}</var>
<arg>min=2000000000</arg>
<arg>max=9999999999</arg>
<doc>Generate a random integer between two integers ``min`` and ``max`` inclusive
while observing the provided ``step`` value.</doc>
<status status="NOT RUN" starttime="20231208 18:46:51.289" endtime="20231208 18:46:51.289"/>
</kw>
<kw name="Convert To String" library="BuiltIn">
<var>${new_text}</var>
<arg>${new_text}</arg>
<doc>Converts the given item to a Unicode string.</doc>
<status status="NOT RUN" starttime="20231208 18:46:51.290" endtime="20231208 18:46:51.290"/>
</kw>
<kw name="Catenate" library="BuiltIn">
<var>${new_text}</var>
<arg>SEPARATOR=</arg>
<arg>0</arg>
<arg>${new_text}</arg>
<doc>Catenates the given items together and returns the resulted string.</doc>
<status status="NOT RUN" starttime="20231208 18:46:51.290" endtime="20231208 18:46:51.291"/>
</kw>
<status status="NOT RUN" starttime="20231208 18:46:51.288" endtime="20231208 18:46:51.291"/>
</branch>
<branch type="ELSE IF" condition="${cnt} &gt; 0 and '${type}' == 'color'">
<kw name="Safe Hex Color" library="FakerLibrary">
<var>${new_text}</var>
<doc>Generate a web-safe color formatted as a hex triplet.</doc>
<status status="NOT RUN" starttime="20231208 18:46:51.291" endtime="20231208 18:46:51.291"/>
</kw>
<status status="NOT RUN" starttime="20231208 18:46:51.291" endtime="20231208 18:46:51.291"/>
</branch>
<branch type="ELSE IF" condition="${cnt} &gt; 0 and &quot;${type}&quot; == 'password'">
<kw name="Password" library="FakerLibrary">
<var>${new_text}</var>
<arg>10</arg>
<arg>True</arg>
<arg>True</arg>
<arg>True</arg>
<arg>True</arg>
<doc>Generate a random password of the specified ``length``.</doc>
<status status="NOT RUN" starttime="20231208 18:46:51.292" endtime="20231208 18:46:51.292"/>
</kw>
<status status="NOT RUN" starttime="20231208 18:46:51.291" endtime="20231208 18:46:51.292"/>
</branch>
<branch type="ELSE IF" condition="${cnt} &gt; 0 and '${type}' == 'date'">
<kw name="Date" library="FakerLibrary">
<var>${new_text}</var>
<arg>pattern=%d-%m-%Y</arg>
<doc>Get a date string between January 1, 1970 and now.</doc>
<status status="NOT RUN" starttime="20231208 18:46:51.293" endtime="20231208 18:46:51.304"/>
</kw>
<status status="NOT RUN" starttime="20231208 18:46:51.292" endtime="20231208 18:46:51.304"/>
</branch>
<branch type="ELSE IF" condition="${cnt} &gt; 0 and '${type}' == 'word'">
<kw name="Sentence" library="FakerLibrary">
<var>${new_text}</var>
<arg>nb_words=2</arg>
<doc>Generate a sentence.</doc>
<status status="NOT RUN" starttime="20231208 18:46:51.305" endtime="20231208 18:46:51.305"/>
</kw>
<status status="NOT RUN" starttime="20231208 18:46:51.304" endtime="20231208 18:46:51.305"/>
</branch>
<branch type="ELSE IF" condition="${cnt} &gt; 0">
<kw name="Sentence" library="FakerLibrary">
<var>${new_text}</var>
<doc>Generate a sentence.</doc>
<status status="NOT RUN" starttime="20231208 18:46:51.306" endtime="20231208 18:46:51.307"/>
</kw>
<status status="NOT RUN" starttime="20231208 18:46:51.306" endtime="20231208 18:46:51.307"/>
</branch>
<status status="PASS" starttime="20231208 18:46:51.272" endtime="20231208 18:46:51.308"/>
</if>
<kw name="Get Length" library="BuiltIn">
<var>${cnt}</var>
<arg>${text}</arg>
<doc>Returns and logs the length of the given item as an integer.</doc>
<msg timestamp="20231208 18:46:51.309" level="INFO">Length is 6</msg>
<msg timestamp="20231208 18:46:51.309" level="INFO">${cnt} = 6</msg>
<status status="PASS" starttime="20231208 18:46:51.308" endtime="20231208 18:46:51.310"/>
</kw>
<if>
<branch type="IF" condition="${cnt} &gt; 0">
<kw name="Replace String" library="String">
<var>${text}</var>
<arg>${text}</arg>
<arg>${symbol}</arg>
<arg>${new_text}</arg>
<doc>Replaces ``search_for`` in the given ``string`` with ``replace_with``.</doc>
<msg timestamp="20231208 18:46:51.321" level="INFO">${text} = 123123</msg>
<status status="PASS" starttime="20231208 18:46:51.320" endtime="20231208 18:46:51.321"/>
</kw>
<status status="PASS" starttime="20231208 18:46:51.310" endtime="20231208 18:46:51.321"/>
</branch>
<status status="PASS" starttime="20231208 18:46:51.310" endtime="20231208 18:46:51.322"/>
</if>
<msg timestamp="20231208 18:46:51.322" level="INFO">${text} = 123123</msg>
<status status="PASS" starttime="20231208 18:46:51.260" endtime="20231208 18:46:51.322"/>
</kw>
<kw name="Get Element Form Item By Name" library="common">
<var>${element}</var>
<arg>${name}</arg>
<arg>//input[contains(@class, "ant-input")]</arg>
<msg timestamp="20231208 18:46:51.323" level="INFO">${element} = xpath=//*[contains(@class, "ant-form-item-label")]/label[text()="Mật khẩu"]/../../*[contains(@class, "ant-form-item")]//input[contains(@class, "ant-input")]</msg>
<status status="PASS" starttime="20231208 18:46:51.322" endtime="20231208 18:46:51.323"/>
</kw>
<kw name="Clear Text" library="Browser">
<arg>${element}</arg>
<tag>PageContent</tag>
<tag>Setter</tag>
<doc>Clears the text field found by ``selector``.</doc>
<status status="PASS" starttime="20231208 18:46:51.323" endtime="20231208 18:46:51.419"/>
</kw>
<kw name="Fill Text" library="Browser">
<arg>${element}</arg>
<arg>${text}</arg>
<arg>True</arg>
<tag>PageContent</tag>
<tag>Setter</tag>
<doc>Clears and fills the given ``txt`` into the text field found by ``selector``.</doc>
<msg timestamp="20231208 18:46:51.421" level="INFO">Fills the text '123123' in the given field.</msg>
<status status="PASS" starttime="20231208 18:46:51.420" endtime="20231208 18:46:51.492"/>
</kw>
<kw name="Get Length" library="BuiltIn">
<var>${cnt}</var>
<arg>${text}</arg>
<doc>Returns and logs the length of the given item as an integer.</doc>
<msg timestamp="20231208 18:46:51.494" level="INFO">Length is 6</msg>
<msg timestamp="20231208 18:46:51.502" level="INFO">${cnt} = 6</msg>
<status status="PASS" starttime="20231208 18:46:51.493" endtime="20231208 18:46:51.502"/>
</kw>
<if>
<branch type="IF" condition="${cnt} &gt; 0">
<kw name="Set Global Variable" library="BuiltIn">
<arg>${STATE["${name}"]}</arg>
<arg>${text}</arg>
<doc>Makes a variable available globally in all tests and suites.</doc>
<msg timestamp="20231208 18:46:51.505" level="INFO">${STATE["Mật khẩu"]} = 123123</msg>
<status status="PASS" starttime="20231208 18:46:51.503" endtime="20231208 18:46:51.506"/>
</kw>
<status status="PASS" starttime="20231208 18:46:51.503" endtime="20231208 18:46:51.506"/>
</branch>
<status status="PASS" starttime="20231208 18:46:51.502" endtime="20231208 18:46:51.507"/>
</if>
<status status="PASS" starttime="20231208 18:46:51.259" endtime="20231208 18:46:51.507"/>
</kw>
<kw name="Click &quot;Đăng nhập&quot; button" library="common" sourcename="Click &quot;${text}&quot; button">
<kw name="Click" library="Browser">
<arg>xpath=//button[@title="${text}"]</arg>
<tag>PageContent</tag>
<tag>Setter</tag>
<doc>Simulates mouse click on the element found by ``selector``.</doc>
<status status="PASS" starttime="20231208 18:46:51.508" endtime="20231208 18:46:51.688"/>
</kw>
<kw name="Click Confirm To Action" library="common">
<kw name="Set Variable" library="BuiltIn">
<var>${element}</var>
<arg>xpath=//*[contains(@class, "ant-popover")]//*[contains(@class, "ant-btn-primary")]</arg>
<doc>Returns the given values which can then be assigned to a variables.</doc>
<msg timestamp="20231208 18:46:51.689" level="INFO">${element} = xpath=//*[contains(@class, "ant-popover")]//*[contains(@class, "ant-btn-primary")]</msg>
<status status="PASS" starttime="20231208 18:46:51.689" endtime="20231208 18:46:51.689"/>
</kw>
<kw name="Get Element Count" library="Browser">
<var>${count}</var>
<arg>${element}</arg>
<tag>Assertion</tag>
<tag>Getter</tag>
<tag>PageContent</tag>
<doc>Returns the count of elements found with ``selector``.</doc>
<msg timestamp="20231208 18:46:51.710" level="INFO">${count} = 0</msg>
<status status="PASS" starttime="20231208 18:46:51.690" endtime="20231208 18:46:51.712"/>
</kw>
<if>
<branch type="IF" condition="${count} &gt; 0">
<kw name="Click" library="Browser">
<arg>${element}</arg>
<tag>PageContent</tag>
<tag>Setter</tag>
<doc>Simulates mouse click on the element found by ``selector``.</doc>
<status status="NOT RUN" starttime="20231208 18:46:51.719" endtime="20231208 18:46:51.720"/>
</kw>
<kw name="Sleep" library="BuiltIn">
<arg>${SHOULD_TIMEOUT}</arg>
<doc>Pauses the test executed for the given time.</doc>
<status status="NOT RUN" starttime="20231208 18:46:51.722" endtime="20231208 18:46:51.723"/>
</kw>
<status status="NOT RUN" starttime="20231208 18:46:51.714" endtime="20231208 18:46:51.723"/>
</branch>
<status status="PASS" starttime="20231208 18:46:51.714" endtime="20231208 18:46:51.724"/>
</if>
<status status="PASS" starttime="20231208 18:46:51.688" endtime="20231208 18:46:51.724"/>
</kw>
<kw name="Scroll By" library="Browser">
<arg>${None}</arg>
<tag>PageContent</tag>
<tag>Setter</tag>
<doc>Scrolls an element or the page relative from current position by the given values.</doc>
<msg timestamp="20231208 18:46:51.759" level="INFO">JavaScript executed successfully.</msg>
<msg timestamp="20231208 18:46:51.760" level="INFO">JavaScript executed successfully.</msg>
<msg timestamp="20231208 18:46:51.787" level="INFO">JavaScript executed successfully.</msg>
<msg timestamp="20231208 18:46:51.787" level="INFO">JavaScript executed successfully.</msg>
<msg timestamp="20231208 18:46:51.794" level="INFO">JavaScript executed successfully.</msg>
<status status="PASS" starttime="20231208 18:46:51.724" endtime="20231208 18:46:51.796"/>
</kw>
<status status="PASS" starttime="20231208 18:46:51.507" endtime="20231208 18:46:51.798"/>
</kw>
<kw name="User look message &quot;Success&quot; popup" library="common" sourcename="User look message &quot;${message}&quot; popup">
<kw name="Get Regexp Matches" library="String">
<var>${contains}</var>
<arg>${message}</arg>
<arg>_@(.+)@_</arg>
<arg>1</arg>
<doc>Returns a list of all non-overlapping matches in the given string.</doc>
<msg timestamp="20231208 18:46:51.802" level="INFO">${contains} = []</msg>
<status status="PASS" starttime="20231208 18:46:51.801" endtime="20231208 18:46:51.803"/>
</kw>
<kw name="Get Length" library="BuiltIn">
<var>${cnt}</var>
<arg>${contains}</arg>
<doc>Returns and logs the length of the given item as an integer.</doc>
<msg timestamp="20231208 18:46:51.804" level="INFO">Length is 0</msg>
<msg timestamp="20231208 18:46:51.804" level="INFO">${cnt} = 0</msg>
<status status="PASS" starttime="20231208 18:46:51.803" endtime="20231208 18:46:51.805"/>
</kw>
<if>
<branch type="IF" condition="${cnt} &gt; 0">
<kw name="Replace String" library="String">
<var>${message}</var>
<arg>${message}</arg>
<arg>_@${contains[0]}@_</arg>
<arg>${STATE["${contains[0]}"]}</arg>
<doc>Replaces ``search_for`` in the given ``string`` with ``replace_with``.</doc>
<status status="NOT RUN" starttime="20231208 18:46:51.805" endtime="20231208 18:46:51.807"/>
</kw>
<status status="NOT RUN" starttime="20231208 18:46:51.805" endtime="20231208 18:46:51.807"/>
</branch>
<status status="PASS" starttime="20231208 18:46:51.805" endtime="20231208 18:46:51.807"/>
</if>
<kw name="Element Text Should Be" library="common">
<arg>id=swal2-html-container</arg>
<arg>${message}</arg>
<kw name="Get Text" library="Browser">
<arg>${locator}</arg>
<arg>equal</arg>
<arg>${expected}</arg>
<arg>${message}</arg>
<tag>Assertion</tag>
<tag>Getter</tag>
<tag>PageContent</tag>
<doc>Returns text attribute of the element found by ``selector``.</doc>
<msg timestamp="20231208 18:46:52.204" level="INFO">Text: 'Success'</msg>
<status status="PASS" starttime="20231208 18:46:51.809" endtime="20231208 18:46:52.204"/>
</kw>
<status status="PASS" starttime="20231208 18:46:51.807" endtime="20231208 18:46:52.204"/>
</kw>
<kw name="Set Variable" library="BuiltIn">
<var>${element}</var>
<arg>xpath=//*[contains(@class, "swal2-confirm")]</arg>
<doc>Returns the given values which can then be assigned to a variables.</doc>
<msg timestamp="20231208 18:46:52.206" level="INFO">${element} = xpath=//*[contains(@class, "swal2-confirm")]</msg>
<status status="PASS" starttime="20231208 18:46:52.206" endtime="20231208 18:46:52.207"/>
</kw>
<kw name="Run Keyword And Return Status" library="BuiltIn">
<var>${passed}</var>
<arg>Element Should Be Visible</arg>
<arg>${element}</arg>
<doc>Runs the given keyword with given arguments and returns the status as a Boolean value.</doc>
<kw name="Element Should Be Visible" library="common">
<arg>${element}</arg>
<kw name="Wait For Elements State" library="Browser">
<arg>${locator}</arg>
<arg>visible</arg>
<arg>${timeout}</arg>
<arg>${message}</arg>
<tag>PageContent</tag>
<tag>Wait</tag>
<doc>Waits for the element found by ``selector`` to satisfy state option.</doc>
<msg timestamp="20231208 18:46:52.546" level="INFO" html="true">&lt;/td&gt;&lt;/tr&gt;&lt;tr&gt;&lt;td colspan="3"&gt;&lt;a href="browser/screenshot/fail-screenshot-1.png" target="_blank"&gt;&lt;img src="browser/screenshot/fail-screenshot-1.png" width="800px"/&gt;&lt;/a&gt;</msg>
<msg timestamp="20231208 18:46:52.548" level="INFO">See also file:///D:/AutomationTest/test/test/playwright-log.txt for additional details.</msg>
<msg timestamp="20231208 18:46:52.548" level="FAIL">TimeoutError: locator.waitFor: Timeout 100ms exceeded.
=========================== logs ===========================
waiting for locator('xpath=//*[contains(@class, "swal2-confirm")]') to be visible
  locator resolved to hidden &lt;button type="button" aria-label="" class="swal2-confirm…&gt;OK&lt;/button&gt;
  locator resolved to hidden &lt;button type="button" aria-label="" class="swal2-confirm…&gt;OK&lt;/button&gt;
  locator resolved to hidden &lt;button type="button" aria-label="" class="swal2-confirm…&gt;OK&lt;/button&gt;
============================================================
Tip: Use "Set Browser Timeout" for increasing the timeout or double check your locator as the targeted element(s) couldn't be found.</msg>
<status status="FAIL" starttime="20231208 18:46:52.209" endtime="20231208 18:46:52.554"/>
</kw>
<status status="FAIL" starttime="20231208 18:46:52.208" endtime="20231208 18:46:52.554"/>
</kw>
<msg timestamp="20231208 18:46:52.555" level="INFO">${passed} = False</msg>
<status status="PASS" starttime="20231208 18:46:52.207" endtime="20231208 18:46:52.555"/>
</kw>
<if>
<branch type="IF" condition="'${passed}' == 'True'">
<kw name="Click" library="Browser">
<arg>${element}</arg>
<tag>PageContent</tag>
<tag>Setter</tag>
<doc>Simulates mouse click on the element found by ``selector``.</doc>
<status status="NOT RUN" starttime="20231208 18:46:52.557" endtime="20231208 18:46:52.557"/>
</kw>
<status status="NOT RUN" starttime="20231208 18:46:52.555" endtime="20231208 18:46:52.557"/>
</branch>
<status status="PASS" starttime="20231208 18:46:52.555" endtime="20231208 18:46:52.557"/>
</if>
<status status="PASS" starttime="20231208 18:46:51.800" endtime="20231208 18:46:52.557"/>
</kw>
<status status="PASS" starttime="20231208 18:46:50.763" endtime="20231208 18:46:52.557"/>
</kw>
<kw name="Click &quot;QUẢN LÝ DANH MỤC&quot; menu" library="common" sourcename="Click &quot;${text}&quot; menu">
<kw name="Click" library="Browser">
<arg>xpath=//li[contains(@class, "menu") and descendant::span[contains(text(), "${text}")]]</arg>
<tag>PageContent</tag>
<tag>Setter</tag>
<doc>Simulates mouse click on the element found by ``selector``.</doc>
<status status="PASS" starttime="20231208 18:46:52.558" endtime="20231208 18:46:53.704"/>
</kw>
<status status="PASS" starttime="20231208 18:46:52.557" endtime="20231208 18:46:53.705"/>
</kw>
<kw name="Click &quot;${name}&quot; sub menu to &quot;${url}&quot;" library="common" sourcename="Click &quot;${text}&quot; sub menu to &quot;${url}&quot;">
<kw name="Wait Until Element Spin" library="common">
<kw name="Sleep" library="BuiltIn">
<arg>${SHOULD_TIMEOUT}</arg>
<doc>Pauses the test executed for the given time.</doc>
<msg timestamp="20231208 18:46:53.808" level="INFO">Slept 100 milliseconds</msg>
<status status="PASS" starttime="20231208 18:46:53.707" endtime="20231208 18:46:53.808"/>
</kw>
<kw name="Set Variable" library="BuiltIn">
<var>${element}</var>
<arg>xpath=//*[contains(@class, "ant-spin-spinning")]</arg>
<doc>Returns the given values which can then be assigned to a variables.</doc>
<msg timestamp="20231208 18:46:53.808" level="INFO">${element} = xpath=//*[contains(@class, "ant-spin-spinning")]</msg>
<status status="PASS" starttime="20231208 18:46:53.808" endtime="20231208 18:46:53.808"/>
</kw>
<kw name="Get Element Count" library="Browser">
<var>${count}</var>
<arg>${element}</arg>
<tag>Assertion</tag>
<tag>Getter</tag>
<tag>PageContent</tag>
<doc>Returns the count of elements found with ``selector``.</doc>
<msg timestamp="20231208 18:46:53.822" level="INFO">${count} = 0</msg>
<status status="PASS" starttime="20231208 18:46:53.809" endtime="20231208 18:46:53.822"/>
</kw>
<if>
<branch type="IF" condition="${count} &gt; 0">
<kw name="Wait Until Page Does Not Contain Element" library="common">
<arg>${element}</arg>
<status status="NOT RUN" starttime="20231208 18:46:53.824" endtime="20231208 18:46:53.824"/>
</kw>
<status status="NOT RUN" starttime="20231208 18:46:53.824" endtime="20231208 18:46:53.824"/>
</branch>
<status status="PASS" starttime="20231208 18:46:53.823" endtime="20231208 18:46:53.824"/>
</if>
<status status="PASS" starttime="20231208 18:46:53.707" endtime="20231208 18:46:53.824"/>
</kw>
<kw name="Click" library="Browser">
<arg>xpath=//a[contains(@class, "sub-menu") and descendant::span[contains(text(), "${text}")]]</arg>
<tag>PageContent</tag>
<tag>Setter</tag>
<doc>Simulates mouse click on the element found by ``selector``.</doc>
<status status="PASS" starttime="20231208 18:46:53.824" endtime="20231208 18:46:54.000"/>
</kw>
<kw name="Get Url" library="Browser">
<var>${curent_url}</var>
<tag>Assertion</tag>
<tag>Getter</tag>
<tag>PageContent</tag>
<doc>Returns the current URL.</doc>
<msg timestamp="20231208 18:46:54.003" level="INFO">${curent_url} = http://dev1.geneat.vn:7802/#/vn/data?filter=%7B%22type%22:%2201%22%7D</msg>
<status status="PASS" starttime="20231208 18:46:54.001" endtime="20231208 18:46:54.005"/>
</kw>
<kw name="Should Contain" library="BuiltIn">
<arg>${curent_url}</arg>
<arg>${URL_DEFAULT}${url}</arg>
<doc>Fails if ``container`` does not contain ``item`` one or more times.</doc>
<status status="PASS" starttime="20231208 18:46:54.005" endtime="20231208 18:46:54.006"/>
</kw>
<status status="PASS" starttime="20231208 18:46:53.707" endtime="20231208 18:46:54.006"/>
</kw>
<kw name="Click &quot;Tạo mới&quot; button" library="common" sourcename="Click &quot;${text}&quot; button">
<kw name="Click" library="Browser">
<arg>xpath=//button[@title="${text}"]</arg>
<tag>PageContent</tag>
<tag>Setter</tag>
<doc>Simulates mouse click on the element found by ``selector``.</doc>
<status status="PASS" starttime="20231208 18:46:54.007" endtime="20231208 18:46:54.457"/>
</kw>
<kw name="Click Confirm To Action" library="common">
<kw name="Set Variable" library="BuiltIn">
<var>${element}</var>
<arg>xpath=//*[contains(@class, "ant-popover")]//*[contains(@class, "ant-btn-primary")]</arg>
<doc>Returns the given values which can then be assigned to a variables.</doc>
<msg timestamp="20231208 18:46:54.458" level="INFO">${element} = xpath=//*[contains(@class, "ant-popover")]//*[contains(@class, "ant-btn-primary")]</msg>
<status status="PASS" starttime="20231208 18:46:54.458" endtime="20231208 18:46:54.458"/>
</kw>
<kw name="Get Element Count" library="Browser">
<var>${count}</var>
<arg>${element}</arg>
<tag>Assertion</tag>
<tag>Getter</tag>
<tag>PageContent</tag>
<doc>Returns the count of elements found with ``selector``.</doc>
<msg timestamp="20231208 18:46:54.472" level="INFO">${count} = 0</msg>
<status status="PASS" starttime="20231208 18:46:54.458" endtime="20231208 18:46:54.472"/>
</kw>
<if>
<branch type="IF" condition="${count} &gt; 0">
<kw name="Click" library="Browser">
<arg>${element}</arg>
<tag>PageContent</tag>
<tag>Setter</tag>
<doc>Simulates mouse click on the element found by ``selector``.</doc>
<status status="NOT RUN" starttime="20231208 18:46:54.472" endtime="20231208 18:46:54.472"/>
</kw>
<kw name="Sleep" library="BuiltIn">
<arg>${SHOULD_TIMEOUT}</arg>
<doc>Pauses the test executed for the given time.</doc>
<status status="NOT RUN" starttime="20231208 18:46:54.473" endtime="20231208 18:46:54.473"/>
</kw>
<status status="NOT RUN" starttime="20231208 18:46:54.472" endtime="20231208 18:46:54.473"/>
</branch>
<status status="PASS" starttime="20231208 18:46:54.472" endtime="20231208 18:46:54.473"/>
</if>
<status status="PASS" starttime="20231208 18:46:54.458" endtime="20231208 18:46:54.473"/>
</kw>
<kw name="Scroll By" library="Browser">
<arg>${None}</arg>
<tag>PageContent</tag>
<tag>Setter</tag>
<doc>Scrolls an element or the page relative from current position by the given values.</doc>
<msg timestamp="20231208 18:46:54.488" level="INFO">JavaScript executed successfully.</msg>
<msg timestamp="20231208 18:46:54.488" level="INFO">JavaScript executed successfully.</msg>
<msg timestamp="20231208 18:46:54.500" level="INFO">JavaScript executed successfully.</msg>
<msg timestamp="20231208 18:46:54.500" level="INFO">JavaScript executed successfully.</msg>
<msg timestamp="20231208 18:46:54.504" level="INFO">JavaScript executed successfully.</msg>
<status status="PASS" starttime="20231208 18:46:54.473" endtime="20231208 18:46:54.504"/>
</kw>
<status status="PASS" starttime="20231208 18:46:54.006" endtime="20231208 18:46:54.504"/>
</kw>
<status status="PASS" starttime="20231208 18:46:50.762" endtime="20231208 18:46:54.505"/>
</kw>
<status status="PASS" starttime="20231208 18:46:50.761" endtime="20231208 18:46:54.505"/>
</branch>
<status status="PASS" starttime="20231208 18:46:50.756" endtime="20231208 18:46:54.505"/>
</if>
<kw name="Enter &quot;test name&quot; in &quot;Tên loại&quot; with &quot;_RANDOM_&quot;" library="common" sourcename="Enter &quot;${type}&quot; in &quot;${name}&quot; with &quot;${text}&quot;">
<kw name="Get Random Text" library="common">
<var>${text}</var>
<arg>${type}</arg>
<arg>${text}</arg>
<kw name="Set Variable" library="BuiltIn">
<var>${symbol}</var>
<arg>_RANDOM_</arg>
<doc>Returns the given values which can then be assigned to a variables.</doc>
<msg timestamp="20231208 18:46:54.506" level="INFO">${symbol} = _RANDOM_</msg>
<status status="PASS" starttime="20231208 18:46:54.506" endtime="20231208 18:46:54.506"/>
</kw>
<kw name="Set Variable" library="BuiltIn">
<var>${new_text}</var>
<doc>Returns the given values which can then be assigned to a variables.</doc>
<msg timestamp="20231208 18:46:54.506" level="INFO">${new_text} = </msg>
<status status="PASS" starttime="20231208 18:46:54.506" endtime="20231208 18:46:54.506"/>
</kw>
<kw name="Get Regexp Matches" library="String">
<var>${containsS}</var>
<arg>${text}</arg>
<arg>_@(.+)@_</arg>
<arg>1</arg>
<doc>Returns a list of all non-overlapping matches in the given string.</doc>
<msg timestamp="20231208 18:46:54.507" level="INFO">${containsS} = []</msg>
<status status="PASS" starttime="20231208 18:46:54.506" endtime="20231208 18:46:54.507"/>
</kw>
<kw name="Get Length" library="BuiltIn">
<var>${cntS}</var>
<arg>${containsS}</arg>
<doc>Returns and logs the length of the given item as an integer.</doc>
<msg timestamp="20231208 18:46:54.507" level="INFO">Length is 0</msg>
<msg timestamp="20231208 18:46:54.507" level="INFO">${cntS} = 0</msg>
<status status="PASS" starttime="20231208 18:46:54.507" endtime="20231208 18:46:54.507"/>
</kw>
<kw name="Get Regexp Matches" library="String">
<var>${contains}</var>
<arg>${text}</arg>
<arg>${symbol}</arg>
<doc>Returns a list of all non-overlapping matches in the given string.</doc>
<msg timestamp="20231208 18:46:54.508" level="INFO">${contains} = ['_RANDOM_']</msg>
<status status="PASS" starttime="20231208 18:46:54.507" endtime="20231208 18:46:54.508"/>
</kw>
<kw name="Get Length" library="BuiltIn">
<var>${cnt}</var>
<arg>${contains}</arg>
<doc>Returns and logs the length of the given item as an integer.</doc>
<msg timestamp="20231208 18:46:54.508" level="INFO">Length is 1</msg>
<msg timestamp="20231208 18:46:54.508" level="INFO">${cnt} = 1</msg>
<status status="PASS" starttime="20231208 18:46:54.508" endtime="20231208 18:46:54.508"/>
</kw>
<if>
<branch type="IF" condition="${cntS} &gt; 0">
<kw name="Set Variable" library="BuiltIn">
<var>${new_text}</var>
<arg>${STATE["${containsS[0]}"]}</arg>
<doc>Returns the given values which can then be assigned to a variables.</doc>
<status status="NOT RUN" starttime="20231208 18:46:54.509" endtime="20231208 18:46:54.509"/>
</kw>
<kw name="Set Variable" library="BuiltIn">
<var>${symbol}</var>
<arg>_@${containsS[0]}@_</arg>
<doc>Returns the given values which can then be assigned to a variables.</doc>
<status status="NOT RUN" starttime="20231208 18:46:54.509" endtime="20231208 18:46:54.509"/>
</kw>
<status status="NOT RUN" starttime="20231208 18:46:54.509" endtime="20231208 18:46:54.509"/>
</branch>
<branch type="ELSE IF" condition="${cnt} &gt; 0 and '${type}' == 'test name'">
<kw name="Sentence" library="FakerLibrary">
<var>${random}</var>
<arg>nb_words=3</arg>
<doc>Generate a sentence.</doc>
<msg timestamp="20231208 18:46:54.510" level="INFO">${random} = Voluptates.</msg>
<status status="PASS" starttime="20231208 18:46:54.510" endtime="20231208 18:46:54.510"/>
</kw>
<kw name="Split String" library="String">
<var>${words}</var>
<arg>${TEST NAME}</arg>
<arg>${SPACE}</arg>
<doc>Splits the ``string`` using ``separator`` as a delimiter string.</doc>
<msg timestamp="20231208 18:46:54.511" level="INFO">${words} = ['CA_17', 'Verify', 'the', 'changing', 'with', 'the', 'existed', '"Mã"']</msg>
<status status="PASS" starttime="20231208 18:46:54.510" endtime="20231208 18:46:54.512"/>
</kw>
<kw name="Set Variable" library="BuiltIn">
<var>${new_text}</var>
<arg>${words[0]} ${random}</arg>
<doc>Returns the given values which can then be assigned to a variables.</doc>
<msg timestamp="20231208 18:46:54.516" level="INFO">${new_text} = CA_17 Voluptates.</msg>
<status status="PASS" starttime="20231208 18:46:54.512" endtime="20231208 18:46:54.516"/>
</kw>
<status status="PASS" starttime="20231208 18:46:54.509" endtime="20231208 18:46:54.516"/>
</branch>
<branch type="ELSE IF" condition="${cnt} &gt; 0 and '${type}' == 'number'">
<kw name="Random Int" library="FakerLibrary">
<var>${new_text}</var>
<doc>Generate a random integer between two integers ``min`` and ``max`` inclusive
while observing the provided ``step`` value.</doc>
<status status="NOT RUN" starttime="20231208 18:46:54.516" endtime="20231208 18:46:54.518"/>
</kw>
<kw name="Convert To String" library="BuiltIn">
<var>${new_text}</var>
<arg>${new_text}</arg>
<doc>Converts the given item to a Unicode string.</doc>
<status status="NOT RUN" starttime="20231208 18:46:54.518" endtime="20231208 18:46:54.518"/>
</kw>
<status status="NOT RUN" starttime="20231208 18:46:54.516" endtime="20231208 18:46:54.518"/>
</branch>
<branch type="ELSE IF" condition="${cnt} &gt; 0 and '${type}' == 'percentage'">
<kw name="Random Int" library="FakerLibrary">
<var>${new_text}</var>
<arg>max=100</arg>
<doc>Generate a random integer between two integers ``min`` and ``max`` inclusive
while observing the provided ``step`` value.</doc>
<status status="NOT RUN" starttime="20231208 18:46:54.518" endtime="20231208 18:46:54.518"/>
</kw>
<kw name="Convert To String" library="BuiltIn">
<var>${new_text}</var>
<arg>${new_text}</arg>
<doc>Converts the given item to a Unicode string.</doc>
<status status="NOT RUN" starttime="20231208 18:46:54.519" endtime="20231208 18:46:54.519"/>
</kw>
<status status="NOT RUN" starttime="20231208 18:46:54.518" endtime="20231208 18:46:54.519"/>
</branch>
<branch type="ELSE IF" condition="${cnt} &gt; 0 and '${type}' == 'paragraph'">
<kw name="Paragraph" library="FakerLibrary">
<var>${new_text}</var>
<doc>Generate a paragraph.</doc>
<status status="NOT RUN" starttime="20231208 18:46:54.519" endtime="20231208 18:46:54.519"/>
</kw>
<status status="NOT RUN" starttime="20231208 18:46:54.519" endtime="20231208 18:46:54.519"/>
</branch>
<branch type="ELSE IF" condition="${cnt} &gt; 0 and '${type}' == 'email'">
<kw name="Email" library="FakerLibrary">
<var>${new_text}</var>
<status status="NOT RUN" starttime="20231208 18:46:54.520" endtime="20231208 18:46:54.520"/>
</kw>
<status status="NOT RUN" starttime="20231208 18:46:54.519" endtime="20231208 18:46:54.520"/>
</branch>
<branch type="ELSE IF" condition="${cnt} &gt; 0 and '${type}' == 'phone'">
<kw name="Random Int" library="FakerLibrary">
<var>${new_text}</var>
<arg>min=2000000000</arg>
<arg>max=9999999999</arg>
<doc>Generate a random integer between two integers ``min`` and ``max`` inclusive
while observing the provided ``step`` value.</doc>
<status status="NOT RUN" starttime="20231208 18:46:54.520" endtime="20231208 18:46:54.520"/>
</kw>
<kw name="Convert To String" library="BuiltIn">
<var>${new_text}</var>
<arg>${new_text}</arg>
<doc>Converts the given item to a Unicode string.</doc>
<status status="NOT RUN" starttime="20231208 18:46:54.520" endtime="20231208 18:46:54.520"/>
</kw>
<kw name="Catenate" library="BuiltIn">
<var>${new_text}</var>
<arg>SEPARATOR=</arg>
<arg>0</arg>
<arg>${new_text}</arg>
<doc>Catenates the given items together and returns the resulted string.</doc>
<status status="NOT RUN" starttime="20231208 18:46:54.520" endtime="20231208 18:46:54.521"/>
</kw>
<status status="NOT RUN" starttime="20231208 18:46:54.520" endtime="20231208 18:46:54.521"/>
</branch>
<branch type="ELSE IF" condition="${cnt} &gt; 0 and '${type}' == 'color'">
<kw name="Safe Hex Color" library="FakerLibrary">
<var>${new_text}</var>
<doc>Generate a web-safe color formatted as a hex triplet.</doc>
<status status="NOT RUN" starttime="20231208 18:46:54.521" endtime="20231208 18:46:54.521"/>
</kw>
<status status="NOT RUN" starttime="20231208 18:46:54.521" endtime="20231208 18:46:54.521"/>
</branch>
<branch type="ELSE IF" condition="${cnt} &gt; 0 and &quot;${type}&quot; == 'password'">
<kw name="Password" library="FakerLibrary">
<var>${new_text}</var>
<arg>10</arg>
<arg>True</arg>
<arg>True</arg>
<arg>True</arg>
<arg>True</arg>
<doc>Generate a random password of the specified ``length``.</doc>
<status status="NOT RUN" starttime="20231208 18:46:54.522" endtime="20231208 18:46:54.522"/>
</kw>
<status status="NOT RUN" starttime="20231208 18:46:54.521" endtime="20231208 18:46:54.522"/>
</branch>
<branch type="ELSE IF" condition="${cnt} &gt; 0 and '${type}' == 'date'">
<kw name="Date" library="FakerLibrary">
<var>${new_text}</var>
<arg>pattern=%d-%m-%Y</arg>
<doc>Get a date string between January 1, 1970 and now.</doc>
<status status="NOT RUN" starttime="20231208 18:46:54.522" endtime="20231208 18:46:54.522"/>
</kw>
<status status="NOT RUN" starttime="20231208 18:46:54.522" endtime="20231208 18:46:54.522"/>
</branch>
<branch type="ELSE IF" condition="${cnt} &gt; 0 and '${type}' == 'word'">
<kw name="Sentence" library="FakerLibrary">
<var>${new_text}</var>
<arg>nb_words=2</arg>
<doc>Generate a sentence.</doc>
<status status="NOT RUN" starttime="20231208 18:46:54.522" endtime="20231208 18:46:54.523"/>
</kw>
<status status="NOT RUN" starttime="20231208 18:46:54.522" endtime="20231208 18:46:54.523"/>
</branch>
<branch type="ELSE IF" condition="${cnt} &gt; 0">
<kw name="Sentence" library="FakerLibrary">
<var>${new_text}</var>
<doc>Generate a sentence.</doc>
<status status="NOT RUN" starttime="20231208 18:46:54.524" endtime="20231208 18:46:54.524"/>
</kw>
<status status="NOT RUN" starttime="20231208 18:46:54.524" endtime="20231208 18:46:54.524"/>
</branch>
<status status="PASS" starttime="20231208 18:46:54.509" endtime="20231208 18:46:54.524"/>
</if>
<kw name="Get Length" library="BuiltIn">
<var>${cnt}</var>
<arg>${text}</arg>
<doc>Returns and logs the length of the given item as an integer.</doc>
<msg timestamp="20231208 18:46:54.524" level="INFO">Length is 8</msg>
<msg timestamp="20231208 18:46:54.525" level="INFO">${cnt} = 8</msg>
<status status="PASS" starttime="20231208 18:46:54.524" endtime="20231208 18:46:54.525"/>
</kw>
<if>
<branch type="IF" condition="${cnt} &gt; 0">
<kw name="Replace String" library="String">
<var>${text}</var>
<arg>${text}</arg>
<arg>${symbol}</arg>
<arg>${new_text}</arg>
<doc>Replaces ``search_for`` in the given ``string`` with ``replace_with``.</doc>
<msg timestamp="20231208 18:46:54.525" level="INFO">${text} = CA_17 Voluptates.</msg>
<status status="PASS" starttime="20231208 18:46:54.525" endtime="20231208 18:46:54.525"/>
</kw>
<status status="PASS" starttime="20231208 18:46:54.525" endtime="20231208 18:46:54.525"/>
</branch>
<status status="PASS" starttime="20231208 18:46:54.525" endtime="20231208 18:46:54.525"/>
</if>
<msg timestamp="20231208 18:46:54.526" level="INFO">${text} = CA_17 Voluptates.</msg>
<status status="PASS" starttime="20231208 18:46:54.505" endtime="20231208 18:46:54.526"/>
</kw>
<kw name="Get Element Form Item By Name" library="common">
<var>${element}</var>
<arg>${name}</arg>
<arg>//input[contains(@class, "ant-input")]</arg>
<msg timestamp="20231208 18:46:54.526" level="INFO">${element} = xpath=//*[contains(@class, "ant-form-item-label")]/label[text()="Tên loại"]/../../*[contains(@class, "ant-form-item")]//input[contains(@class, "ant-input")]</msg>
<status status="PASS" starttime="20231208 18:46:54.526" endtime="20231208 18:46:54.526"/>
</kw>
<kw name="Clear Text" library="Browser">
<arg>${element}</arg>
<tag>PageContent</tag>
<tag>Setter</tag>
<doc>Clears the text field found by ``selector``.</doc>
<status status="PASS" starttime="20231208 18:46:54.528" endtime="20231208 18:46:54.555"/>
</kw>
<kw name="Fill Text" library="Browser">
<arg>${element}</arg>
<arg>${text}</arg>
<arg>True</arg>
<tag>PageContent</tag>
<tag>Setter</tag>
<doc>Clears and fills the given ``txt`` into the text field found by ``selector``.</doc>
<msg timestamp="20231208 18:46:54.557" level="INFO">Fills the text 'CA_17 Voluptates.' in the given field.</msg>
<status status="PASS" starttime="20231208 18:46:54.556" endtime="20231208 18:46:54.584"/>
</kw>
<kw name="Get Length" library="BuiltIn">
<var>${cnt}</var>
<arg>${text}</arg>
<doc>Returns and logs the length of the given item as an integer.</doc>
<msg timestamp="20231208 18:46:54.586" level="INFO">Length is 17</msg>
<msg timestamp="20231208 18:46:54.586" level="INFO">${cnt} = 17</msg>
<status status="PASS" starttime="20231208 18:46:54.585" endtime="20231208 18:46:54.587"/>
</kw>
<if>
<branch type="IF" condition="${cnt} &gt; 0">
<kw name="Set Global Variable" library="BuiltIn">
<arg>${STATE["${name}"]}</arg>
<arg>${text}</arg>
<doc>Makes a variable available globally in all tests and suites.</doc>
<msg timestamp="20231208 18:46:54.589" level="INFO">${STATE["Tên loại"]} = CA_17 Voluptates.</msg>
<status status="PASS" starttime="20231208 18:46:54.587" endtime="20231208 18:46:54.589"/>
</kw>
<status status="PASS" starttime="20231208 18:46:54.587" endtime="20231208 18:46:54.589"/>
</branch>
<status status="PASS" starttime="20231208 18:46:54.587" endtime="20231208 18:46:54.589"/>
</if>
<status status="PASS" starttime="20231208 18:46:54.505" endtime="20231208 18:46:54.589"/>
</kw>
<kw name="Check Text" library="common">
<var>${text}</var>
<arg>_@Tên loại@_</arg>
<kw name="Get Regexp Matches" library="String">
<var>${containsS}</var>
<arg>${text}</arg>
<arg>_@(.+)@_</arg>
<arg>1</arg>
<doc>Returns a list of all non-overlapping matches in the given string.</doc>
<msg timestamp="20231208 18:46:54.590" level="INFO">${containsS} = ['Tên loại']</msg>
<status status="PASS" starttime="20231208 18:46:54.590" endtime="20231208 18:46:54.590"/>
</kw>
<kw name="Get Length" library="BuiltIn">
<var>${cntS}</var>
<arg>${containsS}</arg>
<doc>Returns and logs the length of the given item as an integer.</doc>
<msg timestamp="20231208 18:46:54.591" level="INFO">Length is 1</msg>
<msg timestamp="20231208 18:46:54.591" level="INFO">${cntS} = 1</msg>
<status status="PASS" starttime="20231208 18:46:54.591" endtime="20231208 18:46:54.591"/>
</kw>
<if>
<branch type="IF" condition="${cntS} &gt; 0">
<kw name="Set Variable" library="BuiltIn">
<var>${text}</var>
<arg>${STATE["${containsS[0]}"]}</arg>
<doc>Returns the given values which can then be assigned to a variables.</doc>
<msg timestamp="20231208 18:46:54.592" level="INFO">${text} = CA_17 Voluptates.</msg>
<status status="PASS" starttime="20231208 18:46:54.591" endtime="20231208 18:46:54.592"/>
</kw>
<status status="PASS" starttime="20231208 18:46:54.591" endtime="20231208 18:46:54.592"/>
</branch>
<status status="PASS" starttime="20231208 18:46:54.591" endtime="20231208 18:46:54.592"/>
</if>
<msg timestamp="20231208 18:46:54.592" level="INFO">${text} = CA_17 Voluptates.</msg>
<status status="PASS" starttime="20231208 18:46:54.590" endtime="20231208 18:46:54.593"/>
</kw>
<kw name="Set Variable" library="BuiltIn">
<var>${name}</var>
<arg>${text}</arg>
<doc>Returns the given values which can then be assigned to a variables.</doc>
<msg timestamp="20231208 18:46:54.599" level="INFO">${name} = CA_17 Voluptates.</msg>
<status status="PASS" starttime="20231208 18:46:54.593" endtime="20231208 18:46:54.600"/>
</kw>
<kw name="Enter &quot;number&quot; in &quot;Mã&quot; with &quot;_RANDOM_&quot;" library="common" sourcename="Enter &quot;${type}&quot; in &quot;${name}&quot; with &quot;${text}&quot;">
<kw name="Get Random Text" library="common">
<var>${text}</var>
<arg>${type}</arg>
<arg>${text}</arg>
<kw name="Set Variable" library="BuiltIn">
<var>${symbol}</var>
<arg>_RANDOM_</arg>
<doc>Returns the given values which can then be assigned to a variables.</doc>
<msg timestamp="20231208 18:46:54.604" level="INFO">${symbol} = _RANDOM_</msg>
<status status="PASS" starttime="20231208 18:46:54.603" endtime="20231208 18:46:54.604"/>
</kw>
<kw name="Set Variable" library="BuiltIn">
<var>${new_text}</var>
<doc>Returns the given values which can then be assigned to a variables.</doc>
<msg timestamp="20231208 18:46:54.604" level="INFO">${new_text} = </msg>
<status status="PASS" starttime="20231208 18:46:54.604" endtime="20231208 18:46:54.605"/>
</kw>
<kw name="Get Regexp Matches" library="String">
<var>${containsS}</var>
<arg>${text}</arg>
<arg>_@(.+)@_</arg>
<arg>1</arg>
<doc>Returns a list of all non-overlapping matches in the given string.</doc>
<msg timestamp="20231208 18:46:54.605" level="INFO">${containsS} = []</msg>
<status status="PASS" starttime="20231208 18:46:54.605" endtime="20231208 18:46:54.605"/>
</kw>
<kw name="Get Length" library="BuiltIn">
<var>${cntS}</var>
<arg>${containsS}</arg>
<doc>Returns and logs the length of the given item as an integer.</doc>
<msg timestamp="20231208 18:46:54.606" level="INFO">Length is 0</msg>
<msg timestamp="20231208 18:46:54.606" level="INFO">${cntS} = 0</msg>
<status status="PASS" starttime="20231208 18:46:54.606" endtime="20231208 18:46:54.606"/>
</kw>
<kw name="Get Regexp Matches" library="String">
<var>${contains}</var>
<arg>${text}</arg>
<arg>${symbol}</arg>
<doc>Returns a list of all non-overlapping matches in the given string.</doc>
<msg timestamp="20231208 18:46:54.607" level="INFO">${contains} = ['_RANDOM_']</msg>
<status status="PASS" starttime="20231208 18:46:54.607" endtime="20231208 18:46:54.607"/>
</kw>
<kw name="Get Length" library="BuiltIn">
<var>${cnt}</var>
<arg>${contains}</arg>
<doc>Returns and logs the length of the given item as an integer.</doc>
<msg timestamp="20231208 18:46:54.608" level="INFO">Length is 1</msg>
<msg timestamp="20231208 18:46:54.608" level="INFO">${cnt} = 1</msg>
<status status="PASS" starttime="20231208 18:46:54.608" endtime="20231208 18:46:54.608"/>
</kw>
<if>
<branch type="IF" condition="${cntS} &gt; 0">
<kw name="Set Variable" library="BuiltIn">
<var>${new_text}</var>
<arg>${STATE["${containsS[0]}"]}</arg>
<doc>Returns the given values which can then be assigned to a variables.</doc>
<status status="NOT RUN" starttime="20231208 18:46:54.609" endtime="20231208 18:46:54.610"/>
</kw>
<kw name="Set Variable" library="BuiltIn">
<var>${symbol}</var>
<arg>_@${containsS[0]}@_</arg>
<doc>Returns the given values which can then be assigned to a variables.</doc>
<status status="NOT RUN" starttime="20231208 18:46:54.610" endtime="20231208 18:46:54.610"/>
</kw>
<status status="NOT RUN" starttime="20231208 18:46:54.608" endtime="20231208 18:46:54.610"/>
</branch>
<branch type="ELSE IF" condition="${cnt} &gt; 0 and '${type}' == 'test name'">
<kw name="Sentence" library="FakerLibrary">
<var>${random}</var>
<arg>nb_words=3</arg>
<doc>Generate a sentence.</doc>
<status status="NOT RUN" starttime="20231208 18:46:54.611" endtime="20231208 18:46:54.611"/>
</kw>
<kw name="Split String" library="String">
<var>${words}</var>
<arg>${TEST NAME}</arg>
<arg>${SPACE}</arg>
<doc>Splits the ``string`` using ``separator`` as a delimiter string.</doc>
<status status="NOT RUN" starttime="20231208 18:46:54.617" endtime="20231208 18:46:54.618"/>
</kw>
<kw name="Set Variable" library="BuiltIn">
<var>${new_text}</var>
<arg>${words[0]} ${random}</arg>
<doc>Returns the given values which can then be assigned to a variables.</doc>
<status status="NOT RUN" starttime="20231208 18:46:54.619" endtime="20231208 18:46:54.619"/>
</kw>
<status status="NOT RUN" starttime="20231208 18:46:54.610" endtime="20231208 18:46:54.620"/>
</branch>
<branch type="ELSE IF" condition="${cnt} &gt; 0 and '${type}' == 'number'">
<kw name="Random Int" library="FakerLibrary">
<var>${new_text}</var>
<doc>Generate a random integer between two integers ``min`` and ``max`` inclusive
while observing the provided ``step`` value.</doc>
<msg timestamp="20231208 18:46:54.621" level="INFO">${new_text} = 6277</msg>
<status status="PASS" starttime="20231208 18:46:54.621" endtime="20231208 18:46:54.621"/>
</kw>
<kw name="Convert To String" library="BuiltIn">
<var>${new_text}</var>
<arg>${new_text}</arg>
<doc>Converts the given item to a Unicode string.</doc>
<msg timestamp="20231208 18:46:54.622" level="INFO">${new_text} = 6277</msg>
<status status="PASS" starttime="20231208 18:46:54.622" endtime="20231208 18:46:54.623"/>
</kw>
<status status="PASS" starttime="20231208 18:46:54.620" endtime="20231208 18:46:54.623"/>
</branch>
<branch type="ELSE IF" condition="${cnt} &gt; 0 and '${type}' == 'percentage'">
<kw name="Random Int" library="FakerLibrary">
<var>${new_text}</var>
<arg>max=100</arg>
<doc>Generate a random integer between two integers ``min`` and ``max`` inclusive
while observing the provided ``step`` value.</doc>
<status status="NOT RUN" starttime="20231208 18:46:54.623" endtime="20231208 18:46:54.624"/>
</kw>
<kw name="Convert To String" library="BuiltIn">
<var>${new_text}</var>
<arg>${new_text}</arg>
<doc>Converts the given item to a Unicode string.</doc>
<status status="NOT RUN" starttime="20231208 18:46:54.624" endtime="20231208 18:46:54.624"/>
</kw>
<status status="NOT RUN" starttime="20231208 18:46:54.623" endtime="20231208 18:46:54.624"/>
</branch>
<branch type="ELSE IF" condition="${cnt} &gt; 0 and '${type}' == 'paragraph'">
<kw name="Paragraph" library="FakerLibrary">
<var>${new_text}</var>
<doc>Generate a paragraph.</doc>
<status status="NOT RUN" starttime="20231208 18:46:54.625" endtime="20231208 18:46:54.625"/>
</kw>
<status status="NOT RUN" starttime="20231208 18:46:54.625" endtime="20231208 18:46:54.625"/>
</branch>
<branch type="ELSE IF" condition="${cnt} &gt; 0 and '${type}' == 'email'">
<kw name="Email" library="FakerLibrary">
<var>${new_text}</var>
<status status="NOT RUN" starttime="20231208 18:46:54.626" endtime="20231208 18:46:54.626"/>
</kw>
<status status="NOT RUN" starttime="20231208 18:46:54.625" endtime="20231208 18:46:54.626"/>
</branch>
<branch type="ELSE IF" condition="${cnt} &gt; 0 and '${type}' == 'phone'">
<kw name="Random Int" library="FakerLibrary">
<var>${new_text}</var>
<arg>min=2000000000</arg>
<arg>max=9999999999</arg>
<doc>Generate a random integer between two integers ``min`` and ``max`` inclusive
while observing the provided ``step`` value.</doc>
<status status="NOT RUN" starttime="20231208 18:46:54.626" endtime="20231208 18:46:54.627"/>
</kw>
<kw name="Convert To String" library="BuiltIn">
<var>${new_text}</var>
<arg>${new_text}</arg>
<doc>Converts the given item to a Unicode string.</doc>
<status status="NOT RUN" starttime="20231208 18:46:54.627" endtime="20231208 18:46:54.655"/>
</kw>
<kw name="Catenate" library="BuiltIn">
<var>${new_text}</var>
<arg>SEPARATOR=</arg>
<arg>0</arg>
<arg>${new_text}</arg>
<doc>Catenates the given items together and returns the resulted string.</doc>
<status status="NOT RUN" starttime="20231208 18:46:54.655" endtime="20231208 18:46:54.656"/>
</kw>
<status status="NOT RUN" starttime="20231208 18:46:54.626" endtime="20231208 18:46:54.656"/>
</branch>
<branch type="ELSE IF" condition="${cnt} &gt; 0 and '${type}' == 'color'">
<kw name="Safe Hex Color" library="FakerLibrary">
<var>${new_text}</var>
<doc>Generate a web-safe color formatted as a hex triplet.</doc>
<status status="NOT RUN" starttime="20231208 18:46:54.657" endtime="20231208 18:46:54.657"/>
</kw>
<status status="NOT RUN" starttime="20231208 18:46:54.656" endtime="20231208 18:46:54.657"/>
</branch>
<branch type="ELSE IF" condition="${cnt} &gt; 0 and &quot;${type}&quot; == 'password'">
<kw name="Password" library="FakerLibrary">
<var>${new_text}</var>
<arg>10</arg>
<arg>True</arg>
<arg>True</arg>
<arg>True</arg>
<arg>True</arg>
<doc>Generate a random password of the specified ``length``.</doc>
<status status="NOT RUN" starttime="20231208 18:46:54.657" endtime="20231208 18:46:54.658"/>
</kw>
<status status="NOT RUN" starttime="20231208 18:46:54.657" endtime="20231208 18:46:54.658"/>
</branch>
<branch type="ELSE IF" condition="${cnt} &gt; 0 and '${type}' == 'date'">
<kw name="Date" library="FakerLibrary">
<var>${new_text}</var>
<arg>pattern=%d-%m-%Y</arg>
<doc>Get a date string between January 1, 1970 and now.</doc>
<status status="NOT RUN" starttime="20231208 18:46:54.658" endtime="20231208 18:46:54.658"/>
</kw>
<status status="NOT RUN" starttime="20231208 18:46:54.658" endtime="20231208 18:46:54.658"/>
</branch>
<branch type="ELSE IF" condition="${cnt} &gt; 0 and '${type}' == 'word'">
<kw name="Sentence" library="FakerLibrary">
<var>${new_text}</var>
<arg>nb_words=2</arg>
<doc>Generate a sentence.</doc>
<status status="NOT RUN" starttime="20231208 18:46:54.658" endtime="20231208 18:46:54.658"/>
</kw>
<status status="NOT RUN" starttime="20231208 18:46:54.658" endtime="20231208 18:46:54.659"/>
</branch>
<branch type="ELSE IF" condition="${cnt} &gt; 0">
<kw name="Sentence" library="FakerLibrary">
<var>${new_text}</var>
<doc>Generate a sentence.</doc>
<status status="NOT RUN" starttime="20231208 18:46:54.659" endtime="20231208 18:46:54.659"/>
</kw>
<status status="NOT RUN" starttime="20231208 18:46:54.659" endtime="20231208 18:46:54.659"/>
</branch>
<status status="PASS" starttime="20231208 18:46:54.608" endtime="20231208 18:46:54.659"/>
</if>
<kw name="Get Length" library="BuiltIn">
<var>${cnt}</var>
<arg>${text}</arg>
<doc>Returns and logs the length of the given item as an integer.</doc>
<msg timestamp="20231208 18:46:54.660" level="INFO">Length is 8</msg>
<msg timestamp="20231208 18:46:54.660" level="INFO">${cnt} = 8</msg>
<status status="PASS" starttime="20231208 18:46:54.660" endtime="20231208 18:46:54.660"/>
</kw>
<if>
<branch type="IF" condition="${cnt} &gt; 0">
<kw name="Replace String" library="String">
<var>${text}</var>
<arg>${text}</arg>
<arg>${symbol}</arg>
<arg>${new_text}</arg>
<doc>Replaces ``search_for`` in the given ``string`` with ``replace_with``.</doc>
<msg timestamp="20231208 18:46:54.673" level="INFO">${text} = 6277</msg>
<status status="PASS" starttime="20231208 18:46:54.672" endtime="20231208 18:46:54.673"/>
</kw>
<status status="PASS" starttime="20231208 18:46:54.672" endtime="20231208 18:46:54.674"/>
</branch>
<status status="PASS" starttime="20231208 18:46:54.672" endtime="20231208 18:46:54.674"/>
</if>
<msg timestamp="20231208 18:46:54.674" level="INFO">${text} = 6277</msg>
<status status="PASS" starttime="20231208 18:46:54.602" endtime="20231208 18:46:54.674"/>
</kw>
<kw name="Get Element Form Item By Name" library="common">
<var>${element}</var>
<arg>${name}</arg>
<arg>//input[contains(@class, "ant-input")]</arg>
<msg timestamp="20231208 18:46:54.675" level="INFO">${element} = xpath=//*[contains(@class, "ant-form-item-label")]/label[text()="Mã"]/../../*[contains(@class, "ant-form-item")]//input[contains(@class, "ant-input")]</msg>
<status status="PASS" starttime="20231208 18:46:54.675" endtime="20231208 18:46:54.675"/>
</kw>
<kw name="Clear Text" library="Browser">
<arg>${element}</arg>
<tag>PageContent</tag>
<tag>Setter</tag>
<doc>Clears the text field found by ``selector``.</doc>
<status status="PASS" starttime="20231208 18:46:54.676" endtime="20231208 18:46:54.743"/>
</kw>
<kw name="Fill Text" library="Browser">
<arg>${element}</arg>
<arg>${text}</arg>
<arg>True</arg>
<tag>PageContent</tag>
<tag>Setter</tag>
<doc>Clears and fills the given ``txt`` into the text field found by ``selector``.</doc>
<msg timestamp="20231208 18:46:54.752" level="INFO">Fills the text '6277' in the given field.</msg>
<status status="PASS" starttime="20231208 18:46:54.751" endtime="20231208 18:46:54.808"/>
</kw>
<kw name="Get Length" library="BuiltIn">
<var>${cnt}</var>
<arg>${text}</arg>
<doc>Returns and logs the length of the given item as an integer.</doc>
<msg timestamp="20231208 18:46:54.810" level="INFO">Length is 4</msg>
<msg timestamp="20231208 18:46:54.811" level="INFO">${cnt} = 4</msg>
<status status="PASS" starttime="20231208 18:46:54.809" endtime="20231208 18:46:54.812"/>
</kw>
<if>
<branch type="IF" condition="${cnt} &gt; 0">
<kw name="Set Global Variable" library="BuiltIn">
<arg>${STATE["${name}"]}</arg>
<arg>${text}</arg>
<doc>Makes a variable available globally in all tests and suites.</doc>
<msg timestamp="20231208 18:46:54.820" level="INFO">${STATE["Mã"]} = 6277</msg>
<status status="PASS" starttime="20231208 18:46:54.818" endtime="20231208 18:46:54.821"/>
</kw>
<status status="PASS" starttime="20231208 18:46:54.816" endtime="20231208 18:46:54.821"/>
</branch>
<status status="PASS" starttime="20231208 18:46:54.813" endtime="20231208 18:46:54.821"/>
</if>
<status status="PASS" starttime="20231208 18:46:54.602" endtime="20231208 18:46:54.821"/>
</kw>
<kw name="Click &quot;Lưu lại&quot; button" library="common" sourcename="Click &quot;${text}&quot; button">
<kw name="Click" library="Browser">
<arg>xpath=//button[@title="${text}"]</arg>
<tag>PageContent</tag>
<tag>Setter</tag>
<doc>Simulates mouse click on the element found by ``selector``.</doc>
<status status="PASS" starttime="20231208 18:46:54.822" endtime="20231208 18:46:54.991"/>
</kw>
<kw name="Click Confirm To Action" library="common">
<kw name="Set Variable" library="BuiltIn">
<var>${element}</var>
<arg>xpath=//*[contains(@class, "ant-popover")]//*[contains(@class, "ant-btn-primary")]</arg>
<doc>Returns the given values which can then be assigned to a variables.</doc>
<msg timestamp="20231208 18:46:54.993" level="INFO">${element} = xpath=//*[contains(@class, "ant-popover")]//*[contains(@class, "ant-btn-primary")]</msg>
<status status="PASS" starttime="20231208 18:46:54.992" endtime="20231208 18:46:54.993"/>
</kw>
<kw name="Get Element Count" library="Browser">
<var>${count}</var>
<arg>${element}</arg>
<tag>Assertion</tag>
<tag>Getter</tag>
<tag>PageContent</tag>
<doc>Returns the count of elements found with ``selector``.</doc>
<msg timestamp="20231208 18:46:55.004" level="INFO">${count} = 0</msg>
<status status="PASS" starttime="20231208 18:46:54.993" endtime="20231208 18:46:55.004"/>
</kw>
<if>
<branch type="IF" condition="${count} &gt; 0">
<kw name="Click" library="Browser">
<arg>${element}</arg>
<tag>PageContent</tag>
<tag>Setter</tag>
<doc>Simulates mouse click on the element found by ``selector``.</doc>
<status status="NOT RUN" starttime="20231208 18:46:55.004" endtime="20231208 18:46:55.005"/>
</kw>
<kw name="Sleep" library="BuiltIn">
<arg>${SHOULD_TIMEOUT}</arg>
<doc>Pauses the test executed for the given time.</doc>
<status status="NOT RUN" starttime="20231208 18:46:55.005" endtime="20231208 18:46:55.005"/>
</kw>
<status status="NOT RUN" starttime="20231208 18:46:55.004" endtime="20231208 18:46:55.005"/>
</branch>
<status status="PASS" starttime="20231208 18:46:55.004" endtime="20231208 18:46:55.005"/>
</if>
<status status="PASS" starttime="20231208 18:46:54.992" endtime="20231208 18:46:55.005"/>
</kw>
<kw name="Scroll By" library="Browser">
<arg>${None}</arg>
<tag>PageContent</tag>
<tag>Setter</tag>
<doc>Scrolls an element or the page relative from current position by the given values.</doc>
<msg timestamp="20231208 18:46:55.020" level="INFO">JavaScript executed successfully.</msg>
<msg timestamp="20231208 18:46:55.021" level="INFO">JavaScript executed successfully.</msg>
<msg timestamp="20231208 18:46:55.024" level="INFO">JavaScript executed successfully.</msg>
<msg timestamp="20231208 18:46:55.024" level="INFO">JavaScript executed successfully.</msg>
<msg timestamp="20231208 18:46:55.036" level="INFO">JavaScript executed successfully.</msg>
<status status="PASS" starttime="20231208 18:46:55.005" endtime="20231208 18:46:55.036"/>
</kw>
<status status="PASS" starttime="20231208 18:46:54.822" endtime="20231208 18:46:55.036"/>
</kw>
<kw name="User look message &quot;Success&quot; popup" library="common" sourcename="User look message &quot;${message}&quot; popup">
<kw name="Get Regexp Matches" library="String">
<var>${contains}</var>
<arg>${message}</arg>
<arg>_@(.+)@_</arg>
<arg>1</arg>
<doc>Returns a list of all non-overlapping matches in the given string.</doc>
<msg timestamp="20231208 18:46:55.036" level="INFO">${contains} = []</msg>
<status status="PASS" starttime="20231208 18:46:55.036" endtime="20231208 18:46:55.036"/>
</kw>
<kw name="Get Length" library="BuiltIn">
<var>${cnt}</var>
<arg>${contains}</arg>
<doc>Returns and logs the length of the given item as an integer.</doc>
<msg timestamp="20231208 18:46:55.039" level="INFO">Length is 0</msg>
<msg timestamp="20231208 18:46:55.039" level="INFO">${cnt} = 0</msg>
<status status="PASS" starttime="20231208 18:46:55.039" endtime="20231208 18:46:55.039"/>
</kw>
<if>
<branch type="IF" condition="${cnt} &gt; 0">
<kw name="Replace String" library="String">
<var>${message}</var>
<arg>${message}</arg>
<arg>_@${contains[0]}@_</arg>
<arg>${STATE["${contains[0]}"]}</arg>
<doc>Replaces ``search_for`` in the given ``string`` with ``replace_with``.</doc>
<status status="NOT RUN" starttime="20231208 18:46:55.039" endtime="20231208 18:46:55.039"/>
</kw>
<status status="NOT RUN" starttime="20231208 18:46:55.039" endtime="20231208 18:46:55.039"/>
</branch>
<status status="PASS" starttime="20231208 18:46:55.039" endtime="20231208 18:46:55.039"/>
</if>
<kw name="Element Text Should Be" library="common">
<arg>id=swal2-html-container</arg>
<arg>${message}</arg>
<kw name="Get Text" library="Browser">
<arg>${locator}</arg>
<arg>equal</arg>
<arg>${expected}</arg>
<arg>${message}</arg>
<tag>Assertion</tag>
<tag>Getter</tag>
<tag>PageContent</tag>
<doc>Returns text attribute of the element found by ``selector``.</doc>
<msg timestamp="20231208 18:46:55.568" level="INFO">Text: 'Success'</msg>
<status status="PASS" starttime="20231208 18:46:55.039" endtime="20231208 18:46:55.569"/>
</kw>
<status status="PASS" starttime="20231208 18:46:55.039" endtime="20231208 18:46:55.569"/>
</kw>
<kw name="Set Variable" library="BuiltIn">
<var>${element}</var>
<arg>xpath=//*[contains(@class, "swal2-confirm")]</arg>
<doc>Returns the given values which can then be assigned to a variables.</doc>
<msg timestamp="20231208 18:46:55.570" level="INFO">${element} = xpath=//*[contains(@class, "swal2-confirm")]</msg>
[...]
<kw name="Get Length" library="BuiltIn">
<var>${cnt}</var>
<arg>${contains}</arg>
<doc>Returns and logs the length of the given item as an integer.</doc>
<msg timestamp="20231208 18:47:00.343" level="INFO">Length is 0</msg>
<msg timestamp="20231208 18:47:00.343" level="INFO">${cnt} = 0</msg>
<status status="PASS" starttime="20231208 18:47:00.342" endtime="20231208 18:47:00.343"/>
</kw>
<if>
<branch type="IF" condition="${cnt} &gt; 0">
<kw name="Replace String" library="String">
<var>${message}</var>
<arg>${message}</arg>
<arg>_@${contains[0]}@_</arg>
<arg>${STATE["${contains[0]}"]}</arg>
<doc>Replaces ``search_for`` in the given ``string`` with ``replace_with``.</doc>
<status status="NOT RUN" starttime="20231208 18:47:00.343" endtime="20231208 18:47:00.343"/>
</kw>
<status status="NOT RUN" starttime="20231208 18:47:00.343" endtime="20231208 18:47:00.343"/>
</branch>
<status status="PASS" starttime="20231208 18:47:00.343" endtime="20231208 18:47:00.344"/>
</if>
<kw name="Element Text Should Be" library="common">
<arg>id=swal2-html-container</arg>
<arg>${message}</arg>
<kw name="Get Text" library="Browser">
<arg>${locator}</arg>
<arg>equal</arg>
<arg>${expected}</arg>
<arg>${message}</arg>
<tag>Assertion</tag>
<tag>Getter</tag>
<tag>PageContent</tag>
<doc>Returns text attribute of the element found by ``selector``.</doc>
<msg timestamp="20231208 18:47:00.374" level="INFO">Text: 'Code đã tồn tại'</msg>
<status status="PASS" starttime="20231208 18:47:00.346" endtime="20231208 18:47:00.374"/>
</kw>
<status status="PASS" starttime="20231208 18:47:00.344" endtime="20231208 18:47:00.374"/>
</kw>
<kw name="Set Variable" library="BuiltIn">
<var>${element}</var>
<arg>xpath=//*[contains(@class, "swal2-confirm")]</arg>
<doc>Returns the given values which can then be assigned to a variables.</doc>
<msg timestamp="20231208 18:47:00.374" level="INFO">${element} = xpath=//*[contains(@class, "swal2-confirm")]</msg>
<status status="PASS" starttime="20231208 18:47:00.374" endtime="20231208 18:47:00.374"/>
</kw>
<kw name="Run Keyword And Return Status" library="BuiltIn">
<var>${passed}</var>
<arg>Element Should Be Visible</arg>
<arg>${element}</arg>
<doc>Runs the given keyword with given arguments and returns the status as a Boolean value.</doc>
<kw name="Element Should Be Visible" library="common">
<arg>${element}</arg>
<kw name="Wait For Elements State" library="Browser">
<arg>${locator}</arg>
<arg>visible</arg>
<arg>${timeout}</arg>
<arg>${message}</arg>
<tag>PageContent</tag>
<tag>Wait</tag>
<doc>Waits for the element found by ``selector`` to satisfy state option.</doc>
<msg timestamp="20231208 18:47:00.392" level="INFO">Waited for Element with selector xpath=//*[contains(@class, "swal2-confirm")] at state visible</msg>
<status status="PASS" starttime="20231208 18:47:00.380" endtime="20231208 18:47:00.393"/>
</kw>
<status status="PASS" starttime="20231208 18:47:00.374" endtime="20231208 18:47:00.393"/>
</kw>
<msg timestamp="20231208 18:47:00.393" level="INFO">${passed} = True</msg>
<status status="PASS" starttime="20231208 18:47:00.374" endtime="20231208 18:47:00.393"/>
</kw>
<if>
<branch type="IF" condition="'${passed}' == 'True'">
<kw name="Click" library="Browser">
<arg>${element}</arg>
<tag>PageContent</tag>
<tag>Setter</tag>
<doc>Simulates mouse click on the element found by ``selector``.</doc>
<status status="PASS" starttime="20231208 18:47:00.397" endtime="20231208 18:47:00.709"/>
</kw>
<status status="PASS" starttime="20231208 18:47:00.394" endtime="20231208 18:47:00.711"/>
</branch>
<status status="PASS" starttime="20231208 18:47:00.393" endtime="20231208 18:47:00.711"/>
</if>
<status status="PASS" starttime="20231208 18:47:00.341" endtime="20231208 18:47:00.712"/>
</kw>
<kw name="When Click &quot;Đóng lại&quot; button" library="common" sourcename="Click &quot;${text}&quot; button">
<kw name="Click" library="Browser">
<arg>xpath=//button[@title="${text}"]</arg>
<tag>PageContent</tag>
<tag>Setter</tag>
<doc>Simulates mouse click on the element found by ``selector``.</doc>
<status status="PASS" starttime="20231208 18:47:00.719" endtime="20231208 18:47:01.168"/>
</kw>
<kw name="Click Confirm To Action" library="common">
<kw name="Set Variable" library="BuiltIn">
<var>${element}</var>
<arg>xpath=//*[contains(@class, "ant-popover")]//*[contains(@class, "ant-btn-primary")]</arg>
<doc>Returns the given values which can then be assigned to a variables.</doc>
<msg timestamp="20231208 18:47:01.170" level="INFO">${element} = xpath=//*[contains(@class, "ant-popover")]//*[contains(@class, "ant-btn-primary")]</msg>
<status status="PASS" starttime="20231208 18:47:01.170" endtime="20231208 18:47:01.170"/>
</kw>
<kw name="Get Element Count" library="Browser">
<var>${count}</var>
<arg>${element}</arg>
<tag>Assertion</tag>
<tag>Getter</tag>
<tag>PageContent</tag>
<doc>Returns the count of elements found with ``selector``.</doc>
<msg timestamp="20231208 18:47:01.196" level="INFO">${count} = 0</msg>
<status status="PASS" starttime="20231208 18:47:01.171" endtime="20231208 18:47:01.198"/>
</kw>
<if>
<branch type="IF" condition="${count} &gt; 0">
<kw name="Click" library="Browser">
<arg>${element}</arg>
<tag>PageContent</tag>
<tag>Setter</tag>
<doc>Simulates mouse click on the element found by ``selector``.</doc>
<status status="NOT RUN" starttime="20231208 18:47:01.202" endtime="20231208 18:47:01.202"/>
</kw>
<kw name="Sleep" library="BuiltIn">
<arg>${SHOULD_TIMEOUT}</arg>
<doc>Pauses the test executed for the given time.</doc>
<status status="NOT RUN" starttime="20231208 18:47:01.203" endtime="20231208 18:47:01.203"/>
</kw>
<status status="NOT RUN" starttime="20231208 18:47:01.201" endtime="20231208 18:47:01.203"/>
</branch>
<status status="PASS" starttime="20231208 18:47:01.201" endtime="20231208 18:47:01.203"/>
</if>
<status status="PASS" starttime="20231208 18:47:01.168" endtime="20231208 18:47:01.203"/>
</kw>
<kw name="Scroll By" library="Browser">
<arg>${None}</arg>
<tag>PageContent</tag>
<tag>Setter</tag>
<doc>Scrolls an element or the page relative from current position by the given values.</doc>
<msg timestamp="20231208 18:47:01.224" level="INFO">JavaScript executed successfully.</msg>
<msg timestamp="20231208 18:47:01.224" level="INFO">JavaScript executed successfully.</msg>
<msg timestamp="20231208 18:47:01.254" level="INFO">JavaScript executed successfully.</msg>
<msg timestamp="20231208 18:47:01.254" level="INFO">JavaScript executed successfully.</msg>
<msg timestamp="20231208 18:47:01.268" level="INFO">JavaScript executed successfully.</msg>
<status status="PASS" starttime="20231208 18:47:01.204" endtime="20231208 18:47:01.268"/>
</kw>
<status status="PASS" starttime="20231208 18:47:00.718" endtime="20231208 18:47:01.268"/>
</kw>
<kw name="When Click on the &quot;Xóa&quot; button in the &quot;_@Tên loại@_&quot; item line" library="common" sourcename="Click on the &quot;${text}&quot; button in the &quot;${name}&quot; item line">
<kw name="Wait Until Element Spin" library="common">
<kw name="Sleep" library="BuiltIn">
<arg>${SHOULD_TIMEOUT}</arg>
<doc>Pauses the test executed for the given time.</doc>
<msg timestamp="20231208 18:47:01.371" level="INFO">Slept 100 milliseconds</msg>
<status status="PASS" starttime="20231208 18:47:01.270" endtime="20231208 18:47:01.372"/>
</kw>
<kw name="Set Variable" library="BuiltIn">
<var>${element}</var>
<arg>xpath=//*[contains(@class, "ant-spin-spinning")]</arg>
<doc>Returns the given values which can then be assigned to a variables.</doc>
<msg timestamp="20231208 18:47:01.372" level="INFO">${element} = xpath=//*[contains(@class, "ant-spin-spinning")]</msg>
<status status="PASS" starttime="20231208 18:47:01.372" endtime="20231208 18:47:01.372"/>
</kw>
<kw name="Get Element Count" library="Browser">
<var>${count}</var>
<arg>${element}</arg>
<tag>Assertion</tag>
<tag>Getter</tag>
<tag>PageContent</tag>
<doc>Returns the count of elements found with ``selector``.</doc>
<msg timestamp="20231208 18:47:01.391" level="INFO">${count} = 0</msg>
<status status="PASS" starttime="20231208 18:47:01.372" endtime="20231208 18:47:01.391"/>
</kw>
<if>
<branch type="IF" condition="${count} &gt; 0">
<kw name="Wait Until Page Does Not Contain Element" library="common">
<arg>${element}</arg>
<status status="NOT RUN" starttime="20231208 18:47:01.392" endtime="20231208 18:47:01.392"/>
</kw>
<status status="NOT RUN" starttime="20231208 18:47:01.392" endtime="20231208 18:47:01.393"/>
</branch>
<status status="PASS" starttime="20231208 18:47:01.392" endtime="20231208 18:47:01.393"/>
</if>
<status status="PASS" starttime="20231208 18:47:01.270" endtime="20231208 18:47:01.393"/>
</kw>
<kw name="Check Text" library="common">
<var>${name}</var>
<arg>${name}</arg>
<kw name="Get Regexp Matches" library="String">
<var>${containsS}</var>
<arg>${text}</arg>
<arg>_@(.+)@_</arg>
<arg>1</arg>
<doc>Returns a list of all non-overlapping matches in the given string.</doc>
<msg timestamp="20231208 18:47:01.398" level="INFO">${containsS} = ['Tên loại']</msg>
<status status="PASS" starttime="20231208 18:47:01.394" endtime="20231208 18:47:01.400"/>
</kw>
<kw name="Get Length" library="BuiltIn">
<var>${cntS}</var>
<arg>${containsS}</arg>
<doc>Returns and logs the length of the given item as an integer.</doc>
<msg timestamp="20231208 18:47:01.403" level="INFO">Length is 1</msg>
<msg timestamp="20231208 18:47:01.404" level="INFO">${cntS} = 1</msg>
<status status="PASS" starttime="20231208 18:47:01.402" endtime="20231208 18:47:01.404"/>
</kw>
<if>
<branch type="IF" condition="${cntS} &gt; 0">
<kw name="Set Variable" library="BuiltIn">
<var>${text}</var>
<arg>${STATE["${containsS[0]}"]}</arg>
<doc>Returns the given values which can then be assigned to a variables.</doc>
<msg timestamp="20231208 18:47:01.406" level="INFO">${text} = CA_17 Beatae non quia.</msg>
<status status="PASS" starttime="20231208 18:47:01.405" endtime="20231208 18:47:01.407"/>
</kw>
<status status="PASS" starttime="20231208 18:47:01.405" endtime="20231208 18:47:01.407"/>
</branch>
<status status="PASS" starttime="20231208 18:47:01.405" endtime="20231208 18:47:01.407"/>
</if>
<msg timestamp="20231208 18:47:01.407" level="INFO">${name} = CA_17 Beatae non quia.</msg>
<status status="PASS" starttime="20231208 18:47:01.393" endtime="20231208 18:47:01.407"/>
</kw>
<kw name="Get Element Item By Name" library="common">
<var>${element}</var>
<arg>${name}</arg>
<arg>//button[@title = "${text}"]</arg>
<msg timestamp="20231208 18:47:01.408" level="INFO">${element} = xpath=//*[contains(@class, "item-text") and contains(text(), "CA_17 Beatae non quia.")]/ancestor::*[contains(@class, "item")]//button[@title = "Xóa"]</msg>
<status status="PASS" starttime="20231208 18:47:01.407" endtime="20231208 18:47:01.408"/>
</kw>
<kw name="Click" library="Browser">
<arg>${element}</arg>
<tag>PageContent</tag>
<tag>Setter</tag>
<doc>Simulates mouse click on the element found by ``selector``.</doc>
<status status="PASS" starttime="20231208 18:47:01.409" endtime="20231208 18:47:01.541"/>
</kw>
<kw name="Click Confirm To Action" library="common">
<kw name="Set Variable" library="BuiltIn">
<var>${element}</var>
<arg>xpath=//*[contains(@class, "ant-popover")]//*[contains(@class, "ant-btn-primary")]</arg>
<doc>Returns the given values which can then be assigned to a variables.</doc>
<msg timestamp="20231208 18:47:01.542" level="INFO">${element} = xpath=//*[contains(@class, "ant-popover")]//*[contains(@class, "ant-btn-primary")]</msg>
<status status="PASS" starttime="20231208 18:47:01.542" endtime="20231208 18:47:01.543"/>
</kw>
<kw name="Get Element Count" library="Browser">
<var>${count}</var>
<arg>${element}</arg>
<tag>Assertion</tag>
<tag>Getter</tag>
<tag>PageContent</tag>
<doc>Returns the count of elements found with ``selector``.</doc>
<msg timestamp="20231208 18:47:01.555" level="INFO">${count} = 1</msg>
<status status="PASS" starttime="20231208 18:47:01.543" endtime="20231208 18:47:01.555"/>
</kw>
<if>
<branch type="IF" condition="${count} &gt; 0">
<kw name="Click" library="Browser">
<arg>${element}</arg>
<tag>PageContent</tag>
<tag>Setter</tag>
<doc>Simulates mouse click on the element found by ``selector``.</doc>
<status status="PASS" starttime="20231208 18:47:01.556" endtime="20231208 18:47:01.824"/>
</kw>
<kw name="Sleep" library="BuiltIn">
<arg>${SHOULD_TIMEOUT}</arg>
<doc>Pauses the test executed for the given time.</doc>
<msg timestamp="20231208 18:47:01.925" level="INFO">Slept 100 milliseconds</msg>
<status status="PASS" starttime="20231208 18:47:01.824" endtime="20231208 18:47:01.925"/>
</kw>
<status status="PASS" starttime="20231208 18:47:01.555" endtime="20231208 18:47:01.925"/>
</branch>
<status status="PASS" starttime="20231208 18:47:01.555" endtime="20231208 18:47:01.925"/>
</if>
<status status="PASS" starttime="20231208 18:47:01.542" endtime="20231208 18:47:01.925"/>
</kw>
<status status="PASS" starttime="20231208 18:47:01.269" endtime="20231208 18:47:01.925"/>
</kw>
<kw name="When Click on the &quot;Xóa&quot; button in the &quot;${category}&quot; item line" library="common" sourcename="Click on the &quot;${text}&quot; button in the &quot;${name}&quot; item line">
<kw name="Wait Until Element Spin" library="common">
<kw name="Sleep" library="BuiltIn">
<arg>${SHOULD_TIMEOUT}</arg>
<doc>Pauses the test executed for the given time.</doc>
<msg timestamp="20231208 18:47:02.037" level="INFO">Slept 100 milliseconds</msg>
<status status="PASS" starttime="20231208 18:47:01.931" endtime="20231208 18:47:02.038"/>
</kw>
<kw name="Set Variable" library="BuiltIn">
<var>${element}</var>
<arg>xpath=//*[contains(@class, "ant-spin-spinning")]</arg>
<doc>Returns the given values which can then be assigned to a variables.</doc>
<msg timestamp="20231208 18:47:02.039" level="INFO">${element} = xpath=//*[contains(@class, "ant-spin-spinning")]</msg>
<status status="PASS" starttime="20231208 18:47:02.038" endtime="20231208 18:47:02.039"/>
</kw>
<kw name="Get Element Count" library="Browser">
<var>${count}</var>
<arg>${element}</arg>
<tag>Assertion</tag>
<tag>Getter</tag>
<tag>PageContent</tag>
<doc>Returns the count of elements found with ``selector``.</doc>
<msg timestamp="20231208 18:47:02.055" level="INFO">${count} = 0</msg>
<status status="PASS" starttime="20231208 18:47:02.039" endtime="20231208 18:47:02.055"/>
</kw>
<if>
<branch type="IF" condition="${count} &gt; 0">
<kw name="Wait Until Page Does Not Contain Element" library="common">
<arg>${element}</arg>
<status status="NOT RUN" starttime="20231208 18:47:02.056" endtime="20231208 18:47:02.056"/>
</kw>
<status status="NOT RUN" starttime="20231208 18:47:02.056" endtime="20231208 18:47:02.057"/>
</branch>
<status status="PASS" starttime="20231208 18:47:02.055" endtime="20231208 18:47:02.057"/>
</if>
<status status="PASS" starttime="20231208 18:47:01.928" endtime="20231208 18:47:02.057"/>
</kw>
<kw name="Check Text" library="common">
<var>${name}</var>
<arg>${name}</arg>
<kw name="Get Regexp Matches" library="String">
<var>${containsS}</var>
<arg>${text}</arg>
<arg>_@(.+)@_</arg>
<arg>1</arg>
<doc>Returns a list of all non-overlapping matches in the given string.</doc>
<msg timestamp="20231208 18:47:02.058" level="INFO">${containsS} = []</msg>
<status status="PASS" starttime="20231208 18:47:02.058" endtime="20231208 18:47:02.058"/>
</kw>
<kw name="Get Length" library="BuiltIn">
<var>${cntS}</var>
<arg>${containsS}</arg>
<doc>Returns and logs the length of the given item as an integer.</doc>
<msg timestamp="20231208 18:47:02.059" level="INFO">Length is 0</msg>
<msg timestamp="20231208 18:47:02.059" level="INFO">${cntS} = 0</msg>
<status status="PASS" starttime="20231208 18:47:02.058" endtime="20231208 18:47:02.059"/>
</kw>
<if>
<branch type="IF" condition="${cntS} &gt; 0">
<kw name="Set Variable" library="BuiltIn">
<var>${text}</var>
<arg>${STATE["${containsS[0]}"]}</arg>
<doc>Returns the given values which can then be assigned to a variables.</doc>
<status status="NOT RUN" starttime="20231208 18:47:02.060" endtime="20231208 18:47:02.060"/>
</kw>
<status status="NOT RUN" starttime="20231208 18:47:02.059" endtime="20231208 18:47:02.060"/>
</branch>
<status status="PASS" starttime="20231208 18:47:02.059" endtime="20231208 18:47:02.060"/>
</if>
<msg timestamp="20231208 18:47:02.062" level="INFO">${name} = CA_17 Voluptates.</msg>
<status status="PASS" starttime="20231208 18:47:02.057" endtime="20231208 18:47:02.062"/>
</kw>
<kw name="Get Element Item By Name" library="common">
<var>${element}</var>
<arg>${name}</arg>
<arg>//button[@title = "${text}"]</arg>
<msg timestamp="20231208 18:47:02.066" level="INFO">${element} = xpath=//*[contains(@class, "item-text") and contains(text(), "CA_17 Voluptates.")]/ancestor::*[contains(@class, "item")]//button[@title = "Xóa"]</msg>
<status status="PASS" starttime="20231208 18:47:02.064" endtime="20231208 18:47:02.067"/>
</kw>
<kw name="Click" library="Browser">
<arg>${element}</arg>
<tag>PageContent</tag>
<tag>Setter</tag>
<doc>Simulates mouse click on the element found by ``selector``.</doc>
<status status="PASS" starttime="20231208 18:47:02.068" endtime="20231208 18:47:03.649"/>
</kw>
<kw name="Click Confirm To Action" library="common">
<kw name="Set Variable" library="BuiltIn">
<var>${element}</var>
<arg>xpath=//*[contains(@class, "ant-popover")]//*[contains(@class, "ant-btn-primary")]</arg>
<doc>Returns the given values which can then be assigned to a variables.</doc>
<msg timestamp="20231208 18:47:03.651" level="INFO">${element} = xpath=//*[contains(@class, "ant-popover")]//*[contains(@class, "ant-btn-primary")]</msg>
<status status="PASS" starttime="20231208 18:47:03.650" endtime="20231208 18:47:03.651"/>
</kw>
<kw name="Get Element Count" library="Browser">
<var>${count}</var>
<arg>${element}</arg>
<tag>Assertion</tag>
<tag>Getter</tag>
<tag>PageContent</tag>
<doc>Returns the count of elements found with ``selector``.</doc>
<msg timestamp="20231208 18:47:03.658" level="INFO">${count} = 1</msg>
<status status="PASS" starttime="20231208 18:47:03.651" endtime="20231208 18:47:03.658"/>
</kw>
<if>
<branch type="IF" condition="${count} &gt; 0">
<kw name="Click" library="Browser">
<arg>${element}</arg>
<tag>PageContent</tag>
<tag>Setter</tag>
<doc>Simulates mouse click on the element found by ``selector``.</doc>
<status status="PASS" starttime="20231208 18:47:03.658" endtime="20231208 18:47:03.917"/>
</kw>
<kw name="Sleep" library="BuiltIn">
<arg>${SHOULD_TIMEOUT}</arg>
<doc>Pauses the test executed for the given time.</doc>
<msg timestamp="20231208 18:47:04.019" level="INFO">Slept 100 milliseconds</msg>
<status status="PASS" starttime="20231208 18:47:03.918" endtime="20231208 18:47:04.019"/>
</kw>
<status status="PASS" starttime="20231208 18:47:03.658" endtime="20231208 18:47:04.020"/>
</branch>
<status status="PASS" starttime="20231208 18:47:03.658" endtime="20231208 18:47:04.020"/>
</if>
<status status="PASS" starttime="20231208 18:47:03.649" endtime="20231208 18:47:04.020"/>
</kw>
<status status="PASS" starttime="20231208 18:47:01.927" endtime="20231208 18:47:04.020"/>
</kw>
<kw name="Tear Down" library="common" type="TEARDOWN">
<kw name="Close Browser" library="Browser">
<arg>ALL</arg>
<tag>BrowserControl</tag>
<tag>Setter</tag>
<doc>Closes the current browser.</doc>
<msg timestamp="20231208 18:47:04.681" level="INFO">Closed all browsers</msg>
<status status="PASS" starttime="20231208 18:47:04.023" endtime="20231208 18:47:04.681"/>
</kw>
<status status="PASS" starttime="20231208 18:47:04.021" endtime="20231208 18:47:04.681"/>
</kw>
<tag>changeInfo</tag>
<status status="PASS" starttime="20231208 18:46:47.339" endtime="20231208 18:47:04.682"/>
</test>
<status status="PASS" starttime="20231208 18:46:46.060" endtime="20231208 18:47:04.690"/>
</suite>
<statistics>
<total>
<stat pass="1" fail="0" skip="0">All Tests</stat>
</total>
<tag>
<stat pass="1" fail="0" skip="0">changeInfo</stat>
</tag>
<suite>
<stat pass="1" fail="0" skip="0" id="s1" name="Category">Category</stat>
</suite>
</statistics>
<errors>
</errors>
</robot>
