<?xml version="1.0" encoding="UTF-8"?>
<robot generator="Robot 6.1.1 (Python 3.11.5 on win32)" generated="20240105 17:38:20.110" rpa="false" schemaversion="4">
<suite id="s1" name="Code-Types" source="d:\AutomationTest\test\test\testcases\code-types.robot">
<test id="s1-t1" name="CODE_01 Verify that navigating to the right &quot;Danh mục&quot; page" line="14">
<kw name="Setup" library="common" type="SETUP">
<kw name="Set Browser Timeout" library="Browser">
<arg>${BROWSER_TIMEOUT}</arg>
<tag>Config</tag>
<tag>Setter</tag>
<doc>Sets the timeout used by most input and getter keywords.</doc>
<status status="PASS" starttime="20240105 17:38:21.199" endtime="20240105 17:38:21.199"/>
</kw>
<kw name="New Browser" library="Browser">
<arg>${BROWSER}</arg>
<arg>headless=${HEADLESS}</arg>
<tag>BrowserControl</tag>
<tag>Setter</tag>
<doc>Create a new playwright Browser with specified options.</doc>
<msg timestamp="20240105 17:38:21.199" level="INFO">{"browser": "chromium", "headless": false, "chromiumSandbox": false, "devtools": false, "handleSIGHUP": true, "handleSIGINT": true, "handleSIGTERM": true, "slowMo": 0.0, "timeout": 30000.0, "tracesDir": "D:\\AutomationTest\\test\\browser\\traces\\0734655e-3609-4088-9065-09458b5d8582"}</msg>
<msg timestamp="20240105 17:38:21.586" level="INFO">Successfully created browser with options: {"browser":"chromium","headless":false,"chromiumSandbox":false,"devtools":false,"handleSIGHUP":true,"handleSIGINT":true,"handleSIGTERM":true,"slowMo":0,"timeout":30000,"tracesDir":"D:\\AutomationTest\\test\\browser\\traces\\0734655e-3609-4088-9065-09458b5d8582"}</msg>
<status status="PASS" starttime="20240105 17:38:21.199" endtime="20240105 17:38:21.586"/>
</kw>
<kw name="New Page" library="Browser">
<arg>${URL_DEFAULT}</arg>
<tag>BrowserControl</tag>
<tag>Setter</tag>
<doc>Open a new Page.</doc>
<msg timestamp="20240105 17:38:23.009" level="INFO">Successfully initialized new page object and opened url: http://dev1.geneat.vn:7802/#/vn</msg>
<msg timestamp="20240105 17:38:23.009" level="INFO">No context was open. New context was automatically opened when this page is created.</msg>
<status status="PASS" starttime="20240105 17:38:21.586" endtime="20240105 17:38:23.009"/>
</kw>
<kw name="Evaluate" library="BuiltIn">
<var>${STATE}</var>
<arg>json.loads('''{}''')</arg>
<arg>json</arg>
<doc>Evaluates the given expression in Python and returns the result.</doc>
<msg timestamp="20240105 17:38:23.009" level="INFO">${STATE} = {}</msg>
<status status="PASS" starttime="20240105 17:38:23.009" endtime="20240105 17:38:23.009"/>
</kw>
<status status="PASS" starttime="20240105 17:38:21.199" endtime="20240105 17:38:23.009"/>
</kw>
<kw name="Login to admin" library="common">
<kw name="Wait Until Element Spin" library="common">
<kw name="Sleep" library="BuiltIn">
<arg>${SHOULD_TIMEOUT}</arg>
<doc>Pauses the test executed for the given time.</doc>
<msg timestamp="20240105 17:38:23.115" level="INFO">Slept 100 milliseconds</msg>
<status status="PASS" starttime="20240105 17:38:23.015" endtime="20240105 17:38:23.118"/>
</kw>
<kw name="Set Variable" library="BuiltIn">
<var>${element}</var>
<arg>xpath=//*[contains(@class, "ant-spin-spinning")]</arg>
<doc>Returns the given values which can then be assigned to a variables.</doc>
<msg timestamp="20240105 17:38:23.121" level="INFO">${element} = xpath=//*[contains(@class, "ant-spin-spinning")]</msg>
<status status="PASS" starttime="20240105 17:38:23.120" endtime="20240105 17:38:23.122"/>
</kw>
<kw name="Get Element Count" library="Browser">
<var>${count}</var>
<arg>${element}</arg>
<tag>Assertion</tag>
<tag>Getter</tag>
<tag>PageContent</tag>
<doc>Returns the count of elements found with ``selector``.</doc>
<msg timestamp="20240105 17:38:23.181" level="INFO">${count} = 0</msg>
<status status="PASS" starttime="20240105 17:38:23.123" endtime="20240105 17:38:23.182"/>
</kw>
<if>
<branch type="IF" condition="${count} &gt; 0">
<kw name="Wait Until Page Does Not Contain Element" library="common">
<arg>${element}</arg>
<status status="NOT RUN" starttime="20240105 17:38:23.183" endtime="20240105 17:38:23.183"/>
</kw>
<status status="NOT RUN" starttime="20240105 17:38:23.182" endtime="20240105 17:38:23.183"/>
</branch>
<status status="PASS" starttime="20240105 17:38:23.182" endtime="20240105 17:38:23.184"/>
</if>
<status status="PASS" starttime="20240105 17:38:23.015" endtime="20240105 17:38:23.184"/>
</kw>
<kw name="Enter &quot;email&quot; in &quot;Email&quot; with &quot;admin@gmail.com&quot;" library="common" sourcename="Enter &quot;${type}&quot; in &quot;${name}&quot; with &quot;${text}&quot;">
<kw name="Get Random Text" library="common">
<var>${text}</var>
<arg>${type}</arg>
<arg>${text}</arg>
<kw name="Set Variable" library="BuiltIn">
<var>${symbol}</var>
<arg>_RANDOM_</arg>
<doc>Returns the given values which can then be assigned to a variables.</doc>
<msg timestamp="20240105 17:38:23.187" level="INFO">${symbol} = _RANDOM_</msg>
<status status="PASS" starttime="20240105 17:38:23.187" endtime="20240105 17:38:23.187"/>
</kw>
<kw name="Set Variable" library="BuiltIn">
<var>${new_text}</var>
<doc>Returns the given values which can then be assigned to a variables.</doc>
<msg timestamp="20240105 17:38:23.188" level="INFO">${new_text} = </msg>
<status status="PASS" starttime="20240105 17:38:23.187" endtime="20240105 17:38:23.188"/>
</kw>
<kw name="Get Regexp Matches" library="String">
<var>${containsS}</var>
<arg>${text}</arg>
<arg>_@(.+)@_</arg>
<arg>1</arg>
<doc>Returns a list of all non-overlapping matches in the given string.</doc>
<msg timestamp="20240105 17:38:23.190" level="INFO">${containsS} = []</msg>
<status status="PASS" starttime="20240105 17:38:23.189" endtime="20240105 17:38:23.190"/>
</kw>
<kw name="Get Length" library="BuiltIn">
<var>${cntS}</var>
<arg>${containsS}</arg>
<doc>Returns and logs the length of the given item as an integer.</doc>
<msg timestamp="20240105 17:38:23.191" level="INFO">Length is 0</msg>
<msg timestamp="20240105 17:38:23.191" level="INFO">${cntS} = 0</msg>
<status status="PASS" starttime="20240105 17:38:23.190" endtime="20240105 17:38:23.191"/>
</kw>
<kw name="Get Regexp Matches" library="String">
<var>${contains}</var>
<arg>${text}</arg>
<arg>${symbol}</arg>
<doc>Returns a list of all non-overlapping matches in the given string.</doc>
<msg timestamp="20240105 17:38:23.192" level="INFO">${contains} = []</msg>
<status status="PASS" starttime="20240105 17:38:23.191" endtime="20240105 17:38:23.192"/>
</kw>
<kw name="Get Length" library="BuiltIn">
<var>${cnt}</var>
<arg>${contains}</arg>
<doc>Returns and logs the length of the given item as an integer.</doc>
<msg timestamp="20240105 17:38:23.193" level="INFO">Length is 0</msg>
<msg timestamp="20240105 17:38:23.193" level="INFO">${cnt} = 0</msg>
<status status="PASS" starttime="20240105 17:38:23.192" endtime="20240105 17:38:23.193"/>
</kw>
<if>
<branch type="IF" condition="${cntS} &gt; 0">
<kw name="Set Variable" library="BuiltIn">
<var>${new_text}</var>
<arg>${STATE["${containsS[0]}"]}</arg>
<doc>Returns the given values which can then be assigned to a variables.</doc>
<status status="NOT RUN" starttime="20240105 17:38:23.193" endtime="20240105 17:38:23.194"/>
</kw>
<kw name="Set Variable" library="BuiltIn">
<var>${symbol}</var>
<arg>_@${containsS[0]}@_</arg>
<doc>Returns the given values which can then be assigned to a variables.</doc>
<status status="NOT RUN" starttime="20240105 17:38:23.195" endtime="20240105 17:38:23.195"/>
</kw>
<status status="NOT RUN" starttime="20240105 17:38:23.193" endtime="20240105 17:38:23.195"/>
</branch>
<branch type="ELSE IF" condition="${cnt} &gt; 0 and '${type}' == 'test name'">
<kw name="Sentence" library="FakerLibrary">
<var>${random}</var>
<arg>nb_words=3</arg>
<doc>Generate a sentence.</doc>
<status status="NOT RUN" starttime="20240105 17:38:23.195" endtime="20240105 17:38:23.195"/>
</kw>
<kw name="Split String" library="String">
<var>${words}</var>
<arg>${TEST NAME}</arg>
<arg>${SPACE}</arg>
<doc>Splits the ``string`` using ``separator`` as a delimiter string.</doc>
<status status="NOT RUN" starttime="20240105 17:38:23.195" endtime="20240105 17:38:23.195"/>
</kw>
<kw name="Set Variable" library="BuiltIn">
<var>${new_text}</var>
<arg>${words[0]} ${random}</arg>
<doc>Returns the given values which can then be assigned to a variables.</doc>
<status status="NOT RUN" starttime="20240105 17:38:23.195" endtime="20240105 17:38:23.195"/>
</kw>
<status status="NOT RUN" starttime="20240105 17:38:23.195" endtime="20240105 17:38:23.195"/>
</branch>
<branch type="ELSE IF" condition="${cnt} &gt; 0 and '${type}' == 'number'">
<kw name="Random Int" library="FakerLibrary">
<var>${new_text}</var>
<doc>Generate a random integer between two integers ``min`` and ``max`` inclusive
while observing the provided ``step`` value.</doc>
<status status="NOT RUN" starttime="20240105 17:38:23.195" endtime="20240105 17:38:23.195"/>
</kw>
<kw name="Convert To String" library="BuiltIn">
<var>${new_text}</var>
<arg>${new_text}</arg>
<doc>Converts the given item to a Unicode string.</doc>
<status status="NOT RUN" starttime="20240105 17:38:23.195" endtime="20240105 17:38:23.195"/>
</kw>
<status status="NOT RUN" starttime="20240105 17:38:23.195" endtime="20240105 17:38:23.195"/>
</branch>
<branch type="ELSE IF" condition="${cnt} &gt; 0 and '${type}' == 'percentage'">
<kw name="Random Int" library="FakerLibrary">
<var>${new_text}</var>
<arg>max=100</arg>
<doc>Generate a random integer between two integers ``min`` and ``max`` inclusive
while observing the provided ``step`` value.</doc>
<status status="NOT RUN" starttime="20240105 17:38:23.195" endtime="20240105 17:38:23.195"/>
</kw>
<kw name="Convert To String" library="BuiltIn">
<var>${new_text}</var>
<arg>${new_text}</arg>
<doc>Converts the given item to a Unicode string.</doc>
<status status="NOT RUN" starttime="20240105 17:38:23.195" endtime="20240105 17:38:23.195"/>
</kw>
<status status="NOT RUN" starttime="20240105 17:38:23.195" endtime="20240105 17:38:23.195"/>
</branch>
<branch type="ELSE IF" condition="${cnt} &gt; 0 and '${type}' == 'paragraph'">
<kw name="Paragraph" library="FakerLibrary">
<var>${new_text}</var>
<doc>Generate a paragraph.</doc>
<status status="NOT RUN" starttime="20240105 17:38:23.195" endtime="20240105 17:38:23.195"/>
</kw>
<status status="NOT RUN" starttime="20240105 17:38:23.195" endtime="20240105 17:38:23.195"/>
</branch>
<branch type="ELSE IF" condition="${cnt} &gt; 0 and '${type}' == 'email'">
<kw name="Email" library="FakerLibrary">
<var>${new_text}</var>
<status status="NOT RUN" starttime="20240105 17:38:23.195" endtime="20240105 17:38:23.195"/>
</kw>
<status status="NOT RUN" starttime="20240105 17:38:23.195" endtime="20240105 17:38:23.195"/>
</branch>
<branch type="ELSE IF" condition="${cnt} &gt; 0 and '${type}' == 'phone'">
<kw name="Random Int" library="FakerLibrary">
<var>${new_text}</var>
<arg>min=2000000000</arg>
<arg>max=9999999999</arg>
<doc>Generate a random integer between two integers ``min`` and ``max`` inclusive
while observing the provided ``step`` value.</doc>
<status status="NOT RUN" starttime="20240105 17:38:23.195" endtime="20240105 17:38:23.204"/>
</kw>
<kw name="Convert To String" library="BuiltIn">
<var>${new_text}</var>
<arg>${new_text}</arg>
<doc>Converts the given item to a Unicode string.</doc>
<status status="NOT RUN" starttime="20240105 17:38:23.207" endtime="20240105 17:38:23.207"/>
</kw>
<status status="NOT RUN" starttime="20240105 17:38:23.195" endtime="20240105 17:38:23.207"/>
</branch>
<branch type="ELSE IF" condition="${cnt} &gt; 0 and '${type}' == 'color'">
<kw name="Safe Hex Color" library="FakerLibrary">
<var>${new_text}</var>
<doc>Generate a web-safe color formatted as a hex triplet.</doc>
<status status="NOT RUN" starttime="20240105 17:38:23.221" endtime="20240105 17:38:23.223"/>
</kw>
<status status="NOT RUN" starttime="20240105 17:38:23.215" endtime="20240105 17:38:23.225"/>
</branch>
<branch type="ELSE IF" condition="${cnt} &gt; 0 and &quot;${type}&quot; == 'password'">
<kw name="Password" library="FakerLibrary">
<var>${new_text}</var>
<arg>10</arg>
<arg>True</arg>
<arg>True</arg>
<arg>True</arg>
<arg>True</arg>
<doc>Generate a random password of the specified ``length``.</doc>
<status status="NOT RUN" starttime="20240105 17:38:23.228" endtime="20240105 17:38:23.228"/>
</kw>
<status status="NOT RUN" starttime="20240105 17:38:23.225" endtime="20240105 17:38:23.228"/>
</branch>
<branch type="ELSE IF" condition="${cnt} &gt; 0 and '${type}' == 'date'">
<kw name="Date" library="FakerLibrary">
<var>${new_text}</var>
<arg>pattern=%d-%m-%Y</arg>
<doc>Get a date string between January 1, 1970 and now.</doc>
<status status="NOT RUN" starttime="20240105 17:38:23.228" endtime="20240105 17:38:23.228"/>
</kw>
<status status="NOT RUN" starttime="20240105 17:38:23.228" endtime="20240105 17:38:23.228"/>
</branch>
<branch type="ELSE IF" condition="${cnt} &gt; 0 and '${type}' == 'word'">
<kw name="Sentence" library="FakerLibrary">
<var>${new_text}</var>
<arg>nb_words=1</arg>
<doc>Generate a sentence.</doc>
<status status="NOT RUN" starttime="20240105 17:38:23.228" endtime="20240105 17:38:23.228"/>
</kw>
<status status="NOT RUN" starttime="20240105 17:38:23.228" endtime="20240105 17:38:23.228"/>
</branch>
<branch type="ELSE IF" condition="${cnt} &gt; 0">
<kw name="Sentence" library="FakerLibrary">
<var>${new_text}</var>
<doc>Generate a sentence.</doc>
<status status="NOT RUN" starttime="20240105 17:38:23.228" endtime="20240105 17:38:23.228"/>
</kw>
<status status="NOT RUN" starttime="20240105 17:38:23.228" endtime="20240105 17:38:23.228"/>
</branch>
<status status="PASS" starttime="20240105 17:38:23.193" endtime="20240105 17:38:23.228"/>
</if>
<kw name="Get Length" library="BuiltIn">
<var>${cnt}</var>
<arg>${text}</arg>
<doc>Returns and logs the length of the given item as an integer.</doc>
<msg timestamp="20240105 17:38:23.243" level="INFO">Length is 15</msg>
<msg timestamp="20240105 17:38:23.245" level="INFO">${cnt} = 15</msg>
<status status="PASS" starttime="20240105 17:38:23.243" endtime="20240105 17:38:23.245"/>
</kw>
<if>
<branch type="IF" condition="${cnt} &gt; 0">
<kw name="Replace String" library="String">
<var>${text}</var>
<arg>${text}</arg>
<arg>${symbol}</arg>
<arg>${new_text}</arg>
<doc>Replaces ``search_for`` in the given ``string`` with ``replace_with``.</doc>
<msg timestamp="20240105 17:38:23.250" level="INFO">${text} = admin@gmail.com</msg>
<status status="PASS" starttime="20240105 17:38:23.249" endtime="20240105 17:38:23.251"/>
</kw>
<status status="PASS" starttime="20240105 17:38:23.247" endtime="20240105 17:38:23.251"/>
</branch>
<status status="PASS" starttime="20240105 17:38:23.247" endtime="20240105 17:38:23.252"/>
</if>
<msg timestamp="20240105 17:38:23.253" level="INFO">${text} = admin@gmail.com</msg>
<status status="PASS" starttime="20240105 17:38:23.186" endtime="20240105 17:38:23.253"/>
</kw>
<kw name="Get Element Form Item By Name" library="common">
<var>${element}</var>
<arg>${name}</arg>
<arg>//input[contains(@class, "ant-input")]</arg>
<msg timestamp="20240105 17:38:23.254" level="INFO">${element} = xpath=//*[contains(@class, "ant-form-item-label")]/label[text()="Email"]/../../*[contains(@class, "ant-form-item")]//input[contains(@class, "ant-input")]</msg>
<status status="PASS" starttime="20240105 17:38:23.254" endtime="20240105 17:38:23.254"/>
</kw>
<kw name="Clear Text" library="Browser">
<arg>${element}</arg>
<tag>PageContent</tag>
<tag>Setter</tag>
<doc>Clears the text field found by ``selector``.</doc>
<status status="PASS" starttime="20240105 17:38:23.254" endtime="20240105 17:38:23.324"/>
</kw>
<kw name="Fill Text" library="Browser">
<arg>${element}</arg>
<arg>${text}</arg>
<arg>True</arg>
<tag>PageContent</tag>
<tag>Setter</tag>
<doc>Clears and fills the given ``txt`` into the text field found by ``selector``.</doc>
<msg timestamp="20240105 17:38:23.330" level="INFO">Fills the text 'admin@gmail.com' in the given field.</msg>
<status status="PASS" starttime="20240105 17:38:23.324" endtime="20240105 17:38:23.373"/>
</kw>
<kw name="Get Length" library="BuiltIn">
<var>${cnt}</var>
<arg>${text}</arg>
<doc>Returns and logs the length of the given item as an integer.</doc>
<msg timestamp="20240105 17:38:23.373" level="INFO">Length is 15</msg>
<msg timestamp="20240105 17:38:23.373" level="INFO">${cnt} = 15</msg>
<status status="PASS" starttime="20240105 17:38:23.373" endtime="20240105 17:38:23.373"/>
</kw>
<if>
<branch type="IF" condition="${cnt} &gt; 0">
<kw name="Set Global Variable" library="BuiltIn">
<arg>\${STATE["${name}"]}</arg>
<arg>${text}</arg>
<doc>Makes a variable available globally in all tests and suites.</doc>
<msg timestamp="20240105 17:38:23.383" level="INFO">${STATE["Email"]} = admin@gmail.com</msg>
<status status="PASS" starttime="20240105 17:38:23.382" endtime="20240105 17:38:23.383"/>
</kw>
<status status="PASS" starttime="20240105 17:38:23.373" endtime="20240105 17:38:23.383"/>
</branch>
<status status="PASS" starttime="20240105 17:38:23.373" endtime="20240105 17:38:23.384"/>
</if>
<status status="PASS" starttime="20240105 17:38:23.185" endtime="20240105 17:38:23.384"/>
</kw>
<kw name="Enter &quot;password&quot; in &quot;Mật khẩu&quot; with &quot;123123&quot;" library="common" sourcename="Enter &quot;${type}&quot; in &quot;${name}&quot; with &quot;${text}&quot;">
<kw name="Get Random Text" library="common">
<var>${text}</var>
<arg>${type}</arg>
<arg>${text}</arg>
<kw name="Set Variable" library="BuiltIn">
<var>${symbol}</var>
<arg>_RANDOM_</arg>
<doc>Returns the given values which can then be assigned to a variables.</doc>
<msg timestamp="20240105 17:38:23.386" level="INFO">${symbol} = _RANDOM_</msg>
<status status="PASS" starttime="20240105 17:38:23.386" endtime="20240105 17:38:23.386"/>
</kw>
<kw name="Set Variable" library="BuiltIn">
<var>${new_text}</var>
<doc>Returns the given values which can then be assigned to a variables.</doc>
<msg timestamp="20240105 17:38:23.386" level="INFO">${new_text} = </msg>
<status status="PASS" starttime="20240105 17:38:23.386" endtime="20240105 17:38:23.386"/>
</kw>
<kw name="Get Regexp Matches" library="String">
<var>${containsS}</var>
<arg>${text}</arg>
<arg>_@(.+)@_</arg>
<arg>1</arg>
<doc>Returns a list of all non-overlapping matches in the given string.</doc>
<msg timestamp="20240105 17:38:23.386" level="INFO">${containsS} = []</msg>
<status status="PASS" starttime="20240105 17:38:23.386" endtime="20240105 17:38:23.386"/>
</kw>
<kw name="Get Length" library="BuiltIn">
<var>${cntS}</var>
<arg>${containsS}</arg>
<doc>Returns and logs the length of the given item as an integer.</doc>
<msg timestamp="20240105 17:38:23.386" level="INFO">Length is 0</msg>
<msg timestamp="20240105 17:38:23.386" level="INFO">${cntS} = 0</msg>
<status status="PASS" starttime="20240105 17:38:23.386" endtime="20240105 17:38:23.386"/>
</kw>
<kw name="Get Regexp Matches" library="String">
<var>${contains}</var>
<arg>${text}</arg>
<arg>${symbol}</arg>
<doc>Returns a list of all non-overlapping matches in the given string.</doc>
<msg timestamp="20240105 17:38:23.386" level="INFO">${contains} = []</msg>
<status status="PASS" starttime="20240105 17:38:23.386" endtime="20240105 17:38:23.386"/>
</kw>
<kw name="Get Length" library="BuiltIn">
<var>${cnt}</var>
<arg>${contains}</arg>
<doc>Returns and logs the length of the given item as an integer.</doc>
<msg timestamp="20240105 17:38:23.386" level="INFO">Length is 0</msg>
<msg timestamp="20240105 17:38:23.386" level="INFO">${cnt} = 0</msg>
<status status="PASS" starttime="20240105 17:38:23.386" endtime="20240105 17:38:23.386"/>
</kw>
<if>
<branch type="IF" condition="${cntS} &gt; 0">
<kw name="Set Variable" library="BuiltIn">
<var>${new_text}</var>
<arg>${STATE["${containsS[0]}"]}</arg>
<doc>Returns the given values which can then be assigned to a variables.</doc>
<status status="NOT RUN" starttime="20240105 17:38:23.386" endtime="20240105 17:38:23.386"/>
</kw>
<kw name="Set Variable" library="BuiltIn">
<var>${symbol}</var>
<arg>_@${containsS[0]}@_</arg>
<doc>Returns the given values which can then be assigned to a variables.</doc>
<status status="NOT RUN" starttime="20240105 17:38:23.386" endtime="20240105 17:38:23.386"/>
</kw>
<status status="NOT RUN" starttime="20240105 17:38:23.386" endtime="20240105 17:38:23.386"/>
</branch>
<branch type="ELSE IF" condition="${cnt} &gt; 0 and '${type}' == 'test name'">
<kw name="Sentence" library="FakerLibrary">
<var>${random}</var>
<arg>nb_words=3</arg>
<doc>Generate a sentence.</doc>
<status status="NOT RUN" starttime="20240105 17:38:23.386" endtime="20240105 17:38:23.386"/>
</kw>
<kw name="Split String" library="String">
<var>${words}</var>
<arg>${TEST NAME}</arg>
<arg>${SPACE}</arg>
<doc>Splits the ``string`` using ``separator`` as a delimiter string.</doc>
<status status="NOT RUN" starttime="20240105 17:38:23.386" endtime="20240105 17:38:23.386"/>
</kw>
<kw name="Set Variable" library="BuiltIn">
<var>${new_text}</var>
<arg>${words[0]} ${random}</arg>
<doc>Returns the given values which can then be assigned to a variables.</doc>
<status status="NOT RUN" starttime="20240105 17:38:23.386" endtime="20240105 17:38:23.386"/>
</kw>
<status status="NOT RUN" starttime="20240105 17:38:23.386" endtime="20240105 17:38:23.386"/>
</branch>
<branch type="ELSE IF" condition="${cnt} &gt; 0 and '${type}' == 'number'">
<kw name="Random Int" library="FakerLibrary">
<var>${new_text}</var>
<doc>Generate a random integer between two integers ``min`` and ``max`` inclusive
while observing the provided ``step`` value.</doc>
<status status="NOT RUN" starttime="20240105 17:38:23.386" endtime="20240105 17:38:23.386"/>
</kw>
<kw name="Convert To String" library="BuiltIn">
<var>${new_text}</var>
<arg>${new_text}</arg>
<doc>Converts the given item to a Unicode string.</doc>
<status status="NOT RUN" starttime="20240105 17:38:23.386" endtime="20240105 17:38:23.386"/>
</kw>
<status status="NOT RUN" starttime="20240105 17:38:23.386" endtime="20240105 17:38:23.386"/>
</branch>
<branch type="ELSE IF" condition="${cnt} &gt; 0 and '${type}' == 'percentage'">
<kw name="Random Int" library="FakerLibrary">
<var>${new_text}</var>
<arg>max=100</arg>
<doc>Generate a random integer between two integers ``min`` and ``max`` inclusive
while observing the provided ``step`` value.</doc>
<status status="NOT RUN" starttime="20240105 17:38:23.386" endtime="20240105 17:38:23.386"/>
</kw>
<kw name="Convert To String" library="BuiltIn">
<var>${new_text}</var>
<arg>${new_text}</arg>
<doc>Converts the given item to a Unicode string.</doc>
<status status="NOT RUN" starttime="20240105 17:38:23.386" endtime="20240105 17:38:23.386"/>
</kw>
<status status="NOT RUN" starttime="20240105 17:38:23.386" endtime="20240105 17:38:23.386"/>
</branch>
<branch type="ELSE IF" condition="${cnt} &gt; 0 and '${type}' == 'paragraph'">
<kw name="Paragraph" library="FakerLibrary">
<var>${new_text}</var>
<doc>Generate a paragraph.</doc>
<status status="NOT RUN" starttime="20240105 17:38:23.386" endtime="20240105 17:38:23.386"/>
</kw>
<status status="NOT RUN" starttime="20240105 17:38:23.386" endtime="20240105 17:38:23.386"/>
</branch>
<branch type="ELSE IF" condition="${cnt} &gt; 0 and '${type}' == 'email'">
<kw name="Email" library="FakerLibrary">
<var>${new_text}</var>
<status status="NOT RUN" starttime="20240105 17:38:23.386" endtime="20240105 17:38:23.386"/>
</kw>
<status status="NOT RUN" starttime="20240105 17:38:23.386" endtime="20240105 17:38:23.386"/>
</branch>
<branch type="ELSE IF" condition="${cnt} &gt; 0 and '${type}' == 'phone'">
<kw name="Random Int" library="FakerLibrary">
<var>${new_text}</var>
<arg>min=2000000000</arg>
<arg>max=9999999999</arg>
<doc>Generate a random integer between two integers ``min`` and ``max`` inclusive
while observing the provided ``step`` value.</doc>
<status status="NOT RUN" starttime="20240105 17:38:23.386" endtime="20240105 17:38:23.396"/>
</kw>
<kw name="Convert To String" library="BuiltIn">
<var>${new_text}</var>
<arg>${new_text}</arg>
<doc>Converts the given item to a Unicode string.</doc>
<status status="NOT RUN" starttime="20240105 17:38:23.396" endtime="20240105 17:38:23.398"/>
</kw>
<status status="NOT RUN" starttime="20240105 17:38:23.386" endtime="20240105 17:38:23.398"/>
</branch>
<branch type="ELSE IF" condition="${cnt} &gt; 0 and '${type}' == 'color'">
<kw name="Safe Hex Color" library="FakerLibrary">
<var>${new_text}</var>
<doc>Generate a web-safe color formatted as a hex triplet.</doc>
<status status="NOT RUN" starttime="20240105 17:38:23.399" endtime="20240105 17:38:23.399"/>
</kw>
<status status="NOT RUN" starttime="20240105 17:38:23.398" endtime="20240105 17:38:23.399"/>
</branch>
<branch type="ELSE IF" condition="${cnt} &gt; 0 and &quot;${type}&quot; == 'password'">
<kw name="Password" library="FakerLibrary">
<var>${new_text}</var>
<arg>10</arg>
<arg>True</arg>
<arg>True</arg>
<arg>True</arg>
<arg>True</arg>
<doc>Generate a random password of the specified ``length``.</doc>
<status status="NOT RUN" starttime="20240105 17:38:23.400" endtime="20240105 17:38:23.400"/>
</kw>
<status status="NOT RUN" starttime="20240105 17:38:23.400" endtime="20240105 17:38:23.400"/>
</branch>
<branch type="ELSE IF" condition="${cnt} &gt; 0 and '${type}' == 'date'">
<kw name="Date" library="FakerLibrary">
<var>${new_text}</var>
<arg>pattern=%d-%m-%Y</arg>
<doc>Get a date string between January 1, 1970 and now.</doc>
<status status="NOT RUN" starttime="20240105 17:38:23.400" endtime="20240105 17:38:23.400"/>
</kw>
<status status="NOT RUN" starttime="20240105 17:38:23.400" endtime="20240105 17:38:23.400"/>
</branch>
<branch type="ELSE IF" condition="${cnt} &gt; 0 and '${type}' == 'word'">
<kw name="Sentence" library="FakerLibrary">
<var>${new_text}</var>
<arg>nb_words=1</arg>
<doc>Generate a sentence.</doc>
<status status="NOT RUN" starttime="20240105 17:38:23.400" endtime="20240105 17:38:23.400"/>
</kw>
<status status="NOT RUN" starttime="20240105 17:38:23.400" endtime="20240105 17:38:23.400"/>
</branch>
<branch type="ELSE IF" condition="${cnt} &gt; 0">
<kw name="Sentence" library="FakerLibrary">
<var>${new_text}</var>
<doc>Generate a sentence.</doc>
<status status="NOT RUN" starttime="20240105 17:38:23.400" endtime="20240105 17:38:23.400"/>
</kw>
<status status="NOT RUN" starttime="20240105 17:38:23.400" endtime="20240105 17:38:23.400"/>
</branch>
<status status="PASS" starttime="20240105 17:38:23.386" endtime="20240105 17:38:23.400"/>
</if>
<kw name="Get Length" library="BuiltIn">
<var>${cnt}</var>
<arg>${text}</arg>
<doc>Returns and logs the length of the given item as an integer.</doc>
<msg timestamp="20240105 17:38:23.400" level="INFO">Length is 6</msg>
<msg timestamp="20240105 17:38:23.400" level="INFO">${cnt} = 6</msg>
<status status="PASS" starttime="20240105 17:38:23.400" endtime="20240105 17:38:23.400"/>
</kw>
<if>
<branch type="IF" condition="${cnt} &gt; 0">
<kw name="Replace String" library="String">
<var>${text}</var>
<arg>${text}</arg>
<arg>${symbol}</arg>
<arg>${new_text}</arg>
<doc>Replaces ``search_for`` in the given ``string`` with ``replace_with``.</doc>
<msg timestamp="20240105 17:38:23.400" level="INFO">${text} = 123123</msg>
<status status="PASS" starttime="20240105 17:38:23.400" endtime="20240105 17:38:23.400"/>
</kw>
<status status="PASS" starttime="20240105 17:38:23.400" endtime="20240105 17:38:23.400"/>
</branch>
<status status="PASS" starttime="20240105 17:38:23.400" endtime="20240105 17:38:23.400"/>
</if>
<msg timestamp="20240105 17:38:23.400" level="INFO">${text} = 123123</msg>
<status status="PASS" starttime="20240105 17:38:23.385" endtime="20240105 17:38:23.400"/>
</kw>
<kw name="Get Element Form Item By Name" library="common">
<var>${element}</var>
<arg>${name}</arg>
<arg>//input[contains(@class, "ant-input")]</arg>
<msg timestamp="20240105 17:38:23.400" level="INFO">${element} = xpath=//*[contains(@class, "ant-form-item-label")]/label[text()="Mật khẩu"]/../../*[contains(@class, "ant-form-item")]//input[contains(@class, "ant-input")]</msg>
<status status="PASS" starttime="20240105 17:38:23.400" endtime="20240105 17:38:23.400"/>
</kw>
<kw name="Clear Text" library="Browser">
<arg>${element}</arg>
<tag>PageContent</tag>
<tag>Setter</tag>
<doc>Clears the text field found by ``selector``.</doc>
<status status="PASS" starttime="20240105 17:38:23.400" endtime="20240105 17:38:23.449"/>
</kw>
<kw name="Fill Text" library="Browser">
<arg>${element}</arg>
<arg>${text}</arg>
<arg>True</arg>
<tag>PageContent</tag>
<tag>Setter</tag>
<doc>Clears and fills the given ``txt`` into the text field found by ``selector``.</doc>
<msg timestamp="20240105 17:38:23.450" level="INFO">Fills the text '123123' in the given field.</msg>
<status status="PASS" starttime="20240105 17:38:23.450" endtime="20240105 17:38:23.500"/>
</kw>
<kw name="Get Length" library="BuiltIn">
<var>${cnt}</var>
<arg>${text}</arg>
<doc>Returns and logs the length of the given item as an integer.</doc>
<msg timestamp="20240105 17:38:23.501" level="INFO">Length is 6</msg>
<msg timestamp="20240105 17:38:23.502" level="INFO">${cnt} = 6</msg>
<status status="PASS" starttime="20240105 17:38:23.501" endtime="20240105 17:38:23.502"/>
</kw>
<if>
<branch type="IF" condition="${cnt} &gt; 0">
<kw name="Set Global Variable" library="BuiltIn">
<arg>\${STATE["${name}"]}</arg>
<arg>${text}</arg>
<doc>Makes a variable available globally in all tests and suites.</doc>
<msg timestamp="20240105 17:38:23.503" level="INFO">${STATE["Mật khẩu"]} = 123123</msg>
<status status="PASS" starttime="20240105 17:38:23.503" endtime="20240105 17:38:23.503"/>
</kw>
<status status="PASS" starttime="20240105 17:38:23.502" endtime="20240105 17:38:23.503"/>
</branch>
<status status="PASS" starttime="20240105 17:38:23.502" endtime="20240105 17:38:23.503"/>
</if>
<status status="PASS" starttime="20240105 17:38:23.384" endtime="20240105 17:38:23.503"/>
</kw>
<kw name="Click &quot;Đăng nhập&quot; button" library="common" sourcename="Click &quot;${text}&quot; button">
<kw name="Click" library="Browser">
<arg>xpath=//button[@title="${text}"]</arg>
<tag>PageContent</tag>
<tag>Setter</tag>
<doc>Simulates mouse click on the element found by ``selector``.</doc>
<status status="PASS" starttime="20240105 17:38:23.504" endtime="20240105 17:38:23.620"/>
</kw>
<kw name="Click Confirm To Action" library="common">
<kw name="Set Variable" library="BuiltIn">
<var>${element}</var>
<arg>xpath=//*[contains(@class, "ant-popover")]//*[contains(@class, "ant-btn-primary")]</arg>
<doc>Returns the given values which can then be assigned to a variables.</doc>
<msg timestamp="20240105 17:38:23.620" level="INFO">${element} = xpath=//*[contains(@class, "ant-popover")]//*[contains(@class, "ant-btn-primary")]</msg>
<status status="PASS" starttime="20240105 17:38:23.620" endtime="20240105 17:38:23.620"/>
</kw>
<kw name="Get Element Count" library="Browser">
<var>${count}</var>
<arg>${element}</arg>
<tag>Assertion</tag>
<tag>Getter</tag>
<tag>PageContent</tag>
<doc>Returns the count of elements found with ``selector``.</doc>
<msg timestamp="20240105 17:38:23.635" level="INFO">${count} = 0</msg>
<status status="PASS" starttime="20240105 17:38:23.620" endtime="20240105 17:38:23.635"/>
</kw>
<if>
<branch type="IF" condition="${count} &gt; 0">
<kw name="Click" library="Browser">
<arg>${element}</arg>
<tag>PageContent</tag>
<tag>Setter</tag>
<doc>Simulates mouse click on the element found by ``selector``.</doc>
<status status="NOT RUN" starttime="20240105 17:38:23.635" endtime="20240105 17:38:23.635"/>
</kw>
<kw name="Sleep" library="BuiltIn">
<arg>${SHOULD_TIMEOUT}</arg>
<doc>Pauses the test executed for the given time.</doc>
<status status="NOT RUN" starttime="20240105 17:38:23.635" endtime="20240105 17:38:23.635"/>
</kw>
<status status="NOT RUN" starttime="20240105 17:38:23.635" endtime="20240105 17:38:23.635"/>
</branch>
<status status="PASS" starttime="20240105 17:38:23.635" endtime="20240105 17:38:23.635"/>
</if>
<status status="PASS" starttime="20240105 17:38:23.620" endtime="20240105 17:38:23.635"/>
</kw>
<kw name="Scroll By" library="Browser">
<arg>${None}</arg>
<tag>PageContent</tag>
<tag>Setter</tag>
<doc>Scrolls an element or the page relative from current position by the given values.</doc>
<msg timestamp="20240105 17:38:23.651" level="INFO">JavaScript executed successfully.</msg>
<msg timestamp="20240105 17:38:23.651" level="INFO">JavaScript executed successfully.</msg>
<msg timestamp="20240105 17:38:23.651" level="INFO">JavaScript executed successfully.</msg>
<msg timestamp="20240105 17:38:23.651" level="INFO">JavaScript executed successfully.</msg>
<msg timestamp="20240105 17:38:23.668" level="INFO">JavaScript executed successfully.</msg>
<status status="PASS" starttime="20240105 17:38:23.635" endtime="20240105 17:38:23.668"/>
</kw>
<status status="PASS" starttime="20240105 17:38:23.504" endtime="20240105 17:38:23.668"/>
</kw>
<kw name="User look message &quot;Success&quot; popup" library="common" sourcename="User look message &quot;${message}&quot; popup">
<kw name="Get Regexp Matches" library="String">
<var>${contains}</var>
<arg>${message}</arg>
<arg>_@(.+)@_</arg>
<arg>1</arg>
<doc>Returns a list of all non-overlapping matches in the given string.</doc>
<msg timestamp="20240105 17:38:23.668" level="INFO">${contains} = []</msg>
<status status="PASS" starttime="20240105 17:38:23.668" endtime="20240105 17:38:23.668"/>
</kw>
<kw name="Get Length" library="BuiltIn">
<var>${cnt}</var>
<arg>${contains}</arg>
<doc>Returns and logs the length of the given item as an integer.</doc>
<msg timestamp="20240105 17:38:23.668" level="INFO">Length is 0</msg>
<msg timestamp="20240105 17:38:23.668" level="INFO">${cnt} = 0</msg>
<status status="PASS" starttime="20240105 17:38:23.668" endtime="20240105 17:38:23.668"/>
</kw>
<if>
<branch type="IF" condition="${cnt} &gt; 0">
<kw name="Replace String" library="String">
<var>${message}</var>
<arg>${message}</arg>
<arg>_@${contains[0]}@_</arg>
<arg>${STATE["${contains[0]}"]}</arg>
<doc>Replaces ``search_for`` in the given ``string`` with ``replace_with``.</doc>
<status status="NOT RUN" starttime="20240105 17:38:23.668" endtime="20240105 17:38:23.668"/>
</kw>
<status status="NOT RUN" starttime="20240105 17:38:23.668" endtime="20240105 17:38:23.668"/>
</branch>
<status status="PASS" starttime="20240105 17:38:23.668" endtime="20240105 17:38:23.668"/>
</if>
<kw name="Wait Until Element Is Visible" library="common">
<arg>id=swal2-html-container</arg>
<kw name="Wait For Elements State" library="Browser">
<arg>${locator}</arg>
<arg>visible</arg>
<arg>${timeout}</arg>
<arg>${message}</arg>
<tag>PageContent</tag>
<tag>Wait</tag>
<doc>Waits for the element found by ``selector`` to satisfy state option.</doc>
<msg timestamp="20240105 17:38:23.795" level="INFO">Waited for Element with selector id=swal2-html-container at state visible</msg>
<status status="PASS" starttime="20240105 17:38:23.668" endtime="20240105 17:38:23.795"/>
</kw>
<status status="PASS" starttime="20240105 17:38:23.668" endtime="20240105 17:38:23.795"/>
</kw>
<kw name="Element Text Should Be" library="common">
<arg>id=swal2-html-container</arg>
<arg>${message}</arg>
<kw name="Get Text" library="Browser">
<arg>${locator}</arg>
<arg>equal</arg>
<arg>${expected}</arg>
<arg>${message}</arg>
<tag>Assertion</tag>
<tag>Getter</tag>
<tag>PageContent</tag>
<doc>Returns text attribute of the element found by ``selector``.</doc>
<msg timestamp="20240105 17:38:23.842" level="INFO">Text: 'Success'</msg>
<status status="PASS" starttime="20240105 17:38:23.795" endtime="20240105 17:38:23.842"/>
</kw>
<status status="PASS" starttime="20240105 17:38:23.795" endtime="20240105 17:38:23.843"/>
</kw>
<kw name="Set Variable" library="BuiltIn">
<var>${element}</var>
<arg>xpath=//*[contains(@class, "swal2-confirm")]</arg>
<doc>Returns the given values which can then be assigned to a variables.</doc>
<msg timestamp="20240105 17:38:23.844" level="INFO">${element} = xpath=//*[contains(@class, "swal2-confirm")]</msg>
<status status="PASS" starttime="20240105 17:38:23.843" endtime="20240105 17:38:23.844"/>
</kw>
<kw name="Run Keyword And Return Status" library="BuiltIn">
<var>${passed}</var>
<arg>Element Should Be Visible</arg>
<arg>${element}</arg>
<doc>Runs the given keyword with given arguments and returns the status as a Boolean value.</doc>
<kw name="Element Should Be Visible" library="common">
<arg>${element}</arg>
<kw name="Wait For Elements State" library="Browser">
<arg>${locator}</arg>
<arg>visible</arg>
<arg>${timeout}</arg>
<arg>${message}</arg>
<tag>PageContent</tag>
<tag>Wait</tag>
<doc>Waits for the element found by ``selector`` to satisfy state option.</doc>
<msg timestamp="20240105 17:38:24.146" level="INFO" html="true">&lt;/td&gt;&lt;/tr&gt;&lt;tr&gt;&lt;td colspan="3"&gt;&lt;a href="browser/screenshot/fail-screenshot-1.png" target="_blank"&gt;&lt;img src="browser/screenshot/fail-screenshot-1.png" width="800px"/&gt;&lt;/a&gt;</msg>
<msg timestamp="20240105 17:38:24.146" level="INFO">See also file:///D:/AutomationTest/test/playwright-log.txt for additional details.</msg>
<msg timestamp="20240105 17:38:24.146" level="FAIL">TimeoutError: locator.waitFor: Timeout 100ms exceeded.
=========================== logs ===========================
waiting for locator('xpath=//*[contains(@class, "swal2-confirm")]') to be visible
  locator resolved to hidden &lt;button type="button" aria-label="" class="swal2-confirm…&gt;OK&lt;/button&gt;
  locator resolved to hidden &lt;button type="button" aria-label="" class="swal2-confirm…&gt;OK&lt;/button&gt;
============================================================
Tip: Use "Set Browser Timeout" for increasing the timeout or double check your locator as the targeted element(s) couldn't be found.</msg>
<status status="FAIL" starttime="20240105 17:38:23.844" endtime="20240105 17:38:24.146"/>
</kw>
<status status="FAIL" starttime="20240105 17:38:23.844" endtime="20240105 17:38:24.146"/>
</kw>
<msg timestamp="20240105 17:38:24.146" level="INFO">${passed} = False</msg>
<status status="PASS" starttime="20240105 17:38:23.844" endtime="20240105 17:38:24.146"/>
</kw>
<if>
<branch type="IF" condition="'${passed}' == 'True'">
<kw name="Click" library="Browser">
<arg>${element}</arg>
<tag>PageContent</tag>
<tag>Setter</tag>
<doc>Simulates mouse click on the element found by ``selector``.</doc>
<status status="NOT RUN" starttime="20240105 17:38:24.146" endtime="20240105 17:38:24.146"/>
</kw>
<status status="NOT RUN" starttime="20240105 17:38:24.146" endtime="20240105 17:38:24.146"/>
</branch>
<status status="PASS" starttime="20240105 17:38:24.146" endtime="20240105 17:38:24.146"/>
</if>
<status status="PASS" starttime="20240105 17:38:23.668" endtime="20240105 17:38:24.146"/>
</kw>
<status status="PASS" starttime="20240105 17:38:23.009" endtime="20240105 17:38:24.146"/>
</kw>
<kw name="When Click &quot;QUẢN LÝ DANH MỤC&quot; menu" library="common" sourcename="Click &quot;${text}&quot; menu">
<kw name="Click" library="Browser">
<arg>xpath=//li[contains(@class, "menu") and descendant::span[contains(text(), "${text}")]]</arg>
<tag>PageContent</tag>
<tag>Setter</tag>
<doc>Simulates mouse click on the element found by ``selector``.</doc>
<status status="PASS" starttime="20240105 17:38:24.146" endtime="20240105 17:38:25.727"/>
</kw>
<status status="PASS" starttime="20240105 17:38:24.146" endtime="20240105 17:38:25.727"/>
</kw>
<kw name="When Click &quot;Danh mục&quot; sub menu to &quot;/code-types&quot;" library="common" sourcename="Click &quot;${text}&quot; sub menu to &quot;${url}&quot;">
<kw name="Wait Until Element Spin" library="common">
<kw name="Sleep" library="BuiltIn">
<arg>${SHOULD_TIMEOUT}</arg>
<doc>Pauses the test executed for the given time.</doc>
<msg timestamp="20240105 17:38:25.827" level="INFO">Slept 100 milliseconds</msg>
<status status="PASS" starttime="20240105 17:38:25.727" endtime="20240105 17:38:25.827"/>
</kw>
<kw name="Set Variable" library="BuiltIn">
<var>${element}</var>
<arg>xpath=//*[contains(@class, "ant-spin-spinning")]</arg>
<doc>Returns the given values which can then be assigned to a variables.</doc>
<msg timestamp="20240105 17:38:25.830" level="INFO">${element} = xpath=//*[contains(@class, "ant-spin-spinning")]</msg>
<status status="PASS" starttime="20240105 17:38:25.828" endtime="20240105 17:38:25.830"/>
</kw>
<kw name="Get Element Count" library="Browser">
<var>${count}</var>
<arg>${element}</arg>
<tag>Assertion</tag>
<tag>Getter</tag>
<tag>PageContent</tag>
<doc>Returns the count of elements found with ``selector``.</doc>
<msg timestamp="20240105 17:38:25.832" level="INFO">${count} = 0</msg>
<status status="PASS" starttime="20240105 17:38:25.830" endtime="20240105 17:38:25.832"/>
</kw>
<if>
<branch type="IF" condition="${count} &gt; 0">
<kw name="Wait Until Page Does Not Contain Element" library="common">
<arg>${element}</arg>
<status status="NOT RUN" starttime="20240105 17:38:25.832" endtime="20240105 17:38:25.832"/>
</kw>
<status status="NOT RUN" starttime="20240105 17:38:25.832" endtime="20240105 17:38:25.832"/>
</branch>
<status status="PASS" starttime="20240105 17:38:25.832" endtime="20240105 17:38:25.832"/>
</if>
<status status="PASS" starttime="20240105 17:38:25.727" endtime="20240105 17:38:25.832"/>
</kw>
<kw name="Click" library="Browser">
<arg>xpath=//a[contains(@class, "sub-menu") and descendant::span[contains(text(), "${text}")]]</arg>
<tag>PageContent</tag>
<tag>Setter</tag>
<doc>Simulates mouse click on the element found by ``selector``.</doc>
<status status="PASS" starttime="20240105 17:38:25.832" endtime="20240105 17:38:25.984"/>
</kw>
<kw name="Get Url" library="Browser">
<var>${curent_url}</var>
<tag>Assertion</tag>
<tag>Getter</tag>
<tag>PageContent</tag>
<doc>Returns the current URL.</doc>
<msg timestamp="20240105 17:38:25.988" level="INFO">${curent_url} = http://dev1.geneat.vn:7802/#/vn/code-types?filter=%7B%22type%22:%22MEDICAL_PROCEDURE_GROUP%22%7D</msg>
<status status="PASS" starttime="20240105 17:38:25.984" endtime="20240105 17:38:25.988"/>
</kw>
<kw name="Should Contain" library="BuiltIn">
<arg>${curent_url}</arg>
<arg>${URL_DEFAULT}${url}</arg>
<doc>Fails if ``container`` does not contain ``item`` one or more times.</doc>
<status status="PASS" starttime="20240105 17:38:25.988" endtime="20240105 17:38:25.989"/>
</kw>
<status status="PASS" starttime="20240105 17:38:25.727" endtime="20240105 17:38:25.989"/>
</kw>
<kw name="Then Confirm locating exactly in &quot;Danh mục&quot; page" library="common" sourcename="Confirm locating exactly in &quot;${name}&quot; page">
<kw name="Wait Until Element Spin" library="common">
<kw name="Sleep" library="BuiltIn">
<arg>${SHOULD_TIMEOUT}</arg>
<doc>Pauses the test executed for the given time.</doc>
<msg timestamp="20240105 17:38:26.092" level="INFO">Slept 100 milliseconds</msg>
<status status="PASS" starttime="20240105 17:38:25.991" endtime="20240105 17:38:26.094"/>
</kw>
<kw name="Set Variable" library="BuiltIn">
<var>${element}</var>
<arg>xpath=//*[contains(@class, "ant-spin-spinning")]</arg>
<doc>Returns the given values which can then be assigned to a variables.</doc>
<msg timestamp="20240105 17:38:26.095" level="INFO">${element} = xpath=//*[contains(@class, "ant-spin-spinning")]</msg>
<status status="PASS" starttime="20240105 17:38:26.095" endtime="20240105 17:38:26.095"/>
</kw>
<kw name="Get Element Count" library="Browser">
<var>${count}</var>
<arg>${element}</arg>
<tag>Assertion</tag>
<tag>Getter</tag>
<tag>PageContent</tag>
<doc>Returns the count of elements found with ``selector``.</doc>
<msg timestamp="20240105 17:38:26.106" level="INFO">${count} = 0</msg>
<status status="PASS" starttime="20240105 17:38:26.096" endtime="20240105 17:38:26.107"/>
</kw>
<if>
<branch type="IF" condition="${count} &gt; 0">
<kw name="Wait Until Page Does Not Contain Element" library="common">
<arg>${element}</arg>
<status status="NOT RUN" starttime="20240105 17:38:26.108" endtime="20240105 17:38:26.108"/>
</kw>
<status status="NOT RUN" starttime="20240105 17:38:26.107" endtime="20240105 17:38:26.108"/>
</branch>
<status status="PASS" starttime="20240105 17:38:26.107" endtime="20240105 17:38:26.108"/>
</if>
<status status="PASS" starttime="20240105 17:38:25.990" endtime="20240105 17:38:26.108"/>
</kw>
<kw name="Get Element Count" library="Browser">
<var>${cnt}</var>
<arg>//header//span[contains(text(),"${name}")]</arg>
<tag>Assertion</tag>
<tag>Getter</tag>
<tag>PageContent</tag>
<doc>Returns the count of elements found with ``selector``.</doc>
<msg timestamp="20240105 17:38:26.124" level="INFO">${cnt} = 1</msg>
<status status="PASS" starttime="20240105 17:38:26.109" endtime="20240105 17:38:26.124"/>
</kw>
<kw name="Should Be True" library="BuiltIn">
<arg>${cnt} &gt; 0</arg>
<doc>Fails if the given condition is not true.</doc>
<status status="PASS" starttime="20240105 17:38:26.126" endtime="20240105 17:38:26.128"/>
</kw>
<status status="PASS" starttime="20240105 17:38:25.990" endtime="20240105 17:38:26.129"/>
</kw>
<kw name="Then Heading of separated group should contain &quot;Loại danh mục&quot; inner Text" library="common" sourcename="Heading of separated group should contain &quot;${text}&quot; inner Text">
<kw name="Get Text" library="Browser">
<var>${actual_text}</var>
<arg>//div[contains(@class,'h-14')]//span[contains(text(),"${text}")]</arg>
<tag>Assertion</tag>
<tag>Getter</tag>
<tag>PageContent</tag>
<doc>Returns text attribute of the element found by ``selector``.</doc>
<msg timestamp="20240105 17:38:26.173" level="INFO">Text: 'Loại danh mục'</msg>
<msg timestamp="20240105 17:38:26.173" level="INFO">${actual_text} = Loại danh mục</msg>
<status status="PASS" starttime="20240105 17:38:26.135" endtime="20240105 17:38:26.173"/>
</kw>
<kw name="Should Contain" library="BuiltIn">
<arg>${text}</arg>
<arg>${actual_text}</arg>
<doc>Fails if ``container`` does not contain ``item`` one or more times.</doc>
<status status="PASS" starttime="20240105 17:38:26.173" endtime="20240105 17:38:26.174"/>
</kw>
<status status="PASS" starttime="20240105 17:38:26.132" endtime="20240105 17:38:26.174"/>
</kw>
<kw name="Then &quot;Nhóm thủ thuật&quot; should be visible in item line" library="common" sourcename="&quot;${name}&quot; should be visible in item line">
<kw name="Wait Until Element Spin" library="common">
<kw name="Sleep" library="BuiltIn">
<arg>${SHOULD_TIMEOUT}</arg>
<doc>Pauses the test executed for the given time.</doc>
<msg timestamp="20240105 17:38:26.282" level="INFO">Slept 100 milliseconds</msg>
<status status="PASS" starttime="20240105 17:38:26.180" endtime="20240105 17:38:26.282"/>
</kw>
<kw name="Set Variable" library="BuiltIn">
<var>${element}</var>
<arg>xpath=//*[contains(@class, "ant-spin-spinning")]</arg>
<doc>Returns the given values which can then be assigned to a variables.</doc>
<msg timestamp="20240105 17:38:26.282" level="INFO">${element} = xpath=//*[contains(@class, "ant-spin-spinning")]</msg>
<status status="PASS" starttime="20240105 17:38:26.282" endtime="20240105 17:38:26.282"/>
</kw>
<kw name="Get Element Count" library="Browser">
<var>${count}</var>
<arg>${element}</arg>
<tag>Assertion</tag>
<tag>Getter</tag>
<tag>PageContent</tag>
<doc>Returns the count of elements found with ``selector``.</doc>
<msg timestamp="20240105 17:38:26.286" level="INFO">${count} = 0</msg>
<status status="PASS" starttime="20240105 17:38:26.282" endtime="20240105 17:38:26.286"/>
</kw>
<if>
<branch type="IF" condition="${count} &gt; 0">
<kw name="Wait Until Page Does Not Contain Element" library="common">
<arg>${element}</arg>
<status status="NOT RUN" starttime="20240105 17:38:26.286" endtime="20240105 17:38:26.286"/>
</kw>
<status status="NOT RUN" starttime="20240105 17:38:26.286" endtime="20240105 17:38:26.286"/>
</branch>
<status status="PASS" starttime="20240105 17:38:26.286" endtime="20240105 17:38:26.286"/>
</if>
<status status="PASS" starttime="20240105 17:38:26.179" endtime="20240105 17:38:26.286"/>
</kw>
<kw name="Check Text" library="common">
<var>${name}</var>
<arg>${name}</arg>
<kw name="Get Regexp Matches" library="String">
<var>${containsS}</var>
<arg>${text}</arg>
<arg>_@(.+)@_</arg>
<arg>1</arg>
<doc>Returns a list of all non-overlapping matches in the given string.</doc>
<msg timestamp="20240105 17:38:26.292" level="INFO">${containsS} = []</msg>
<status status="PASS" starttime="20240105 17:38:26.291" endtime="20240105 17:38:26.292"/>
</kw>
<kw name="Get Length" library="BuiltIn">
<var>${cntS}</var>
<arg>${containsS}</arg>
<doc>Returns and logs the length of the given item as an integer.</doc>
<msg timestamp="20240105 17:38:26.292" level="INFO">Length is 0</msg>
<msg timestamp="20240105 17:38:26.292" level="INFO">${cntS} = 0</msg>
<status status="PASS" starttime="20240105 17:38:26.292" endtime="20240105 17:38:26.292"/>
</kw>
<if>
<branch type="IF" condition="${cntS} &gt; 0">
<kw name="Set Variable" library="BuiltIn">
<var>${text}</var>
<arg>${STATE["${containsS[0]}"]}</arg>
<doc>Returns the given values which can then be assigned to a variables.</doc>
<status status="NOT RUN" starttime="20240105 17:38:26.292" endtime="20240105 17:38:26.292"/>
</kw>
<status status="NOT RUN" starttime="20240105 17:38:26.292" endtime="20240105 17:38:26.292"/>
</branch>
<status status="PASS" starttime="20240105 17:38:26.292" endtime="20240105 17:38:26.292"/>
</if>
<msg timestamp="20240105 17:38:26.292" level="INFO">${name} = Nhóm thủ thuật</msg>
<status status="PASS" starttime="20240105 17:38:26.286" endtime="20240105 17:38:26.292"/>
</kw>
<kw name="Get Text" library="Browser">
<var>${text}</var>
<arg>//span[contains(text(),"${name}")]//ancestor::button</arg>
<tag>Assertion</tag>
<tag>Getter</tag>
<tag>PageContent</tag>
<doc>Returns text attribute of the element found by ``selector``.</doc>
<msg timestamp="20240105 17:38:26.371" level="INFO">Text: '1. Nhóm thủ thuật'</msg>
<msg timestamp="20240105 17:38:26.376" level="INFO">${text} = 1. Nhóm thủ thuật</msg>
<status status="PASS" starttime="20240105 17:38:26.292" endtime="20240105 17:38:26.376"/>
</kw>
<kw name="Should Contain" library="BuiltIn">
<arg>${text}</arg>
<arg>${name}</arg>
<doc>Fails if ``container`` does not contain ``item`` one or more times.</doc>
<status status="PASS" starttime="20240105 17:38:26.379" endtime="20240105 17:38:26.379"/>
</kw>
<status status="PASS" starttime="20240105 17:38:26.176" endtime="20240105 17:38:26.379"/>
</kw>
<kw name="Then &quot;Độ khó&quot; should be visible in item line" library="common" sourcename="&quot;${name}&quot; should be visible in item line">
<kw name="Wait Until Element Spin" library="common">
<kw name="Sleep" library="BuiltIn">
<arg>${SHOULD_TIMEOUT}</arg>
<doc>Pauses the test executed for the given time.</doc>
<msg timestamp="20240105 17:38:26.495" level="INFO">Slept 100 milliseconds</msg>
<status status="PASS" starttime="20240105 17:38:26.393" endtime="20240105 17:38:26.497"/>
</kw>
<kw name="Set Variable" library="BuiltIn">
<var>${element}</var>
<arg>xpath=//*[contains(@class, "ant-spin-spinning")]</arg>
<doc>Returns the given values which can then be assigned to a variables.</doc>
<msg timestamp="20240105 17:38:26.500" level="INFO">${element} = xpath=//*[contains(@class, "ant-spin-spinning")]</msg>
<status status="PASS" starttime="20240105 17:38:26.499" endtime="20240105 17:38:26.500"/>
</kw>
<kw name="Get Element Count" library="Browser">
<var>${count}</var>
<arg>${element}</arg>
<tag>Assertion</tag>
<tag>Getter</tag>
<tag>PageContent</tag>
<doc>Returns the count of elements found with ``selector``.</doc>
<msg timestamp="20240105 17:38:26.506" level="INFO">${count} = 0</msg>
<status status="PASS" starttime="20240105 17:38:26.500" endtime="20240105 17:38:26.506"/>
</kw>
<if>
<branch type="IF" condition="${count} &gt; 0">
<kw name="Wait Until Page Does Not Contain Element" library="common">
<arg>${element}</arg>
<status status="NOT RUN" starttime="20240105 17:38:26.506" endtime="20240105 17:38:26.506"/>
</kw>
<status status="NOT RUN" starttime="20240105 17:38:26.506" endtime="20240105 17:38:26.507"/>
</branch>
<status status="PASS" starttime="20240105 17:38:26.506" endtime="20240105 17:38:26.507"/>
</if>
<status status="PASS" starttime="20240105 17:38:26.379" endtime="20240105 17:38:26.507"/>
</kw>
<kw name="Check Text" library="common">
<var>${name}</var>
<arg>${name}</arg>
<kw name="Get Regexp Matches" library="String">
<var>${containsS}</var>
<arg>${text}</arg>
<arg>_@(.+)@_</arg>
<arg>1</arg>
<doc>Returns a list of all non-overlapping matches in the given string.</doc>
<msg timestamp="20240105 17:38:26.508" level="INFO">${containsS} = []</msg>
<status status="PASS" starttime="20240105 17:38:26.507" endtime="20240105 17:38:26.508"/>
</kw>
<kw name="Get Length" library="BuiltIn">
<var>${cntS}</var>
<arg>${containsS}</arg>
<doc>Returns and logs the length of the given item as an integer.</doc>
<msg timestamp="20240105 17:38:26.510" level="INFO">Length is 0</msg>
<msg timestamp="20240105 17:38:26.510" level="INFO">${cntS} = 0</msg>
<status status="PASS" starttime="20240105 17:38:26.510" endtime="20240105 17:38:26.510"/>
</kw>
<if>
<branch type="IF" condition="${cntS} &gt; 0">
<kw name="Set Variable" library="BuiltIn">
<var>${text}</var>
<arg>${STATE["${containsS[0]}"]}</arg>
<doc>Returns the given values which can then be assigned to a variables.</doc>
<status status="NOT RUN" starttime="20240105 17:38:26.512" endtime="20240105 17:38:26.512"/>
</kw>
<status status="NOT RUN" starttime="20240105 17:38:26.512" endtime="20240105 17:38:26.512"/>
</branch>
<status status="PASS" starttime="20240105 17:38:26.512" endtime="20240105 17:38:26.512"/>
</if>
<msg timestamp="20240105 17:38:26.512" level="INFO">${name} = Độ khó</msg>
<status status="PASS" starttime="20240105 17:38:26.507" endtime="20240105 17:38:26.512"/>
</kw>
<kw name="Get Text" library="Browser">
<var>${text}</var>
<arg>//span[contains(text(),"${name}")]//ancestor::button</arg>
<tag>Assertion</tag>
<tag>Getter</tag>
<tag>PageContent</tag>
<doc>Returns text attribute of the element found by ``selector``.</doc>
<msg timestamp="20240105 17:38:26.535" level="INFO">Text: '2. Độ khó'</msg>
<msg timestamp="20240105 17:38:26.535" level="INFO">${text} = 2. Độ khó</msg>
<status status="PASS" starttime="20240105 17:38:26.512" endtime="20240105 17:38:26.535"/>
</kw>
<kw name="Should Contain" library="BuiltIn">
<arg>${text}</arg>
<arg>${name}</arg>
<doc>Fails if ``container`` does not contain ``item`` one or more times.</doc>
<status status="PASS" starttime="20240105 17:38:26.541" endtime="20240105 17:38:26.545"/>
</kw>
<status status="PASS" starttime="20240105 17:38:26.379" endtime="20240105 17:38:26.545"/>
</kw>
<kw name="Then &quot;Bằng cấp chuyên môn&quot; should be visible in item line" library="common" sourcename="&quot;${name}&quot; should be visible in item line">
<kw name="Wait Until Element Spin" library="common">
<kw name="Sleep" library="BuiltIn">
<arg>${SHOULD_TIMEOUT}</arg>
<doc>Pauses the test executed for the given time.</doc>
<msg timestamp="20240105 17:38:26.646" level="INFO">Slept 100 milliseconds</msg>
<status status="PASS" starttime="20240105 17:38:26.545" endtime="20240105 17:38:26.646"/>
</kw>
<kw name="Set Variable" library="BuiltIn">
<var>${element}</var>
<arg>xpath=//*[contains(@class, "ant-spin-spinning")]</arg>
<doc>Returns the given values which can then be assigned to a variables.</doc>
<msg timestamp="20240105 17:38:26.647" level="INFO">${element} = xpath=//*[contains(@class, "ant-spin-spinning")]</msg>
<status status="PASS" starttime="20240105 17:38:26.647" endtime="20240105 17:38:26.647"/>
</kw>
<kw name="Get Element Count" library="Browser">
<var>${count}</var>
<arg>${element}</arg>
<tag>Assertion</tag>
<tag>Getter</tag>
<tag>PageContent</tag>
<doc>Returns the count of elements found with ``selector``.</doc>
<msg timestamp="20240105 17:38:26.656" level="INFO">${count} = 0</msg>
<status status="PASS" starttime="20240105 17:38:26.648" endtime="20240105 17:38:26.656"/>
</kw>
<if>
<branch type="IF" condition="${count} &gt; 0">
<kw name="Wait Until Page Does Not Contain Element" library="common">
<arg>${element}</arg>
<status status="NOT RUN" starttime="20240105 17:38:26.657" endtime="20240105 17:38:26.658"/>
</kw>
<status status="NOT RUN" starttime="20240105 17:38:26.656" endtime="20240105 17:38:26.658"/>
</branch>
<status status="PASS" starttime="20240105 17:38:26.656" endtime="20240105 17:38:26.658"/>
</if>
<status status="PASS" starttime="20240105 17:38:26.545" endtime="20240105 17:38:26.658"/>
</kw>
<kw name="Check Text" library="common">
<var>${name}</var>
<arg>${name}</arg>
<kw name="Get Regexp Matches" library="String">
<var>${containsS}</var>
<arg>${text}</arg>
<arg>_@(.+)@_</arg>
<arg>1</arg>
<doc>Returns a list of all non-overlapping matches in the given string.</doc>
<msg timestamp="20240105 17:38:26.659" level="INFO">${containsS} = []</msg>
<status status="PASS" starttime="20240105 17:38:26.658" endtime="20240105 17:38:26.659"/>
</kw>
<kw name="Get Length" library="BuiltIn">
<var>${cntS}</var>
<arg>${containsS}</arg>
<doc>Returns and logs the length of the given item as an integer.</doc>
<msg timestamp="20240105 17:38:26.659" level="INFO">Length is 0</msg>
<msg timestamp="20240105 17:38:26.659" level="INFO">${cntS} = 0</msg>
<status status="PASS" starttime="20240105 17:38:26.659" endtime="20240105 17:38:26.659"/>
</kw>
<if>
<branch type="IF" condition="${cntS} &gt; 0">
<kw name="Set Variable" library="BuiltIn">
<var>${text}</var>
<arg>${STATE["${containsS[0]}"]}</arg>
<doc>Returns the given values which can then be assigned to a variables.</doc>
<status status="NOT RUN" starttime="20240105 17:38:26.659" endtime="20240105 17:38:26.659"/>
</kw>
<status status="NOT RUN" starttime="20240105 17:38:26.659" endtime="20240105 17:38:26.659"/>
</branch>
<status status="PASS" starttime="20240105 17:38:26.659" endtime="20240105 17:38:26.659"/>
</if>
<msg timestamp="20240105 17:38:26.659" level="INFO">${name} = Bằng cấp chuyên môn</msg>
<status status="PASS" starttime="20240105 17:38:26.658" endtime="20240105 17:38:26.659"/>
</kw>
<kw name="Get Text" library="Browser">
<var>${text}</var>
<arg>//span[contains(text(),"${name}")]//ancestor::button</arg>
<tag>Assertion</tag>
<tag>Getter</tag>
<tag>PageContent</tag>
<doc>Returns text attribute of the element found by ``selector``.</doc>
<msg timestamp="20240105 17:38:26.674" level="INFO">Text: '3. Bằng cấp chuyên môn'</msg>
<msg timestamp="20240105 17:38:26.674" level="INFO">${text} = 3. Bằng cấp chuyên môn</msg>
<status status="PASS" starttime="20240105 17:38:26.659" endtime="20240105 17:38:26.674"/>
</kw>
<kw name="Should Contain" library="BuiltIn">
<arg>${text}</arg>
<arg>${name}</arg>
<doc>Fails if ``container`` does not contain ``item`` one or more times.</doc>
<status status="PASS" starttime="20240105 17:38:26.674" endtime="20240105 17:38:26.674"/>
</kw>
<status status="PASS" starttime="20240105 17:38:26.545" endtime="20240105 17:38:26.674"/>
</kw>
<kw name="Then &quot;Số răng&quot; should be visible in item line" library="common" sourcename="&quot;${name}&quot; should be visible in item line">
<kw name="Wait Until Element Spin" library="common">
<kw name="Sleep" library="BuiltIn">
<arg>${SHOULD_TIMEOUT}</arg>
<doc>Pauses the test executed for the given time.</doc>
<msg timestamp="20240105 17:38:26.775" level="INFO">Slept 100 milliseconds</msg>
<status status="PASS" starttime="20240105 17:38:26.674" endtime="20240105 17:38:26.775"/>
</kw>
<kw name="Set Variable" library="BuiltIn">
<var>${element}</var>
<arg>xpath=//*[contains(@class, "ant-spin-spinning")]</arg>
<doc>Returns the given values which can then be assigned to a variables.</doc>
<msg timestamp="20240105 17:38:26.777" level="INFO">${element} = xpath=//*[contains(@class, "ant-spin-spinning")]</msg>
<status status="PASS" starttime="20240105 17:38:26.776" endtime="20240105 17:38:26.777"/>
</kw>
<kw name="Get Element Count" library="Browser">
<var>${count}</var>
<arg>${element}</arg>
<tag>Assertion</tag>
<tag>Getter</tag>
<tag>PageContent</tag>
<doc>Returns the count of elements found with ``selector``.</doc>
<msg timestamp="20240105 17:38:26.788" level="INFO">${count} = 0</msg>
<status status="PASS" starttime="20240105 17:38:26.777" endtime="20240105 17:38:26.788"/>
</kw>
<if>
<branch type="IF" condition="${count} &gt; 0">
<kw name="Wait Until Page Does Not Contain Element" library="common">
<arg>${element}</arg>
<status status="NOT RUN" starttime="20240105 17:38:26.790" endtime="20240105 17:38:26.790"/>
</kw>
<status status="NOT RUN" starttime="20240105 17:38:26.789" endtime="20240105 17:38:26.790"/>
</branch>
<status status="PASS" starttime="20240105 17:38:26.789" endtime="20240105 17:38:26.791"/>
</if>
<status status="PASS" starttime="20240105 17:38:26.674" endtime="20240105 17:38:26.791"/>
</kw>
<kw name="Check Text" library="common">
<var>${name}</var>
<arg>${name}</arg>
<kw name="Get Regexp Matches" library="String">
<var>${containsS}</var>
<arg>${text}</arg>
<arg>_@(.+)@_</arg>
<arg>1</arg>
<doc>Returns a list of all non-overlapping matches in the given string.</doc>
<msg timestamp="20240105 17:38:26.793" level="INFO">${containsS} = []</msg>
<status status="PASS" starttime="20240105 17:38:26.792" endtime="20240105 17:38:26.793"/>
</kw>
<kw name="Get Length" library="BuiltIn">
<var>${cntS}</var>
<arg>${containsS}</arg>
<doc>Returns and logs the length of the given item as an integer.</doc>
<msg timestamp="20240105 17:38:26.793" level="INFO">Length is 0</msg>
<msg timestamp="20240105 17:38:26.793" level="INFO">${cntS} = 0</msg>
<status status="PASS" starttime="20240105 17:38:26.793" endtime="20240105 17:38:26.793"/>
</kw>
<if>
<branch type="IF" condition="${cntS} &gt; 0">
<kw name="Set Variable" library="BuiltIn">
<var>${text}</var>
<arg>${STATE["${containsS[0]}"]}</arg>
<doc>Returns the given values which can then be assigned to a variables.</doc>
<status status="NOT RUN" starttime="20240105 17:38:26.793" endtime="20240105 17:38:26.793"/>
</kw>
<status status="NOT RUN" starttime="20240105 17:38:26.793" endtime="20240105 17:38:26.793"/>
</branch>
<status status="PASS" starttime="20240105 17:38:26.793" endtime="20240105 17:38:26.793"/>
</if>
<msg timestamp="20240105 17:38:26.793" level="INFO">${name} = Số răng</msg>
<status status="PASS" starttime="20240105 17:38:26.791" endtime="20240105 17:38:26.793"/>
</kw>
<kw name="Get Text" library="Browser">
<var>${text}</var>
<arg>//span[contains(text(),"${name}")]//ancestor::button</arg>
<tag>Assertion</tag>
<tag>Getter</tag>
<tag>PageContent</tag>
<doc>Returns text attribute of the element found by ``selector``.</doc>
<msg timestamp="20240105 17:38:26.812" level="INFO">Text: '4. Số răng'</msg>
<msg timestamp="20240105 17:38:26.812" level="INFO">${text} = 4. Số răng</msg>
<status status="PASS" starttime="20240105 17:38:26.793" endtime="20240105 17:38:26.812"/>
</kw>
<kw name="Should Contain" library="BuiltIn">
<arg>${text}</arg>
<arg>${name}</arg>
<doc>Fails if ``container`` does not contain ``item`` one or more times.</doc>
<status status="PASS" starttime="20240105 17:38:26.812" endtime="20240105 17:38:26.812"/>
</kw>
<status status="PASS" starttime="20240105 17:38:26.674" endtime="20240105 17:38:26.812"/>
</kw>
<kw name="Then Heading of separated group should contain &quot;Nhóm thủ thuật&quot; inner Text" library="common" sourcename="Heading of separated group should contain &quot;${text}&quot; inner Text">
<kw name="Get Text" library="Browser">
<var>${actual_text}</var>
<arg>//div[contains(@class,'h-14')]//span[contains(text(),"${text}")]</arg>
<tag>Assertion</tag>
<tag>Getter</tag>
<tag>PageContent</tag>
<doc>Returns text attribute of the element found by ``selector``.</doc>
<msg timestamp="20240105 17:38:26.857" level="INFO">Text: 'Nhóm thủ thuật'</msg>
<msg timestamp="20240105 17:38:26.857" level="INFO">${actual_text} = Nhóm thủ thuật</msg>
<status status="PASS" starttime="20240105 17:38:26.839" endtime="20240105 17:38:26.857"/>
</kw>
<kw name="Should Contain" library="BuiltIn">
<arg>${text}</arg>
<arg>${actual_text}</arg>
<doc>Fails if ``container`` does not contain ``item`` one or more times.</doc>
<status status="PASS" starttime="20240105 17:38:26.857" endtime="20240105 17:38:26.857"/>
</kw>
<status status="PASS" starttime="20240105 17:38:26.838" endtime="20240105 17:38:26.857"/>
</kw>
<kw name="Then Webpage should contains the search function" library="common">
<kw name="Get Element" library="Browser">
<var>${element}</var>
<arg>//*[contains(@class,'flex-col')]//label[contains(text(),"Tìm kiếm")]</arg>
<tag>Getter</tag>
<tag>PageContent</tag>
<doc>Returns a reference to a Playwright [https://playwright.dev/docs/api/class-locator|Locator].</doc>
<msg timestamp="20240105 17:38:26.857" level="INFO">Locator found successfully.</msg>
<msg timestamp="20240105 17:38:26.857" level="INFO">${element} = //*[contains(@class,'flex-col')]//label[contains(text(),"Tìm kiếm")]</msg>
<status status="PASS" starttime="20240105 17:38:26.857" endtime="20240105 17:38:26.857"/>
</kw>
<kw name="Get Element Count" library="Browser">
<var>${count}</var>
<arg>${element}</arg>
<tag>Assertion</tag>
<tag>Getter</tag>
<tag>PageContent</tag>
<doc>Returns the count of elements found with ``selector``.</doc>
<msg timestamp="20240105 17:38:26.873" level="INFO">${count} = 1</msg>
<status status="PASS" starttime="20240105 17:38:26.857" endtime="20240105 17:38:26.873"/>
</kw>
<kw name="Should Be True" library="BuiltIn">
<arg>${count} &gt;= 1</arg>
<doc>Fails if the given condition is not true.</doc>
<status status="PASS" starttime="20240105 17:38:26.873" endtime="20240105 17:38:26.873"/>
</kw>
<status status="PASS" starttime="20240105 17:38:26.857" endtime="20240105 17:38:26.873"/>
</kw>
<kw name="Then Webpage should contain &quot;Thêm mới&quot; button" library="common" sourcename="Webpage should contain &quot;${title}&quot; button">
<kw name="Get Text" library="Browser">
<var>${actual_title}</var>
<arg>//button[@title='${title}']</arg>
<tag>Assertion</tag>
<tag>Getter</tag>
<tag>PageContent</tag>
<doc>Returns text attribute of the element found by ``selector``.</doc>
<msg timestamp="20240105 17:38:26.887" level="INFO">Text: 'Thêm mới'</msg>
<msg timestamp="20240105 17:38:26.887" level="INFO">${actual_title} = Thêm mới</msg>
<status status="PASS" starttime="20240105 17:38:26.873" endtime="20240105 17:38:26.887"/>
</kw>
<status status="PASS" starttime="20240105 17:38:26.873" endtime="20240105 17:38:26.887"/>
</kw>
<kw name="Then Webpage should contains the list data from database" library="common">
<kw name="Get Element" library="Browser">
<var>${element}</var>
<arg>//div[contains(@class,'datatable-wrapper')]</arg>
<tag>Getter</tag>
<tag>PageContent</tag>
<doc>Returns a reference to a Playwright [https://playwright.dev/docs/api/class-locator|Locator].</doc>
<msg timestamp="20240105 17:38:26.905" level="INFO">Locator found successfully.</msg>
<msg timestamp="20240105 17:38:26.905" level="INFO">${element} = //div[contains(@class,'datatable-wrapper')]</msg>
<status status="PASS" starttime="20240105 17:38:26.887" endtime="20240105 17:38:26.905"/>
</kw>
<kw name="Get Element Count" library="Browser">
<var>${count}</var>
<arg>${element}</arg>
<tag>Assertion</tag>
<tag>Getter</tag>
<tag>PageContent</tag>
<doc>Returns the count of elements found with ``selector``.</doc>
<msg timestamp="20240105 17:38:26.914" level="INFO">${count} = 1</msg>
<status status="PASS" starttime="20240105 17:38:26.905" endtime="20240105 17:38:26.914"/>
</kw>
<if>
<branch type="IF" condition="${count} &gt; 0">
<kw name="Set Global Variable" library="BuiltIn">
<arg>\${STATE["${count}"]}</arg>
<arg>${count}</arg>
<doc>Makes a variable available globally in all tests and suites.</doc>
<msg timestamp="20240105 17:38:26.914" level="INFO">${STATE["1"]} = 1</msg>
<status status="PASS" starttime="20240105 17:38:26.914" endtime="20240105 17:38:26.914"/>
</kw>
<status status="PASS" starttime="20240105 17:38:26.914" endtime="20240105 17:38:26.914"/>
</branch>
<status status="PASS" starttime="20240105 17:38:26.914" endtime="20240105 17:38:26.914"/>
</if>
<status status="PASS" starttime="20240105 17:38:26.887" endtime="20240105 17:38:26.914"/>
</kw>
<kw name="Tear Down" library="common" type="TEARDOWN">
<kw name="Close Browser" library="Browser">
<arg>ALL</arg>
<tag>BrowserControl</tag>
<tag>Setter</tag>
<doc>Closes the current browser.</doc>
<msg timestamp="20240105 17:38:27.398" level="INFO">Closed all browsers</msg>
<status status="PASS" starttime="20240105 17:38:26.914" endtime="20240105 17:38:27.398"/>
</kw>
<status status="PASS" starttime="20240105 17:38:26.914" endtime="20240105 17:38:27.399"/>
</kw>
<status status="PASS" starttime="20240105 17:38:21.182" endtime="20240105 17:38:27.399"/>
</test>
<test id="s1-t2" name="CODE_02 Verify the function changing the number of data show in each list" line="28">
<kw name="Setup" library="common" type="SETUP">
<kw name="Set Browser Timeout" library="Browser">
<arg>${BROWSER_TIMEOUT}</arg>
<tag>Config</tag>
<tag>Setter</tag>
<doc>Sets the timeout used by most input and getter keywords.</doc>
<status status="PASS" starttime="20240105 17:38:27.409" endtime="20240105 17:38:27.411"/>
</kw>
<kw name="New Browser" library="Browser">
<arg>${BROWSER}</arg>
<arg>headless=${HEADLESS}</arg>
<tag>BrowserControl</tag>
<tag>Setter</tag>
<doc>Create a new playwright Browser with specified options.</doc>
<msg timestamp="20240105 17:38:27.411" level="INFO">{"browser": "chromium", "headless": false, "chromiumSandbox": false, "devtools": false, "handleSIGHUP": true, "handleSIGINT": true, "handleSIGTERM": true, "slowMo": 0.0, "timeout": 30000.0, "tracesDir": "D:\\AutomationTest\\test\\browser\\traces\\9a4f6f42-3510-4d14-8bd9-bd3010d5d737"}</msg>
<msg timestamp="20240105 17:38:27.823" level="INFO">Successfully created browser with options: {"browser":"chromium","headless":false,"chromiumSandbox":false,"devtools":false,"handleSIGHUP":true,"handleSIGINT":true,"handleSIGTERM":true,"slowMo":0,"timeout":30000,"tracesDir":"D:\\AutomationTest\\test\\browser\\traces\\9a4f6f42-3510-4d14-8bd9-bd3010d5d737"}</msg>
<status status="PASS" starttime="20240105 17:38:27.411" endtime="20240105 17:38:27.824"/>
</kw>
<kw name="New Page" library="Browser">
<arg>${URL_DEFAULT}</arg>
<tag>BrowserControl</tag>
<tag>Setter</tag>
<doc>Open a new Page.</doc>
<msg timestamp="20240105 17:38:29.387" level="INFO">Successfully initialized new page object and opened url: http://dev1.geneat.vn:7802/#/vn</msg>
<msg timestamp="20240105 17:38:29.403" level="INFO">No context was open. New context was automatically opened when this page is created.</msg>
<status status="PASS" starttime="20240105 17:38:27.825" endtime="20240105 17:38:29.403"/>
</kw>
<kw name="Evaluate" library="BuiltIn">
<var>${STATE}</var>
<arg>json.loads('''{}''')</arg>
<arg>json</arg>
<doc>Evaluates the given expression in Python and returns the result.</doc>
<msg timestamp="20240105 17:38:29.403" level="INFO">${STATE} = {}</msg>
<status status="PASS" starttime="20240105 17:38:29.403" endtime="20240105 17:38:29.403"/>
</kw>
<status status="PASS" starttime="20240105 17:38:27.408" endtime="20240105 17:38:29.403"/>
</kw>
<kw name="Go to &quot;Danh mục&quot; page" sourcename="Go to &quot;${page}&quot; page">
<kw name="Login to admin" library="common">
<kw name="Wait Until Element Spin" library="common">
<kw name="Sleep" library="BuiltIn">
<arg>${SHOULD_TIMEOUT}</arg>
<doc>Pauses the test executed for the given time.</doc>
<msg timestamp="20240105 17:38:29.503" level="INFO">Slept 100 milliseconds</msg>
<status status="PASS" starttime="20240105 17:38:29.403" endtime="20240105 17:38:29.504"/>
</kw>
<kw name="Set Variable" library="BuiltIn">
<var>${element}</var>
<arg>xpath=//*[contains(@class, "ant-spin-spinning")]</arg>
<doc>Returns the given values which can then be assigned to a variables.</doc>
<msg timestamp="20240105 17:38:29.505" level="INFO">${element} = xpath=//*[contains(@class, "ant-spin-spinning")]</msg>
<status status="PASS" starttime="20240105 17:38:29.504" endtime="20240105 17:38:29.506"/>
</kw>
<kw name="Get Element Count" library="Browser">
<var>${count}</var>
<arg>${element}</arg>
<tag>Assertion</tag>
<tag>Getter</tag>
<tag>PageContent</tag>
<doc>Returns the count of elements found with ``selector``.</doc>
<msg timestamp="20240105 17:38:29.537" level="INFO">${count} = 0</msg>
<status status="PASS" starttime="20240105 17:38:29.506" endtime="20240105 17:38:29.537"/>
</kw>
<if>
<branch type="IF" condition="${count} &gt; 0">
<kw name="Wait Until Page Does Not Contain Element" library="common">
<arg>${element}</arg>
<status status="NOT RUN" starttime="20240105 17:38:29.537" endtime="20240105 17:38:29.537"/>
</kw>
<status status="NOT RUN" starttime="20240105 17:38:29.537" endtime="20240105 17:38:29.537"/>
</branch>
<status status="PASS" starttime="20240105 17:38:29.537" endtime="20240105 17:38:29.537"/>
</if>
<status status="PASS" starttime="20240105 17:38:29.403" endtime="20240105 17:38:29.537"/>
</kw>
<kw name="Enter &quot;email&quot; in &quot;Email&quot; with &quot;admin@gmail.com&quot;" library="common" sourcename="Enter &quot;${type}&quot; in &quot;${name}&quot; with &quot;${text}&quot;">
<kw name="Get Random Text" library="common">
<var>${text}</var>
<arg>${type}</arg>
<arg>${text}</arg>
<kw name="Set Variable" library="BuiltIn">
<var>${symbol}</var>
<arg>_RANDOM_</arg>
<doc>Returns the given values which can then be assigned to a variables.</doc>
<msg timestamp="20240105 17:38:29.553" level="INFO">${symbol} = _RANDOM_</msg>
<status status="PASS" starttime="20240105 17:38:29.553" endtime="20240105 17:38:29.556"/>
</kw>
<kw name="Set Variable" library="BuiltIn">
<var>${new_text}</var>
<doc>Returns the given values which can then be assigned to a variables.</doc>
<msg timestamp="20240105 17:38:29.556" level="INFO">${new_text} = </msg>
<status status="PASS" starttime="20240105 17:38:29.556" endtime="20240105 17:38:29.556"/>
</kw>
<kw name="Get Regexp Matches" library="String">
<var>${containsS}</var>
<arg>${text}</arg>
<arg>_@(.+)@_</arg>
<arg>1</arg>
<doc>Returns a list of all non-overlapping matches in the given string.</doc>
<msg timestamp="20240105 17:38:29.563" level="INFO">${containsS} = []</msg>
<status status="PASS" starttime="20240105 17:38:29.562" endtime="20240105 17:38:29.563"/>
</kw>
<kw name="Get Length" library="BuiltIn">
<var>${cntS}</var>
<arg>${containsS}</arg>
<doc>Returns and logs the length of the given item as an integer.</doc>
<msg timestamp="20240105 17:38:29.563" level="INFO">Length is 0</msg>
<msg timestamp="20240105 17:38:29.563" level="INFO">${cntS} = 0</msg>
<status status="PASS" starttime="20240105 17:38:29.563" endtime="20240105 17:38:29.563"/>
</kw>
<kw name="Get Regexp Matches" library="String">
<var>${contains}</var>
<arg>${text}</arg>
<arg>${symbol}</arg>
<doc>Returns a list of all non-overlapping matches in the given string.</doc>
<msg timestamp="20240105 17:38:29.570" level="INFO">${contains} = []</msg>
<status status="PASS" starttime="20240105 17:38:29.566" endtime="20240105 17:38:29.570"/>
</kw>
<kw name="Get Length" library="BuiltIn">
<var>${cnt}</var>
<arg>${contains}</arg>
<doc>Returns and logs the length of the given item as an integer.</doc>
<msg timestamp="20240105 17:38:29.570" level="INFO">Length is 0</msg>
<msg timestamp="20240105 17:38:29.570" level="INFO">${cnt} = 0</msg>
<status status="PASS" starttime="20240105 17:38:29.570" endtime="20240105 17:38:29.570"/>
</kw>
<if>
<branch type="IF" condition="${cntS} &gt; 0">
<kw name="Set Variable" library="BuiltIn">
<var>${new_text}</var>
<arg>${STATE["${containsS[0]}"]}</arg>
<doc>Returns the given values which can then be assigned to a variables.</doc>
<status status="NOT RUN" starttime="20240105 17:38:29.570" endtime="20240105 17:38:29.570"/>
</kw>
<kw name="Set Variable" library="BuiltIn">
<var>${symbol}</var>
<arg>_@${containsS[0]}@_</arg>
<doc>Returns the given values which can then be assigned to a variables.</doc>
<status status="NOT RUN" starttime="20240105 17:38:29.570" endtime="20240105 17:38:29.570"/>
</kw>
<status status="NOT RUN" starttime="20240105 17:38:29.570" endtime="20240105 17:38:29.570"/>
</branch>
<branch type="ELSE IF" condition="${cnt} &gt; 0 and '${type}' == 'test name'">
<kw name="Sentence" library="FakerLibrary">
<var>${random}</var>
<arg>nb_words=3</arg>
<doc>Generate a sentence.</doc>
<status status="NOT RUN" starttime="20240105 17:38:29.570" endtime="20240105 17:38:29.570"/>
</kw>
<kw name="Split String" library="String">
<var>${words}</var>
<arg>${TEST NAME}</arg>
<arg>${SPACE}</arg>
<doc>Splits the ``string`` using ``separator`` as a delimiter string.</doc>
<status status="NOT RUN" starttime="20240105 17:38:29.570" endtime="20240105 17:38:29.570"/>
</kw>
<kw name="Set Variable" library="BuiltIn">
<var>${new_text}</var>
<arg>${words[0]} ${random}</arg>
<doc>Returns the given values which can then be assigned to a variables.</doc>
<status status="NOT RUN" starttime="20240105 17:38:29.570" endtime="20240105 17:38:29.585"/>
</kw>
<status status="NOT RUN" starttime="20240105 17:38:29.570" endtime="20240105 17:38:29.585"/>
</branch>
<branch type="ELSE IF" condition="${cnt} &gt; 0 and '${type}' == 'number'">
<kw name="Random Int" library="FakerLibrary">
<var>${new_text}</var>
<doc>Generate a random integer between two integers ``min`` and ``max`` inclusive
while observing the provided ``step`` value.</doc>
<status status="NOT RUN" starttime="20240105 17:38:29.585" endtime="20240105 17:38:29.585"/>
</kw>
<kw name="Convert To String" library="BuiltIn">
<var>${new_text}</var>
<arg>${new_text}</arg>
<doc>Converts the given item to a Unicode string.</doc>
<status status="NOT RUN" starttime="20240105 17:38:29.590" endtime="20240105 17:38:29.591"/>
</kw>
<status status="NOT RUN" starttime="20240105 17:38:29.585" endtime="20240105 17:38:29.591"/>
</branch>
<branch type="ELSE IF" condition="${cnt} &gt; 0 and '${type}' == 'percentage'">
<kw name="Random Int" library="FakerLibrary">
<var>${new_text}</var>
<arg>max=100</arg>
<doc>Generate a random integer between two integers ``min`` and ``max`` inclusive
while observing the provided ``step`` value.</doc>
<status status="NOT RUN" starttime="20240105 17:38:29.591" endtime="20240105 17:38:29.592"/>
</kw>
<kw name="Convert To String" library="BuiltIn">
<var>${new_text}</var>
<arg>${new_text}</arg>
<doc>Converts the given item to a Unicode string.</doc>
<status status="NOT RUN" starttime="20240105 17:38:29.592" endtime="20240105 17:38:29.592"/>
</kw>
<status status="NOT RUN" starttime="20240105 17:38:29.591" endtime="20240105 17:38:29.593"/>
</branch>
<branch type="ELSE IF" condition="${cnt} &gt; 0 and '${type}' == 'paragraph'">
<kw name="Paragraph" library="FakerLibrary">
<var>${new_text}</var>
<doc>Generate a paragraph.</doc>
<status status="NOT RUN" starttime="20240105 17:38:29.593" endtime="20240105 17:38:29.593"/>
</kw>
<status status="NOT RUN" starttime="20240105 17:38:29.593" endtime="20240105 17:38:29.593"/>
</branch>
<branch type="ELSE IF" condition="${cnt} &gt; 0 and '${type}' == 'email'">
<kw name="Email" library="FakerLibrary">
<var>${new_text}</var>
<status status="NOT RUN" starttime="20240105 17:38:29.594" endtime="20240105 17:38:29.594"/>
</kw>
<status status="NOT RUN" starttime="20240105 17:38:29.593" endtime="20240105 17:38:29.594"/>
</branch>
<branch type="ELSE IF" condition="${cnt} &gt; 0 and '${type}' == 'phone'">
<kw name="Random Int" library="FakerLibrary">
<var>${new_text}</var>
<arg>min=2000000000</arg>
<arg>max=9999999999</arg>
<doc>Generate a random integer between two integers ``min`` and ``max`` inclusive
while observing the provided ``step`` value.</doc>
<status status="NOT RUN" starttime="20240105 17:38:29.594" endtime="20240105 17:38:29.594"/>
</kw>
<kw name="Convert To String" library="BuiltIn">
<var>${new_text}</var>
<arg>${new_text}</arg>
<doc>Converts the given item to a Unicode string.</doc>
<status status="NOT RUN" starttime="20240105 17:38:29.594" endtime="20240105 17:38:29.594"/>
</kw>
[...]
</branch>
<branch type="ELSE IF" condition="${amountPage} &lt; 2">
<if>
<branch type="IF" condition="${current_number} &lt;= ${select_number}">
<kw name="Click" library="Browser">
<arg>${elmm}</arg>
<tag>PageContent</tag>
<tag>Setter</tag>
<doc>Simulates mouse click on the element found by ``selector``.</doc>
<status status="NOT RUN" starttime="20240105 17:38:44.311" endtime="20240105 17:38:44.312"/>
</kw>
<kw name="Click" library="Browser">
<arg>xpath=//nz-option-item[${select}]/div[contains(@class,'ant-select-item-option-content')]</arg>
<tag>PageContent</tag>
<tag>Setter</tag>
<doc>Simulates mouse click on the element found by ``selector``.</doc>
<status status="NOT RUN" starttime="20240105 17:38:44.312" endtime="20240105 17:38:44.313"/>
</kw>
<status status="NOT RUN" starttime="20240105 17:38:44.310" endtime="20240105 17:38:44.313"/>
</branch>
<branch type="ELSE IF" condition="${current_number} &gt; ${select_number}">
<kw name="Count the number account in list" library="common">
<var>${account_number}</var>
<status status="NOT RUN" starttime="20240105 17:38:44.314" endtime="20240105 17:38:44.315"/>
</kw>
<if>
<branch type="IF" condition="${account_number} &gt; ${select_number}">
<kw name="Evaluate" library="BuiltIn">
<var>${ordinal_before}</var>
<arg>${select_number} + 2</arg>
<doc>Evaluates the given expression in Python and returns the result.</doc>
<status status="NOT RUN" starttime="20240105 17:38:44.316" endtime="20240105 17:38:44.316"/>
</kw>
<kw name="Get Text" library="Browser">
<var>${name}</var>
<arg>//tbody//tr[${ordinal_before}]//button[contains(@title,"Chi tiết")]</arg>
<tag>Assertion</tag>
<tag>Getter</tag>
<tag>PageContent</tag>
<doc>Returns text attribute of the element found by ``selector``.</doc>
<status status="NOT RUN" starttime="20240105 17:38:44.317" endtime="20240105 17:38:44.317"/>
</kw>
<kw name="Click" library="Browser">
<arg>${elmm}</arg>
<tag>PageContent</tag>
<tag>Setter</tag>
<doc>Simulates mouse click on the element found by ``selector``.</doc>
<status status="NOT RUN" starttime="20240105 17:38:44.317" endtime="20240105 17:38:44.318"/>
</kw>
<kw name="Click" library="Browser">
<arg>xpath=//nz-option-item[${select}]/div[contains(@class,'ant-select-item-option-content')]</arg>
<tag>PageContent</tag>
<tag>Setter</tag>
<doc>Simulates mouse click on the element found by ``selector``.</doc>
<status status="NOT RUN" starttime="20240105 17:38:44.318" endtime="20240105 17:38:44.318"/>
</kw>
<kw name="Move to the &quot;next&quot; page" library="common" sourcename="Move to the &quot;${target}&quot; page">
<status status="NOT RUN" starttime="20240105 17:38:44.319" endtime="20240105 17:38:44.319"/>
</kw>
<kw name="Get the first account name" library="common">
<var>${nameS}</var>
<status status="NOT RUN" starttime="20240105 17:38:44.319" endtime="20240105 17:38:44.319"/>
</kw>
<kw name="Should Be Equal" library="BuiltIn">
<arg>${nameS}</arg>
<arg>${name}</arg>
<doc>Fails if the given objects are unequal.</doc>
<status status="NOT RUN" starttime="20240105 17:38:44.320" endtime="20240105 17:38:44.320"/>
</kw>
<kw name="Move to the &quot;previous&quot; page" library="common" sourcename="Move to the &quot;${target}&quot; page">
<status status="NOT RUN" starttime="20240105 17:38:44.320" endtime="20240105 17:38:44.320"/>
</kw>
<status status="NOT RUN" starttime="20240105 17:38:44.315" endtime="20240105 17:38:44.320"/>
</branch>
<branch type="ELSE IF" condition="${account_number} &lt;= ${select_number}">
<kw name="Click" library="Browser">
<arg>${elmm}</arg>
<tag>PageContent</tag>
<tag>Setter</tag>
<doc>Simulates mouse click on the element found by ``selector``.</doc>
<status status="NOT RUN" starttime="20240105 17:38:44.321" endtime="20240105 17:38:44.321"/>
</kw>
<kw name="Click" library="Browser">
<arg>xpath=//nz-option-item[${select}]/div[contains(@class,'ant-select-item-option-content')]</arg>
<tag>PageContent</tag>
<tag>Setter</tag>
<doc>Simulates mouse click on the element found by ``selector``.</doc>
<status status="NOT RUN" starttime="20240105 17:38:44.321" endtime="20240105 17:38:44.322"/>
</kw>
<status status="NOT RUN" starttime="20240105 17:38:44.321" endtime="20240105 17:38:44.322"/>
</branch>
<status status="NOT RUN" starttime="20240105 17:38:44.315" endtime="20240105 17:38:44.322"/>
</if>
<status status="NOT RUN" starttime="20240105 17:38:44.314" endtime="20240105 17:38:44.322"/>
</branch>
<status status="NOT RUN" starttime="20240105 17:38:44.310" endtime="20240105 17:38:44.322"/>
</if>
<status status="NOT RUN" starttime="20240105 17:38:44.309" endtime="20240105 17:38:44.322"/>
</branch>
<status status="PASS" starttime="20240105 17:38:43.233" endtime="20240105 17:38:44.323"/>
</if>
<kw name="Wait Until Element Spin" library="common">
<kw name="Sleep" library="BuiltIn">
<arg>${SHOULD_TIMEOUT}</arg>
<doc>Pauses the test executed for the given time.</doc>
<msg timestamp="20240105 17:38:44.423" level="INFO">Slept 100 milliseconds</msg>
<status status="PASS" starttime="20240105 17:38:44.323" endtime="20240105 17:38:44.423"/>
</kw>
<kw name="Set Variable" library="BuiltIn">
<var>${element}</var>
<arg>xpath=//*[contains(@class, "ant-spin-spinning")]</arg>
<doc>Returns the given values which can then be assigned to a variables.</doc>
<msg timestamp="20240105 17:38:44.427" level="INFO">${element} = xpath=//*[contains(@class, "ant-spin-spinning")]</msg>
<status status="PASS" starttime="20240105 17:38:44.425" endtime="20240105 17:38:44.427"/>
</kw>
<kw name="Get Element Count" library="Browser">
<var>${count}</var>
<arg>${element}</arg>
<tag>Assertion</tag>
<tag>Getter</tag>
<tag>PageContent</tag>
<doc>Returns the count of elements found with ``selector``.</doc>
<msg timestamp="20240105 17:38:44.440" level="INFO">${count} = 0</msg>
<status status="PASS" starttime="20240105 17:38:44.428" endtime="20240105 17:38:44.440"/>
</kw>
<if>
<branch type="IF" condition="${count} &gt; 0">
<kw name="Wait Until Page Does Not Contain Element" library="common">
<arg>${element}</arg>
<status status="NOT RUN" starttime="20240105 17:38:44.444" endtime="20240105 17:38:44.445"/>
</kw>
<status status="NOT RUN" starttime="20240105 17:38:44.441" endtime="20240105 17:38:44.446"/>
</branch>
<status status="PASS" starttime="20240105 17:38:44.441" endtime="20240105 17:38:44.446"/>
</if>
<status status="PASS" starttime="20240105 17:38:44.323" endtime="20240105 17:38:44.447"/>
</kw>
<status status="PASS" starttime="20240105 17:38:42.906" endtime="20240105 17:38:44.447"/>
</kw>
<kw name="Tear Down" library="common" type="TEARDOWN">
<kw name="Close Browser" library="Browser">
<arg>ALL</arg>
<tag>BrowserControl</tag>
<tag>Setter</tag>
<doc>Closes the current browser.</doc>
<msg timestamp="20240105 17:38:44.934" level="INFO">Closed all browsers</msg>
<status status="PASS" starttime="20240105 17:38:44.470" endtime="20240105 17:38:44.934"/>
</kw>
<status status="PASS" starttime="20240105 17:38:44.469" endtime="20240105 17:38:44.934"/>
</kw>
<status status="PASS" starttime="20240105 17:38:27.405" endtime="20240105 17:38:44.934"/>
</test>
<test id="s1-t3" name="CODE_03 Verify that highlight after clicking on it" line="39">
<kw name="Setup" library="common" type="SETUP">
<kw name="Set Browser Timeout" library="Browser">
<arg>${BROWSER_TIMEOUT}</arg>
<tag>Config</tag>
<tag>Setter</tag>
<doc>Sets the timeout used by most input and getter keywords.</doc>
<status status="PASS" starttime="20240105 17:38:44.945" endtime="20240105 17:38:44.945"/>
</kw>
<kw name="New Browser" library="Browser">
<arg>${BROWSER}</arg>
<arg>headless=${HEADLESS}</arg>
<tag>BrowserControl</tag>
<tag>Setter</tag>
<doc>Create a new playwright Browser with specified options.</doc>
<msg timestamp="20240105 17:38:44.945" level="INFO">{"browser": "chromium", "headless": false, "chromiumSandbox": false, "devtools": false, "handleSIGHUP": true, "handleSIGINT": true, "handleSIGTERM": true, "slowMo": 0.0, "timeout": 30000.0, "tracesDir": "D:\\AutomationTest\\test\\browser\\traces\\303f29fc-5291-4d88-a4d9-54bbdc32f27c"}</msg>
<msg timestamp="20240105 17:38:45.429" level="INFO">Successfully created browser with options: {"browser":"chromium","headless":false,"chromiumSandbox":false,"devtools":false,"handleSIGHUP":true,"handleSIGINT":true,"handleSIGTERM":true,"slowMo":0,"timeout":30000,"tracesDir":"D:\\AutomationTest\\test\\browser\\traces\\303f29fc-5291-4d88-a4d9-54bbdc32f27c"}</msg>
<status status="PASS" starttime="20240105 17:38:44.945" endtime="20240105 17:38:45.430"/>
</kw>
<kw name="New Page" library="Browser">
<arg>${URL_DEFAULT}</arg>
<tag>BrowserControl</tag>
<tag>Setter</tag>
<doc>Open a new Page.</doc>
<msg timestamp="20240105 17:38:47.362" level="INFO">Successfully initialized new page object and opened url: http://dev1.geneat.vn:7802/#/vn</msg>
<msg timestamp="20240105 17:38:47.372" level="INFO">No context was open. New context was automatically opened when this page is created.</msg>
<status status="PASS" starttime="20240105 17:38:45.430" endtime="20240105 17:38:47.375"/>
</kw>
<kw name="Evaluate" library="BuiltIn">
<var>${STATE}</var>
<arg>json.loads('''{}''')</arg>
<arg>json</arg>
<doc>Evaluates the given expression in Python and returns the result.</doc>
<msg timestamp="20240105 17:38:47.377" level="INFO">${STATE} = {}</msg>
<status status="PASS" starttime="20240105 17:38:47.376" endtime="20240105 17:38:47.378"/>
</kw>
<status status="PASS" starttime="20240105 17:38:44.945" endtime="20240105 17:38:47.379"/>
</kw>
<kw name="Go to &quot;Danh mục&quot; page" sourcename="Go to &quot;${page}&quot; page">
<kw name="Login to admin" library="common">
<kw name="Wait Until Element Spin" library="common">
<kw name="Sleep" library="BuiltIn">
<arg>${SHOULD_TIMEOUT}</arg>
<doc>Pauses the test executed for the given time.</doc>
<msg timestamp="20240105 17:38:47.480" level="INFO">Slept 100 milliseconds</msg>
<status status="PASS" starttime="20240105 17:38:47.379" endtime="20240105 17:38:47.480"/>
</kw>
<kw name="Set Variable" library="BuiltIn">
<var>${element}</var>
<arg>xpath=//*[contains(@class, "ant-spin-spinning")]</arg>
<doc>Returns the given values which can then be assigned to a variables.</doc>
<msg timestamp="20240105 17:38:47.484" level="INFO">${element} = xpath=//*[contains(@class, "ant-spin-spinning")]</msg>
<status status="PASS" starttime="20240105 17:38:47.482" endtime="20240105 17:38:47.484"/>
</kw>
<kw name="Get Element Count" library="Browser">
<var>${count}</var>
<arg>${element}</arg>
<tag>Assertion</tag>
<tag>Getter</tag>
<tag>PageContent</tag>
<doc>Returns the count of elements found with ``selector``.</doc>
<msg timestamp="20240105 17:38:47.551" level="INFO">${count} = 0</msg>
<status status="PASS" starttime="20240105 17:38:47.485" endtime="20240105 17:38:47.551"/>
</kw>
<if>
<branch type="IF" condition="${count} &gt; 0">
<kw name="Wait Until Page Does Not Contain Element" library="common">
<arg>${element}</arg>
<status status="NOT RUN" starttime="20240105 17:38:47.552" endtime="20240105 17:38:47.553"/>
</kw>
<status status="NOT RUN" starttime="20240105 17:38:47.552" endtime="20240105 17:38:47.553"/>
</branch>
<status status="PASS" starttime="20240105 17:38:47.552" endtime="20240105 17:38:47.553"/>
</if>
<status status="PASS" starttime="20240105 17:38:47.379" endtime="20240105 17:38:47.553"/>
</kw>
<kw name="Enter &quot;email&quot; in &quot;Email&quot; with &quot;admin@gmail.com&quot;" library="common" sourcename="Enter &quot;${type}&quot; in &quot;${name}&quot; with &quot;${text}&quot;">
<kw name="Get Random Text" library="common">
<var>${text}</var>
<arg>${type}</arg>
<arg>${text}</arg>
<kw name="Set Variable" library="BuiltIn">
<var>${symbol}</var>
<arg>_RANDOM_</arg>
<doc>Returns the given values which can then be assigned to a variables.</doc>
<msg timestamp="20240105 17:38:47.556" level="INFO">${symbol} = _RANDOM_</msg>
<status status="PASS" starttime="20240105 17:38:47.555" endtime="20240105 17:38:47.556"/>
</kw>
<kw name="Set Variable" library="BuiltIn">
<var>${new_text}</var>
<doc>Returns the given values which can then be assigned to a variables.</doc>
<msg timestamp="20240105 17:38:47.558" level="INFO">${new_text} = </msg>
<status status="PASS" starttime="20240105 17:38:47.557" endtime="20240105 17:38:47.558"/>
</kw>
<kw name="Get Regexp Matches" library="String">
<var>${containsS}</var>
<arg>${text}</arg>
<arg>_@(.+)@_</arg>
<arg>1</arg>
<doc>Returns a list of all non-overlapping matches in the given string.</doc>
<msg timestamp="20240105 17:38:47.559" level="INFO">${containsS} = []</msg>
<status status="PASS" starttime="20240105 17:38:47.558" endtime="20240105 17:38:47.559"/>
</kw>
<kw name="Get Length" library="BuiltIn">
<var>${cntS}</var>
<arg>${containsS}</arg>
<doc>Returns and logs the length of the given item as an integer.</doc>
<msg timestamp="20240105 17:38:47.560" level="INFO">Length is 0</msg>
<msg timestamp="20240105 17:38:47.560" level="INFO">${cntS} = 0</msg>
<status status="PASS" starttime="20240105 17:38:47.560" endtime="20240105 17:38:47.561"/>
</kw>
<kw name="Get Regexp Matches" library="String">
<var>${contains}</var>
<arg>${text}</arg>
<arg>${symbol}</arg>
<doc>Returns a list of all non-overlapping matches in the given string.</doc>
<msg timestamp="20240105 17:38:47.561" level="INFO">${contains} = []</msg>
<status status="PASS" starttime="20240105 17:38:47.561" endtime="20240105 17:38:47.561"/>
</kw>
<kw name="Get Length" library="BuiltIn">
<var>${cnt}</var>
<arg>${contains}</arg>
<doc>Returns and logs the length of the given item as an integer.</doc>
<msg timestamp="20240105 17:38:47.561" level="INFO">Length is 0</msg>
<msg timestamp="20240105 17:38:47.561" level="INFO">${cnt} = 0</msg>
<status status="PASS" starttime="20240105 17:38:47.561" endtime="20240105 17:38:47.561"/>
</kw>
<if>
<branch type="IF" condition="${cntS} &gt; 0">
<kw name="Set Variable" library="BuiltIn">
<var>${new_text}</var>
<arg>${STATE["${containsS[0]}"]}</arg>
<doc>Returns the given values which can then be assigned to a variables.</doc>
<status status="NOT RUN" starttime="20240105 17:38:47.561" endtime="20240105 17:38:47.561"/>
</kw>
<kw name="Set Variable" library="BuiltIn">
<var>${symbol}</var>
<arg>_@${containsS[0]}@_</arg>
<doc>Returns the given values which can then be assigned to a variables.</doc>
<status status="NOT RUN" starttime="20240105 17:38:47.561" endtime="20240105 17:38:47.561"/>
</kw>
<status status="NOT RUN" starttime="20240105 17:38:47.561" endtime="20240105 17:38:47.561"/>
</branch>
<branch type="ELSE IF" condition="${cnt} &gt; 0 and '${type}' == 'test name'">
<kw name="Sentence" library="FakerLibrary">
<var>${random}</var>
<arg>nb_words=3</arg>
<doc>Generate a sentence.</doc>
<status status="NOT RUN" starttime="20240105 17:38:47.561" endtime="20240105 17:38:47.561"/>
</kw>
<kw name="Split String" library="String">
<var>${words}</var>
<arg>${TEST NAME}</arg>
<arg>${SPACE}</arg>
<doc>Splits the ``string`` using ``separator`` as a delimiter string.</doc>
<status status="NOT RUN" starttime="20240105 17:38:47.561" endtime="20240105 17:38:47.561"/>
</kw>
<kw name="Set Variable" library="BuiltIn">
<var>${new_text}</var>
<arg>${words[0]} ${random}</arg>
<doc>Returns the given values which can then be assigned to a variables.</doc>
<status status="NOT RUN" starttime="20240105 17:38:47.561" endtime="20240105 17:38:47.561"/>
</kw>
<status status="NOT RUN" starttime="20240105 17:38:47.561" endtime="20240105 17:38:47.561"/>
</branch>
<branch type="ELSE IF" condition="${cnt} &gt; 0 and '${type}' == 'number'">
<kw name="Random Int" library="FakerLibrary">
<var>${new_text}</var>
<doc>Generate a random integer between two integers ``min`` and ``max`` inclusive
while observing the provided ``step`` value.</doc>
<status status="NOT RUN" starttime="20240105 17:38:47.561" endtime="20240105 17:38:47.561"/>
</kw>
<kw name="Convert To String" library="BuiltIn">
<var>${new_text}</var>
<arg>${new_text}</arg>
<doc>Converts the given item to a Unicode string.</doc>
<status status="NOT RUN" starttime="20240105 17:38:47.561" endtime="20240105 17:38:47.561"/>
</kw>
<status status="NOT RUN" starttime="20240105 17:38:47.561" endtime="20240105 17:38:47.561"/>
</branch>
<branch type="ELSE IF" condition="${cnt} &gt; 0 and '${type}' == 'percentage'">
<kw name="Random Int" library="FakerLibrary">
<var>${new_text}</var>
<arg>max=100</arg>
<doc>Generate a random integer between two integers ``min`` and ``max`` inclusive
while observing the provided ``step`` value.</doc>
<status status="NOT RUN" starttime="20240105 17:38:47.561" endtime="20240105 17:38:47.561"/>
</kw>
<kw name="Convert To String" library="BuiltIn">
<var>${new_text}</var>
<arg>${new_text}</arg>
<doc>Converts the given item to a Unicode string.</doc>
<status status="NOT RUN" starttime="20240105 17:38:47.561" endtime="20240105 17:38:47.561"/>
</kw>
<status status="NOT RUN" starttime="20240105 17:38:47.561" endtime="20240105 17:38:47.561"/>
</branch>
<branch type="ELSE IF" condition="${cnt} &gt; 0 and '${type}' == 'paragraph'">
<kw name="Paragraph" library="FakerLibrary">
<var>${new_text}</var>
<doc>Generate a paragraph.</doc>
<status status="NOT RUN" starttime="20240105 17:38:47.561" endtime="20240105 17:38:47.561"/>
</kw>
<status status="NOT RUN" starttime="20240105 17:38:47.561" endtime="20240105 17:38:47.561"/>
</branch>
<branch type="ELSE IF" condition="${cnt} &gt; 0 and '${type}' == 'email'">
<kw name="Email" library="FakerLibrary">
<var>${new_text}</var>
<status status="NOT RUN" starttime="20240105 17:38:47.561" endtime="20240105 17:38:47.561"/>
</kw>
<status status="NOT RUN" starttime="20240105 17:38:47.561" endtime="20240105 17:38:47.561"/>
</branch>
<branch type="ELSE IF" condition="${cnt} &gt; 0 and '${type}' == 'phone'">
<kw name="Random Int" library="FakerLibrary">
<var>${new_text}</var>
<arg>min=2000000000</arg>
<arg>max=9999999999</arg>
<doc>Generate a random integer between two integers ``min`` and ``max`` inclusive
while observing the provided ``step`` value.</doc>
<status status="NOT RUN" starttime="20240105 17:38:47.561" endtime="20240105 17:38:47.561"/>
</kw>
<kw name="Convert To String" library="BuiltIn">
<var>${new_text}</var>
<arg>${new_text}</arg>
<doc>Converts the given item to a Unicode string.</doc>
<status status="NOT RUN" starttime="20240105 17:38:47.561" endtime="20240105 17:38:47.561"/>
</kw>
<status status="NOT RUN" starttime="20240105 17:38:47.561" endtime="20240105 17:38:47.561"/>
</branch>
<branch type="ELSE IF" condition="${cnt} &gt; 0 and '${type}' == 'color'">
<kw name="Safe Hex Color" library="FakerLibrary">
<var>${new_text}</var>
<doc>Generate a web-safe color formatted as a hex triplet.</doc>
<status status="NOT RUN" starttime="20240105 17:38:47.574" endtime="20240105 17:38:47.574"/>
</kw>
<status status="NOT RUN" starttime="20240105 17:38:47.561" endtime="20240105 17:38:47.575"/>
</branch>
<branch type="ELSE IF" condition="${cnt} &gt; 0 and &quot;${type}&quot; == 'password'">
<kw name="Password" library="FakerLibrary">
<var>${new_text}</var>
<arg>10</arg>
<arg>True</arg>
<arg>True</arg>
<arg>True</arg>
<arg>True</arg>
<doc>Generate a random password of the specified ``length``.</doc>
<status status="NOT RUN" starttime="20240105 17:38:47.575" endtime="20240105 17:38:47.576"/>
</kw>
<status status="NOT RUN" starttime="20240105 17:38:47.575" endtime="20240105 17:38:47.576"/>
</branch>
<branch type="ELSE IF" condition="${cnt} &gt; 0 and '${type}' == 'date'">
<kw name="Date" library="FakerLibrary">
<var>${new_text}</var>
<arg>pattern=%d-%m-%Y</arg>
<doc>Get a date string between January 1, 1970 and now.</doc>
<status status="NOT RUN" starttime="20240105 17:38:47.577" endtime="20240105 17:38:47.578"/>
</kw>
<status status="NOT RUN" starttime="20240105 17:38:47.577" endtime="20240105 17:38:47.578"/>
</branch>
<branch type="ELSE IF" condition="${cnt} &gt; 0 and '${type}' == 'word'">
<kw name="Sentence" library="FakerLibrary">
<var>${new_text}</var>
<arg>nb_words=1</arg>
<doc>Generate a sentence.