<?xml version="1.0" encoding="UTF-8"?>
<robot generator="Robot 6.1.1 (Python 3.11.5 on win32)" generated="20231226 17:13:31.349" rpa="false" schemaversion="4">
<suite id="s1" name="Code-Types" source="d:\AutomationTest\test\test\testcases\code-types.robot">
<test id="s1-t1" name="CODE_21 Verify the changing with the existed &quot;Mã&quot;" line="266">
<kw name="Setup" library="common" type="SETUP">
<kw name="Set Browser Timeout" library="Browser">
<arg>${BROWSER_TIMEOUT}</arg>
<tag>Config</tag>
<tag>Setter</tag>
<doc>Sets the timeout used by most input and getter keywords.</doc>
<status status="PASS" starttime="20231226 17:13:32.610" endtime="20231226 17:13:32.610"/>
</kw>
<kw name="New Browser" library="Browser">
<arg>${BROWSER}</arg>
<arg>headless=${HEADLESS}</arg>
<tag>BrowserControl</tag>
<tag>Setter</tag>
<doc>Create a new playwright Browser with specified options.</doc>
<msg timestamp="20231226 17:13:32.610" level="INFO">{"browser": "chromium", "headless": false, "chromiumSandbox": false, "devtools": false, "handleSIGHUP": true, "handleSIGINT": true, "handleSIGTERM": true, "slowMo": 0.0, "timeout": 30000.0, "tracesDir": "D:\\AutomationTest\\test\\browser\\traces\\3b40dfa0-785a-443e-8a72-c074414b3a2f"}</msg>
<msg timestamp="20231226 17:13:33.087" level="INFO">Successfully created browser with options: {"browser":"chromium","headless":false,"chromiumSandbox":false,"devtools":false,"handleSIGHUP":true,"handleSIGINT":true,"handleSIGTERM":true,"slowMo":0,"timeout":30000,"tracesDir":"D:\\AutomationTest\\test\\browser\\traces\\3b40dfa0-785a-443e-8a72-c074414b3a2f"}</msg>
<status status="PASS" starttime="20231226 17:13:32.610" endtime="20231226 17:13:33.087"/>
</kw>
<kw name="New Page" library="Browser">
<arg>${URL_DEFAULT}</arg>
<tag>BrowserControl</tag>
<tag>Setter</tag>
<doc>Open a new Page.</doc>
<msg timestamp="20231226 17:13:35.293" level="INFO">Successfully initialized new page object and opened url: http://dev1.geneat.vn:7802/#/vn</msg>
<msg timestamp="20231226 17:13:35.293" level="INFO">No context was open. New context was automatically opened when this page is created.</msg>
<status status="PASS" starttime="20231226 17:13:33.089" endtime="20231226 17:13:35.293"/>
</kw>
<kw name="Evaluate" library="BuiltIn">
<var>${STATE}</var>
<arg>json.loads('''{}''')</arg>
<arg>json</arg>
<doc>Evaluates the given expression in Python and returns the result.</doc>
<msg timestamp="20231226 17:13:35.307" level="INFO">${STATE} = {}</msg>
<status status="PASS" starttime="20231226 17:13:35.305" endtime="20231226 17:13:35.307"/>
</kw>
<status status="PASS" starttime="20231226 17:13:32.610" endtime="20231226 17:13:35.308"/>
</kw>
<kw name="Create a test data with &quot;Nhóm thủ thuật&quot; type" sourcename="Create a test data with &quot;${type}&quot; type">
<var>${title_1}</var>
<kw name="Run Keyword And Return Status" library="BuiltIn">
<var>${condition}</var>
<arg>Confirm locating exactly in "Danh mục" page</arg>
<doc>Runs the given keyword with given arguments and returns the status as a Boolean value.</doc>
<kw name="Confirm locating exactly in &quot;Danh mục&quot; page" library="common" sourcename="Confirm locating exactly in &quot;${name}&quot; page">
<kw name="Wait Until Element Spin" library="common">
<kw name="Sleep" library="BuiltIn">
<arg>${SHOULD_TIMEOUT}</arg>
<doc>Pauses the test executed for the given time.</doc>
<msg timestamp="20231226 17:13:35.410" level="INFO">Slept 100 milliseconds</msg>
<status status="PASS" starttime="20231226 17:13:35.310" endtime="20231226 17:13:35.412"/>
</kw>
<kw name="Set Variable" library="BuiltIn">
<var>${element}</var>
<arg>xpath=//*[contains(@class, "ant-spin-spinning")]</arg>
<doc>Returns the given values which can then be assigned to a variables.</doc>
<msg timestamp="20231226 17:13:35.414" level="INFO">${element} = xpath=//*[contains(@class, "ant-spin-spinning")]</msg>
<status status="PASS" starttime="20231226 17:13:35.413" endtime="20231226 17:13:35.414"/>
</kw>
<kw name="Get Element Count" library="Browser">
<var>${count}</var>
<arg>${element}</arg>
<tag>Assertion</tag>
<tag>Getter</tag>
<tag>PageContent</tag>
<doc>Returns the count of elements found with ``selector``.</doc>
<msg timestamp="20231226 17:13:35.442" level="INFO">${count} = 0</msg>
<status status="PASS" starttime="20231226 17:13:35.414" endtime="20231226 17:13:35.442"/>
</kw>
<if>
<branch type="IF" condition="${count} &gt; 0">
<kw name="Wait Until Page Does Not Contain Element" library="common">
<arg>${element}</arg>
<status status="NOT RUN" starttime="20231226 17:13:35.442" endtime="20231226 17:13:35.442"/>
</kw>
<status status="NOT RUN" starttime="20231226 17:13:35.442" endtime="20231226 17:13:35.442"/>
</branch>
<status status="PASS" starttime="20231226 17:13:35.442" endtime="20231226 17:13:35.442"/>
</if>
<status status="PASS" starttime="20231226 17:13:35.310" endtime="20231226 17:13:35.442"/>
</kw>
<kw name="Get Element Count" library="Browser">
<var>${cnt}</var>
<arg>//header//span[contains(text(),"${name}")]</arg>
<tag>Assertion</tag>
<tag>Getter</tag>
<tag>PageContent</tag>
<doc>Returns the count of elements found with ``selector``.</doc>
<msg timestamp="20231226 17:13:35.472" level="INFO">${cnt} = 0</msg>
<status status="PASS" starttime="20231226 17:13:35.442" endtime="20231226 17:13:35.475"/>
</kw>
<kw name="Should Be True" library="BuiltIn">
<arg>${cnt} &gt; 0</arg>
<doc>Fails if the given condition is not true.</doc>
<msg timestamp="20231226 17:13:35.479" level="FAIL">'0 &gt; 0' should be true.</msg>
<status status="FAIL" starttime="20231226 17:13:35.478" endtime="20231226 17:13:35.480"/>
</kw>
<status status="FAIL" starttime="20231226 17:13:35.310" endtime="20231226 17:13:35.481"/>
</kw>
<msg timestamp="20231226 17:13:35.481" level="INFO">${condition} = False</msg>
<status status="PASS" starttime="20231226 17:13:35.310" endtime="20231226 17:13:35.481"/>
</kw>
<if>
<branch type="IF" condition="'${condition}' == 'True'">
<kw name="Select on the &quot;${type}&quot; item line" library="common" sourcename="Select on the &quot;${text}&quot; item line">
<status status="NOT RUN" starttime="20231226 17:13:35.481" endtime="20231226 17:13:35.481"/>
</kw>
<kw name="Click &quot;Thêm mới&quot; button" library="common" sourcename="Click &quot;${text}&quot; button">
<status status="NOT RUN" starttime="20231226 17:13:35.481" endtime="20231226 17:13:35.483"/>
</kw>
<status status="NOT RUN" starttime="20231226 17:13:35.481" endtime="20231226 17:13:35.483"/>
</branch>
<branch type="ELSE">
<if>
<branch type="IF" condition="'${type}' == 'Nhóm thủ thuật'">
<kw name="Go to page create data &quot;Danh mục&quot; with &quot;/MEDICAL_PROCEDURE_GROUP&quot;" sourcename="Go to page create data &quot;${name}&quot; with &quot;${url}&quot;">
<kw name="Login to admin" library="common">
<kw name="Wait Until Element Spin" library="common">
<kw name="Sleep" library="BuiltIn">
<arg>${SHOULD_TIMEOUT}</arg>
<doc>Pauses the test executed for the given time.</doc>
<msg timestamp="20231226 17:13:35.583" level="INFO">Slept 100 milliseconds</msg>
<status status="PASS" starttime="20231226 17:13:35.483" endtime="20231226 17:13:35.583"/>
</kw>
<kw name="Set Variable" library="BuiltIn">
<var>${element}</var>
<arg>xpath=//*[contains(@class, "ant-spin-spinning")]</arg>
<doc>Returns the given values which can then be assigned to a variables.</doc>
<msg timestamp="20231226 17:13:35.583" level="INFO">${element} = xpath=//*[contains(@class, "ant-spin-spinning")]</msg>
<status status="PASS" starttime="20231226 17:13:35.583" endtime="20231226 17:13:35.583"/>
</kw>
<kw name="Get Element Count" library="Browser">
<var>${count}</var>
<arg>${element}</arg>
<tag>Assertion</tag>
<tag>Getter</tag>
<tag>PageContent</tag>
<doc>Returns the count of elements found with ``selector``.</doc>
<msg timestamp="20231226 17:13:35.598" level="INFO">${count} = 0</msg>
<status status="PASS" starttime="20231226 17:13:35.583" endtime="20231226 17:13:35.598"/>
</kw>
<if>
<branch type="IF" condition="${count} &gt; 0">
<kw name="Wait Until Page Does Not Contain Element" library="common">
<arg>${element}</arg>
<status status="NOT RUN" starttime="20231226 17:13:35.598" endtime="20231226 17:13:35.598"/>
</kw>
<status status="NOT RUN" starttime="20231226 17:13:35.598" endtime="20231226 17:13:35.598"/>
</branch>
<status status="PASS" starttime="20231226 17:13:35.598" endtime="20231226 17:13:35.598"/>
</if>
<status status="PASS" starttime="20231226 17:13:35.483" endtime="20231226 17:13:35.598"/>
</kw>
<kw name="Enter &quot;email&quot; in &quot;Email&quot; with &quot;admin@gmail.com&quot;" library="common" sourcename="Enter &quot;${type}&quot; in &quot;${name}&quot; with &quot;${text}&quot;">
<kw name="Get Random Text" library="common">
<var>${text}</var>
<arg>${type}</arg>
<arg>${text}</arg>
<kw name="Set Variable" library="BuiltIn">
<var>${symbol}</var>
<arg>_RANDOM_</arg>
<doc>Returns the given values which can then be assigned to a variables.</doc>
<msg timestamp="20231226 17:13:35.612" level="INFO">${symbol} = _RANDOM_</msg>
<status status="PASS" starttime="20231226 17:13:35.611" endtime="20231226 17:13:35.612"/>
</kw>
<kw name="Set Variable" library="BuiltIn">
<var>${new_text}</var>
<doc>Returns the given values which can then be assigned to a variables.</doc>
<msg timestamp="20231226 17:13:35.613" level="INFO">${new_text} = </msg>
<status status="PASS" starttime="20231226 17:13:35.613" endtime="20231226 17:13:35.613"/>
</kw>
<kw name="Get Regexp Matches" library="String">
<var>${containsS}</var>
<arg>${text}</arg>
<arg>_@(.+)@_</arg>
<arg>1</arg>
<doc>Returns a list of all non-overlapping matches in the given string.</doc>
<msg timestamp="20231226 17:13:35.614" level="INFO">${containsS} = []</msg>
<status status="PASS" starttime="20231226 17:13:35.614" endtime="20231226 17:13:35.614"/>
</kw>
<kw name="Get Length" library="BuiltIn">
<var>${cntS}</var>
<arg>${containsS}</arg>
<doc>Returns and logs the length of the given item as an integer.</doc>
<msg timestamp="20231226 17:13:35.615" level="INFO">Length is 0</msg>
<msg timestamp="20231226 17:13:35.615" level="INFO">${cntS} = 0</msg>
<status status="PASS" starttime="20231226 17:13:35.614" endtime="20231226 17:13:35.615"/>
</kw>
<kw name="Get Regexp Matches" library="String">
<var>${contains}</var>
<arg>${text}</arg>
<arg>${symbol}</arg>
<doc>Returns a list of all non-overlapping matches in the given string.</doc>
<msg timestamp="20231226 17:13:35.615" level="INFO">${contains} = []</msg>
<status status="PASS" starttime="20231226 17:13:35.615" endtime="20231226 17:13:35.615"/>
</kw>
<kw name="Get Length" library="BuiltIn">
<var>${cnt}</var>
<arg>${contains}</arg>
<doc>Returns and logs the length of the given item as an integer.</doc>
<msg timestamp="20231226 17:13:35.616" level="INFO">Length is 0</msg>
<msg timestamp="20231226 17:13:35.616" level="INFO">${cnt} = 0</msg>
<status status="PASS" starttime="20231226 17:13:35.616" endtime="20231226 17:13:35.616"/>
</kw>
<if>
<branch type="IF" condition="${cntS} &gt; 0">
<kw name="Set Variable" library="BuiltIn">
<var>${new_text}</var>
<arg>${STATE["${containsS[0]}"]}</arg>
<doc>Returns the given values which can then be assigned to a variables.</doc>
<status status="NOT RUN" starttime="20231226 17:13:35.616" endtime="20231226 17:13:35.617"/>
</kw>
<kw name="Set Variable" library="BuiltIn">
<var>${symbol}</var>
<arg>_@${containsS[0]}@_</arg>
<doc>Returns the given values which can then be assigned to a variables.</doc>
<status status="NOT RUN" starttime="20231226 17:13:35.617" endtime="20231226 17:13:35.617"/>
</kw>
<status status="NOT RUN" starttime="20231226 17:13:35.616" endtime="20231226 17:13:35.617"/>
</branch>
<branch type="ELSE IF" condition="${cnt} &gt; 0 and '${type}' == 'test name'">
<kw name="Sentence" library="FakerLibrary">
<var>${random}</var>
<arg>nb_words=3</arg>
<doc>Generate a sentence.</doc>
<status status="NOT RUN" starttime="20231226 17:13:35.617" endtime="20231226 17:13:35.618"/>
</kw>
<kw name="Split String" library="String">
<var>${words}</var>
<arg>${TEST NAME}</arg>
<arg>${SPACE}</arg>
<doc>Splits the ``string`` using ``separator`` as a delimiter string.</doc>
<status status="NOT RUN" starttime="20231226 17:13:35.618" endtime="20231226 17:13:35.618"/>
</kw>
<kw name="Set Variable" library="BuiltIn">
<var>${new_text}</var>
<arg>${words[0]} ${random}</arg>
<doc>Returns the given values which can then be assigned to a variables.</doc>
<status status="NOT RUN" starttime="20231226 17:13:35.618" endtime="20231226 17:13:35.618"/>
</kw>
<status status="NOT RUN" starttime="20231226 17:13:35.617" endtime="20231226 17:13:35.618"/>
</branch>
<branch type="ELSE IF" condition="${cnt} &gt; 0 and '${type}' == 'number'">
<kw name="Random Int" library="FakerLibrary">
<var>${new_text}</var>
<doc>Generate a random integer between two integers ``min`` and ``max`` inclusive
while observing the provided ``step`` value.</doc>
<status status="NOT RUN" starttime="20231226 17:13:35.619" endtime="20231226 17:13:35.619"/>
</kw>
<kw name="Convert To String" library="BuiltIn">
<var>${new_text}</var>
<arg>${new_text}</arg>
<doc>Converts the given item to a Unicode string.</doc>
<status status="NOT RUN" starttime="20231226 17:13:35.619" endtime="20231226 17:13:35.619"/>
</kw>
<status status="NOT RUN" starttime="20231226 17:13:35.619" endtime="20231226 17:13:35.619"/>
</branch>
<branch type="ELSE IF" condition="${cnt} &gt; 0 and '${type}' == 'percentage'">
<kw name="Random Int" library="FakerLibrary">
<var>${new_text}</var>
<arg>max=100</arg>
<doc>Generate a random integer between two integers ``min`` and ``max`` inclusive
while observing the provided ``step`` value.</doc>
<status status="NOT RUN" starttime="20231226 17:13:35.620" endtime="20231226 17:13:35.620"/>
</kw>
<kw name="Convert To String" library="BuiltIn">
<var>${new_text}</var>
<arg>${new_text}</arg>
<doc>Converts the given item to a Unicode string.</doc>
<status status="NOT RUN" starttime="20231226 17:13:35.620" endtime="20231226 17:13:35.620"/>
</kw>
<status status="NOT RUN" starttime="20231226 17:13:35.619" endtime="20231226 17:13:35.620"/>
</branch>
<branch type="ELSE IF" condition="${cnt} &gt; 0 and '${type}' == 'paragraph'">
<kw name="Paragraph" library="FakerLibrary">
<var>${new_text}</var>
<doc>Generate a paragraph.</doc>
<status status="NOT RUN" starttime="20231226 17:13:35.620" endtime="20231226 17:13:35.621"/>
</kw>
<status status="NOT RUN" starttime="20231226 17:13:35.620" endtime="20231226 17:13:35.621"/>
</branch>
<branch type="ELSE IF" condition="${cnt} &gt; 0 and '${type}' == 'email'">
<kw name="Email" library="FakerLibrary">
<var>${new_text}</var>
<status status="NOT RUN" starttime="20231226 17:13:35.622" endtime="20231226 17:13:35.622"/>
</kw>
<status status="NOT RUN" starttime="20231226 17:13:35.622" endtime="20231226 17:13:35.624"/>
</branch>
<branch type="ELSE IF" condition="${cnt} &gt; 0 and '${type}' == 'phone'">
<kw name="Random Int" library="FakerLibrary">
<var>${new_text}</var>
<arg>min=2000000000</arg>
<arg>max=9999999999</arg>
<doc>Generate a random integer between two integers ``min`` and ``max`` inclusive
while observing the provided ``step`` value.</doc>
<status status="NOT RUN" starttime="20231226 17:13:35.624" endtime="20231226 17:13:35.625"/>
</kw>
<kw name="Convert To String" library="BuiltIn">
<var>${new_text}</var>
<arg>${new_text}</arg>
<doc>Converts the given item to a Unicode string.</doc>
<status status="NOT RUN" starttime="20231226 17:13:35.625" endtime="20231226 17:13:35.626"/>
</kw>
<status status="NOT RUN" starttime="20231226 17:13:35.624" endtime="20231226 17:13:35.626"/>
</branch>
<branch type="ELSE IF" condition="${cnt} &gt; 0 and '${type}' == 'color'">
<kw name="Safe Hex Color" library="FakerLibrary">
<var>${new_text}</var>
<doc>Generate a web-safe color formatted as a hex triplet.</doc>
<status status="NOT RUN" starttime="20231226 17:13:35.627" endtime="20231226 17:13:35.628"/>
</kw>
<status status="NOT RUN" starttime="20231226 17:13:35.626" endtime="20231226 17:13:35.628"/>
</branch>
<branch type="ELSE IF" condition="${cnt} &gt; 0 and &quot;${type}&quot; == 'password'">
<kw name="Password" library="FakerLibrary">
<var>${new_text}</var>
<arg>10</arg>
<arg>True</arg>
<arg>True</arg>
<arg>True</arg>
<arg>True</arg>
<doc>Generate a random password of the specified ``length``.</doc>
<status status="NOT RUN" starttime="20231226 17:13:35.630" endtime="20231226 17:13:35.630"/>
</kw>
<status status="NOT RUN" starttime="20231226 17:13:35.628" endtime="20231226 17:13:35.630"/>
</branch>
<branch type="ELSE IF" condition="${cnt} &gt; 0 and '${type}' == 'date'">
<kw name="Date" library="FakerLibrary">
<var>${new_text}</var>
<arg>pattern=%d-%m-%Y</arg>
<doc>Get a date string between January 1, 1970 and now.</doc>
<status status="NOT RUN" starttime="20231226 17:13:35.630" endtime="20231226 17:13:35.630"/>
</kw>
<status status="NOT RUN" starttime="20231226 17:13:35.630" endtime="20231226 17:13:35.630"/>
</branch>
<branch type="ELSE IF" condition="${cnt} &gt; 0 and '${type}' == 'word'">
<kw name="Sentence" library="FakerLibrary">
<var>${new_text}</var>
<arg>nb_words=1</arg>
<doc>Generate a sentence.</doc>
<status status="NOT RUN" starttime="20231226 17:13:35.630" endtime="20231226 17:13:35.630"/>
</kw>
<status status="NOT RUN" starttime="20231226 17:13:35.630" endtime="20231226 17:13:35.630"/>
</branch>
<branch type="ELSE IF" condition="${cnt} &gt; 0">
<kw name="Sentence" library="FakerLibrary">
<var>${new_text}</var>
<doc>Generate a sentence.</doc>
<status status="NOT RUN" starttime="20231226 17:13:35.630" endtime="20231226 17:13:35.630"/>
</kw>
<status status="NOT RUN" starttime="20231226 17:13:35.630" endtime="20231226 17:13:35.630"/>
</branch>
<status status="PASS" starttime="20231226 17:13:35.616" endtime="20231226 17:13:35.630"/>
</if>
<kw name="Get Length" library="BuiltIn">
<var>${cnt}</var>
<arg>${text}</arg>
<doc>Returns and logs the length of the given item as an integer.</doc>
<msg timestamp="20231226 17:13:35.630" level="INFO">Length is 15</msg>
<msg timestamp="20231226 17:13:35.630" level="INFO">${cnt} = 15</msg>
<status status="PASS" starttime="20231226 17:13:35.630" endtime="20231226 17:13:35.630"/>
</kw>
<if>
<branch type="IF" condition="${cnt} &gt; 0">
<kw name="Replace String" library="String">
<var>${text}</var>
<arg>${text}</arg>
<arg>${symbol}</arg>
<arg>${new_text}</arg>
<doc>Replaces ``search_for`` in the given ``string`` with ``replace_with``.</doc>
<msg timestamp="20231226 17:13:35.630" level="INFO">${text} = admin@gmail.com</msg>
<status status="PASS" starttime="20231226 17:13:35.630" endtime="20231226 17:13:35.630"/>
</kw>
<status status="PASS" starttime="20231226 17:13:35.630" endtime="20231226 17:13:35.630"/>
</branch>
<status status="PASS" starttime="20231226 17:13:35.630" endtime="20231226 17:13:35.630"/>
</if>
<msg timestamp="20231226 17:13:35.630" level="INFO">${text} = admin@gmail.com</msg>
<status status="PASS" starttime="20231226 17:13:35.607" endtime="20231226 17:13:35.630"/>
</kw>
<kw name="Get Element Form Item By Name" library="common">
<var>${element}</var>
<arg>${name}</arg>
<arg>//input[contains(@class, "ant-input")]</arg>
<msg timestamp="20231226 17:13:35.630" level="INFO">${element} = xpath=//*[contains(@class, "ant-form-item-label")]/label[text()="Email"]/../../*[contains(@class, "ant-form-item")]//input[contains(@class, "ant-input")]</msg>
<status status="PASS" starttime="20231226 17:13:35.630" endtime="20231226 17:13:35.630"/>
</kw>
<kw name="Get Element" library="Browser">
<var>${e}</var>
<arg>${element}</arg>
<tag>Getter</tag>
<tag>PageContent</tag>
<doc>Returns a reference to a Playwright [https://playwright.dev/docs/api/class-locator|Locator].</doc>
<msg timestamp="20231226 17:13:35.647" level="INFO">Locator found successfully.</msg>
<msg timestamp="20231226 17:13:35.647" level="INFO">${e} = xpath=//*[contains(@class, "ant-form-item-label")]/label[text()="Email"]/../../*[contains(@class, "ant-form-item")]//input[contains(@class, "ant-input")]</msg>
<status status="PASS" starttime="20231226 17:13:35.630" endtime="20231226 17:13:35.647"/>
</kw>
<kw name="Log To Console" library="BuiltIn">
<arg>'e: ${e}'</arg>
<doc>Logs the given message to the console.</doc>
<status status="PASS" starttime="20231226 17:13:35.656" endtime="20231226 17:13:35.662"/>
</kw>
<kw name="Clear Text" library="Browser">
<arg>${element}</arg>
<tag>PageContent</tag>
<tag>Setter</tag>
<doc>Clears the text field found by ``selector``.</doc>
<status status="PASS" starttime="20231226 17:13:35.663" endtime="20231226 17:13:35.733"/>
</kw>
<kw name="Fill Text" library="Browser">
<arg>${element}</arg>
<arg>${text}</arg>
<arg>True</arg>
<tag>PageContent</tag>
<tag>Setter</tag>
<doc>Clears and fills the given ``txt`` into the text field found by ``selector``.</doc>
<msg timestamp="20231226 17:13:35.733" level="INFO">Fills the text 'admin@gmail.com' in the given field.</msg>
<status status="PASS" starttime="20231226 17:13:35.733" endtime="20231226 17:13:35.813"/>
</kw>
<kw name="Get Length" library="BuiltIn">
<var>${cnt}</var>
<arg>${text}</arg>
<doc>Returns and logs the length of the given item as an integer.</doc>
<msg timestamp="20231226 17:13:35.814" level="INFO">Length is 15</msg>
<msg timestamp="20231226 17:13:35.814" level="INFO">${cnt} = 15</msg>
<status status="PASS" starttime="20231226 17:13:35.814" endtime="20231226 17:13:35.814"/>
</kw>
<if>
<branch type="IF" condition="${cnt} &gt; 0">
<kw name="Set Global Variable" library="BuiltIn">
<arg>\${STATE["${name}"]}</arg>
<arg>${text}</arg>
<doc>Makes a variable available globally in all tests and suites.</doc>
<msg timestamp="20231226 17:13:35.814" level="INFO">${STATE["Email"]} = admin@gmail.com</msg>
<status status="PASS" starttime="20231226 17:13:35.814" endtime="20231226 17:13:35.814"/>
</kw>
<status status="PASS" starttime="20231226 17:13:35.814" endtime="20231226 17:13:35.814"/>
</branch>
<status status="PASS" starttime="20231226 17:13:35.814" endtime="20231226 17:13:35.814"/>
</if>
<status status="PASS" starttime="20231226 17:13:35.598" endtime="20231226 17:13:35.814"/>
</kw>
<kw name="Enter &quot;password&quot; in &quot;Mật khẩu&quot; with &quot;123123&quot;" library="common" sourcename="Enter &quot;${type}&quot; in &quot;${name}&quot; with &quot;${text}&quot;">
<kw name="Get Random Text" library="common">
<var>${text}</var>
<arg>${type}</arg>
<arg>${text}</arg>
<kw name="Set Variable" library="BuiltIn">
<var>${symbol}</var>
<arg>_RANDOM_</arg>
<doc>Returns the given values which can then be assigned to a variables.</doc>
<msg timestamp="20231226 17:13:35.814" level="INFO">${symbol} = _RANDOM_</msg>
<status status="PASS" starttime="20231226 17:13:35.814" endtime="20231226 17:13:35.814"/>
</kw>
<kw name="Set Variable" library="BuiltIn">
<var>${new_text}</var>
<doc>Returns the given values which can then be assigned to a variables.</doc>
<msg timestamp="20231226 17:13:35.814" level="INFO">${new_text} = </msg>
<status status="PASS" starttime="20231226 17:13:35.814" endtime="20231226 17:13:35.814"/>
</kw>
<kw name="Get Regexp Matches" library="String">
<var>${containsS}</var>
<arg>${text}</arg>
<arg>_@(.+)@_</arg>
<arg>1</arg>
<doc>Returns a list of all non-overlapping matches in the given string.</doc>
<msg timestamp="20231226 17:13:35.814" level="INFO">${containsS} = []</msg>
<status status="PASS" starttime="20231226 17:13:35.814" endtime="20231226 17:13:35.814"/>
</kw>
<kw name="Get Length" library="BuiltIn">
<var>${cntS}</var>
<arg>${containsS}</arg>
<doc>Returns and logs the length of the given item as an integer.</doc>
<msg timestamp="20231226 17:13:35.814" level="INFO">Length is 0</msg>
<msg timestamp="20231226 17:13:35.814" level="INFO">${cntS} = 0</msg>
<status status="PASS" starttime="20231226 17:13:35.814" endtime="20231226 17:13:35.814"/>
</kw>
<kw name="Get Regexp Matches" library="String">
<var>${contains}</var>
<arg>${text}</arg>
<arg>${symbol}</arg>
<doc>Returns a list of all non-overlapping matches in the given string.</doc>
<msg timestamp="20231226 17:13:35.814" level="INFO">${contains} = []</msg>
<status status="PASS" starttime="20231226 17:13:35.814" endtime="20231226 17:13:35.814"/>
</kw>
<kw name="Get Length" library="BuiltIn">
<var>${cnt}</var>
<arg>${contains}</arg>
<doc>Returns and logs the length of the given item as an integer.</doc>
<msg timestamp="20231226 17:13:35.814" level="INFO">Length is 0</msg>
<msg timestamp="20231226 17:13:35.814" level="INFO">${cnt} = 0</msg>
<status status="PASS" starttime="20231226 17:13:35.814" endtime="20231226 17:13:35.814"/>
</kw>
<if>
<branch type="IF" condition="${cntS} &gt; 0">
<kw name="Set Variable" library="BuiltIn">
<var>${new_text}</var>
<arg>${STATE["${containsS[0]}"]}</arg>
<doc>Returns the given values which can then be assigned to a variables.</doc>
<status status="NOT RUN" starttime="20231226 17:13:35.814" endtime="20231226 17:13:35.821"/>
</kw>
<kw name="Set Variable" library="BuiltIn">
<var>${symbol}</var>
<arg>_@${containsS[0]}@_</arg>
<doc>Returns the given values which can then be assigned to a variables.</doc>
<status status="NOT RUN" starttime="20231226 17:13:35.821" endtime="20231226 17:13:35.822"/>
</kw>
<status status="NOT RUN" starttime="20231226 17:13:35.814" endtime="20231226 17:13:35.822"/>
</branch>
<branch type="ELSE IF" condition="${cnt} &gt; 0 and '${type}' == 'test name'">
<kw name="Sentence" library="FakerLibrary">
<var>${random}</var>
<arg>nb_words=3</arg>
<doc>Generate a sentence.</doc>
<status status="NOT RUN" starttime="20231226 17:13:35.825" endtime="20231226 17:13:35.827"/>
</kw>
<kw name="Split String" library="String">
<var>${words}</var>
<arg>${TEST NAME}</arg>
<arg>${SPACE}</arg>
<doc>Splits the ``string`` using ``separator`` as a delimiter string.</doc>
<status status="NOT RUN" starttime="20231226 17:13:35.828" endtime="20231226 17:13:35.828"/>
</kw>
<kw name="Set Variable" library="BuiltIn">
<var>${new_text}</var>
<arg>${words[0]} ${random}</arg>
<doc>Returns the given values which can then be assigned to a variables.</doc>
<status status="NOT RUN" starttime="20231226 17:13:35.829" endtime="20231226 17:13:35.829"/>
</kw>
<status status="NOT RUN" starttime="20231226 17:13:35.823" endtime="20231226 17:13:35.829"/>
</branch>
<branch type="ELSE IF" condition="${cnt} &gt; 0 and '${type}' == 'number'">
<kw name="Random Int" library="FakerLibrary">
<var>${new_text}</var>
<doc>Generate a random integer between two integers ``min`` and ``max`` inclusive
while observing the provided ``step`` value.</doc>
<status status="NOT RUN" starttime="20231226 17:13:35.830" endtime="20231226 17:13:35.830"/>
</kw>
<kw name="Convert To String" library="BuiltIn">
<var>${new_text}</var>
<arg>${new_text}</arg>
<doc>Converts the given item to a Unicode string.</doc>
<status status="NOT RUN" starttime="20231226 17:13:35.830" endtime="20231226 17:13:35.830"/>
</kw>
<status status="NOT RUN" starttime="20231226 17:13:35.829" endtime="20231226 17:13:35.830"/>
</branch>
<branch type="ELSE IF" condition="${cnt} &gt; 0 and '${type}' == 'percentage'">
<kw name="Random Int" library="FakerLibrary">
<var>${new_text}</var>
<arg>max=100</arg>
<doc>Generate a random integer between two integers ``min`` and ``max`` inclusive
while observing the provided ``step`` value.</doc>
<status status="NOT RUN" starttime="20231226 17:13:35.831" endtime="20231226 17:13:35.831"/>
</kw>
<kw name="Convert To String" library="BuiltIn">
<var>${new_text}</var>
<arg>${new_text}</arg>
<doc>Converts the given item to a Unicode string.</doc>
<status status="NOT RUN" starttime="20231226 17:13:35.831" endtime="20231226 17:13:35.831"/>
</kw>
<status status="NOT RUN" starttime="20231226 17:13:35.831" endtime="20231226 17:13:35.831"/>
</branch>
<branch type="ELSE IF" condition="${cnt} &gt; 0 and '${type}' == 'paragraph'">
<kw name="Paragraph" library="FakerLibrary">
<var>${new_text}</var>
<doc>Generate a paragraph.</doc>
<status status="NOT RUN" starttime="20231226 17:13:35.832" endtime="20231226 17:13:35.832"/>
</kw>
<status status="NOT RUN" starttime="20231226 17:13:35.832" endtime="20231226 17:13:35.832"/>
</branch>
<branch type="ELSE IF" condition="${cnt} &gt; 0 and '${type}' == 'email'">
<kw name="Email" library="FakerLibrary">
<var>${new_text}</var>
<status status="NOT RUN" starttime="20231226 17:13:35.832" endtime="20231226 17:13:35.832"/>
</kw>
<status status="NOT RUN" starttime="20231226 17:13:35.832" endtime="20231226 17:13:35.833"/>
</branch>
<branch type="ELSE IF" condition="${cnt} &gt; 0 and '${type}' == 'phone'">
<kw name="Random Int" library="FakerLibrary">
<var>${new_text}</var>
<arg>min=2000000000</arg>
<arg>max=9999999999</arg>
<doc>Generate a random integer between two integers ``min`` and ``max`` inclusive
while observing the provided ``step`` value.</doc>
<status status="NOT RUN" starttime="20231226 17:13:35.833" endtime="20231226 17:13:35.833"/>
</kw>
<kw name="Convert To String" library="BuiltIn">
<var>${new_text}</var>
<arg>${new_text}</arg>
<doc>Converts the given item to a Unicode string.</doc>
<status status="NOT RUN" starttime="20231226 17:13:35.833" endtime="20231226 17:13:35.833"/>
</kw>
<status status="NOT RUN" starttime="20231226 17:13:35.833" endtime="20231226 17:13:35.833"/>
</branch>
<branch type="ELSE IF" condition="${cnt} &gt; 0 and '${type}' == 'color'">
<kw name="Safe Hex Color" library="FakerLibrary">
<var>${new_text}</var>
<doc>Generate a web-safe color formatted as a hex triplet.</doc>
<status status="NOT RUN" starttime="20231226 17:13:35.834" endtime="20231226 17:13:35.834"/>
</kw>
<status status="NOT RUN" starttime="20231226 17:13:35.834" endtime="20231226 17:13:35.834"/>
</branch>
<branch type="ELSE IF" condition="${cnt} &gt; 0 and &quot;${type}&quot; == 'password'">
<kw name="Password" library="FakerLibrary">
<var>${new_text}</var>
<arg>10</arg>
<arg>True</arg>
<arg>True</arg>
<arg>True</arg>
<arg>True</arg>
<doc>Generate a random password of the specified ``length``.</doc>
<status status="NOT RUN" starttime="20231226 17:13:35.834" endtime="20231226 17:13:35.835"/>
</kw>
<status status="NOT RUN" starttime="20231226 17:13:35.834" endtime="20231226 17:13:35.835"/>
</branch>
<branch type="ELSE IF" condition="${cnt} &gt; 0 and '${type}' == 'date'">
<kw name="Date" library="FakerLibrary">
<var>${new_text}</var>
<arg>pattern=%d-%m-%Y</arg>
<doc>Get a date string between January 1, 1970 and now.</doc>
<status status="NOT RUN" starttime="20231226 17:13:35.836" endtime="20231226 17:13:35.836"/>
</kw>
<status status="NOT RUN" starttime="20231226 17:13:35.835" endtime="20231226 17:13:35.836"/>
</branch>
<branch type="ELSE IF" condition="${cnt} &gt; 0 and '${type}' == 'word'">
<kw name="Sentence" library="FakerLibrary">
<var>${new_text}</var>
<arg>nb_words=1</arg>
<doc>Generate a sentence.</doc>
<status status="NOT RUN" starttime="20231226 17:13:35.836" endtime="20231226 17:13:35.836"/>
</kw>
<status status="NOT RUN" starttime="20231226 17:13:35.836" endtime="20231226 17:13:35.836"/>
</branch>
<branch type="ELSE IF" condition="${cnt} &gt; 0">
<kw name="Sentence" library="FakerLibrary">
<var>${new_text}</var>
<doc>Generate a sentence.</doc>
<status status="NOT RUN" starttime="20231226 17:13:35.837" endtime="20231226 17:13:35.837"/>
</kw>
<status status="NOT RUN" starttime="20231226 17:13:35.837" endtime="20231226 17:13:35.837"/>
</branch>
<status status="PASS" starttime="20231226 17:13:35.814" endtime="20231226 17:13:35.839"/>
</if>
<kw name="Get Length" library="BuiltIn">
<var>${cnt}</var>
<arg>${text}</arg>
<doc>Returns and logs the length of the given item as an integer.</doc>
<msg timestamp="20231226 17:13:35.841" level="INFO">Length is 6</msg>
<msg timestamp="20231226 17:13:35.842" level="INFO">${cnt} = 6</msg>
<status status="PASS" starttime="20231226 17:13:35.839" endtime="20231226 17:13:35.842"/>
</kw>
<if>
<branch type="IF" condition="${cnt} &gt; 0">
<kw name="Replace String" library="String">
<var>${text}</var>
<arg>${text}</arg>
<arg>${symbol}</arg>
<arg>${new_text}</arg>
<doc>Replaces ``search_for`` in the given ``string`` with ``replace_with``.</doc>
<msg timestamp="20231226 17:13:35.846" level="INFO">${text} = 123123</msg>
<status status="PASS" starttime="20231226 17:13:35.845" endtime="20231226 17:13:35.847"/>
</kw>
<status status="PASS" starttime="20231226 17:13:35.843" endtime="20231226 17:13:35.847"/>
</branch>
<status status="PASS" starttime="20231226 17:13:35.843" endtime="20231226 17:13:35.847"/>
</if>
<msg timestamp="20231226 17:13:35.847" level="INFO">${text} = 123123</msg>
<status status="PASS" starttime="20231226 17:13:35.814" endtime="20231226 17:13:35.847"/>
</kw>
<kw name="Get Element Form Item By Name" library="common">
<var>${element}</var>
<arg>${name}</arg>
<arg>//input[contains(@class, "ant-input")]</arg>
<msg timestamp="20231226 17:13:35.848" level="INFO">${element} = xpath=//*[contains(@class, "ant-form-item-label")]/label[text()="Mật khẩu"]/../../*[contains(@class, "ant-form-item")]//input[contains(@class, "ant-input")]</msg>
<status status="PASS" starttime="20231226 17:13:35.848" endtime="20231226 17:13:35.848"/>
</kw>
<kw name="Get Element" library="Browser">
<var>${e}</var>
<arg>${element}</arg>
<tag>Getter</tag>
<tag>PageContent</tag>
<doc>Returns a reference to a Playwright [https://playwright.dev/docs/api/class-locator|Locator].</doc>
<msg timestamp="20231226 17:13:35.865" level="INFO">Locator found successfully.</msg>
<msg timestamp="20231226 17:13:35.865" level="INFO">${e} = xpath=//*[contains(@class, "ant-form-item-label")]/label[text()="Mật khẩu"]/../../*[contains(@class, "ant-form-item")]//input[contains(@class, "ant-input")]</msg>
<status status="PASS" starttime="20231226 17:13:35.850" endtime="20231226 17:13:35.865"/>
</kw>
<kw name="Log To Console" library="BuiltIn">
<arg>'e: ${e}'</arg>
<doc>Logs the given message to the console.</doc>
<status status="PASS" starttime="20231226 17:13:35.865" endtime="20231226 17:13:35.865"/>
</kw>
<kw name="Clear Text" library="Browser">
<arg>${element}</arg>
<tag>PageContent</tag>
<tag>Setter</tag>
<doc>Clears the text field found by ``selector``.</doc>
<status status="PASS" starttime="20231226 17:13:35.865" endtime="20231226 17:13:35.967"/>
</kw>
<kw name="Fill Text" library="Browser">
<arg>${element}</arg>
<arg>${text}</arg>
<arg>True</arg>
<tag>PageContent</tag>
<tag>Setter</tag>
<doc>Clears and fills the given ``txt`` into the text field found by ``selector``.</doc>
<msg timestamp="20231226 17:13:35.967" level="INFO">Fills the text '123123' in the given field.</msg>
<status status="PASS" starttime="20231226 17:13:35.967" endtime="20231226 17:13:36.031"/>
</kw>
<kw name="Get Length" library="BuiltIn">
<var>${cnt}</var>
<arg>${text}</arg>
<doc>Returns and logs the length of the given item as an integer.</doc>
<msg timestamp="20231226 17:13:36.032" level="INFO">Length is 6</msg>
<msg timestamp="20231226 17:13:36.032" level="INFO">${cnt} = 6</msg>
<status status="PASS" starttime="20231226 17:13:36.031" endtime="20231226 17:13:36.033"/>
</kw>
<if>
<branch type="IF" condition="${cnt} &gt; 0">
<kw name="Set Global Variable" library="BuiltIn">
<arg>\${STATE["${name}"]}</arg>
<arg>${text}</arg>
<doc>Makes a variable available globally in all tests and suites.</doc>
<msg timestamp="20231226 17:13:36.034" level="INFO">${STATE["Mật khẩu"]} = 123123</msg>
<status status="PASS" starttime="20231226 17:13:36.034" endtime="20231226 17:13:36.034"/>
</kw>
<status status="PASS" starttime="20231226 17:13:36.033" endtime="20231226 17:13:36.035"/>
</branch>
<status status="PASS" starttime="20231226 17:13:36.033" endtime="20231226 17:13:36.035"/>
</if>
<status status="PASS" starttime="20231226 17:13:35.814" endtime="20231226 17:13:36.035"/>
</kw>
<kw name="Click &quot;Đăng nhập&quot; button" library="common" sourcename="Click &quot;${text}&quot; button">
<kw name="Click" library="Browser">
<arg>xpath=//button[@title="${text}"]</arg>
<tag>PageContent</tag>
<tag>Setter</tag>
<doc>Simulates mouse click on the element found by ``selector``.</doc>
<status status="PASS" starttime="20231226 17:13:36.036" endtime="20231226 17:13:36.195"/>
</kw>
<kw name="Click Confirm To Action" library="common">
<kw name="Set Variable" library="BuiltIn">
<var>${element}</var>
<arg>xpath=//*[contains(@class, "ant-popover")]//*[contains(@class, "ant-btn-primary")]</arg>
<doc>Returns the given values which can then be assigned to a variables.</doc>
<msg timestamp="20231226 17:13:36.195" level="INFO">${element} = xpath=//*[contains(@class, "ant-popover")]//*[contains(@class, "ant-btn-primary")]</msg>
<status status="PASS" starttime="20231226 17:13:36.195" endtime="20231226 17:13:36.195"/>
</kw>
<kw name="Get Element Count" library="Browser">
<var>${count}</var>
<arg>${element}</arg>
<tag>Assertion</tag>
<tag>Getter</tag>
<tag>PageContent</tag>
<doc>Returns the count of elements found with ``selector``.</doc>
<msg timestamp="20231226 17:13:36.214" level="INFO">${count} = 0</msg>
<status status="PASS" starttime="20231226 17:13:36.195" endtime="20231226 17:13:36.214"/>
</kw>
<if>
<branch type="IF" condition="${count} &gt; 0">
<kw name="Click" library="Browser">
<arg>${element}</arg>
<tag>PageContent</tag>
<tag>Setter</tag>
<doc>Simulates mouse click on the element found by ``selector``.</doc>
<status status="NOT RUN" starttime="20231226 17:13:36.214" endtime="20231226 17:13:36.214"/>
</kw>
<kw name="Sleep" library="BuiltIn">
<arg>${SHOULD_TIMEOUT}</arg>
<doc>Pauses the test executed for the given time.</doc>
<status status="NOT RUN" starttime="20231226 17:13:36.214" endtime="20231226 17:13:36.214"/>
</kw>
<status status="NOT RUN" starttime="20231226 17:13:36.214" endtime="20231226 17:13:36.214"/>
</branch>
<status status="PASS" starttime="20231226 17:13:36.214" endtime="20231226 17:13:36.214"/>
</if>
<status status="PASS" starttime="20231226 17:13:36.195" endtime="20231226 17:13:36.214"/>
</kw>
<kw name="Scroll By" library="Browser">
<arg>${None}</arg>
<tag>PageContent</tag>
<tag>Setter</tag>
<doc>Scrolls an element or the page relative from current position by the given values.</doc>
<msg timestamp="20231226 17:13:36.227" level="INFO">JavaScript executed successfully.</msg>
<msg timestamp="20231226 17:13:36.227" level="INFO">JavaScript executed successfully.</msg>
<msg timestamp="20231226 17:13:36.243" level="INFO">JavaScript executed successfully.</msg>
<msg timestamp="20231226 17:13:36.243" level="INFO">JavaScript executed successfully.</msg>
<msg timestamp="20231226 17:13:36.262" level="INFO">JavaScript executed successfully.</msg>
<status status="PASS" starttime="20231226 17:13:36.214" endtime="20231226 17:13:36.262"/>
</kw>
<status status="PASS" starttime="20231226 17:13:36.035" endtime="20231226 17:13:36.262"/>
</kw>
<kw name="User look message &quot;Success&quot; popup" library="common" sourcename="User look message &quot;${message}&quot; popup">
<kw name="Get Regexp Matches" library="String">
<var>${contains}</var>
<arg>${message}</arg>
<arg>_@(.+)@_</arg>
<arg>1</arg>
<doc>Returns a list of all non-overlapping matches in the given string.</doc>
<msg timestamp="20231226 17:13:36.262" level="INFO">${contains} = []</msg>
<status status="PASS" starttime="20231226 17:13:36.262" endtime="20231226 17:13:36.262"/>
</kw>
<kw name="Get Length" library="BuiltIn">
<var>${cnt}</var>
<arg>${contains}</arg>
<doc>Returns and logs the length of the given item as an integer.</doc>
<msg timestamp="20231226 17:13:36.262" level="INFO">Length is 0</msg>
<msg timestamp="20231226 17:13:36.262" level="INFO">${cnt} = 0</msg>
<status status="PASS" starttime="20231226 17:13:36.262" endtime="20231226 17:13:36.262"/>
</kw>
<if>
<branch type="IF" condition="${cnt} &gt; 0">
<kw name="Replace String" library="String">
<var>${message}</var>
<arg>${message}</arg>
<arg>_@${contains[0]}@_</arg>
<arg>${STATE["${contains[0]}"]}</arg>
<doc>Replaces ``search_for`` in the given ``string`` with ``replace_with``.</doc>
<status status="NOT RUN" starttime="20231226 17:13:36.262" endtime="20231226 17:13:36.262"/>
</kw>
<status status="NOT RUN" starttime="20231226 17:13:36.262" endtime="20231226 17:13:36.262"/>
</branch>
<status status="PASS" starttime="20231226 17:13:36.262" endtime="20231226 17:13:36.262"/>
</if>
<kw name="Wait Until Element Is Visible" library="common">
<arg>id=swal2-html-container</arg>
<kw name="Wait For Elements State" library="Browser">
<arg>${locator}</arg>
<arg>visible</arg>
<arg>${timeout}</arg>
<arg>${message}</arg>
<tag>PageContent</tag>
<tag>Wait</tag>
<doc>Waits for the element found by ``selector`` to satisfy state option.</doc>
<msg timestamp="20231226 17:13:36.348" level="INFO">Waited for Element with selector id=swal2-html-container at state visible</msg>
<status status="PASS" starttime="20231226 17:13:36.262" endtime="20231226 17:13:36.348"/>
</kw>
<status status="PASS" starttime="20231226 17:13:36.262" endtime="20231226 17:13:36.348"/>
</kw>
<kw name="Element Text Should Be" library="common">
<arg>id=swal2-html-container</arg>
<arg>${message}</arg>
<kw name="Get Text" library="Browser">
<arg>${locator}</arg>
<arg>equal</arg>
<arg>${expected}</arg>
<arg>${message}</arg>
<tag>Assertion</tag>
<tag>Getter</tag>
<tag>PageContent</tag>
<doc>Returns text attribute of the element found by ``selector``.</doc>
<msg timestamp="20231226 17:13:36.470" level="INFO">Text: 'Success'</msg>
<status status="PASS" starttime="20231226 17:13:36.348" endtime="20231226 17:13:36.470"/>
</kw>
<status status="PASS" starttime="20231226 17:13:36.348" endtime="20231226 17:13:36.470"/>
</kw>
<kw name="Set Variable" library="BuiltIn">
<var>${element}</var>
<arg>xpath=//*[contains(@class, "swal2-confirm")]</arg>
<doc>Returns the given values which can then be assigned to a variables.</doc>
<msg timestamp="20231226 17:13:36.470" level="INFO">${element} = xpath=//*[contains(@class, "swal2-confirm")]</msg>
<status status="PASS" starttime="20231226 17:13:36.470" endtime="20231226 17:13:36.470"/>
</kw>
<kw name="Run Keyword And Return Status" library="BuiltIn">
<var>${passed}</var>
<arg>Element Should Be Visible</arg>
<arg>${element}</arg>
<doc>Runs the given keyword with given arguments and returns the status as a Boolean value.</doc>
<kw name="Element Should Be Visible" library="common">
<arg>${element}</arg>
<kw name="Wait For Elements State" library="Browser">
<arg>${locator}</arg>
<arg>visible</arg>
<arg>${timeout}</arg>
<arg>${message}</arg>
<tag>PageContent</tag>
<tag>Wait</tag>
<doc>Waits for the element found by ``selector`` to satisfy state option.</doc>
<msg timestamp="20231226 17:13:36.823" level="INFO" html="true">&lt;/td&gt;&lt;/tr&gt;&lt;tr&gt;&lt;td colspan="3"&gt;&lt;a href="browser/screenshot/fail-screenshot-1.png" target="_blank"&gt;&lt;img src="browser/screenshot/fail-screenshot-1.png" width="800px"/&gt;&lt;/a&gt;</msg>
<msg timestamp="20231226 17:13:36.823" level="INFO">See also file:///D:/AutomationTest/test/playwright-log.txt for additional details.</msg>
<msg timestamp="20231226 17:13:36.824" level="FAIL">TimeoutError: locator.waitFor: Timeout 100ms exceeded.
=========================== logs ===========================
waiting for locator('xpath=//*[contains(@class, "swal2-confirm")]') to be visible
  locator resolved to hidden &lt;button type="button" aria-label="" class="swal2-confirm…&gt;OK&lt;/button&gt;
  locator resolved to hidden &lt;button type="button" aria-label="" class="swal2-confirm…&gt;OK&lt;/button&gt;
  locator resolved to hidden &lt;button type="button" aria-label="" class="swal2-confirm…&gt;OK&lt;/button&gt;
============================================================
Tip: Use "Set Browser Timeout" for increasing the timeout or double check your locator as the targeted element(s) couldn't be found.</msg>
<status status="FAIL" starttime="20231226 17:13:36.470" endtime="20231226 17:13:36.827"/>
</kw>
<status status="FAIL" starttime="20231226 17:13:36.470" endtime="20231226 17:13:36.827"/>
</kw>
<msg timestamp="20231226 17:13:36.827" level="INFO">${passed} = False</msg>
<status status="PASS" starttime="20231226 17:13:36.470" endtime="20231226 17:13:36.828"/>
</kw>
<if>
<branch type="IF" condition="'${passed}' == 'True'">
<kw name="Click" library="Browser">
<arg>${element}</arg>
<tag>PageContent</tag>
<tag>Setter</tag>
<doc>Simulates mouse click on the element found by ``selector``.</doc>
<status status="NOT RUN" starttime="20231226 17:13:36.828" endtime="20231226 17:13:36.828"/>
</kw>
<status status="NOT RUN" starttime="20231226 17:13:36.828" endtime="20231226 17:13:36.828"/>
</branch>
<status status="PASS" starttime="20231226 17:13:36.828" endtime="20231226 17:13:36.828"/>
</if>
<status status="PASS" starttime="20231226 17:13:36.262" endtime="20231226 17:13:36.828"/>
</kw>
<status status="PASS" starttime="20231226 17:13:35.483" endtime="20231226 17:13:36.829"/>
</kw>
<kw name="Click &quot;QUẢN LÝ DANH MỤC&quot; menu" library="common" sourcename="Click &quot;${text}&quot; menu">
<kw name="Click" library="Browser">
<arg>xpath=//li[contains(@class, "menu") and descendant::span[contains(text(), "${text}")]]</arg>
<tag>PageContent</tag>
<tag>Setter</tag>
<doc>Simulates mouse click on the element found by ``selector``.</doc>
<status status="PASS" starttime="20231226 17:13:36.829" endtime="20231226 17:13:38.448"/>
</kw>
<status status="PASS" starttime="20231226 17:13:36.829" endtime="20231226 17:13:38.448"/>
</kw>
<kw name="Click &quot;Danh mục&quot; sub menu to &quot;/code-types&quot;" library="common" sourcename="Click &quot;${text}&quot; sub menu to &quot;${url}&quot;">
<kw name="Wait Until Element Spin" library="common">
<kw name="Sleep" library="BuiltIn">
<arg>${SHOULD_TIMEOUT}</arg>
<doc>Pauses the test executed for the given time.</doc>
<msg timestamp="20231226 17:13:38.548" level="INFO">Slept 100 milliseconds</msg>
<status status="PASS" starttime="20231226 17:13:38.448" endtime="20231226 17:13:38.548"/>
</kw>
<kw name="Set Variable" library="BuiltIn">
<var>${element}</var>
<arg>xpath=//*[contains(@class, "ant-spin-spinning")]</arg>
<doc>Returns the given values which can then be assigned to a variables.</doc>
<msg timestamp="20231226 17:13:38.548" level="INFO">${element} = xpath=//*[contains(@class, "ant-spin-spinning")]</msg>
<status status="PASS" starttime="20231226 17:13:38.548" endtime="20231226 17:13:38.548"/>
</kw>
<kw name="Get Element Count" library="Browser">
<var>${count}</var>
<arg>${element}</arg>
<tag>Assertion</tag>
<tag>Getter</tag>
<tag>PageContent</tag>
<doc>Returns the count of elements found with ``selector``.</doc>
<msg timestamp="20231226 17:13:38.565" level="INFO">${count} = 0</msg>
<status status="PASS" starttime="20231226 17:13:38.548" endtime="20231226 17:13:38.565"/>
</kw>
<if>
<branch type="IF" condition="${count} &gt; 0">
<kw name="Wait Until Page Does Not Contain Element" library="common">
<arg>${element}</arg>
<status status="NOT RUN" starttime="20231226 17:13:38.572" endtime="20231226 17:13:38.573"/>
</kw>
<status status="NOT RUN" starttime="20231226 17:13:38.565" endtime="20231226 17:13:38.574"/>
</branch>
<status status="PASS" starttime="20231226 17:13:38.565" endtime="20231226 17:13:38.574"/>
</if>
<status status="PASS" starttime="20231226 17:13:38.448" endtime="20231226 17:13:38.574"/>
</kw>
<kw name="Click" library="Browser">
<arg>xpath=//a[contains(@class, "sub-menu") and descendant::span[contains(text(), "${text}")]]</arg>
<tag>PageContent</tag>
<tag>Setter</tag>
<doc>Simulates mouse click on the element found by ``selector``.</doc>
<status status="PASS" starttime="20231226 17:13:38.575" endtime="20231226 17:13:38.795"/>
</kw>
<kw name="Get Url" library="Browser">
<var>${curent_url}</var>
<tag>Assertion</tag>
<tag>Getter</tag>
<tag>PageContent</tag>
<doc>Returns the current URL.</doc>
<msg timestamp="20231226 17:13:38.799" level="INFO">${curent_url} = http://dev1.geneat.vn:7802/#/vn/code-types?filter=%7B%22type%22:%22MEDICAL_PROCEDURE_GROUP%22%7D</msg>
<status status="PASS" starttime="20231226 17:13:38.796" endtime="20231226 17:13:38.799"/>
</kw>
<kw name="Should Contain" library="BuiltIn">
<arg>${curent_url}</arg>
<arg>${URL_DEFAULT}${url}</arg>
<doc>Fails if ``container`` does not contain ``item`` one or more times.</doc>
<status status="PASS" starttime="20231226 17:13:38.799" endtime="20231226 17:13:38.800"/>
</kw>
<status status="PASS" starttime="20231226 17:13:38.448" endtime="20231226 17:13:38.800"/>
</kw>
<if>
<branch type="IF" condition="'${url}' == '/MEDICAL_PROCEDURE_GROUP'">
<kw name="Select on the &quot;Nhóm thủ thuật&quot; item line" library="common" sourcename="Select on the &quot;${text}&quot; item line">
<kw name="Check Text" library="common">
<var>${text}</var>
<arg>${text}</arg>
<kw name="Get Regexp Matches" library="String">
<var>${containsS}</var>
<arg>${text}</arg>
<arg>_@(.+)@_</arg>
<arg>1</arg>
<doc>Returns a list of all non-overlapping matches in the given string.</doc>
<msg timestamp="20231226 17:13:38.803" level="INFO">${containsS} = []</msg>
<status status="PASS" starttime="20231226 17:13:38.801" endtime="20231226 17:13:38.804"/>
</kw>
<kw name="Get Length" library="BuiltIn">
<var>${cntS}</var>
<arg>${containsS}</arg>
<doc>Returns and logs the length of the given item as an integer.</doc>
<msg timestamp="20231226 17:13:38.806" level="INFO">Length is 0</msg>
<msg timestamp="20231226 17:13:38.806" level="INFO">${cntS} = 0</msg>
<status status="PASS" starttime="20231226 17:13:38.804" endtime="20231226 17:13:38.806"/>
</kw>
<if>
<branch type="IF" condition="${cntS} &gt; 0">
<kw name="Set Variable" library="BuiltIn">
<var>${text}</var>
<arg>${STATE["${containsS[0]}"]}</arg>
<doc>Returns the given values which can then be assigned to a variables.</doc>
<status status="NOT RUN" starttime="20231226 17:13:38.806" endtime="20231226 17:13:38.807"/>
</kw>
<status status="NOT RUN" starttime="20231226 17:13:38.806" endtime="20231226 17:13:38.807"/>
</branch>
<status status="PASS" starttime="20231226 17:13:38.806" endtime="20231226 17:13:38.807"/>
</if>
<msg timestamp="20231226 17:13:38.807" level="INFO">${text} = Nhóm thủ thuật</msg>
<status status="PASS" starttime="20231226 17:13:38.801" endtime="20231226 17:13:38.807"/>
</kw>
<kw name="Wait Until Element Spin" library="common">
<kw name="Sleep" library="BuiltIn">
<arg>${SHOULD_TIMEOUT}</arg>
<doc>Pauses the test executed for the given time.</doc>
<msg timestamp="20231226 17:13:38.909" level="INFO">Slept 100 milliseconds</msg>
<status status="PASS" starttime="20231226 17:13:38.807" endtime="20231226 17:13:38.910"/>
</kw>
<kw name="Set Variable" library="BuiltIn">
<var>${element}</var>
<arg>xpath=//*[contains(@class, "ant-spin-spinning")]</arg>
<doc>Returns the given values which can then be assigned to a variables.</doc>
<msg timestamp="20231226 17:13:38.912" level="INFO">${element} = xpath=//*[contains(@class, "ant-spin-spinning")]</msg>
<status status="PASS" starttime="20231226 17:13:38.911" endtime="20231226 17:13:38.912"/>
</kw>
<kw name="Get Element Count" library="Browser">
<var>${count}</var>
<arg>${element}</arg>
<tag>Assertion</tag>
<tag>Getter</tag>
<tag>PageContent</tag>
<doc>Returns the count of elements found with ``selector``.</doc>
<msg timestamp="20231226 17:13:39.029" level="INFO">${count} = 0</msg>
<status status="PASS" starttime="20231226 17:13:38.912" endtime="20231226 17:13:39.029"/>
</kw>
<if>
<branch type="IF" condition="${count} &gt; 0">
<kw name="Wait Until Page Does Not Contain Element" library="common">
<arg>${element}</arg>
<status status="NOT RUN" starttime="20231226 17:13:39.030" endtime="20231226 17:13:39.030"/>
</kw>
<status status="NOT RUN" starttime="20231226 17:13:39.030" endtime="20231226 17:13:39.030"/>
</branch>
<status status="PASS" starttime="20231226 17:13:39.030" endtime="20231226 17:13:39.030"/>
</if>
<status status="PASS" starttime="20231226 17:13:38.807" endtime="20231226 17:13:39.031"/>
</kw>
<kw name="Get Element Item By Name" library="common">
<var>${element}</var>
<arg>${text}</arg>
<msg timestamp="20231226 17:13:39.033" level="INFO">${element} = xpath=//*[contains(@class, "item-text") and contains(text(), "Nhóm thủ thuật")]/ancestor::*[contains(@class, "item")]</msg>
<status status="PASS" starttime="20231226 17:13:39.031" endtime="20231226 17:13:39.033"/>
</kw>
<kw name="Click" library="Browser">
<arg>${element}</arg>
<tag>PageContent</tag>
<tag>Setter</tag>
<doc>Simulates mouse click on the element found by ``selector``.</doc>
<status status="PASS" starttime="20231226 17:13:39.033" endtime="20231226 17:13:39.496"/>
</kw>
<status status="PASS" starttime="20231226 17:13:38.800" endtime="20231226 17:13:39.496"/>
</kw>
<status status="PASS" starttime="20231226 17:13:38.800" endtime="20231226 17:13:39.496"/>
</branch>
<branch type="ELSE IF" condition="'${url}' == '/MEDICAL_PROCEDURE_DIFFICULTY'">
<kw name="Select on the &quot;Độ khó&quot; item line" library="common" sourcename="Select on the &quot;${text}&quot; item line">
<status status="NOT RUN" starttime="20231226 17:13:39.496" endtime="20231226 17:13:39.496"/>
</kw>
<status status="NOT RUN" starttime="20231226 17:13:39.496" endtime="20231226 17:13:39.496"/>
</branch>
<branch type="ELSE IF" condition="'${url}' == '/MEDICAL_DEGRE'">
<kw name="Select on the &quot;Bằng cấp chuyên môn&quot; item line" library="common" sourcename="Select on the &quot;${text}&quot; item line">
<status status="NOT RUN" starttime="20231226 17:13:39.496" endtime="20231226 17:13:39.496"/>
</kw>
<status status="NOT RUN" starttime="20231226 17:13:39.496" endtime="20231226 17:13:39.496"/>
</branch>
<branch type="ELSE IF" condition="'${url}' == '/NUMBER_OF_TEETH'">
<kw name="Select on the &quot;Số răng&quot; item line" library="common" sourcename="Select on the &quot;${text}&quot; item line">
<status status="NOT RUN" starttime="20231226 17:13:39.496" endtime="20231226 17:13:39.496"/>
</kw>
<status status="NOT RUN" starttime="20231226 17:13:39.496" endtime="20231226 17:13:39.496"/>
</branch>
<status status="PASS" starttime="20231226 17:13:38.800" endtime="20231226 17:13:39.496"/>
</if>
<kw name="Click &quot;Thêm mới&quot; button" library="common" sourcename="Click &quot;${text}&quot; button">
<kw name="Click" library="Browser">
<arg>xpath=//button[@title="${text}"]</arg>
<tag>PageContent</tag>
<tag>Setter</tag>
<doc>Simulates mouse click on the element found by ``selector``.</doc>
<status status="PASS" starttime="20231226 17:13:39.496" endtime="20231226 17:13:39.649"/>
</kw>
<kw name="Click Confirm To Action" library="common">
<kw name="Set Variable" library="BuiltIn">
<var>${element}</var>
<arg>xpath=//*[contains(@class, "ant-popover")]//*[contains(@class, "ant-btn-primary")]</arg>
<doc>Returns the given values which can then be assigned to a variables.</doc>
<msg timestamp="20231226 17:13:39.650" level="INFO">${element} = xpath=//*[contains(@class, "ant-popover")]//*[contains(@class, "ant-btn-primary")]</msg>
<status status="PASS" starttime="20231226 17:13:39.650" endtime="20231226 17:13:39.651"/>
</kw>
<kw name="Get Element Count" library="Browser">
<var>${count}</var>
<arg>${element}</arg>
<tag>Assertion</tag>
<tag>Getter</tag>
<tag>PageContent</tag>
<doc>Returns the count of elements found with ``selector``.</doc>
<msg timestamp="20231226 17:13:39.659" level="INFO">${count} = 0</msg>
<status status="PASS" starttime="20231226 17:13:39.652" endtime="20231226 17:13:39.659"/>
</kw>
<if>
<branch type="IF" condition="${count} &gt; 0">
<kw name="Click" library="Browser">
<arg>${element}</arg>
<tag>PageContent</tag>
<tag>Setter</tag>
<doc>Simulates mouse click on the element found by ``selector``.</doc>
<status status="NOT RUN" starttime="20231226 17:13:39.659" endtime="20231226 17:13:39.659"/>
</kw>
<kw name="Sleep" library="BuiltIn">
<arg>${SHOULD_TIMEOUT}</arg>
<doc>Pauses the test executed for the given time.</doc>
<status status="NOT RUN" starttime="20231226 17:13:39.660" endtime="20231226 17:13:39.660"/>
</kw>
<status status="NOT RUN" starttime="20231226 17:13:39.659" endtime="20231226 17:13:39.660"/>
</branch>
<status status="PASS" starttime="20231226 17:13:39.659" endtime="20231226 17:13:39.660"/>
</if>
<status status="PASS" starttime="20231226 17:13:39.650" endtime="20231226 17:13:39.660"/>
</kw>
<kw name="Scroll By" library="Browser">
<arg>${None}</arg>
<tag>PageContent</tag>
<tag>Setter</tag>
<doc>Scrolls an element or the page relative from current position by the given values.</doc>
<msg timestamp="20231226 17:13:39.678" level="INFO">JavaScript executed successfully.</msg>
<msg timestamp="20231226 17:13:39.679" level="INFO">JavaScript executed successfully.</msg>
<msg timestamp="20231226 17:13:39.693" level="INFO">JavaScript executed successfully.</msg>
<msg timestamp="20231226 17:13:39.694" level="INFO">JavaScript executed successfully.</msg>
<msg timestamp="20231226 17:13:39.699" level="INFO">JavaScript executed successfully.</msg>
<status status="PASS" starttime="20231226 17:13:39.660" endtime="20231226 17:13:39.700"/>
</kw>
<status status="PASS" starttime="20231226 17:13:39.496" endtime="20231226 17:13:39.700"/>
</kw>
<status status="PASS" starttime="20231226 17:13:35.483" endtime="20231226 17:13:39.700"/>
</kw>
<status status="PASS" starttime="20231226 17:13:35.483" endtime="20231226 17:13:39.700"/>
</branch>
<status status="PASS" starttime="20231226 17:13:35.483" endtime="20231226 17:13:39.701"/>
</if>
<if>
<branch type="IF" condition="'${type}' == 'Độ khó'">
<kw name="Go to page create data &quot;Danh mục&quot; with &quot;/MEDICAL_PROCEDURE_DIFFICULTY&quot;" sourcename="Go to page create data &quot;${name}&quot; with &quot;${url}&quot;">
<status status="NOT RUN" starttime="20231226 17:13:39.703" endtime="20231226 17:13:39.704"/>
</kw>
<status status="NOT RUN" starttime="20231226 17:13:39.701" endtime="20231226 17:13:39.704"/>
</branch>
<status status="PASS" starttime="20231226 17:13:39.701" endtime="20231226 17:13:39.704"/>
</if>
<if>
<branch type="IF" condition="'${type}' == 'Bằng cấp chuyên môn'">
<kw name="Go to page create data &quot;Danh mục&quot; with &quot;/MEDICAL_DEGRE&quot;" sourcename="Go to page create data &quot;${name}&quot; with &quot;${url}&quot;">
<status status="NOT RUN" starttime="20231226 17:13:39.705" endtime="20231226 17:13:39.705"/>
</kw>
<status status="NOT RUN" starttime="20231226 17:13:39.704" endtime="20231226 17:13:39.705"/>
</branch>
<status status="PASS" starttime="20231226 17:13:39.704" endtime="20231226 17:13:39.705"/>
</if>
<if>
<branch type="IF" condition="'${type}' == 'Số răng'">
<kw name="Go to page create data &quot;Danh mục&quot; with &quot;/NUMBER_OF_TEETH&quot;" sourcename="Go to page create data &quot;${name}&quot; with &quot;${url}&quot;">
<status status="NOT RUN" starttime="20231226 17:13:39.706" endtime="20231226 17:13:39.706"/>
</kw>
<status status="NOT RUN" starttime="20231226 17:13:39.705" endtime="20231226 17:13:39.706"/>
</branch>
<status status="PASS" starttime="20231226 17:13:39.705" endtime="20231226 17:13:39.706"/>
</if>
<status status="PASS" starttime="20231226 17:13:35.483" endtime="20231226 17:13:39.706"/>
</branch>
<status status="PASS" starttime="20231226 17:13:35.481" endtime="20231226 17:13:39.706"/>
</if>
<kw name="Enter &quot;test name&quot; in &quot;Tiêu đề&quot; with &quot;_RANDOM_&quot;" library="common" sourcename="Enter &quot;${type}&quot; in &quot;${name}&quot; with &quot;${text}&quot;">
<kw name="Get Random Text" library="common">
<var>${text}</var>
<arg>${type}</arg>
<arg>${text}</arg>
<kw name="Set Variable" library="BuiltIn">
<var>${symbol}</var>
<arg>_RANDOM_</arg>
<doc>Returns the given values which can then be assigned to a variables.</doc>
<msg timestamp="20231226 17:13:39.708" level="INFO">${symbol} = _RANDOM_</msg>
<status status="PASS" starttime="20231226 17:13:39.708" endtime="20231226 17:13:39.708"/>
</kw>
<kw name="Set Variable" library="BuiltIn">
<var>${new_text}</var>
<doc>Returns the given values which can then be assigned to a variables.</doc>
<msg timestamp="20231226 17:13:39.709" level="INFO">${new_text} = </msg>
<status status="PASS" starttime="20231226 17:13:39.708" endtime="20231226 17:13:39.709"/>
</kw>
<kw name="Get Regexp Matches" library="String">
<var>${containsS}</var>
<arg>${text}</arg>
<arg>_@(.+)@_</arg>
<arg>1</arg>
<doc>Returns a list of all non-overlapping matches in the given string.</doc>
<msg timestamp="20231226 17:13:39.709" level="INFO">${containsS} = []</msg>
<status status="PASS" starttime="20231226 17:13:39.709" endtime="20231226 17:13:39.710"/>
</kw>
<kw name="Get Length" library="BuiltIn">
<var>${cntS}</var>
<arg>${containsS}</arg>
<doc>Returns and logs the length of the given item as an integer.</doc>
<msg timestamp="20231226 17:13:39.710" level="INFO">Length is 0</msg>
<msg timestamp="20231226 17:13:39.710" level="INFO">${cntS} = 0</msg>
<status status="PASS" starttime="20231226 17:13:39.710" endtime="20231226 17:13:39.710"/>
</kw>
<kw name="Get Regexp Matches" library="String">
<var>${contains}</var>
<arg>${text}</arg>
<arg>${symbol}</arg>
<doc>Returns a list of all non-overlapping matches in the given string.</doc>
<msg timestamp="20231226 17:13:39.711" level="INFO">${contains} = ['_RANDOM_']</msg>
<status status="PASS" starttime="20231226 17:13:39.711" endtime="20231226 17:13:39.711"/>
</kw>
<kw name="Get Length" library="BuiltIn">
<var>${cnt}</var>
<arg>${contains}</arg>
<doc>Returns and logs the length of the given item as an integer.</doc>
<msg timestamp="20231226 17:13:39.712" level="INFO">Length is 1</msg>
<msg timestamp="20231226 17:13:39.712" level="INFO">${cnt} = 1</msg>
<status status="PASS" starttime="20231226 17:13:39.711" endtime="20231226 17:13:39.712"/>
</kw>
<if>
<branch type="IF" condition="${cntS} &gt; 0">
<kw name="Set Variable" library="BuiltIn">
<var>${new_text}</var>
<arg>${STATE["${containsS[0]}"]}</arg>
<doc>Returns the given values which can then be assigned to a variables.</doc>
<status status="NOT RUN" starttime="20231226 17:13:39.712" endtime="20231226 17:13:39.713"/>
</kw>
<kw name="Set Variable" library="BuiltIn">
<var>${symbol}</var>
<arg>_@${containsS[0]}@_</arg>
<doc>Returns the given values which can then be assigned to a variables.</doc>
<status status="NOT RUN" starttime="20231226 17:13:39.713" endtime="20231226 17:13:39.713"/>
</kw>
<status status="NOT RUN" starttime="20231226 17:13:39.712" endtime="20231226 17:13:39.713"/>
</branch>
<branch type="ELSE IF" condition="${cnt} &gt; 0 and '${type}' == 'test name'">
<kw name="Sentence" library="FakerLibrary">
<var>${random}</var>
<arg>nb_words=3</arg>
<doc>Generate a sentence.</doc>
<msg timestamp="20231226 17:13:39.714" level="INFO">${random} = Quidem vero.</msg>
<status status="PASS" starttime="20231226 17:13:39.713" endtime="20231226 17:13:39.714"/>
</kw>
<kw name="Split String" library="String">
<var>${words}</var>
<arg>${TEST NAME}</arg>
<arg>${SPACE}</arg>
<doc>Splits the ``string`` using ``separator`` as a delimiter string.</doc>
<msg timestamp="20231226 17:13:39.715" level="INFO">${words} = ['CODE_21', 'Verify', 'the', 'changing', 'with', 'the', 'existed', '"Mã"']</msg>
<status status="PASS" starttime="20231226 17:13:39.715" endtime="20231226 17:13:39.716"/>
</kw>
<kw name="Set Variable" library="BuiltIn">
<var>${new_text}</var>
<arg>${words[0]} ${random}</arg>
<doc>Returns the given values which can then be assigned to a variables.</doc>
<msg timestamp="20231226 17:13:39.718" level="INFO">${new_text} = CODE_21 Quidem vero.</msg>
<status status="PASS" starttime="20231226 17:13:39.716" endtime="20231226 17:13:39.719"/>
</kw>
<status status="PASS" starttime="20231226 17:13:39.713" endtime="20231226 17:13:39.720"/>
</branch>
<branch type="ELSE IF" condition="${cnt} &gt; 0 and '${type}' == 'number'">
<kw name="Random Int" library="FakerLibrary">
<var>${new_text}</var>
<doc>Generate a random integer between two integers ``min`` and ``max`` inclusive
while observing the provided ``step`` value.</doc>
<status status="NOT RUN" starttime="20231226 17:13:39.722" endtime="20231226 17:13:39.723"/>
</kw>
<kw name="Convert To String" library="BuiltIn">
<var>${new_text}</var>
<arg>${new_text}</arg>
<doc>Converts the given item to a Unicode string.</doc>
<status status="NOT RUN" starttime="20231226 17:13:39.723" endtime="20231226 17:13:39.723"/>
</kw>
<status status="NOT RUN" starttime="20231226 17:13:39.722" endtime="20231226 17:13:39.724"/>
</branch>
<branch type="ELSE IF" condition="${cnt} &gt; 0 and '${type}' == 'percentage'">
<kw name="Random Int" library="FakerLibrary">
<var>${new_text}</var>
<arg>max=100</arg>
<doc>Generate a random integer between two integers ``min`` and ``max`` inclusive
while observing the provided ``step`` value.</doc>
<status status="NOT RUN" starttime="20231226 17:13:39.724" endtime="20231226 17:13:39.725"/>
</kw>
<kw name="Convert To String" library="BuiltIn">
<var>${new_text}</var>
<arg>${new_text}</arg>
<doc>Converts the given item to a Unicode string.</doc>
<status status="NOT RUN" starttime="20231226 17:13:39.725" endtime="20231226 17:13:39.725"/>
</kw>
<status status="NOT RUN" starttime="20231226 17:13:39.724" endtime="20231226 17:13:39.725"/>
</branch>
<branch type="ELSE IF" condition="${cnt} &gt; 0 and '${type}' == 'paragraph'">
<kw name="Paragraph" library="FakerLibrary">
<var>${new_text}</var>
<doc>Generate a paragraph.</doc>
<status status="NOT RUN" starttime="20231226 17:13:39.726" endtime="20231226 17:13:39.726"/>
</kw>
<status status="NOT RUN" starttime="20231226 17:13:39.726" endtime="20231226 17:13:39.726"/>
</branch>
<branch type="ELSE IF" condition="${cnt} &gt; 0 and '${type}' == 'email'">
<kw name="Email" library="FakerLibrary">
<var>${new_text}</var>
<status status="NOT RUN" starttime="20231226 17:13:39.727" endtime="20231226 17:13:39.727"/>
</kw>
<status status="NOT RUN" starttime="20231226 17:13:39.726" endtime="20231226 17:13:39.727"/>
</branch>
<branch type="ELSE IF" condition="${cnt} &gt; 0 and '${type}' == 'phone'">
<kw name="Random Int" library="FakerLibrary">
<var>${new_text}</var>
<arg>min=2000000000</arg>
<arg>max=9999999999</arg>
<doc>Generate a random integer between two integers ``min`` and ``max`` inclusive
while observing the provided ``step`` value.</doc>
<status status="NOT RUN" starttime="20231226 17:13:39.727" endtime="20231226 17:13:39.728"/>
</kw>
<kw name="Convert To String" library="BuiltIn">
<var>${new_text}</var>
<arg>${new_text}</arg>
<doc>Converts the given item to a Unicode string.</doc>
<status status="NOT RUN" starttime="20231226 17:13:39.728" endtime="20231226 17:13:39.728"/>
</kw>
<status status="NOT RUN" starttime="20231226 17:13:39.727" endtime="20231226 17:13:39.728"/>
</branch>
<branch type="ELSE IF" condition="${cnt} &gt; 0 and '${type}' == 'color'">
<kw name="Safe Hex Color" library="FakerLibrary">
<var>${new_text}</var>
<doc>Generate a web-safe color formatted as a hex triplet.</doc>
<status status="NOT RUN" starttime="20231226 17:13:39.729" endtime="20231226 17:13:39.729"/>
</kw>
<status status="NOT RUN" starttime="20231226 17:13:39.728" endtime="20231226 17:13:39.729"/>
</branch>
<branch type="ELSE IF" condition="${cnt} &gt; 0 and &quot;${type}&quot; == 'password'">
<kw name="Password" library="FakerLibrary">
<var>${new_text}</var>
<arg>10</arg>
<arg>True</arg>
<arg>True</arg>
<arg>True</arg>
<arg>True</arg>
<doc>Generate a random password of the specified ``length``.</doc>
<status status="NOT RUN" starttime="20231226 17:13:39.729" endtime="20231226 17:13:39.729"/>
</kw>
<status status="NOT RUN" starttime="20231226 17:13:39.729" endtime="20231226 17:13:39.730"/>
</branch>
<branch type="ELSE IF" condition="${cnt} &gt; 0 and '${type}' == 'date'">
<kw name="Date" library="FakerLibrary">
<var>${new_text}</var>
<arg>pattern=%d-%m-%Y</arg>
<doc>Get a date string between January 1, 1970 and now.</doc>
<status status="NOT RUN" starttime="20231226 17:13:39.730" endtime="20231226 17:13:39.730"/>
</kw>
<status status="NOT RUN" starttime="20231226 17:13:39.730" endtime="20231226 17:13:39.731"/>
</branch>
<branch type="ELSE IF" condition="${cnt} &gt; 0 and '${type}' == 'word'">
<kw name="Sentence" library="FakerLibrary">
<var>${new_text}</var>
<arg>nb_words=1</arg>
<doc>Generate a sentence.</doc>
<status status="NOT RUN" starttime="20231226 17:13:39.731" endtime="20231226 17:13:39.731"/>
</kw>
<status status="NOT RUN" starttime="20231226 17:13:39.731" endtime="20231226 17:13:39.732"/>
</branch>
<branch type="ELSE IF" condition="${cnt} &gt; 0">
<kw name="Sentence" library="FakerLibrary">
<var>${new_text}</var>
<doc>Generate a sentence.</doc>
<status status="NOT RUN" starttime="20231226 17:13:39.732" endtime="20231226 17:13:39.732"/>
</kw>
<status status="NOT RUN" starttime="20231226 17:13:39.732" endtime="20231226 17:13:39.733"/>
</branch>
<status status="PASS" starttime="20231226 17:13:39.712" endtime="20231226 17:13:39.733"/>
</if>
<kw name="Get Length" library="BuiltIn">
<var>${cnt}</var>
<arg>${text}</arg>
<doc>Returns and logs the length of the given item as an integer.</doc>
<msg timestamp="20231226 17:13:39.738" level="INFO">Length is 8</msg>
<msg timestamp="20231226 17:13:39.739" level="INFO">${cnt} = 8</msg>
<status status="PASS" starttime="20231226 17:13:39.738" endtime="20231226 17:13:39.739"/>
</kw>
<if>
<branch type="IF" condition="${cnt} &gt; 0">
<kw name="Replace String" library="String">
<var>${text}</var>
<arg>${text}</arg>
<arg>${symbol}</arg>
<arg>${new_text}</arg>
<doc>Replaces ``search_for`` in the given ``string`` with ``replace_with``.</doc>
<msg timestamp="20231226 17:13:39.742" level="INFO">${text} = CODE_21 Quidem vero.</msg>
<status status="PASS" starttime="20231226 17:13:39.741" endtime="20231226 17:13:39.742"/>
</kw>
<status status="PASS" starttime="20231226 17:13:39.740" endtime="20231226 17:13:39.742"/>
</branch>
<status status="PASS" starttime="20231226 17:13:39.740" endtime="20231226 17:13:39.742"/>
</if>
<msg timestamp="20231226 17:13:39.742" level="INFO">${text} = CODE_21 Quidem vero.</msg>
<status status="PASS" starttime="20231226 17:13:39.707" endtime="20231226 17:13:39.742"/>
</kw>
<kw name="Get Element Form Item By Name" library="common">
<var>${element}</var>
<arg>${name}</arg>
<arg>//input[contains(@class, "ant-input")]</arg>
<msg timestamp="20231226 17:13:39.745" level="INFO">${element} = xpath=//*[contains(@class, "ant-form-item-label")]/label[text()="Tiêu đề"]/../../*[contains(@class, "ant-form-item")]//input[contains(@class, "ant-input")]</msg>
<status status="PASS" starttime="20231226 17:13:39.744" endtime="20231226 17:13:39.745"/>
</kw>
<kw name="Get Element" library="Browser">
<var>${e}</var>
<arg>${element}</arg>
<tag>Getter</tag>
<tag>PageContent</tag>
<doc>Returns a reference to a Playwright [https://playwright.dev/docs/api/class-locator|Locator].</doc>
<msg timestamp="20231226 17:13:39.758" level="INFO">Locator found successfully.</msg>
<msg timestamp="20231226 17:13:39.758" level="INFO">${e} = xpath=//*[contains(@class, "ant-form-item-label")]/label[text()="Tiêu đề"]/../../*[contains(@class, "ant-form-item")]//input[contains(@class, "ant-input")]</msg>
<status status="PASS" starttime="20231226 17:13:39.746" endtime="20231226 17:13:39.758"/>
</kw>
<kw name="Log To Console" library="BuiltIn">
<arg>'e: ${e}'</arg>
<doc>Logs the given message to the console.</doc>
<status status="PASS" starttime="20231226 17:13:39.758" endtime="20231226 17:13:39.759"/>
</kw>
<kw name="Clear Text" library="Browser">
<arg>${element}</arg>
<tag>PageContent</tag>
<tag>Setter</tag>
<doc>Clears the text field found by ``selector``.</doc>
<status status="PASS" starttime="20231226 17:13:39.759" endtime="20231226 17:13:39.791"/>
</kw>
<kw name="Fill Text" library="Browser">
<arg>${element}</arg>
<arg>${text}</arg>
<arg>True</arg>
<tag>PageContent</tag>
<tag>Setter</tag>
<doc>Clears and fills the given ``txt`` into the text field found by ``selector``.</doc>
<msg timestamp="20231226 17:13:39.792" level="INFO">Fills the text 'CODE_21 Quidem vero.' in the given field.</msg>
<status status="PASS" starttime="20231226 17:13:39.792" endtime="20231226 17:13:39.829"/>
</kw>
<kw name="Get Length" library="BuiltIn">
<var>${cnt}</var>
<arg>${text}</arg>
<doc>Returns and logs the length of the given item as an integer.</doc>
<msg timestamp="20231226 17:13:39.830" level="INFO">Length is 20</msg>
<msg timestamp="20231226 17:13:39.830" level="INFO">${cnt} = 20</msg>
<status status="PASS" starttime="20231226 17:13:39.830" endtime="20231226 17:13:39.830"/>
</kw>
<if>
<branch type="IF" condition="${cnt} &gt; 0">
<kw name="Set Global Variable" library="BuiltIn">
<arg>\${STATE["${name}"]}</arg>
<arg>${text}</arg>
<doc>Makes a variable available globally in all tests and suites.</doc>
<msg timestamp="20231226 17:13:39.831" level="INFO">${STATE["Tiêu đề"]} = CODE_21 Quidem vero.</msg>
<status status="PASS" starttime="20231226 17:13:39.831" endtime="20231226 17:13:39.831"/>
</kw>
<status status="PASS" starttime="20231226 17:13:39.831" endtime="20231226 17:13:39.831"/>
</branch>
<status status="PASS" starttime="20231226 17:13:39.830" endtime="20231226 17:13:39.831"/>
</if>
<status status="PASS" starttime="20231226 17:13:39.707" endtime="20231226 17:13:39.831"/>
</kw>
<kw name="Check Text" library="common">
<var>${text}</var>
<arg>_@Tiêu đề@_</arg>
<kw name="Get Regexp Matches" library="String">
<var>${containsS}</var>
<arg>${text}</arg>
<arg>_@(.+)@_</arg>
<arg>1</arg>
<doc>Returns a list of all non-overlapping matches in the given string.</doc>
<msg timestamp="20231226 17:13:39.831" level="INFO">${containsS} = ['Tiêu đề']</msg>
<status status="PASS" starttime="20231226 17:13:39.831" endtime="20231226 17:13:39.831"/>
</kw>
<kw name="Get Length" library="BuiltIn">
<var>${cntS}</var>
<arg>${containsS}</arg>
<doc>Returns and logs the length of the given item as an integer.</doc>
<msg timestamp="20231226 17:13:39.831" level="INFO">Length is 1</msg>
<msg timestamp="20231226 17:13:39.831" level="INFO">${cntS} = 1</msg>
<status status="PASS" starttime="20231226 17:13:39.831" endtime="20231226 17:13:39.831"/>
</kw>
<if>
<branch type="IF" condition="${cntS} &gt; 0">
<kw name="Set Variable" library="BuiltIn">
<var>${text}</var>
<arg>${STATE["${containsS[0]}"]}</arg>
<doc>Returns the given values which can then be assigned to a variables.</doc>
<msg timestamp="20231226 17:13:39.841" level="INFO">${text} = CODE_21 Quidem vero.</msg>
<status status="PASS" starttime="20231226 17:13:39.835" endtime="20231226 17:13:39.841"/>
</kw>
<status status="PASS" starttime="20231226 17:13:39.831" endtime="20231226 17:13:39.841"/>
</branch>
<status status="PASS" starttime="20231226 17:13:39.831" endtime="20231226 17:13:39.841"/>
</if>
<msg timestamp="20231226 17:13:39.842" level="INFO">${text} = CODE_21 Quidem vero.</msg>
<status status="PASS" starttime="20231226 17:13:39.831" endtime="20231226 17:13:39.843"/>
</kw>
<kw name="Set Variable" library="BuiltIn">
<var>${name}</var>
<arg>${text}</arg>
<doc>Returns the given values which can then be assigned to a variables.</doc>
<msg timestamp="20231226 17:13:39.844" level="INFO">${name} = CODE_21 Quidem vero.</msg>
<status status="PASS" starttime="20231226 17:13:39.844" endtime="20231226 17:13:39.846"/>
</kw>
<kw name="Enter &quot;number&quot; in &quot;Thứ tự&quot; with &quot;_RANDOM_&quot;" library="common" sourcename="Enter &quot;${type}&quot; in &quot;${name}&quot; with &quot;${text}&quot;">
<kw name="Get Random Text" library="common">
<var>${text}</var>
<arg>${type}</arg>
<arg>${text}</arg>
<kw name="Set Variable" library="BuiltIn">
<var>${symbol}</var>
<arg>_RANDOM_</arg>
<doc>Returns the given values which can then be assigned to a variables.</doc>
<msg timestamp="20231226 17:13:39.846" level="INFO">${symbol} = _RANDOM_</msg>
<status status="PASS" starttime="20231226 17:13:39.846" endtime="20231226 17:13:39.846"/>
</kw>
<kw name="Set Variable" library="BuiltIn">
<var>${new_text}</var>
<doc>Returns the given values which can then be assigned to a variables.</doc>
<msg timestamp="20231226 17:13:39.846" level="INFO">${new_text} = </msg>
<status status="PASS" starttime="20231226 17:13:39.846" endtime="20231226 17:13:39.846"/>
</kw>
<kw name="Get Regexp Matches" library="String">
<var>${containsS}</var>
<arg>${text}</arg>
<arg>_@(.+)@_</arg>
<arg>1</arg>
<doc>Returns a list of all non-overlapping matches in the given string.</doc>
<msg timestamp="20231226 17:13:39.846" level="INFO">${containsS} = []</msg>
<status status="PASS" starttime="20231226 17:13:39.846" endtime="20231226 17:13:39.846"/>
</kw>
<kw name="Get Length" library="BuiltIn">
<var>${cntS}</var>
<arg>${containsS}</arg>
<doc>Returns and logs the length of the given item as an integer.</doc>
<msg timestamp="20231226 17:13:39.846" level="INFO">Length is 0</msg>
<msg timestamp="20231226 17:13:39.846" level="INFO">${cntS} = 0</msg>
<status status="PASS" starttime="20231226 17:13:39.846" endtime="20231226 17:13:39.846"/>
</kw>
<kw name="Get Regexp Matches" library="String">
<var>${contains}</var>
<arg>${text}</arg>
<arg>${symbol}</arg>
<doc>Returns a list of all non-overlapping matches in the given string.</doc>
<msg timestamp="20231226 17:13:39.846" level="INFO">${contains} = ['_RANDOM_']</msg>
<status status="PASS" starttime="20231226 17:13:39.846" endtime="20231226 17:13:39.846"/>
</kw>
<kw name="Get Length" library="BuiltIn">
<var>${cnt}</var>
<arg>${contains}</arg>
<doc>Returns and logs the length of the given item as an integer.</doc>
<msg timestamp="20231226 17:13:39.846" level="INFO">Length is 1</msg>
<msg timestamp="20231226 17:13:39.846" level="INFO">${cnt} = 1</msg>
<status status="PASS" starttime="20231226 17:13:39.846" endtime="20231226 17:13:39.846"/>
</kw>
<if>
<branch type="IF" condition="${cntS} &gt; 0">
<kw name="Set Variable" library="BuiltIn">
<var>${new_text}</var>
<arg>${STATE["${containsS[0]}"]}</arg>
<doc>Returns the given values which can then be assigned to a variables.</doc>
<status status="NOT RUN" starttime="20231226 17:13:39.850" endtime="20231226 17:13:39.850"/>
</kw>
<kw name="Set Variable" library="BuiltIn">
<var>${symbol}</var>
<arg>_@${containsS[0]}@_</arg>
<doc>Returns the given values which can then be assigned to a variables.</doc>
<status status="NOT RUN" starttime="20231226 17:13:39.850" endtime="20231226 17:13:39.850"/>
</kw>
<status status="NOT RUN" starttime="20231226 17:13:39.846" endtime="20231226 17:13:39.850"/>
</branch>
<branch type="ELSE IF" condition="${cnt} &gt; 0 and '${type}' == 'test name'">
<kw name="Sentence" library="FakerLibrary">
<var>${random}</var>
<arg>nb_words=3</arg>
<doc>Generate a sentence.</doc>
<status status="NOT RUN" starttime="20231226 17:13:39.852" endtime="20231226 17:13:39.853"/>
</kw>
<kw name="Split String" library="String">
<var>${words}</var>
<arg>${TEST NAME}</arg>
<arg>${SPACE}</arg>
<doc>Splits the ``string`` using ``separator`` as a delimiter string.</doc>
<status status="NOT RUN" starttime="20231226 17:13:39.854" endtime="20231226 17:13:39.855"/>
</kw>
<kw name="Set Variable" library="BuiltIn">
<var>${new_text}</var>
<arg>${words[0]} ${random}</arg>
<doc>Returns the given values which can then be assigned to a variables.</doc>
<status status="NOT RUN" starttime="20231226 17:13:39.856" endtime="20231226 17:13:39.856"/>
</kw>
<status status="NOT RUN" starttime="20231226 17:13:39.850" endtime="20231226 17:13:39.856"/>
</branch>
<branch type="ELSE IF" condition="${cnt} &gt; 0 and '${type}' == 'number'">
<kw name="Random Int" library="FakerLibrary">
<var>${new_text}</var>
<doc>Generate a random integer between two integers ``min`` and ``max`` inclusive
while observing the provided ``step`` value.</doc>
<msg timestamp="20231226 17:13:39.860" level="INFO">${new_text} = 929</msg>
<status status="PASS" starttime="20231226 17:13:39.859" endtime="20231226 17:13:39.860"/>
</kw>
<kw name="Convert To String" library="BuiltIn">
<var>${new_text}</var>
<arg>${new_text}</arg>
<doc>Converts the given item to a Unicode string.</doc>
<msg timestamp="20231226 17:13:39.860" level="INFO">${new_text} = 929</msg>
<status status="PASS" starttime="20231226 17:13:39.860" endtime="20231226 17:13:39.860"/>
</kw>
<status status="PASS" starttime="20231226 17:13:39.857" endtime="20231226 17:13:39.860"/>
</branch>
[...]
</branch>
<branch type="ELSE">
<kw name="Get Element Table Item By Name" library="common">
<var>${element}</var>
<arg>${name}</arg>
<arg>//button[@title = "${text}"]</arg>
<msg timestamp="20231226 17:13:45.537" level="INFO">${element} = xpath=//*[contains(@class, "ant-table-row")]//*[contains(text(), "CODE_21 Quidem vero.")]/ancestor::tr//button[@title = "Sửa"]</msg>
<status status="PASS" starttime="20231226 17:13:45.537" endtime="20231226 17:13:45.537"/>
</kw>
<kw name="Click" library="Browser">
<arg>${element}</arg>
<tag>PageContent</tag>
<tag>Setter</tag>
<doc>Simulates mouse click on the element found by ``selector``.</doc>
<status status="PASS" starttime="20231226 17:13:45.537" endtime="20231226 17:13:45.656"/>
</kw>
<status status="PASS" starttime="20231226 17:13:45.537" endtime="20231226 17:13:45.656"/>
</branch>
<status status="PASS" starttime="20231226 17:13:45.537" endtime="20231226 17:13:45.656"/>
</if>
<kw name="Click Confirm To Action" library="common">
<kw name="Set Variable" library="BuiltIn">
<var>${element}</var>
<arg>xpath=//*[contains(@class, "ant-popover")]//*[contains(@class, "ant-btn-primary")]</arg>
<doc>Returns the given values which can then be assigned to a variables.</doc>
<msg timestamp="20231226 17:13:45.663" level="INFO">${element} = xpath=//*[contains(@class, "ant-popover")]//*[contains(@class, "ant-btn-primary")]</msg>
<status status="PASS" starttime="20231226 17:13:45.656" endtime="20231226 17:13:45.664"/>
</kw>
<kw name="Get Element Count" library="Browser">
<var>${count}</var>
<arg>${element}</arg>
<tag>Assertion</tag>
<tag>Getter</tag>
<tag>PageContent</tag>
<doc>Returns the count of elements found with ``selector``.</doc>
<msg timestamp="20231226 17:13:45.672" level="INFO">${count} = 0</msg>
<status status="PASS" starttime="20231226 17:13:45.665" endtime="20231226 17:13:45.672"/>
</kw>
<if>
<branch type="IF" condition="${count} &gt; 0">
<kw name="Click" library="Browser">
<arg>${element}</arg>
<tag>PageContent</tag>
<tag>Setter</tag>
<doc>Simulates mouse click on the element found by ``selector``.</doc>
<status status="NOT RUN" starttime="20231226 17:13:45.674" endtime="20231226 17:13:45.674"/>
</kw>
<kw name="Sleep" library="BuiltIn">
<arg>${SHOULD_TIMEOUT}</arg>
<doc>Pauses the test executed for the given time.</doc>
<status status="NOT RUN" starttime="20231226 17:13:45.674" endtime="20231226 17:13:45.674"/>
</kw>
<status status="NOT RUN" starttime="20231226 17:13:45.673" endtime="20231226 17:13:45.674"/>
</branch>
<status status="PASS" starttime="20231226 17:13:45.673" endtime="20231226 17:13:45.675"/>
</if>
<status status="PASS" starttime="20231226 17:13:45.656" endtime="20231226 17:13:45.675"/>
</kw>
<status status="PASS" starttime="20231226 17:13:45.387" endtime="20231226 17:13:45.675"/>
</kw>
<kw name="When Enter &quot;word&quot; in &quot;Mã&quot; with &quot;_@Mã@_&quot;" library="common" sourcename="Enter &quot;${type}&quot; in &quot;${name}&quot; with &quot;${text}&quot;">
<kw name="Get Random Text" library="common">
<var>${text}</var>
<arg>${type}</arg>
<arg>${text}</arg>
<kw name="Set Variable" library="BuiltIn">
<var>${symbol}</var>
<arg>_RANDOM_</arg>
<doc>Returns the given values which can then be assigned to a variables.</doc>
<msg timestamp="20231226 17:13:45.680" level="INFO">${symbol} = _RANDOM_</msg>
<status status="PASS" starttime="20231226 17:13:45.678" endtime="20231226 17:13:45.680"/>
</kw>
<kw name="Set Variable" library="BuiltIn">
<var>${new_text}</var>
<doc>Returns the given values which can then be assigned to a variables.</doc>
<msg timestamp="20231226 17:13:45.681" level="INFO">${new_text} = </msg>
<status status="PASS" starttime="20231226 17:13:45.681" endtime="20231226 17:13:45.682"/>
</kw>
<kw name="Get Regexp Matches" library="String">
<var>${containsS}</var>
<arg>${text}</arg>
<arg>_@(.+)@_</arg>
<arg>1</arg>
<doc>Returns a list of all non-overlapping matches in the given string.</doc>
<msg timestamp="20231226 17:13:45.682" level="INFO">${containsS} = ['Mã']</msg>
<status status="PASS" starttime="20231226 17:13:45.682" endtime="20231226 17:13:45.682"/>
</kw>
<kw name="Get Length" library="BuiltIn">
<var>${cntS}</var>
<arg>${containsS}</arg>
<doc>Returns and logs the length of the given item as an integer.</doc>
<msg timestamp="20231226 17:13:45.683" level="INFO">Length is 1</msg>
<msg timestamp="20231226 17:13:45.683" level="INFO">${cntS} = 1</msg>
<status status="PASS" starttime="20231226 17:13:45.683" endtime="20231226 17:13:45.683"/>
</kw>
<kw name="Get Regexp Matches" library="String">
<var>${contains}</var>
<arg>${text}</arg>
<arg>${symbol}</arg>
<doc>Returns a list of all non-overlapping matches in the given string.</doc>
<msg timestamp="20231226 17:13:45.684" level="INFO">${contains} = []</msg>
<status status="PASS" starttime="20231226 17:13:45.683" endtime="20231226 17:13:45.684"/>
</kw>
<kw name="Get Length" library="BuiltIn">
<var>${cnt}</var>
<arg>${contains}</arg>
<doc>Returns and logs the length of the given item as an integer.</doc>
<msg timestamp="20231226 17:13:45.684" level="INFO">Length is 0</msg>
<msg timestamp="20231226 17:13:45.684" level="INFO">${cnt} = 0</msg>
<status status="PASS" starttime="20231226 17:13:45.684" endtime="20231226 17:13:45.684"/>
</kw>
<if>
<branch type="IF" condition="${cntS} &gt; 0">
<kw name="Set Variable" library="BuiltIn">
<var>${new_text}</var>
<arg>${STATE["${containsS[0]}"]}</arg>
<doc>Returns the given values which can then be assigned to a variables.</doc>
<msg timestamp="20231226 17:13:45.685" level="INFO">${new_text} = Beatae.</msg>
<status status="PASS" starttime="20231226 17:13:45.685" endtime="20231226 17:13:45.685"/>
</kw>
<kw name="Set Variable" library="BuiltIn">
<var>${symbol}</var>
<arg>_@${containsS[0]}@_</arg>
<doc>Returns the given values which can then be assigned to a variables.</doc>
<msg timestamp="20231226 17:13:45.686" level="INFO">${symbol} = _@Mã@_</msg>
<status status="PASS" starttime="20231226 17:13:45.685" endtime="20231226 17:13:45.686"/>
</kw>
<status status="PASS" starttime="20231226 17:13:45.684" endtime="20231226 17:13:45.686"/>
</branch>
<branch type="ELSE IF" condition="${cnt} &gt; 0 and '${type}' == 'test name'">
<kw name="Sentence" library="FakerLibrary">
<var>${random}</var>
<arg>nb_words=3</arg>
<doc>Generate a sentence.</doc>
<status status="NOT RUN" starttime="20231226 17:13:45.686" endtime="20231226 17:13:45.687"/>
</kw>
<kw name="Split String" library="String">
<var>${words}</var>
<arg>${TEST NAME}</arg>
<arg>${SPACE}</arg>
<doc>Splits the ``string`` using ``separator`` as a delimiter string.</doc>
<status status="NOT RUN" starttime="20231226 17:13:45.687" endtime="20231226 17:13:45.687"/>
</kw>
<kw name="Set Variable" library="BuiltIn">
<var>${new_text}</var>
<arg>${words[0]} ${random}</arg>
<doc>Returns the given values which can then be assigned to a variables.</doc>
<status status="NOT RUN" starttime="20231226 17:13:45.687" endtime="20231226 17:13:45.687"/>
</kw>
<status status="NOT RUN" starttime="20231226 17:13:45.686" endtime="20231226 17:13:45.687"/>
</branch>
<branch type="ELSE IF" condition="${cnt} &gt; 0 and '${type}' == 'number'">
<kw name="Random Int" library="FakerLibrary">
<var>${new_text}</var>
<doc>Generate a random integer between two integers ``min`` and ``max`` inclusive
while observing the provided ``step`` value.</doc>
<status status="NOT RUN" starttime="20231226 17:13:45.687" endtime="20231226 17:13:45.687"/>
</kw>
<kw name="Convert To String" library="BuiltIn">
<var>${new_text}</var>
<arg>${new_text}</arg>
<doc>Converts the given item to a Unicode string.</doc>
<status status="NOT RUN" starttime="20231226 17:13:45.688" endtime="20231226 17:13:45.688"/>
</kw>
<status status="NOT RUN" starttime="20231226 17:13:45.687" endtime="20231226 17:13:45.688"/>
</branch>
<branch type="ELSE IF" condition="${cnt} &gt; 0 and '${type}' == 'percentage'">
<kw name="Random Int" library="FakerLibrary">
<var>${new_text}</var>
<arg>max=100</arg>
<doc>Generate a random integer between two integers ``min`` and ``max`` inclusive
while observing the provided ``step`` value.</doc>
<status status="NOT RUN" starttime="20231226 17:13:45.688" endtime="20231226 17:13:45.688"/>
</kw>
<kw name="Convert To String" library="BuiltIn">
<var>${new_text}</var>
<arg>${new_text}</arg>
<doc>Converts the given item to a Unicode string.</doc>
<status status="NOT RUN" starttime="20231226 17:13:45.688" endtime="20231226 17:13:45.689"/>
</kw>
<status status="NOT RUN" starttime="20231226 17:13:45.688" endtime="20231226 17:13:45.689"/>
</branch>
<branch type="ELSE IF" condition="${cnt} &gt; 0 and '${type}' == 'paragraph'">
<kw name="Paragraph" library="FakerLibrary">
<var>${new_text}</var>
<doc>Generate a paragraph.</doc>
<status status="NOT RUN" starttime="20231226 17:13:45.689" endtime="20231226 17:13:45.689"/>
</kw>
<status status="NOT RUN" starttime="20231226 17:13:45.689" endtime="20231226 17:13:45.689"/>
</branch>
<branch type="ELSE IF" condition="${cnt} &gt; 0 and '${type}' == 'email'">
<kw name="Email" library="FakerLibrary">
<var>${new_text}</var>
<status status="NOT RUN" starttime="20231226 17:13:45.689" endtime="20231226 17:13:45.689"/>
</kw>
<status status="NOT RUN" starttime="20231226 17:13:45.689" endtime="20231226 17:13:45.689"/>
</branch>
<branch type="ELSE IF" condition="${cnt} &gt; 0 and '${type}' == 'phone'">
<kw name="Random Int" library="FakerLibrary">
<var>${new_text}</var>
<arg>min=2000000000</arg>
<arg>max=9999999999</arg>
<doc>Generate a random integer between two integers ``min`` and ``max`` inclusive
while observing the provided ``step`` value.</doc>
<status status="NOT RUN" starttime="20231226 17:13:45.690" endtime="20231226 17:13:45.690"/>
</kw>
<kw name="Convert To String" library="BuiltIn">
<var>${new_text}</var>
<arg>${new_text}</arg>
<doc>Converts the given item to a Unicode string.</doc>
<status status="NOT RUN" starttime="20231226 17:13:45.690" endtime="20231226 17:13:45.690"/>
</kw>
<status status="NOT RUN" starttime="20231226 17:13:45.690" endtime="20231226 17:13:45.690"/>
</branch>
<branch type="ELSE IF" condition="${cnt} &gt; 0 and '${type}' == 'color'">
<kw name="Safe Hex Color" library="FakerLibrary">
<var>${new_text}</var>
<doc>Generate a web-safe color formatted as a hex triplet.</doc>
<status status="NOT RUN" starttime="20231226 17:13:45.690" endtime="20231226 17:13:45.691"/>
</kw>
<status status="NOT RUN" starttime="20231226 17:13:45.690" endtime="20231226 17:13:45.691"/>
</branch>
<branch type="ELSE IF" condition="${cnt} &gt; 0 and &quot;${type}&quot; == 'password'">
<kw name="Password" library="FakerLibrary">
<var>${new_text}</var>
<arg>10</arg>
<arg>True</arg>
<arg>True</arg>
<arg>True</arg>
<arg>True</arg>
<doc>Generate a random password of the specified ``length``.</doc>
<status status="NOT RUN" starttime="20231226 17:13:45.691" endtime="20231226 17:13:45.691"/>
</kw>
<status status="NOT RUN" starttime="20231226 17:13:45.691" endtime="20231226 17:13:45.691"/>
</branch>
<branch type="ELSE IF" condition="${cnt} &gt; 0 and '${type}' == 'date'">
<kw name="Date" library="FakerLibrary">
<var>${new_text}</var>
<arg>pattern=%d-%m-%Y</arg>
<doc>Get a date string between January 1, 1970 and now.</doc>
<status status="NOT RUN" starttime="20231226 17:13:45.691" endtime="20231226 17:13:45.691"/>
</kw>
<status status="NOT RUN" starttime="20231226 17:13:45.691" endtime="20231226 17:13:45.692"/>
</branch>
<branch type="ELSE IF" condition="${cnt} &gt; 0 and '${type}' == 'word'">
<kw name="Sentence" library="FakerLibrary">
<var>${new_text}</var>
<arg>nb_words=1</arg>
<doc>Generate a sentence.</doc>
<status status="NOT RUN" starttime="20231226 17:13:45.692" endtime="20231226 17:13:45.692"/>
</kw>
<status status="NOT RUN" starttime="20231226 17:13:45.692" endtime="20231226 17:13:45.692"/>
</branch>
<branch type="ELSE IF" condition="${cnt} &gt; 0">
<kw name="Sentence" library="FakerLibrary">
<var>${new_text}</var>
<doc>Generate a sentence.</doc>
<status status="NOT RUN" starttime="20231226 17:13:45.692" endtime="20231226 17:13:45.692"/>
</kw>
<status status="NOT RUN" starttime="20231226 17:13:45.692" endtime="20231226 17:13:45.692"/>
</branch>
<status status="PASS" starttime="20231226 17:13:45.684" endtime="20231226 17:13:45.692"/>
</if>
<kw name="Get Length" library="BuiltIn">
<var>${cnt}</var>
<arg>${text}</arg>
<doc>Returns and logs the length of the given item as an integer.</doc>
<msg timestamp="20231226 17:13:45.693" level="INFO">Length is 6</msg>
<msg timestamp="20231226 17:13:45.693" level="INFO">${cnt} = 6</msg>
<status status="PASS" starttime="20231226 17:13:45.693" endtime="20231226 17:13:45.693"/>
</kw>
<if>
<branch type="IF" condition="${cnt} &gt; 0">
<kw name="Replace String" library="String">
<var>${text}</var>
<arg>${text}</arg>
<arg>${symbol}</arg>
<arg>${new_text}</arg>
<doc>Replaces ``search_for`` in the given ``string`` with ``replace_with``.</doc>
<msg timestamp="20231226 17:13:45.693" level="INFO">${text} = Beatae.</msg>
<status status="PASS" starttime="20231226 17:13:45.693" endtime="20231226 17:13:45.694"/>
</kw>
<status status="PASS" starttime="20231226 17:13:45.693" endtime="20231226 17:13:45.694"/>
</branch>
<status status="PASS" starttime="20231226 17:13:45.693" endtime="20231226 17:13:45.694"/>
</if>
<msg timestamp="20231226 17:13:45.694" level="INFO">${text} = Beatae.</msg>
<status status="PASS" starttime="20231226 17:13:45.677" endtime="20231226 17:13:45.694"/>
</kw>
<kw name="Get Element Form Item By Name" library="common">
<var>${element}</var>
<arg>${name}</arg>
<arg>//input[contains(@class, "ant-input")]</arg>
<msg timestamp="20231226 17:13:45.695" level="INFO">${element} = xpath=//*[contains(@class, "ant-form-item-label")]/label[text()="Mã"]/../../*[contains(@class, "ant-form-item")]//input[contains(@class, "ant-input")]</msg>
<status status="PASS" starttime="20231226 17:13:45.694" endtime="20231226 17:13:45.696"/>
</kw>
<kw name="Get Element" library="Browser">
<var>${e}</var>
<arg>${element}</arg>
<tag>Getter</tag>
<tag>PageContent</tag>
<doc>Returns a reference to a Playwright [https://playwright.dev/docs/api/class-locator|Locator].</doc>
<msg timestamp="20231226 17:13:45.705" level="INFO">Locator found successfully.</msg>
<msg timestamp="20231226 17:13:45.705" level="INFO">${e} = xpath=//*[contains(@class, "ant-form-item-label")]/label[text()="Mã"]/../../*[contains(@class, "ant-form-item")]//input[contains(@class, "ant-input")]</msg>
<status status="PASS" starttime="20231226 17:13:45.697" endtime="20231226 17:13:45.705"/>
</kw>
<kw name="Log To Console" library="BuiltIn">
<arg>'e: ${e}'</arg>
<doc>Logs the given message to the console.</doc>
<status status="PASS" starttime="20231226 17:13:45.705" endtime="20231226 17:13:45.705"/>
</kw>
<kw name="Clear Text" library="Browser">
<arg>${element}</arg>
<tag>PageContent</tag>
<tag>Setter</tag>
<doc>Clears the text field found by ``selector``.</doc>
<msg timestamp="20231226 17:13:55.990" level="INFO" html="true">&lt;/td&gt;&lt;/tr&gt;&lt;tr&gt;&lt;td colspan="3"&gt;&lt;a href="browser/screenshot/fail-screenshot-4.png" target="_blank"&gt;&lt;img src="browser/screenshot/fail-screenshot-4.png" width="800px"/&gt;&lt;/a&gt;</msg>
<msg timestamp="20231226 17:13:55.990" level="INFO">See also file:///D:/AutomationTest/test/playwright-log.txt for additional details.</msg>
<msg timestamp="20231226 17:13:55.990" level="FAIL">TimeoutError: locator.fill: Timeout 10000ms exceeded.
=========================== logs ===========================
waiting for locator('xpath=//*[contains(@class, "ant-form-item-label")]/label[text()="Mã"]/../../*[contains(@class, "ant-form-item")]//input[contains(@class, "ant-input")]')
  locator resolved to &lt;input readonly id="code" tabindex="-1" autocomplete="o…/&gt;
elementHandle.fill("")
  waiting for element to be visible, enabled and editable
    element is not editable - waiting...
============================================================
Tip: Use "Set Browser Timeout" for increasing the timeout or double check your locator as the targeted element(s) couldn't be found.</msg>
<status status="FAIL" starttime="20231226 17:13:45.705" endtime="20231226 17:13:55.994"/>
</kw>
<kw name="Fill Text" library="Browser">
<arg>${element}</arg>
<arg>${text}</arg>
<arg>True</arg>
<tag>PageContent</tag>
<tag>Setter</tag>
<doc>Clears and fills the given ``txt`` into the text field found by ``selector``.</doc>
<status status="NOT RUN" starttime="20231226 17:13:55.994" endtime="20231226 17:13:55.994"/>
</kw>
<kw name="Get Length" library="BuiltIn">
<var>${cnt}</var>
<arg>${text}</arg>
<doc>Returns and logs the length of the given item as an integer.</doc>
<status status="NOT RUN" starttime="20231226 17:13:55.994" endtime="20231226 17:13:55.994"/>
</kw>
<if>
<branch type="IF" condition="${cnt} &gt; 0">
<kw name="Set Global Variable" library="BuiltIn">
<arg>\${STATE["${name}"]}</arg>
<arg>${text}</arg>
<doc>Makes a variable available globally in all tests and suites.</doc>
<status status="NOT RUN" starttime="20231226 17:13:55.994" endtime="20231226 17:13:55.994"/>
</kw>
<status status="NOT RUN" starttime="20231226 17:13:55.994" endtime="20231226 17:13:55.994"/>
</branch>
<status status="NOT RUN" starttime="20231226 17:13:55.994" endtime="20231226 17:13:55.994"/>
</if>
<status status="FAIL" starttime="20231226 17:13:45.676" endtime="20231226 17:13:55.994"/>
</kw>
<kw name="When Click &quot;Lưu lại&quot; button" library="common" sourcename="Click &quot;${text}&quot; button">
<status status="NOT RUN" starttime="20231226 17:13:55.994" endtime="20231226 17:13:55.994"/>
</kw>
<kw name="Then User look message &quot;Success&quot; popup" library="common" sourcename="User look message &quot;${message}&quot; popup">
<status status="NOT RUN" starttime="20231226 17:13:55.994" endtime="20231226 17:13:55.994"/>
</kw>
<kw name="When Click on the &quot;Xóa&quot; button in the &quot;${title_2}&quot; table line" library="common" sourcename="Click on the &quot;${text}&quot; button in the &quot;${name}&quot; table line">
<status status="NOT RUN" starttime="20231226 17:13:55.994" endtime="20231226 17:13:55.994"/>
</kw>
<kw name="When Click on the &quot;Xóa&quot; button in the &quot;${title_1}&quot; table line" library="common" sourcename="Click on the &quot;${text}&quot; button in the &quot;${name}&quot; table line">
<status status="NOT RUN" starttime="20231226 17:13:55.994" endtime="20231226 17:13:55.994"/>
</kw>
<kw name="Tear Down" library="common" type="TEARDOWN">
<kw name="Close Browser" library="Browser">
<arg>ALL</arg>
<tag>BrowserControl</tag>
<tag>Setter</tag>
<doc>Closes the current browser.</doc>
<msg timestamp="20231226 17:13:56.285" level="INFO">Closed all browsers</msg>
<status status="PASS" starttime="20231226 17:13:55.994" endtime="20231226 17:13:56.285"/>
</kw>
<status status="PASS" starttime="20231226 17:13:55.994" endtime="20231226 17:13:56.285"/>
</kw>
<status status="FAIL" starttime="20231226 17:13:32.610" endtime="20231226 17:13:56.285">TimeoutError: locator.fill: Timeout 10000ms exceeded.
=========================== logs ===========================
waiting for locator('xpath=//*[contains(@class, "ant-form-item-label")]/label[text()="Mã"]/../../*[contains(@class, "ant-form-item")]//input[contains(@class, "ant-input")]')
  locator resolved to &lt;input readonly id="code" tabindex="-1" autocomplete="o…/&gt;
elementHandle.fill("")
  waiting for element to be visible, enabled and editable
    element is not editable - waiting...
============================================================
Tip: Use "Set Browser Timeout" for increasing the timeout or double check your locator as the targeted element(s) couldn't be found.</status>
</test>
<status status="FAIL" starttime="20231226 17:13:31.349" endtime="20231226 17:13:56.301"/>
</suite>
<statistics>
<total>
<stat pass="0" fail="1" skip="0">All Tests</stat>
</total>
<tag>
</tag>
<suite>
<stat pass="0" fail="1" skip="0" id="s1" name="Code-Types">Code-Types</stat>
</suite>
</statistics>
<errors>
</errors>
</robot>
