<?xml version="1.0" encoding="UTF-8"?>
<robot generator="Robot 6.1.1 (Python 3.11.4 on win32)" generated="20231002 12:00:08.900" rpa="false" schemaversion="4">
<suite id="s1" name="Customer Account" source="D:\Intern test\test\test\testcases\customer_account.robot">
<test id="s1-t1" name="CA_01 Verify that navigating to the right &quot;Customer-Account&quot; page" line="13">
<kw name="Setup" library="common" type="SETUP">
<kw name="Set Browser Timeout" library="Browser">
<arg>${BROWSER_TIMEOUT}</arg>
<tag>Config</tag>
<tag>Setter</tag>
<doc>Sets the timeout used by most input and getter keywords.</doc>
<status status="PASS" starttime="20231002 12:00:11.946" endtime="20231002 12:00:11.960"/>
</kw>
<kw name="New Browser" library="Browser">
<arg>${BROWSER}</arg>
<arg>headless=${HEADLESS}</arg>
<tag>BrowserControl</tag>
<tag>Setter</tag>
<doc>Create a new playwright Browser with specified options.</doc>
<msg timestamp="20231002 12:00:11.961" level="INFO">{"browser": "chromium", "headless": false, "chromiumSandbox": false, "devtools": false, "handleSIGHUP": true, "handleSIGINT": true, "handleSIGTERM": true, "ignoreDefaultArgs": false, "slowMo": 0.0, "timeout": 30000.0, "tracesDir": "D:\\Intern test\\test\\test\\results\\browser\\traces\\5aa00947-cb57-44f8-a48a-c110c3bd380f"}</msg>
<msg timestamp="20231002 12:00:14.264" level="INFO">Successfully created browser with options: {"browser":"chromium","headless":false,"chromiumSandbox":false,"devtools":false,"handleSIGHUP":true,"handleSIGINT":true,"handleSIGTERM":true,"ignoreDefaultArgs":false,"slowMo":0,"timeout":30000,"tracesDir":"D:\\Intern test\\test\\test\\results\\browser\\traces\\5aa00947-cb57-44f8-a48a-c110c3bd380f"}</msg>
<status status="PASS" starttime="20231002 12:00:11.960" endtime="20231002 12:00:14.265"/>
</kw>
<kw name="New Page" library="Browser">
<arg>${URL_DEFAULT}</arg>
<tag>BrowserControl</tag>
<tag>Setter</tag>
<doc>Open a new Page.</doc>
<msg timestamp="20231002 12:00:17.728" level="INFO">Successfully initialized new page object and opened url: http://dev1.geneat.vn:7802/vn</msg>
<msg timestamp="20231002 12:00:17.728" level="INFO">No context was open. New context was automatically opened when this page is created.</msg>
<status status="PASS" starttime="20231002 12:00:14.265" endtime="20231002 12:00:17.729"/>
</kw>
<kw name="Evaluate" library="BuiltIn">
<var>${STATE}</var>
<arg>json.loads('''{}''')</arg>
<arg>json</arg>
<doc>Evaluates the given expression in Python and returns the result.</doc>
<msg timestamp="20231002 12:00:17.730" level="INFO">${STATE} = {}</msg>
<status status="PASS" starttime="20231002 12:00:17.729" endtime="20231002 12:00:17.731"/>
</kw>
<status status="PASS" starttime="20231002 12:00:11.945" endtime="20231002 12:00:17.731"/>
</kw>
<kw name="Login to admin" library="common">
<kw name="Enter &quot;email&quot; in &quot;Email&quot; with &quot;admin@gmail.com&quot;" library="common" sourcename="Enter &quot;${type}&quot; in &quot;${name}&quot; with &quot;${text}&quot;">
<kw name="Get Random Text" library="common">
<var>${text}</var>
<arg>${type}</arg>
<arg>${text}</arg>
<kw name="Set Variable" library="BuiltIn">
<var>${symbol}</var>
<arg>_RANDOM_</arg>
<doc>Returns the given values which can then be assigned to a variables.</doc>
<msg timestamp="20231002 12:00:17.741" level="INFO">${symbol} = _RANDOM_</msg>
<status status="PASS" starttime="20231002 12:00:17.740" endtime="20231002 12:00:17.741"/>
</kw>
<kw name="Set Variable" library="BuiltIn">
<var>${new_text}</var>
<doc>Returns the given values which can then be assigned to a variables.</doc>
<msg timestamp="20231002 12:00:17.741" level="INFO">${new_text} = </msg>
<status status="PASS" starttime="20231002 12:00:17.741" endtime="20231002 12:00:17.741"/>
</kw>
<kw name="Get Regexp Matches" library="String">
<var>${containsS}</var>
<arg>${text}</arg>
<arg>_@(.+)@_</arg>
<arg>1</arg>
<doc>Returns a list of all non-overlapping matches in the given string.</doc>
<msg timestamp="20231002 12:00:17.743" level="INFO">${containsS} = []</msg>
<status status="PASS" starttime="20231002 12:00:17.742" endtime="20231002 12:00:17.743"/>
</kw>
<kw name="Get Length" library="BuiltIn">
<var>${cntS}</var>
<arg>${containsS}</arg>
<doc>Returns and logs the length of the given item as an integer.</doc>
<msg timestamp="20231002 12:00:17.744" level="INFO">Length is 0</msg>
<msg timestamp="20231002 12:00:17.744" level="INFO">${cntS} = 0</msg>
<status status="PASS" starttime="20231002 12:00:17.743" endtime="20231002 12:00:17.744"/>
</kw>
<kw name="Get Regexp Matches" library="String">
<var>${contains}</var>
<arg>${text}</arg>
<arg>${symbol}</arg>
<doc>Returns a list of all non-overlapping matches in the given string.</doc>
<msg timestamp="20231002 12:00:17.746" level="INFO">${contains} = []</msg>
<status status="PASS" starttime="20231002 12:00:17.745" endtime="20231002 12:00:17.746"/>
</kw>
<kw name="Get Length" library="BuiltIn">
<var>${cnt}</var>
<arg>${contains}</arg>
<doc>Returns and logs the length of the given item as an integer.</doc>
<msg timestamp="20231002 12:00:17.747" level="INFO">Length is 0</msg>
<msg timestamp="20231002 12:00:17.747" level="INFO">${cnt} = 0</msg>
<status status="PASS" starttime="20231002 12:00:17.746" endtime="20231002 12:00:17.747"/>
</kw>
<if>
<branch type="IF" condition="${cntS} &gt; 0">
<kw name="Set Variable" library="BuiltIn">
<var>${new_text}</var>
<arg>${STATE["${containsS[0]}"]}</arg>
<doc>Returns the given values which can then be assigned to a variables.</doc>
<status status="NOT RUN" starttime="20231002 12:00:17.749" endtime="20231002 12:00:17.749"/>
</kw>
<kw name="Set Variable" library="BuiltIn">
<var>${symbol}</var>
<arg>_@${containsS[0]}@_</arg>
<doc>Returns the given values which can then be assigned to a variables.</doc>
<status status="NOT RUN" starttime="20231002 12:00:17.749" endtime="20231002 12:00:17.750"/>
</kw>
<status status="NOT RUN" starttime="20231002 12:00:17.748" endtime="20231002 12:00:17.750"/>
</branch>
<branch type="ELSE IF" condition="${cnt} &gt; 0 and '${type}' == 'test name'">
<kw name="Sentence" library="FakerLibrary">
<var>${random}</var>
<arg>nb_words=3</arg>
<doc>Generate a sentence.</doc>
<status status="NOT RUN" starttime="20231002 12:00:17.751" endtime="20231002 12:00:17.751"/>
</kw>
<kw name="Split String" library="String">
<var>${words}</var>
<arg>${TEST NAME}</arg>
<arg>${SPACE}</arg>
<doc>Splits the ``string`` using ``separator`` as a delimiter string.</doc>
<status status="NOT RUN" starttime="20231002 12:00:17.751" endtime="20231002 12:00:17.752"/>
</kw>
<kw name="Set Variable" library="BuiltIn">
<var>${new_text}</var>
<arg>${words[0]} ${random}</arg>
<doc>Returns the given values which can then be assigned to a variables.</doc>
<status status="NOT RUN" starttime="20231002 12:00:17.752" endtime="20231002 12:00:17.752"/>
</kw>
<status status="NOT RUN" starttime="20231002 12:00:17.750" endtime="20231002 12:00:17.752"/>
</branch>
<branch type="ELSE IF" condition="${cnt} &gt; 0 and '${type}' == 'number'">
<kw name="Random Int" library="FakerLibrary">
<var>${new_text}</var>
<doc>Generate a random integer between two integers ``min`` and ``max`` inclusive
while observing the provided ``step`` value.</doc>
<status status="NOT RUN" starttime="20231002 12:00:17.753" endtime="20231002 12:00:17.754"/>
</kw>
<kw name="Convert To String" library="BuiltIn">
<var>${new_text}</var>
<arg>${new_text}</arg>
<doc>Converts the given item to a Unicode string.</doc>
<status status="NOT RUN" starttime="20231002 12:00:17.754" endtime="20231002 12:00:17.754"/>
</kw>
<status status="NOT RUN" starttime="20231002 12:00:17.753" endtime="20231002 12:00:17.754"/>
</branch>
<branch type="ELSE IF" condition="${cnt} &gt; 0 and '${type}' == 'percentage'">
<kw name="Random Int" library="FakerLibrary">
<var>${new_text}</var>
<arg>max=100</arg>
<doc>Generate a random integer between two integers ``min`` and ``max`` inclusive
while observing the provided ``step`` value.</doc>
<status status="NOT RUN" starttime="20231002 12:00:17.755" endtime="20231002 12:00:17.756"/>
</kw>
<kw name="Convert To String" library="BuiltIn">
<var>${new_text}</var>
<arg>${new_text}</arg>
<doc>Converts the given item to a Unicode string.</doc>
<status status="NOT RUN" starttime="20231002 12:00:17.756" endtime="20231002 12:00:17.756"/>
</kw>
<status status="NOT RUN" starttime="20231002 12:00:17.755" endtime="20231002 12:00:17.756"/>
</branch>
<branch type="ELSE IF" condition="${cnt} &gt; 0 and '${type}' == 'paragraph'">
<kw name="Paragraph" library="FakerLibrary">
<var>${new_text}</var>
<doc>Generate a paragraph.</doc>
<status status="NOT RUN" starttime="20231002 12:00:17.757" endtime="20231002 12:00:17.758"/>
</kw>
<status status="NOT RUN" starttime="20231002 12:00:17.757" endtime="20231002 12:00:17.759"/>
</branch>
<branch type="ELSE IF" condition="${cnt} &gt; 0 and '${type}' == 'email'">
<kw name="Email" library="FakerLibrary">
<var>${new_text}</var>
<status status="NOT RUN" starttime="20231002 12:00:17.760" endtime="20231002 12:00:17.760"/>
</kw>
<status status="NOT RUN" starttime="20231002 12:00:17.759" endtime="20231002 12:00:17.761"/>
</branch>
<branch type="ELSE IF" condition="${cnt} &gt; 0 and '${type}' == 'phone'">
<kw name="Random Int" library="FakerLibrary">
<var>${new_text}</var>
<arg>min=200000000</arg>
<arg>max=999999999</arg>
<doc>Generate a random integer between two integers ``min`` and ``max`` inclusive
while observing the provided ``step`` value.</doc>
<status status="NOT RUN" starttime="20231002 12:00:17.762" endtime="20231002 12:00:17.762"/>
</kw>
<kw name="Convert To String" library="BuiltIn">
<var>${new_text}</var>
<arg>${new_text}</arg>
<doc>Converts the given item to a Unicode string.</doc>
<status status="NOT RUN" starttime="20231002 12:00:17.763" endtime="20231002 12:00:17.763"/>
</kw>
<kw name="Catenate" library="BuiltIn">
<var>${new_text}</var>
<arg>SEPARATOR=</arg>
<arg>0</arg>
<arg>${new_text}</arg>
<doc>Catenates the given items together and returns the resulted string.</doc>
<status status="NOT RUN" starttime="20231002 12:00:17.764" endtime="20231002 12:00:17.764"/>
</kw>
<status status="NOT RUN" starttime="20231002 12:00:17.761" endtime="20231002 12:00:17.764"/>
</branch>
<branch type="ELSE IF" condition="${cnt} &gt; 0 and '${type}' == 'color'">
<kw name="Safe Hex Color" library="FakerLibrary">
<var>${new_text}</var>
<doc>Generate a web-safe color formatted as a hex triplet.</doc>
<status status="NOT RUN" starttime="20231002 12:00:17.769" endtime="20231002 12:00:17.769"/>
</kw>
<status status="NOT RUN" starttime="20231002 12:00:17.765" endtime="20231002 12:00:17.770"/>
</branch>
<branch type="ELSE IF" condition="${cnt} &gt; 0 and '${type}' == 'date'">
<kw name="Date" library="FakerLibrary">
<var>${new_text}</var>
<arg>pattern=%d-%m-%Y</arg>
<doc>Get a date string between January 1, 1970 and now.</doc>
<status status="NOT RUN" starttime="20231002 12:00:17.771" endtime="20231002 12:00:17.772"/>
</kw>
<status status="NOT RUN" starttime="20231002 12:00:17.770" endtime="20231002 12:00:17.772"/>
</branch>
<branch type="ELSE IF" condition="${cnt} &gt; 0 and '${type}' == 'word'">
<kw name="Sentence" library="FakerLibrary">
<var>${new_text}</var>
<arg>nb_words=2</arg>
<doc>Generate a sentence.</doc>
<status status="NOT RUN" starttime="20231002 12:00:17.773" endtime="20231002 12:00:17.774"/>
</kw>
<status status="NOT RUN" starttime="20231002 12:00:17.773" endtime="20231002 12:00:17.774"/>
</branch>
<branch type="ELSE IF" condition="${cnt} &gt; 0">
<kw name="Sentence" library="FakerLibrary">
<var>${new_text}</var>
<doc>Generate a sentence.</doc>
<status status="NOT RUN" starttime="20231002 12:00:17.775" endtime="20231002 12:00:17.775"/>
</kw>
<status status="NOT RUN" starttime="20231002 12:00:17.774" endtime="20231002 12:00:17.775"/>
</branch>
<status status="PASS" starttime="20231002 12:00:17.747" endtime="20231002 12:00:17.775"/>
</if>
<kw name="Get Length" library="BuiltIn">
<var>${cnt}</var>
<arg>${text}</arg>
<doc>Returns and logs the length of the given item as an integer.</doc>
<msg timestamp="20231002 12:00:17.776" level="INFO">Length is 15</msg>
<msg timestamp="20231002 12:00:17.776" level="INFO">${cnt} = 15</msg>
<status status="PASS" starttime="20231002 12:00:17.776" endtime="20231002 12:00:17.776"/>
</kw>
<if>
<branch type="IF" condition="${cnt} &gt; 0">
<kw name="Replace String" library="String">
<var>${text}</var>
<arg>${text}</arg>
<arg>${symbol}</arg>
<arg>${new_text}</arg>
<doc>Replaces ``search_for`` in the given ``string`` with ``replace_with``.</doc>
<msg timestamp="20231002 12:00:17.780" level="INFO">${text} = admin@gmail.com</msg>
<status status="PASS" starttime="20231002 12:00:17.778" endtime="20231002 12:00:17.781"/>
</kw>
<status status="PASS" starttime="20231002 12:00:17.776" endtime="20231002 12:00:17.781"/>
</branch>
<status status="PASS" starttime="20231002 12:00:17.776" endtime="20231002 12:00:17.781"/>
</if>
<msg timestamp="20231002 12:00:17.781" level="INFO">${text} = admin@gmail.com</msg>
<status status="PASS" starttime="20231002 12:00:17.739" endtime="20231002 12:00:17.781"/>
</kw>
<kw name="Get Element Form Item By Name" library="common">
<var>${element}</var>
<arg>${name}</arg>
<arg>//input[contains(@class, "ant-input")]</arg>
<msg timestamp="20231002 12:00:17.782" level="INFO">${element} = xpath=//*[contains(@class, "ant-form-item-label")]/label[text()="Email"]/../../*[contains(@class, "ant-form-item")]//input[contains(@class, "ant-input")]</msg>
<status status="PASS" starttime="20231002 12:00:17.781" endtime="20231002 12:00:17.782"/>
</kw>
<kw name="Clear Text" library="Browser">
<arg>${element}</arg>
<tag>PageContent</tag>
<tag>Setter</tag>
<doc>Clears the text field found by ``selector``.</doc>
<status status="PASS" starttime="20231002 12:00:17.782" endtime="20231002 12:00:17.944"/>
</kw>
<kw name="Fill Text" library="Browser">
<arg>${element}</arg>
<arg>${text}</arg>
<arg>True</arg>
<tag>PageContent</tag>
<tag>Setter</tag>
<doc>Clears and fills the given ``txt`` into the text field found by ``selector``.</doc>
<msg timestamp="20231002 12:00:17.945" level="INFO">Fills the text 'admin@gmail.com' in the given field.</msg>
<status status="PASS" starttime="20231002 12:00:17.945" endtime="20231002 12:00:17.986"/>
</kw>
<kw name="Get Length" library="BuiltIn">
<var>${cnt}</var>
<arg>${text}</arg>
<doc>Returns and logs the length of the given item as an integer.</doc>
<msg timestamp="20231002 12:00:17.987" level="INFO">Length is 15</msg>
<msg timestamp="20231002 12:00:17.987" level="INFO">${cnt} = 15</msg>
<status status="PASS" starttime="20231002 12:00:17.987" endtime="20231002 12:00:17.987"/>
</kw>
<if>
<branch type="IF" condition="${cnt} &gt; 0">
<kw name="Set Global Variable" library="BuiltIn">
<arg>${STATE["${name}"]}</arg>
<arg>${text}</arg>
<doc>Makes a variable available globally in all tests and suites.</doc>
<msg timestamp="20231002 12:00:17.990" level="INFO">${STATE["Email"]} = admin@gmail.com</msg>
<status status="PASS" starttime="20231002 12:00:17.988" endtime="20231002 12:00:17.991"/>
</kw>
<status status="PASS" starttime="20231002 12:00:17.988" endtime="20231002 12:00:17.991"/>
</branch>
<status status="PASS" starttime="20231002 12:00:17.988" endtime="20231002 12:00:17.991"/>
</if>
<status status="PASS" starttime="20231002 12:00:17.738" endtime="20231002 12:00:17.991"/>
</kw>
<kw name="Enter &quot;text&quot; in &quot;Mật khẩu&quot; with &quot;123123&quot;" library="common" sourcename="Enter &quot;${type}&quot; in &quot;${name}&quot; with &quot;${text}&quot;">
<kw name="Get Random Text" library="common">
<var>${text}</var>
<arg>${type}</arg>
<arg>${text}</arg>
<kw name="Set Variable" library="BuiltIn">
<var>${symbol}</var>
<arg>_RANDOM_</arg>
<doc>Returns the given values which can then be assigned to a variables.</doc>
<msg timestamp="20231002 12:00:17.994" level="INFO">${symbol} = _RANDOM_</msg>
<status status="PASS" starttime="20231002 12:00:17.993" endtime="20231002 12:00:17.994"/>
</kw>
<kw name="Set Variable" library="BuiltIn">
<var>${new_text}</var>
<doc>Returns the given values which can then be assigned to a variables.</doc>
<msg timestamp="20231002 12:00:17.997" level="INFO">${new_text} = </msg>
<status status="PASS" starttime="20231002 12:00:17.996" endtime="20231002 12:00:17.997"/>
</kw>
<kw name="Get Regexp Matches" library="String">
<var>${containsS}</var>
<arg>${text}</arg>
<arg>_@(.+)@_</arg>
<arg>1</arg>
<doc>Returns a list of all non-overlapping matches in the given string.</doc>
<msg timestamp="20231002 12:00:18.000" level="INFO">${containsS} = []</msg>
<status status="PASS" starttime="20231002 12:00:17.999" endtime="20231002 12:00:18.000"/>
</kw>
<kw name="Get Length" library="BuiltIn">
<var>${cntS}</var>
<arg>${containsS}</arg>
<doc>Returns and logs the length of the given item as an integer.</doc>
<msg timestamp="20231002 12:00:18.001" level="INFO">Length is 0</msg>
<msg timestamp="20231002 12:00:18.001" level="INFO">${cntS} = 0</msg>
<status status="PASS" starttime="20231002 12:00:18.001" endtime="20231002 12:00:18.002"/>
</kw>
<kw name="Get Regexp Matches" library="String">
<var>${contains}</var>
<arg>${text}</arg>
<arg>${symbol}</arg>
<doc>Returns a list of all non-overlapping matches in the given string.</doc>
<msg timestamp="20231002 12:00:18.003" level="INFO">${contains} = []</msg>
<status status="PASS" starttime="20231002 12:00:18.002" endtime="20231002 12:00:18.003"/>
</kw>
<kw name="Get Length" library="BuiltIn">
<var>${cnt}</var>
<arg>${contains}</arg>
<doc>Returns and logs the length of the given item as an integer.</doc>
<msg timestamp="20231002 12:00:18.004" level="INFO">Length is 0</msg>
<msg timestamp="20231002 12:00:18.004" level="INFO">${cnt} = 0</msg>
<status status="PASS" starttime="20231002 12:00:18.003" endtime="20231002 12:00:18.004"/>
</kw>
<if>
<branch type="IF" condition="${cntS} &gt; 0">
<kw name="Set Variable" library="BuiltIn">
<var>${new_text}</var>
<arg>${STATE["${containsS[0]}"]}</arg>
<doc>Returns the given values which can then be assigned to a variables.</doc>
<status status="NOT RUN" starttime="20231002 12:00:18.005" endtime="20231002 12:00:18.005"/>
</kw>
<kw name="Set Variable" library="BuiltIn">
<var>${symbol}</var>
<arg>_@${containsS[0]}@_</arg>
<doc>Returns the given values which can then be assigned to a variables.</doc>
<status status="NOT RUN" starttime="20231002 12:00:18.005" endtime="20231002 12:00:18.005"/>
</kw>
<status status="NOT RUN" starttime="20231002 12:00:18.004" endtime="20231002 12:00:18.005"/>
</branch>
<branch type="ELSE IF" condition="${cnt} &gt; 0 and '${type}' == 'test name'">
<kw name="Sentence" library="FakerLibrary">
<var>${random}</var>
<arg>nb_words=3</arg>
<doc>Generate a sentence.</doc>
<status status="NOT RUN" starttime="20231002 12:00:18.006" endtime="20231002 12:00:18.006"/>
</kw>
<kw name="Split String" library="String">
<var>${words}</var>
<arg>${TEST NAME}</arg>
<arg>${SPACE}</arg>
<doc>Splits the ``string`` using ``separator`` as a delimiter string.</doc>
<status status="NOT RUN" starttime="20231002 12:00:18.006" endtime="20231002 12:00:18.006"/>
</kw>
<kw name="Set Variable" library="BuiltIn">
<var>${new_text}</var>
<arg>${words[0]} ${random}</arg>
<doc>Returns the given values which can then be assigned to a variables.</doc>
<status status="NOT RUN" starttime="20231002 12:00:18.007" endtime="20231002 12:00:18.007"/>
</kw>
<status status="NOT RUN" starttime="20231002 12:00:18.006" endtime="20231002 12:00:18.007"/>
</branch>
<branch type="ELSE IF" condition="${cnt} &gt; 0 and '${type}' == 'number'">
<kw name="Random Int" library="FakerLibrary">
<var>${new_text}</var>
<doc>Generate a random integer between two integers ``min`` and ``max`` inclusive
while observing the provided ``step`` value.</doc>
<status status="NOT RUN" starttime="20231002 12:00:18.007" endtime="20231002 12:00:18.007"/>
</kw>
<kw name="Convert To String" library="BuiltIn">
<var>${new_text}</var>
<arg>${new_text}</arg>
<doc>Converts the given item to a Unicode string.</doc>
<status status="NOT RUN" starttime="20231002 12:00:18.008" endtime="20231002 12:00:18.008"/>
</kw>
<status status="NOT RUN" starttime="20231002 12:00:18.007" endtime="20231002 12:00:18.008"/>
</branch>
<branch type="ELSE IF" condition="${cnt} &gt; 0 and '${type}' == 'percentage'">
<kw name="Random Int" library="FakerLibrary">
<var>${new_text}</var>
<arg>max=100</arg>
<doc>Generate a random integer between two integers ``min`` and ``max`` inclusive
while observing the provided ``step`` value.</doc>
<status status="NOT RUN" starttime="20231002 12:00:18.008" endtime="20231002 12:00:18.008"/>
</kw>
<kw name="Convert To String" library="BuiltIn">
<var>${new_text}</var>
<arg>${new_text}</arg>
<doc>Converts the given item to a Unicode string.</doc>
<status status="NOT RUN" starttime="20231002 12:00:18.009" endtime="20231002 12:00:18.009"/>
</kw>
<status status="NOT RUN" starttime="20231002 12:00:18.008" endtime="20231002 12:00:18.009"/>
</branch>
<branch type="ELSE IF" condition="${cnt} &gt; 0 and '${type}' == 'paragraph'">
<kw name="Paragraph" library="FakerLibrary">
<var>${new_text}</var>
<doc>Generate a paragraph.</doc>
<status status="NOT RUN" starttime="20231002 12:00:18.009" endtime="20231002 12:00:18.009"/>
</kw>
<status status="NOT RUN" starttime="20231002 12:00:18.009" endtime="20231002 12:00:18.009"/>
</branch>
<branch type="ELSE IF" condition="${cnt} &gt; 0 and '${type}' == 'email'">
<kw name="Email" library="FakerLibrary">
<var>${new_text}</var>
<status status="NOT RUN" starttime="20231002 12:00:18.010" endtime="20231002 12:00:18.010"/>
</kw>
<status status="NOT RUN" starttime="20231002 12:00:18.010" endtime="20231002 12:00:18.010"/>
</branch>
<branch type="ELSE IF" condition="${cnt} &gt; 0 and '${type}' == 'phone'">
<kw name="Random Int" library="FakerLibrary">
<var>${new_text}</var>
<arg>min=200000000</arg>
<arg>max=999999999</arg>
<doc>Generate a random integer between two integers ``min`` and ``max`` inclusive
while observing the provided ``step`` value.</doc>
<status status="NOT RUN" starttime="20231002 12:00:18.012" endtime="20231002 12:00:18.012"/>
</kw>
<kw name="Convert To String" library="BuiltIn">
<var>${new_text}</var>
<arg>${new_text}</arg>
<doc>Converts the given item to a Unicode string.</doc>
<status status="NOT RUN" starttime="20231002 12:00:18.013" endtime="20231002 12:00:18.013"/>
</kw>
<kw name="Catenate" library="BuiltIn">
<var>${new_text}</var>
<arg>SEPARATOR=</arg>
<arg>0</arg>
<arg>${new_text}</arg>
<doc>Catenates the given items together and returns the resulted string.</doc>
<status status="NOT RUN" starttime="20231002 12:00:18.013" endtime="20231002 12:00:18.013"/>
</kw>
<status status="NOT RUN" starttime="20231002 12:00:18.011" endtime="20231002 12:00:18.013"/>
</branch>
<branch type="ELSE IF" condition="${cnt} &gt; 0 and '${type}' == 'color'">
<kw name="Safe Hex Color" library="FakerLibrary">
<var>${new_text}</var>
<doc>Generate a web-safe color formatted as a hex triplet.</doc>
<status status="NOT RUN" starttime="20231002 12:00:18.014" endtime="20231002 12:00:18.014"/>
</kw>
<status status="NOT RUN" starttime="20231002 12:00:18.014" endtime="20231002 12:00:18.014"/>
</branch>
<branch type="ELSE IF" condition="${cnt} &gt; 0 and '${type}' == 'date'">
<kw name="Date" library="FakerLibrary">
<var>${new_text}</var>
<arg>pattern=%d-%m-%Y</arg>
<doc>Get a date string between January 1, 1970 and now.</doc>
<status status="NOT RUN" starttime="20231002 12:00:18.015" endtime="20231002 12:00:18.015"/>
</kw>
<status status="NOT RUN" starttime="20231002 12:00:18.014" endtime="20231002 12:00:18.015"/>
</branch>
<branch type="ELSE IF" condition="${cnt} &gt; 0 and '${type}' == 'word'">
<kw name="Sentence" library="FakerLibrary">
<var>${new_text}</var>
<arg>nb_words=2</arg>
<doc>Generate a sentence.</doc>
<status status="NOT RUN" starttime="20231002 12:00:18.016" endtime="20231002 12:00:18.016"/>
</kw>
<status status="NOT RUN" starttime="20231002 12:00:18.015" endtime="20231002 12:00:18.016"/>
</branch>
<branch type="ELSE IF" condition="${cnt} &gt; 0">
<kw name="Sentence" library="FakerLibrary">
<var>${new_text}</var>
<doc>Generate a sentence.</doc>
<status status="NOT RUN" starttime="20231002 12:00:18.017" endtime="20231002 12:00:18.017"/>
</kw>
<status status="NOT RUN" starttime="20231002 12:00:18.017" endtime="20231002 12:00:18.017"/>
</branch>
<status status="PASS" starttime="20231002 12:00:18.004" endtime="20231002 12:00:18.017"/>
</if>
<kw name="Get Length" library="BuiltIn">
<var>${cnt}</var>
<arg>${text}</arg>
<doc>Returns and logs the length of the given item as an integer.</doc>
<msg timestamp="20231002 12:00:18.018" level="INFO">Length is 6</msg>
<msg timestamp="20231002 12:00:18.018" level="INFO">${cnt} = 6</msg>
<status status="PASS" starttime="20231002 12:00:18.018" endtime="20231002 12:00:18.018"/>
</kw>
<if>
<branch type="IF" condition="${cnt} &gt; 0">
<kw name="Replace String" library="String">
<var>${text}</var>
<arg>${text}</arg>
<arg>${symbol}</arg>
<arg>${new_text}</arg>
<doc>Replaces ``search_for`` in the given ``string`` with ``replace_with``.</doc>
<msg timestamp="20231002 12:00:18.020" level="INFO">${text} = 123123</msg>
<status status="PASS" starttime="20231002 12:00:18.019" endtime="20231002 12:00:18.020"/>
</kw>
<status status="PASS" starttime="20231002 12:00:18.019" endtime="20231002 12:00:18.020"/>
</branch>
<status status="PASS" starttime="20231002 12:00:18.018" endtime="20231002 12:00:18.020"/>
</if>
<msg timestamp="20231002 12:00:18.020" level="INFO">${text} = 123123</msg>
<status status="PASS" starttime="20231002 12:00:17.993" endtime="20231002 12:00:18.020"/>
</kw>
<kw name="Get Element Form Item By Name" library="common">
<var>${element}</var>
<arg>${name}</arg>
<arg>//input[contains(@class, "ant-input")]</arg>
<msg timestamp="20231002 12:00:18.022" level="INFO">${element} = xpath=//*[contains(@class, "ant-form-item-label")]/label[text()="Mật khẩu"]/../../*[contains(@class, "ant-form-item")]//input[contains(@class, "ant-input")]</msg>
<status status="PASS" starttime="20231002 12:00:18.020" endtime="20231002 12:00:18.022"/>
</kw>
<kw name="Clear Text" library="Browser">
<arg>${element}</arg>
<tag>PageContent</tag>
<tag>Setter</tag>
<doc>Clears the text field found by ``selector``.</doc>
<status status="PASS" starttime="20231002 12:00:18.023" endtime="20231002 12:00:18.069"/>
</kw>
<kw name="Fill Text" library="Browser">
<arg>${element}</arg>
<arg>${text}</arg>
<arg>True</arg>
<tag>PageContent</tag>
<tag>Setter</tag>
<doc>Clears and fills the given ``txt`` into the text field found by ``selector``.</doc>
<msg timestamp="20231002 12:00:18.070" level="INFO">Fills the text '123123' in the given field.</msg>
<status status="PASS" starttime="20231002 12:00:18.069" endtime="20231002 12:00:18.131"/>
</kw>
<kw name="Get Length" library="BuiltIn">
<var>${cnt}</var>
<arg>${text}</arg>
<doc>Returns and logs the length of the given item as an integer.</doc>
<msg timestamp="20231002 12:00:18.133" level="INFO">Length is 6</msg>
<msg timestamp="20231002 12:00:18.133" level="INFO">${cnt} = 6</msg>
<status status="PASS" starttime="20231002 12:00:18.132" endtime="20231002 12:00:18.133"/>
</kw>
<if>
<branch type="IF" condition="${cnt} &gt; 0">
<kw name="Set Global Variable" library="BuiltIn">
<arg>${STATE["${name}"]}</arg>
<arg>${text}</arg>
<doc>Makes a variable available globally in all tests and suites.</doc>
<msg timestamp="20231002 12:00:18.137" level="INFO">${STATE["Mật khẩu"]} = 123123</msg>
<status status="PASS" starttime="20231002 12:00:18.135" endtime="20231002 12:00:18.137"/>
</kw>
<status status="PASS" starttime="20231002 12:00:18.134" endtime="20231002 12:00:18.137"/>
</branch>
<status status="PASS" starttime="20231002 12:00:18.134" endtime="20231002 12:00:18.137"/>
</if>
<status status="PASS" starttime="20231002 12:00:17.991" endtime="20231002 12:00:18.137"/>
</kw>
<kw name="Click &quot;Đăng nhập&quot; button" library="common" sourcename="Click &quot;${text}&quot; button">
<kw name="Click" library="Browser">
<arg>xpath=//button[@title = "${text}"]</arg>
<tag>PageContent</tag>
<tag>Setter</tag>
<doc>Simulates mouse click on the element found by ``selector``.</doc>
<status status="PASS" starttime="20231002 12:00:18.138" endtime="20231002 12:00:18.399"/>
</kw>
<kw name="Click Confirm To Action" library="common">
<kw name="Set Variable" library="BuiltIn">
<var>${element}</var>
<arg>xpath=//*[contains(@class, "ant-popover")]//*[contains(@class, "ant-btn-primary")]</arg>
<doc>Returns the given values which can then be assigned to a variables.</doc>
<msg timestamp="20231002 12:00:18.400" level="INFO">${element} = xpath=//*[contains(@class, "ant-popover")]//*[contains(@class, "ant-btn-primary")]</msg>
<status status="PASS" starttime="20231002 12:00:18.400" endtime="20231002 12:00:18.400"/>
</kw>
<kw name="Get Element Count" library="Browser">
<var>${count}</var>
<arg>${element}</arg>
<tag>Assertion</tag>
<tag>Getter</tag>
<tag>PageContent</tag>
<doc>Returns the count of elements found with ``selector``.</doc>
<msg timestamp="20231002 12:00:18.412" level="INFO">${count} = 0</msg>
<status status="PASS" starttime="20231002 12:00:18.400" endtime="20231002 12:00:18.413"/>
</kw>
<if>
<branch type="IF" condition="${count} &gt; 0">
<kw name="Click" library="Browser">
<arg>${element}</arg>
<tag>PageContent</tag>
<tag>Setter</tag>
<doc>Simulates mouse click on the element found by ``selector``.</doc>
<status status="NOT RUN" starttime="20231002 12:00:18.415" endtime="20231002 12:00:18.415"/>
</kw>
<kw name="Sleep" library="BuiltIn">
<arg>${SHOULD_TIMEOUT}</arg>
<doc>Pauses the test executed for the given time.</doc>
<status status="NOT RUN" starttime="20231002 12:00:18.416" endtime="20231002 12:00:18.416"/>
</kw>
<status status="NOT RUN" starttime="20231002 12:00:18.413" endtime="20231002 12:00:18.416"/>
</branch>
<status status="PASS" starttime="20231002 12:00:18.413" endtime="20231002 12:00:18.416"/>
</if>
<status status="PASS" starttime="20231002 12:00:18.399" endtime="20231002 12:00:18.416"/>
</kw>
<kw name="Scroll By" library="Browser">
<arg>${None}</arg>
<tag>PageContent</tag>
<tag>Setter</tag>
<doc>Scrolls an element or the page relative from current position by the given values.</doc>
<msg timestamp="20231002 12:00:18.480" level="INFO">JavaScript executed successfully.</msg>
<msg timestamp="20231002 12:00:18.480" level="INFO">JavaScript executed successfully.</msg>
<msg timestamp="20231002 12:00:18.622" level="INFO">JavaScript executed successfully.</msg>
<msg timestamp="20231002 12:00:18.622" level="INFO">JavaScript executed successfully.</msg>
<msg timestamp="20231002 12:00:18.812" level="INFO">JavaScript executed successfully.</msg>
<status status="PASS" starttime="20231002 12:00:18.417" endtime="20231002 12:00:18.812"/>
</kw>
<status status="PASS" starttime="20231002 12:00:18.137" endtime="20231002 12:00:18.813"/>
</kw>
<kw name="User look message &quot;Success&quot; popup" library="common" sourcename="User look message &quot;${message}&quot; popup">
<kw name="Get Regexp Matches" library="String">
<var>${contains}</var>
<arg>${message}</arg>
<arg>_@(.+)@_</arg>
<arg>1</arg>
<doc>Returns a list of all non-overlapping matches in the given string.</doc>
<msg timestamp="20231002 12:00:18.815" level="INFO">${contains} = []</msg>
<status status="PASS" starttime="20231002 12:00:18.814" endtime="20231002 12:00:18.815"/>
</kw>
<kw name="Get Length" library="BuiltIn">
<var>${cnt}</var>
<arg>${contains}</arg>
<doc>Returns and logs the length of the given item as an integer.</doc>
<msg timestamp="20231002 12:00:18.816" level="INFO">Length is 0</msg>
<msg timestamp="20231002 12:00:18.816" level="INFO">${cnt} = 0</msg>
<status status="PASS" starttime="20231002 12:00:18.815" endtime="20231002 12:00:18.816"/>
</kw>
<if>
<branch type="IF" condition="${cnt} &gt; 0">
<kw name="Replace String" library="String">
<var>${message}</var>
<arg>${message}</arg>
<arg>_@${contains[0]}@_</arg>
<arg>${STATE["${contains[0]}"]}</arg>
<doc>Replaces ``search_for`` in the given ``string`` with ``replace_with``.</doc>
<status status="NOT RUN" starttime="20231002 12:00:18.817" endtime="20231002 12:00:18.817"/>
</kw>
<status status="NOT RUN" starttime="20231002 12:00:18.816" endtime="20231002 12:00:18.817"/>
</branch>
<status status="PASS" starttime="20231002 12:00:18.816" endtime="20231002 12:00:18.817"/>
</if>
<kw name="Element Text Should Be" library="common">
<arg>id=swal2-html-container</arg>
<arg>${message}</arg>
<kw name="Get Text" library="Browser">
<arg>${locator}</arg>
<arg>equal</arg>
<arg>${expected}</arg>
<arg>${message}</arg>
<tag>Assertion</tag>
<tag>Getter</tag>
<tag>PageContent</tag>
<doc>Returns text attribute of the element found by ``selector``.</doc>
<msg timestamp="20231002 12:00:18.871" level="INFO">Text: 'Success'</msg>
<status status="PASS" starttime="20231002 12:00:18.819" endtime="20231002 12:00:18.871"/>
</kw>
<status status="PASS" starttime="20231002 12:00:18.817" endtime="20231002 12:00:18.872"/>
</kw>
<kw name="Set Variable" library="BuiltIn">
<var>${element}</var>
<arg>xpath=//*[contains(@class, "swal2-confirm")]</arg>
<doc>Returns the given values which can then be assigned to a variables.</doc>
<msg timestamp="20231002 12:00:18.872" level="INFO">${element} = xpath=//*[contains(@class, "swal2-confirm")]</msg>
<status status="PASS" starttime="20231002 12:00:18.872" endtime="20231002 12:00:18.872"/>
</kw>
<kw name="Run Keyword And Return Status" library="BuiltIn">
<var>${passed}</var>
<arg>Element Should Be Visible</arg>
<arg>${element}</arg>
<doc>Runs the given keyword with given arguments and returns the status as a Boolean value.</doc>
<kw name="Element Should Be Visible" library="common">
<arg>${element}</arg>
<kw name="Wait For Elements State" library="Browser">
<arg>${locator}</arg>
<arg>visible</arg>
<arg>${timeout}</arg>
<arg>${message}</arg>
<tag>PageContent</tag>
<tag>Wait</tag>
<doc>Waits for the element found by ``selector`` to satisfy state option.</doc>
<msg timestamp="20231002 12:00:19.185" level="INFO" html="true">&lt;/td&gt;&lt;/tr&gt;&lt;tr&gt;&lt;td colspan="3"&gt;&lt;a href="browser/screenshot/fail-screenshot-1.png" target="_blank"&gt;&lt;img src="browser/screenshot/fail-screenshot-1.png" width="800px"/&gt;&lt;/a&gt;</msg>
<msg timestamp="20231002 12:00:19.186" level="INFO">See also file:///D:/Intern%20test/test/test/results/playwright-log.txt for additional details.</msg>
<msg timestamp="20231002 12:00:19.186" level="FAIL">TimeoutError: locator.waitFor: Timeout 100ms exceeded.
=========================== logs ===========================
waiting for locator('xpath=//*[contains(@class, "swal2-confirm")]') to be visible
  locator resolved to hidden &lt;button type="button" aria-label="" class="swal2-confirm…&gt;OK&lt;/button&gt;
  locator resolved to hidden &lt;button type="button" aria-label="" class="swal2-confirm…&gt;OK&lt;/button&gt;
  locator resolved to hidden &lt;button type="button" aria-label="" class="swal2-confirm…&gt;OK&lt;/button&gt;
  locator resolved to hidden &lt;button type="button" aria-label="" class="swal2-confirm…&gt;OK&lt;/button&gt;
============================================================
Tip: Use "Set Browser Timeout" for increasing the timeout or double check your locator as the targeted element(s) couldn't be found.</msg>
<status status="FAIL" starttime="20231002 12:00:18.874" endtime="20231002 12:00:19.369"/>
</kw>
<status status="FAIL" starttime="20231002 12:00:18.873" endtime="20231002 12:00:19.369"/>
</kw>
<msg timestamp="20231002 12:00:19.369" level="INFO">${passed} = False</msg>
<status status="PASS" starttime="20231002 12:00:18.872" endtime="20231002 12:00:19.370"/>
</kw>
<if>
<branch type="IF" condition="'${passed}' == 'True'">
<kw name="Click" library="Browser">
<arg>${element}</arg>
<tag>PageContent</tag>
<tag>Setter</tag>
<doc>Simulates mouse click on the element found by ``selector``.</doc>
<status status="NOT RUN" starttime="20231002 12:00:19.370" endtime="20231002 12:00:19.370"/>
</kw>
<status status="NOT RUN" starttime="20231002 12:00:19.370" endtime="20231002 12:00:19.370"/>
</branch>
<status status="PASS" starttime="20231002 12:00:19.370" endtime="20231002 12:00:19.371"/>
</if>
<status status="PASS" starttime="20231002 12:00:18.813" endtime="20231002 12:00:19.371"/>
</kw>
<status status="PASS" starttime="20231002 12:00:17.737" endtime="20231002 12:00:19.371"/>
</kw>
<kw name="When Click &quot;QUẢN LÝ TÀI KHOẢN&quot; menu" library="common" sourcename="Click &quot;${text}&quot; menu">
<kw name="Click" library="Browser">
<arg>xpath=//li[contains(@class, "menu") and descendant::span[contains(text(), "${text}")]]</arg>
<tag>PageContent</tag>
<tag>Setter</tag>
<doc>Simulates mouse click on the element found by ``selector``.</doc>
<status status="PASS" starttime="20231002 12:00:19.372" endtime="20231002 12:00:20.333"/>
</kw>
<status status="PASS" starttime="20231002 12:00:19.372" endtime="20231002 12:00:20.333"/>
</kw>
<kw name="When Click &quot;Tài khoản Người dùng&quot; sub menu to &quot;/customer-account&quot;" library="common" sourcename="Click &quot;${text}&quot; sub menu to &quot;${url}&quot;">
<kw name="Wait Until Element Spin" library="common">
<kw name="Sleep" library="BuiltIn">
<arg>${SHOULD_TIMEOUT}</arg>
<doc>Pauses the test executed for the given time.</doc>
<msg timestamp="20231002 12:00:20.436" level="INFO">Slept 100 milliseconds</msg>
<status status="PASS" starttime="20231002 12:00:20.335" endtime="20231002 12:00:20.436"/>
</kw>
<kw name="Set Variable" library="BuiltIn">
<var>${element}</var>
<arg>xpath=//*[contains(@class, "ant-spin-spinning")]</arg>
<doc>Returns the given values which can then be assigned to a variables.</doc>
<msg timestamp="20231002 12:00:20.436" level="INFO">${element} = xpath=//*[contains(@class, "ant-spin-spinning")]</msg>
<status status="PASS" starttime="20231002 12:00:20.436" endtime="20231002 12:00:20.436"/>
</kw>
<kw name="Get Element Count" library="Browser">
<var>${count}</var>
<arg>${element}</arg>
<tag>Assertion</tag>
<tag>Getter</tag>
<tag>PageContent</tag>
<doc>Returns the count of elements found with ``selector``.</doc>
<msg timestamp="20231002 12:00:20.445" level="INFO">${count} = 0</msg>
<status status="PASS" starttime="20231002 12:00:20.437" endtime="20231002 12:00:20.446"/>
</kw>
<if>
<branch type="IF" condition="${count} &gt; 0">
<kw name="Wait Until Page Does Not Contain Element" library="common">
<arg>${element}</arg>
<status status="NOT RUN" starttime="20231002 12:00:20.446" endtime="20231002 12:00:20.446"/>
</kw>
<status status="NOT RUN" starttime="20231002 12:00:20.446" endtime="20231002 12:00:20.446"/>
</branch>
<status status="PASS" starttime="20231002 12:00:20.446" endtime="20231002 12:00:20.447"/>
</if>
<status status="PASS" starttime="20231002 12:00:20.335" endtime="20231002 12:00:20.447"/>
</kw>
<kw name="Click" library="Browser">
<arg>xpath=//a[contains(@class, "sub-menu") and descendant::span[contains(text(), "${text}")]]</arg>
<tag>PageContent</tag>
<tag>Setter</tag>
<doc>Simulates mouse click on the element found by ``selector``.</doc>
<status status="PASS" starttime="20231002 12:00:20.447" endtime="20231002 12:00:20.807"/>
</kw>
<kw name="Get Url" library="Browser">
<var>${curent_url}</var>
<tag>Assertion</tag>
<tag>Getter</tag>
<tag>PageContent</tag>
<doc>Returns the current URL.</doc>
<msg timestamp="20231002 12:00:20.812" level="INFO">${curent_url} = http://dev1.geneat.vn:7802/vn/customer-account</msg>
<status status="PASS" starttime="20231002 12:00:20.807" endtime="20231002 12:00:20.812"/>
</kw>
<kw name="Should Contain" library="BuiltIn">
<arg>${curent_url}</arg>
<arg>${URL_DEFAULT}${url}</arg>
<doc>Fails if ``container`` does not contain ``item`` one or more times.</doc>
<status status="PASS" starttime="20231002 12:00:20.813" endtime="20231002 12:00:20.814"/>
</kw>
<status status="PASS" starttime="20231002 12:00:20.334" endtime="20231002 12:00:20.814"/>
</kw>
<kw name="Then Heading should contains &quot;Danh sách tài khoản khách hàng&quot; inner Text" library="common" sourcename="Heading should contains &quot;${text}&quot; inner Text">
<kw name="Get Text" library="Browser">
<arg>//h2</arg>
<arg>equal</arg>
<arg>${text}</arg>
<tag>Assertion</tag>
<tag>Getter</tag>
<tag>PageContent</tag>
<doc>Returns text attribute of the element found by ``selector``.</doc>
<msg timestamp="20231002 12:00:21.161" level="INFO">Text: 'Danh sách tài khoản khách hàng'</msg>
<status status="PASS" starttime="20231002 12:00:20.816" endtime="20231002 12:00:21.161"/>
</kw>
<status status="PASS" starttime="20231002 12:00:20.815" endtime="20231002 12:00:21.161"/>
</kw>
<kw name="Then Webpage should contains the list account from database" library="common">
<kw name="Get Element" library="Browser">
<var>${element}</var>
<arg>//div[contains(@class,'datatable-wrapper')]</arg>
<tag>Getter</tag>
<tag>PageContent</tag>
<doc>Returns a reference to a Playwright [https://playwright.dev/docs/api/class-locator|Locator].</doc>
<msg timestamp="20231002 12:00:21.173" level="INFO">Locator found successfully.</msg>
<msg timestamp="20231002 12:00:21.173" level="INFO">${element} = //div[contains(@class,'datatable-wrapper')]</msg>
<status status="PASS" starttime="20231002 12:00:21.163" endtime="20231002 12:00:21.173"/>
</kw>
<kw name="Get Element Count" library="Browser">
<var>${count}</var>
<arg>${element}</arg>
<tag>Assertion</tag>
<tag>Getter</tag>
<tag>PageContent</tag>
<doc>Returns the count of elements found with ``selector``.</doc>
<msg timestamp="20231002 12:00:21.186" level="INFO">${count} = 1</msg>
<status status="PASS" starttime="20231002 12:00:21.174" endtime="20231002 12:00:21.186"/>
</kw>
<if>
<branch type="IF" condition="${count} &gt; 0">
<kw name="Set Global Variable" library="BuiltIn">
<arg>${STATE["${count}"]}</arg>
<arg>${count}</arg>
<doc>Makes a variable available globally in all tests and suites.</doc>
<msg timestamp="20231002 12:00:21.189" level="INFO">${STATE["1"]} = 1</msg>
<status status="PASS" starttime="20231002 12:00:21.187" endtime="20231002 12:00:21.189"/>
</kw>
<status status="PASS" starttime="20231002 12:00:21.186" endtime="20231002 12:00:21.189"/>
</branch>
<status status="PASS" starttime="20231002 12:00:21.186" endtime="20231002 12:00:21.189"/>
</if>
<status status="PASS" starttime="20231002 12:00:21.162" endtime="20231002 12:00:21.189"/>
</kw>
<kw name="Then Webpage should contains the search function" library="common">
<kw name="Get Element" library="Browser">
<var>${element}</var>
<arg>//*[contains(@class,'flex-col')]//label[contains(text(),"Tìm kiếm")]</arg>
<tag>Getter</tag>
<tag>PageContent</tag>
<doc>Returns a reference to a Playwright [https://playwright.dev/docs/api/class-locator|Locator].</doc>
<msg timestamp="20231002 12:00:21.208" level="INFO">Locator found successfully.</msg>
<msg timestamp="20231002 12:00:21.208" level="INFO">${element} = //*[contains(@class,'flex-col')]//label[contains(text(),"Tìm kiếm")]</msg>
<status status="PASS" starttime="20231002 12:00:21.190" endtime="20231002 12:00:21.208"/>
</kw>
<kw name="Get Element Count" library="Browser">
<var>${count}</var>
<arg>${element}</arg>
<tag>Assertion</tag>
<tag>Getter</tag>
<tag>PageContent</tag>
<doc>Returns the count of elements found with ``selector``.</doc>
<msg timestamp="20231002 12:00:21.221" level="INFO">${count} = 1</msg>
<status status="PASS" starttime="20231002 12:00:21.208" endtime="20231002 12:00:21.221"/>
</kw>
<kw name="Should Be True" library="BuiltIn">
<arg>${count} &gt;= 1</arg>
<doc>Fails if the given condition is not true.</doc>
<status status="PASS" starttime="20231002 12:00:21.221" endtime="20231002 12:00:21.222"/>
</kw>
<status status="PASS" starttime="20231002 12:00:21.190" endtime="20231002 12:00:21.222"/>
</kw>
<kw name="Then Webpage should contains the &quot;Ngày tham gia&quot; filter function" library="common" sourcename="Webpage should contains the &quot;${name}&quot; filter function">
<kw name="Get Element" library="Browser">
<var>${element}</var>
<arg>//*[contains(@class,'flex-col')]//label[contains(text(),"${name}")]</arg>
<tag>Getter</tag>
<tag>PageContent</tag>
<doc>Returns a reference to a Playwright [https://playwright.dev/docs/api/class-locator|Locator].</doc>
<msg timestamp="20231002 12:00:21.241" level="INFO">Locator found successfully.</msg>
<msg timestamp="20231002 12:00:21.241" level="INFO">${element} = //*[contains(@class,'flex-col')]//label[contains(text(),"Ngày tham gia")]</msg>
<status status="PASS" starttime="20231002 12:00:21.225" endtime="20231002 12:00:21.241"/>
</kw>
<kw name="Get Element Count" library="Browser">
<var>${count}</var>
<arg>${element}</arg>
<tag>Assertion</tag>
<tag>Getter</tag>
<tag>PageContent</tag>
<doc>Returns the count of elements found with ``selector``.</doc>
<msg timestamp="20231002 12:00:21.252" level="INFO">${count} = 1</msg>
<status status="PASS" starttime="20231002 12:00:21.241" endtime="20231002 12:00:21.252"/>
</kw>
<kw name="Should Be True" library="BuiltIn">
<arg>${count} &gt;= 1</arg>
<doc>Fails if the given condition is not true.</doc>
<status status="PASS" starttime="20231002 12:00:21.253" endtime="20231002 12:00:21.253"/>
</kw>
<status status="PASS" starttime="20231002 12:00:21.224" endtime="20231002 12:00:21.254"/>
</kw>
<kw name="Then Webpage should contains the &quot;Loại tài khoản&quot; filter function" library="common" sourcename="Webpage should contains the &quot;${name}&quot; filter function">
<kw name="Get Element" library="Browser">
<var>${element}</var>
<arg>//*[contains(@class,'flex-col')]//label[contains(text(),"${name}")]</arg>
<tag>Getter</tag>
<tag>PageContent</tag>
<doc>Returns a reference to a Playwright [https://playwright.dev/docs/api/class-locator|Locator].</doc>
<msg timestamp="20231002 12:00:21.299" level="INFO">Locator found successfully.</msg>
<msg timestamp="20231002 12:00:21.300" level="INFO">${element} = //*[contains(@class,'flex-col')]//label[contains(text(),"Loại tài khoản")]</msg>
<status status="PASS" starttime="20231002 12:00:21.257" endtime="20231002 12:00:21.300"/>
</kw>
<kw name="Get Element Count" library="Browser">
<var>${count}</var>
<arg>${element}</arg>
<tag>Assertion</tag>
<tag>Getter</tag>
<tag>PageContent</tag>
<doc>Returns the count of elements found with ``selector``.</doc>
<msg timestamp="20231002 12:00:21.312" level="INFO">${count} = 1</msg>
<status status="PASS" starttime="20231002 12:00:21.300" endtime="20231002 12:00:21.312"/>
</kw>
<kw name="Should Be True" library="BuiltIn">
<arg>${count} &gt;= 1</arg>
<doc>Fails if the given condition is not true.</doc>
<status status="PASS" starttime="20231002 12:00:21.314" endtime="20231002 12:00:21.316"/>
</kw>
<status status="PASS" starttime="20231002 12:00:21.256" endtime="20231002 12:00:21.317"/>
</kw>
<kw name="Then Webpage should contains the &quot;Trạng thái&quot; filter function" library="common" sourcename="Webpage should contains the &quot;${name}&quot; filter function">
<kw name="Get Element" library="Browser">
<var>${element}</var>
<arg>//*[contains(@class,'flex-col')]//label[contains(text(),"${name}")]</arg>
<tag>Getter</tag>
<tag>PageContent</tag>
<doc>Returns a reference to a Playwright [https://playwright.dev/docs/api/class-locator|Locator].</doc>
<msg timestamp="20231002 12:00:21.338" level="INFO">Locator found successfully.</msg>
<msg timestamp="20231002 12:00:21.338" level="INFO">${element} = //*[contains(@class,'flex-col')]//label[contains(text(),"Trạng thái")]</msg>
<status status="PASS" starttime="20231002 12:00:21.319" endtime="20231002 12:00:21.338"/>
</kw>
<kw name="Get Element Count" library="Browser">
<var>${count}</var>
<arg>${element}</arg>
<tag>Assertion</tag>
<tag>Getter</tag>
<tag>PageContent</tag>
<doc>Returns the count of elements found with ``selector``.</doc>
<msg timestamp="20231002 12:00:21.348" level="INFO">${count} = 1</msg>
<status status="PASS" starttime="20231002 12:00:21.339" endtime="20231002 12:00:21.348"/>
</kw>
<kw name="Should Be True" library="BuiltIn">
<arg>${count} &gt;= 1</arg>
<doc>Fails if the given condition is not true.</doc>
<status status="PASS" starttime="20231002 12:00:21.349" endtime="20231002 12:00:21.349"/>
</kw>
<status status="PASS" starttime="20231002 12:00:21.318" endtime="20231002 12:00:21.349"/>
</kw>
<kw name="Then Webpage should contains the &quot;Kích hoạt&quot; filter function" library="common" sourcename="Webpage should contains the &quot;${name}&quot; filter function">
<kw name="Get Element" library="Browser">
<var>${element}</var>
<arg>//*[contains(@class,'flex-col')]//label[contains(text(),"${name}")]</arg>
<tag>Getter</tag>
<tag>PageContent</tag>
<doc>Returns a reference to a Playwright [https://playwright.dev/docs/api/class-locator|Locator].</doc>
<msg timestamp="20231002 12:00:21.362" level="INFO">Locator found successfully.</msg>
<msg timestamp="20231002 12:00:21.363" level="INFO">${element} = //*[contains(@class,'flex-col')]//label[contains(text(),"Kích hoạt")]</msg>
<status status="PASS" starttime="20231002 12:00:21.350" endtime="20231002 12:00:21.363"/>
</kw>
<kw name="Get Element Count" library="Browser">
<var>${count}</var>
<arg>${element}</arg>
<tag>Assertion</tag>
<tag>Getter</tag>
<tag>PageContent</tag>
<doc>Returns the count of elements found with ``selector``.</doc>
<msg timestamp="20231002 12:00:21.371" level="INFO">${count} = 1</msg>
<status status="PASS" starttime="20231002 12:00:21.363" endtime="20231002 12:00:21.371"/>
</kw>
<kw name="Should Be True" library="BuiltIn">
<arg>${count} &gt;= 1</arg>
<doc>Fails if the given condition is not true.</doc>
<status status="PASS" starttime="20231002 12:00:21.371" endtime="20231002 12:00:21.372"/>
</kw>
<status status="PASS" starttime="20231002 12:00:21.350" endtime="20231002 12:00:21.372"/>
</kw>
<kw name="Tear Down" library="common" type="TEARDOWN">
<kw name="Close Browser" library="Browser">
<arg>ALL</arg>
<tag>BrowserControl</tag>
<tag>Setter</tag>
<doc>Closes the current browser.</doc>
<msg timestamp="20231002 12:00:22.012" level="INFO">Closed all browsers</msg>
<status status="PASS" starttime="20231002 12:00:21.374" endtime="20231002 12:00:22.012"/>
</kw>
<status status="PASS" starttime="20231002 12:00:21.374" endtime="20231002 12:00:22.012"/>
</kw>
<tag>MainPage</tag>
<tag>Smoketest</tag>
<tag>UI</tag>
<status status="PASS" starttime="20231002 12:00:11.942" endtime="20231002 12:00:22.013"/>
</test>
<test id="s1-t2" name="CA_02 Verify the function changing the number of accounts show in each list" line="26">
<kw name="Setup" library="common" type="SETUP">
<kw name="Set Browser Timeout" library="Browser">
<arg>${BROWSER_TIMEOUT}</arg>
<tag>Config</tag>
<tag>Setter</tag>
<doc>Sets the timeout used by most input and getter keywords.</doc>
<status status="PASS" starttime="20231002 12:00:22.023" endtime="20231002 12:00:22.023"/>
</kw>
<kw name="New Browser" library="Browser">
<arg>${BROWSER}</arg>
<arg>headless=${HEADLESS}</arg>
<tag>BrowserControl</tag>
<tag>Setter</tag>
<doc>Create a new playwright Browser with specified options.</doc>
<msg timestamp="20231002 12:00:22.024" level="INFO">{"browser": "chromium", "headless": false, "chromiumSandbox": false, "devtools": false, "handleSIGHUP": true, "handleSIGINT": true, "handleSIGTERM": true, "ignoreDefaultArgs": false, "slowMo": 0.0, "timeout": 30000.0, "tracesDir": "D:\\Intern test\\test\\test\\results\\browser\\traces\\d46aca5b-a469-4122-8007-01160752ec29"}</msg>
<msg timestamp="20231002 12:00:23.174" level="INFO">Successfully created browser with options: {"browser":"chromium","headless":false,"chromiumSandbox":false,"devtools":false,"handleSIGHUP":true,"handleSIGINT":true,"handleSIGTERM":true,"ignoreDefaultArgs":false,"slowMo":0,"timeout":30000,"tracesDir":"D:\\Intern test\\test\\test\\results\\browser\\traces\\d46aca5b-a469-4122-8007-01160752ec29"}</msg>
<status status="PASS" starttime="20231002 12:00:22.023" endtime="20231002 12:00:23.174"/>
</kw>
<kw name="New Page" library="Browser">
<arg>${URL_DEFAULT}</arg>
<tag>BrowserControl</tag>
<tag>Setter</tag>
<doc>Open a new Page.</doc>
<msg timestamp="20231002 12:00:27.080" level="INFO">Successfully initialized new page object and opened url: http://dev1.geneat.vn:7802/vn</msg>
<msg timestamp="20231002 12:00:27.080" level="INFO">No context was open. New context was automatically opened when this page is created.</msg>
<status status="PASS" starttime="20231002 12:00:23.175" endtime="20231002 12:00:27.080"/>
</kw>
<kw name="Evaluate" library="BuiltIn">
<var>${STATE}</var>
<arg>json.loads('''{}''')</arg>
<arg>json</arg>
<doc>Evaluates the given expression in Python and returns the result.</doc>
<msg timestamp="20231002 12:00:27.082" level="INFO">${STATE} = {}</msg>
<status status="PASS" starttime="20231002 12:00:27.081" endtime="20231002 12:00:27.082"/>
</kw>
<status status="PASS" starttime="20231002 12:00:22.022" endtime="20231002 12:00:27.082"/>
</kw>
<kw name="Go to &quot;Customer Account&quot; page" sourcename="Go to &quot;${page}&quot; page">
<kw name="Login to admin" library="common">
<kw name="Enter &quot;email&quot; in &quot;Email&quot; with &quot;admin@gmail.com&quot;" library="common" sourcename="Enter &quot;${type}&quot; in &quot;${name}&quot; with &quot;${text}&quot;">
<kw name="Get Random Text" library="common">
<var>${text}</var>
<arg>${type}</arg>
<arg>${text}</arg>
<kw name="Set Variable" library="BuiltIn">
<var>${symbol}</var>
<arg>_RANDOM_</arg>
<doc>Returns the given values which can then be assigned to a variables.</doc>
<msg timestamp="20231002 12:00:27.089" level="INFO">${symbol} = _RANDOM_</msg>
<status status="PASS" starttime="20231002 12:00:27.088" endtime="20231002 12:00:27.089"/>
</kw>
<kw name="Set Variable" library="BuiltIn">
<var>${new_text}</var>
<doc>Returns the given values which can then be assigned to a variables.</doc>
<msg timestamp="20231002 12:00:27.090" level="INFO">${new_text} = </msg>
<status status="PASS" starttime="20231002 12:00:27.089" endtime="20231002 12:00:27.090"/>
</kw>
<kw name="Get Regexp Matches" library="String">
<var>${containsS}</var>
<arg>${text}</arg>
<arg>_@(.+)@_</arg>
<arg>1</arg>
<doc>Returns a list of all non-overlapping matches in the given string.</doc>
<msg timestamp="20231002 12:00:27.091" level="INFO">${containsS} = []</msg>
<status status="PASS" starttime="20231002 12:00:27.090" endtime="20231002 12:00:27.091"/>
</kw>
<kw name="Get Length" library="BuiltIn">
<var>${cntS}</var>
<arg>${containsS}</arg>
<doc>Returns and logs the length of the given item as an integer.</doc>
<msg timestamp="20231002 12:00:27.092" level="INFO">Length is 0</msg>
<msg timestamp="20231002 12:00:27.092" level="INFO">${cntS} = 0</msg>
<status status="PASS" starttime="20231002 12:00:27.091" endtime="20231002 12:00:27.092"/>
</kw>
<kw name="Get Regexp Matches" library="String">
<var>${contains}</var>
<arg>${text}</arg>
<arg>${symbol}</arg>
<doc>Returns a list of all non-overlapping matches in the given string.</doc>
<msg timestamp="20231002 12:00:27.093" level="INFO">${contains} = []</msg>
<status status="PASS" starttime="20231002 12:00:27.093" endtime="20231002 12:00:27.093"/>
</kw>
<kw name="Get Length" library="BuiltIn">
<var>${cnt}</var>
<arg>${contains}</arg>
<doc>Returns and logs the length of the given item as an integer.</doc>
<msg timestamp="20231002 12:00:27.094" level="INFO">Length is 0</msg>
<msg timestamp="20231002 12:00:27.094" level="INFO">${cnt} = 0</msg>
<status status="PASS" starttime="20231002 12:00:27.094" endtime="20231002 12:00:27.094"/>
</kw>
<if>
<branch type="IF" condition="${cntS} &gt; 0">
<kw name="Set Variable" library="BuiltIn">
<var>${new_text}</var>
<arg>${STATE["${containsS[0]}"]}</arg>
<doc>Returns the given values which can then be assigned to a variables.</doc>
<status status="NOT RUN" starttime="20231002 12:00:27.096" endtime="20231002 12:00:27.096"/>
</kw>
<kw name="Set Variable" library="BuiltIn">
<var>${symbol}</var>
<arg>_@${containsS[0]}@_</arg>
<doc>Returns the given values which can then be assigned to a variables.</doc>
<status status="NOT RUN" starttime="20231002 12:00:27.096" endtime="20231002 12:00:27.097"/>
</kw>
<status status="NOT RUN" starttime="20231002 12:00:27.095" endtime="20231002 12:00:27.097"/>
</branch>
<branch type="ELSE IF" condition="${cnt} &gt; 0 and '${type}' == 'test name'">
<kw name="Sentence" library="FakerLibrary">
<var>${random}</var>
<arg>nb_words=3</arg>
<doc>Generate a sentence.</doc>
<status status="NOT RUN" starttime="20231002 12:00:27.098" endtime="20231002 12:00:27.098"/>
</kw>
<kw name="Split String" library="String">
<var>${words}</var>
<arg>${TEST NAME}</arg>
<arg>${SPACE}</arg>
<doc>Splits the ``string`` using ``separator`` as a delimiter string.</doc>
<status status="NOT RUN" starttime="20231002 12:00:27.099" endtime="20231002 12:00:27.099"/>
</kw>
<kw name="Set Variable" library="BuiltIn">
<var>${new_text}</var>
<arg>${words[0]} ${random}</arg>
<doc>Returns the given values which can then be assigned to a variables.</doc>
<status status="NOT RUN" starttime="20231002 12:00:27.099" endtime="20231002 12:00:27.100"/>
</kw>
<status status="NOT RUN" starttime="20231002 12:00:27.097" endtime="20231002 12:00:27.100"/>
</branch>
<branch type="ELSE IF" condition="${cnt} &gt; 0 and '${type}' == 'number'">
<kw name="Random Int" library="FakerLibrary">
<var>${new_text}</var>
<doc>Generate a random integer between two integers ``min`` and ``max`` inclusive
while observing the provided ``step`` value.</doc>
<status status="NOT RUN" starttime="20231002 12:00:27.101" endtime="20231002 12:00:27.101"/>
</kw>
<kw name="Convert To String" library="BuiltIn">
<var>${new_text}</var>
<arg>${new_text}</arg>
<doc>Converts the given item to a Unicode string.</doc>
<status status="NOT RUN" starttime="20231002 12:00:27.102" endtime="20231002 12:00:27.102"/>
</kw>
<status status="NOT RUN" starttime="20231002 12:00:27.100" endtime="20231002 12:00:27.102"/>
</branch>
<branch type="ELSE IF" condition="${cnt} &gt; 0 and '${type}' == 'percentage'">
<kw name="Random Int" library="FakerLibrary">
<var>${new_text}</var>
<arg>max=100</arg>
<doc>Generate a random integer between two integers ``min`` and ``max`` inclusive
while observing the provided ``step`` value.</doc>
<status status="NOT RUN" starttime="20231002 12:00:27.103" endtime="20231002 12:00:27.103"/>
</kw>
<kw name="Convert To String" library="BuiltIn">
<var>${new_text}</var>
<arg>${new_text}</arg>
<doc>Converts the given item to a Unicode string.</doc>
<status status="NOT RUN" starttime="20231002 12:00:27.104" endtime="20231002 12:00:27.104"/>
</kw>
<status status="NOT RUN" starttime="20231002 12:00:27.102" endtime="20231002 12:00:27.104"/>
</branch>
<branch type="ELSE IF" condition="${cnt} &gt; 0 and '${type}' == 'paragraph'">
<kw name="Paragraph" library="FakerLibrary">
<var>${new_text}</var>
<doc>Generate a paragraph.</doc>
<status status="NOT RUN" starttime="20231002 12:00:27.105" endtime="20231002 12:00:27.106"/>
</kw>
<status status="NOT RUN" starttime="20231002 12:00:27.105" endtime="20231002 12:00:27.106"/>
</branch>
<branch type="ELSE IF" condition="${cnt} &gt; 0 and '${type}' == 'email'">
<kw name="Email" library="FakerLibrary">
<var>${new_text}</var>
<status status="NOT RUN" starttime="20231002 12:00:27.107" endtime="20231002 12:00:27.107"/>
</kw>
<status status="NOT RUN" starttime="20231002 12:00:27.106" endtime="20231002 12:00:27.107"/>
</branch>
<branch type="ELSE IF" condition="${cnt} &gt; 0 and '${type}' == 'phone'">
<kw name="Random Int" library="FakerLibrary">
<var>${new_text}</var>
<arg>min=200000000</arg>
<arg>max=999999999</arg>
<doc>Generate a random integer between two integers ``min`` and ``max`` inclusive
while observing the provided ``step`` value.</doc>
<status status="NOT RUN" starttime="20231002 12:00:27.108" endtime="20231002 12:00:27.108"/>
</kw>
<kw name="Convert To String" library="BuiltIn">
<var>${new_text}</var>
<arg>${new_text}</arg>
<doc>Converts the given item to a Unicode string.</doc>
<status status="NOT RUN" starttime="20231002 12:00:27.109" endtime="20231002 12:00:27.109"/>
</kw>
<kw name="Catenate" library="BuiltIn">
<var>${new_text}</var>
<arg>SEPARATOR=</arg>
<arg>0</arg>
<arg>${new_text}</arg>
<doc>Catenates the given items together and returns the resulted string.</doc>
<status status="NOT RUN" starttime="20231002 12:00:27.109" endtime="20231002 12:00:27.110"/>
</kw>
<status status="NOT RUN" starttime="20231002 12:00:27.107" endtime="20231002 12:00:27.110"/>
</branch>
<branch type="ELSE IF" condition="${cnt} &gt; 0 and '${type}' == 'color'">
<kw name="Safe Hex Color" library="FakerLibrary">
<var>${new_text}</var>
<doc>Generate a web-safe color formatted as a hex triplet.</doc>
<status status="NOT RUN" starttime="20231002 12:00:27.111" endtime="20231002 12:00:27.111"/>
</kw>
<status status="NOT RUN" starttime="20231002 12:00:27.110" endtime="20231002 12:00:27.111"/>
</branch>
<branch type="ELSE IF" condition="${cnt} &gt; 0 and '${type}' == 'date'">
<kw name="Date" library="FakerLibrary">
<var>${new_text}</var>
<arg>pattern=%d-%m-%Y</arg>
<doc>Get a date string between January 1, 1970 and now.</doc>
<status status="NOT RUN" starttime="20231002 12:00:27.112" endtime="20231002 12:00:27.113"/>
</kw>
<status status="NOT RUN" starttime="20231002 12:00:27.112" endtime="20231002 12:00:27.113"/>
</branch>
<branch type="ELSE IF" condition="${cnt} &gt; 0 and '${type}' == 'word'">
<kw name="Sentence" library="FakerLibrary">
<var>${new_text}</var>
<arg>nb_words=2</arg>
<doc>Generate a sentence.</doc>
<status status="NOT RUN" starttime="20231002 12:00:27.114" endtime="20231002 12:00:27.114"/>
</kw>
<status status="NOT RUN" starttime="20231002 12:00:27.113" endtime="20231002 12:00:27.114"/>
</branch>
<branch type="ELSE IF" condition="${cnt} &gt; 0">
<kw name="Sentence" library="FakerLibrary">
<var>${new_text}</var>
<doc>Generate a sentence.</doc>
<status status="NOT RUN" starttime="20231002 12:00:27.120" endtime="20231002 12:00:27.120"/>
</kw>
<status status="NOT RUN" starttime="20231002 12:00:27.114" endtime="20231002 12:00:27.120"/>
</branch>
<status status="PASS" starttime="20231002 12:00:27.095" endtime="20231002 12:00:27.121"/>
</if>
<kw name="Get Length" library="BuiltIn">
<var>${cnt}</var>
<arg>${text}</arg>
<doc>Returns and logs the length of the given item as an integer.</doc>
<msg timestamp="20231002 12:00:27.122" level="INFO">Length is 15</msg>
<msg timestamp="20231002 12:00:27.123" level="INFO">${cnt} = 15</msg>
<status status="PASS" starttime="20231002 12:00:27.121" endtime="20231002 12:00:27.123"/>
</kw>
<if>
<branch type="IF" condition="${cnt} &gt; 0">
<kw name="Replace String" library="String">
<var>${text}</var>
<arg>${text}</arg>
<arg>${symbol}</arg>
<arg>${new_text}</arg>
<doc>Replaces ``search_for`` in the given ``string`` with ``replace_with``.</doc>
<msg timestamp="20231002 12:00:27.125" level="INFO">${text} = admin@gmail.com</msg>
<status status="PASS" starttime="20231002 12:00:27.125" endtime="20231002 12:00:27.125"/>
</kw>
<status status="PASS" starttime="20231002 12:00:27.123" endtime="20231002 12:00:27.125"/>
</branch>
<status status="PASS" starttime="20231002 12:00:27.123" endtime="20231002 12:00:27.125"/>
</if>
<msg timestamp="20231002 12:00:27.126" level="INFO">${text} = admin@gmail.com</msg>
<status status="PASS" starttime="20231002 12:00:27.087" endtime="20231002 12:00:27.126"/>
</kw>
<kw name="Get Element Form Item By Name" library="common">
<var>${element}</var>
<arg>${name}</arg>
<arg>//input[contains(@class, "ant-input")]</arg>
<msg timestamp="20231002 12:00:27.129" level="INFO">${element} = xpath=//*[contains(@class, "ant-form-item-label")]/label[text()="Email"]/../../*[contains(@class, "ant-form-item")]//input[contains(@class, "ant-input")]</msg>
<status status="PASS" starttime="20231002 12:00:27.128" endtime="20231002 12:00:27.130"/>
</kw>
<kw name="Clear Text" library="Browser">
<arg>${element}</arg>
<tag>PageContent</tag>
<tag>Setter</tag>
<doc>Clears the text field found by ``selector``.</doc>
<status status="PASS" starttime="20231002 12:00:27.130" endtime="20231002 12:00:27.305"/>
</kw>
<kw name="Fill Text" library="Browser">
<arg>${element}</arg>
<arg>${text}</arg>
<arg>True</arg>
<tag>PageContent</tag>
<tag>Setter</tag>
<doc>Clears and fills the given ``txt`` into the text field found by ``selector``.</doc>
<msg timestamp="20231002 12:00:27.307" level="INFO">Fills the text 'admin@gmail.com' in the given field.</msg>
<status status="PASS" starttime="20231002 12:00:27.306" endtime="20231002 12:00:27.386"/>
</kw>
<kw name="Get Length" library="BuiltIn">
<var>${cnt}</var>
<arg>${text}</arg>
<doc>Returns and logs the length of the given item as an integer.</doc>
<msg timestamp="20231002 12:00:27.387" level="INFO">Length is 15</msg>
<msg timestamp="20231002 12:00:27.387" level="INFO">${cnt} = 15</msg>
<status status="PASS" starttime="20231002 12:00:27.387" endtime="20231002 12:00:27.388"/>
</kw>
<if>
<branch type="IF" condition="${cnt} &gt; 0">
<kw name="Set Global Variable" library="BuiltIn">
<arg>${STATE["${name}"]}</arg>
<arg>${text}</arg>
<doc>Makes a variable available globally in all tests and suites.</doc>
<msg timestamp="20231002 12:00:27.389" level="INFO">${STATE["Email"]} = admin@gmail.com</msg>
<status status="PASS" starttime="20231002 12:00:27.388" endtime="20231002 12:00:27.389"/>
</kw>
<status status="PASS" starttime="20231002 12:00:27.388" endtime="20231002 12:00:27.389"/>
</branch>
<status status="PASS" starttime="20231002 12:00:27.388" endtime="20231002 12:00:27.390"/>
</if>
<status status="PASS" starttime="20231002 12:00:27.086" endtime="20231002 12:00:27.390"/>
</kw>
<kw name="Enter &quot;text&quot; in &quot;Mật khẩu&quot; with &quot;123123&quot;" library="common" sourcename="Enter &quot;${type}&quot; in &quot;${name}&quot; with &quot;${text}&quot;">
<kw name="Get Random Text" library="common">
<var>${text}</var>
<arg>${type}</arg>
<arg>${text}</arg>
<kw name="Set Variable" library="BuiltIn">
<var>${symbol}</var>
<arg>_RANDOM_</arg>
<doc>Returns the given values which can then be assigned to a variables.</doc>
<msg timestamp="20231002 12:00:27.392" level="INFO">${symbol} = _RANDOM_</msg>
<status status="PASS" starttime="20231002 12:00:27.392" endtime="20231002 12:00:27.392"/>
</kw>
<kw name="Set Variable" library="BuiltIn">
<var>${new_text}</var>
<doc>Returns the given values which can then be assigned to a variables.</doc>
<msg timestamp="20231002 12:00:27.393" level="INFO">${new_text} = </msg>
<status status="PASS" starttime="20231002 12:00:27.392" endtime="20231002 12:00:27.393"/>
</kw>
<kw name="Get Regexp Matches" library="String">
<var>${containsS}</var>
<arg>${text}</arg>
<arg>_@(.+)@_</arg>
<arg>1</arg>
<doc>Returns a list of all non-overlapping matches in the given string.</doc>
<msg timestamp="20231002 12:00:27.394" level="INFO">${containsS} = []</msg>
<status status="PASS" starttime="20231002 12:00:27.393" endtime="20231002 12:00:27.394"/>
</kw>
<kw name="Get Length" library="BuiltIn">
<var>${cntS}</var>
<arg>${containsS}</arg>
<doc>Returns and logs the length of the given item as an integer.</doc>
<msg timestamp="20231002 12:00:27.394" level="INFO">Length is 0</msg>
<msg timestamp="20231002 12:00:27.394" level="INFO">${cntS} = 0</msg>
<status status="PASS" starttime="20231002 12:00:27.394" endtime="20231002 12:00:27.394"/>
</kw>
<kw name="Get Regexp Matches" library="String">
<var>${contains}</var>
<arg>${text}</arg>
<arg>${symbol}</arg>
<doc>Returns a list of all non-overlapping matches in the given string.</doc>
<msg timestamp="20231002 12:00:27.395" level="INFO">${contains} = []</msg>
<status status="PASS" starttime="20231002 12:00:27.395" endtime="20231002 12:00:27.395"/>
</kw>
<kw name="Get Length" library="BuiltIn">
<var>${cnt}</var>
<arg>${contains}</arg>
<doc>Returns and logs the length of the given item as an integer.</doc>
<msg timestamp="20231002 12:00:27.396" level="INFO">Length is 0</msg>
<msg timestamp="20231002 12:00:27.396" level="INFO">${cnt} = 0</msg>
<status status="PASS" starttime="20231002 12:00:27.396" endtime="20231002 12:00:27.396"/>
</kw>
<if>
<branch type="IF" condition="${cntS} &gt; 0">
<kw name="Set Variable" library="BuiltIn">
<var>${new_text}</var>
<arg>${STATE["${containsS[0]}"]}</arg>
<doc>Returns the given values which can then be assigned to a variables.</doc>
<status status="NOT RUN" starttime="20231002 12:00:27.397" endtime="20231002 12:00:27.397"/>
</kw>
<kw name="Set Variable" library="BuiltIn">
<var>${symbol}</var>
<arg>_@${containsS[0]}@_</arg>
<doc>Returns the given values which can then be assigned to a variables.</doc>
<status status="NOT RUN" starttime="20231002 12:00:27.397" endtime="20231002 12:00:27.397"/>
</kw>
<status status="NOT RUN" starttime="20231002 12:00:27.396" endtime="20231002 12:00:27.397"/>
</branch>
<branch type="ELSE IF" condition="${cnt} &gt; 0 and '${type}' == 'test name'">
<kw name="Sentence" library="FakerLibrary">
<var>${random}</var>
<arg>nb_words=3</arg>
<doc>Generate a sentence.</doc>
<status status="NOT RUN" starttime="20231002 12:00:27.398" endtime="20231002 12:00:27.398"/>
</kw>
<kw name="Split String" library="String">
<var>${words}</var>
<arg>${TEST NAME}</arg>
<arg>${SPACE}</arg>
<doc>Splits the ``string`` using ``separator`` as a delimiter string.</doc>
<status status="NOT RUN" starttime="20231002 12:00:27.398" endtime="20231002 12:00:27.398"/>
</kw>
<kw name="Set Variable" library="BuiltIn">
<var>${new_text}</var>
<arg>${words[0]} ${random}</arg>
<doc>Returns the given values which can then be assigned to a variables.</doc>
<status status="NOT RUN" starttime="20231002 12:00:27.398" endtime="20231002 12:00:27.399"/>
</kw>
<status status="NOT RUN" starttime="20231002 12:00:27.397" endtime="20231002 12:00:27.399"/>
</branch>
<branch type="ELSE IF" condition="${cnt} &gt; 0 and '${type}' == 'number'">
<kw name="Random Int" library="FakerLibrary">
<var>${new_text}</var>
<doc>Generate a random integer between two integers ``min`` and ``max`` inclusive
while observing the provided ``step`` value.</doc>
<status status="NOT RUN" starttime="20231002 12:00:27.399" endtime="20231002 12:00:27.400"/>
</kw>
<kw name="Convert To String" library="BuiltIn">
<var>${new_text}</var>
<arg>${new_text}</arg>
<doc>Converts the given item to a Unicode string.</doc>
<status status="NOT RUN" starttime="20231002 12:00:27.400" endtime="20231002 12:00:27.400"/>
</kw>
<status status="NOT RUN" starttime="20231002 12:00:27.399" endtime="20231002 12:00:27.400"/>
</branch>
<branch type="ELSE IF" condition="${cnt} &gt; 0 and '${type}' == 'percentage'">
<kw name="Random Int" library="FakerLibrary">
<var>${new_text}</var>
<arg>max=100</arg>
<doc>Generate a random integer between two integers ``min`` and ``max`` inclusive
while observing the provided ``step`` value.</doc>
<status status="NOT RUN" starttime="20231002 12:00:27.401" endtime="20231002 12:00:27.402"/>
</kw>
<kw name="Convert To String" library="BuiltIn">
<var>${new_text}</var>
<arg>${new_text}</arg>
<doc>Converts the given item to a Unicode string.</doc>
<status status="NOT RUN" starttime="20231002 12:00:27.402" endtime="20231002 12:00:27.402"/>
</kw>
<status status="NOT RUN" starttime="20231002 12:00:27.401" endtime="20231002 12:00:27.402"/>
</branch>
<branch type="ELSE IF" condition="${cnt} &gt; 0 and '${type}' == 'paragraph'">
<kw name="Paragraph" library="FakerLibrary">
<var>${new_text}</var>
<doc>Generate a paragraph.</doc>
<status status="NOT RUN" starttime="20231002 12:00:27.403" endtime="20231002 12:00:27.403"/>
</kw>
<status status="NOT RUN" starttime="20231002 12:00:27.403" endtime="20231002 12:00:27.403"/>
</branch>
<branch type="ELSE IF" condition="${cnt} &gt; 0 and '${type}' == 'email'">
<kw name="Email" library="FakerLibrary">
<var>${new_text}</var>
<status status="NOT RUN" starttime="20231002 12:00:27.405" endtime="20231002 12:00:27.406"/>
</kw>
<status status="NOT RUN" starttime="20231002 12:00:27.403" endtime="20231002 12:00:27.409"/>
</branch>
<branch type="ELSE IF" condition="${cnt} &gt; 0 and '${type}' == 'phone'">
<kw name="Random Int" library="FakerLibrary">
<var>${new_text}</var>
<arg>min=200000000</arg>
<arg>max=999999999</arg>
<doc>Generate a random integer between two integers ``min`` and ``max`` inclusive
while observing the provided ``step`` value.</doc>
<status status="NOT RUN" starttime="20231002 12:00:27.414" endtime="20231002 12:00:27.414"/>
</kw>
<kw name="Convert To String" library="BuiltIn">
<var>${new_text}</var>
<arg>${new_text}</arg>
<doc>Converts the given item to a Unicode string.</doc>
<status status="NOT RUN" starttime="20231002 12:00:27.415" endtime="20231002 12:00:27.415"/>
</kw>
<kw name="Catenate" library="BuiltIn">
<var>${new_text}</var>
<arg>SEPARATOR=</arg>
<arg>0</arg>
<arg>${new_text}</arg>
<doc>Catenates the given items together and returns the resulted string.</doc>
<status status="NOT RUN" starttime="20231002 12:00:27.416" endtime="20231002 12:00:27.416"/>
</kw>
<status status="NOT RUN" starttime="20231002 12:00:27.413" endtime="20231002 12:00:27.416"/>
</branch>
<branch type="ELSE IF" condition="${cnt} &gt; 0 and '${type}' == 'color'">
<kw name="Safe Hex Color" library="FakerLibrary">
<var>${new_text}</var>
<doc>Generate a web-safe color formatted as a hex triplet.</doc>
<status status="NOT RUN" starttime="20231002 12:00:27.417" endtime="20231002 12:00:27.417"/>
</kw>
<status status="NOT RUN" starttime="20231002 12:00:27.416" endtime="20231002 12:00:27.417"/>
</branch>
<branch type="ELSE IF" condition="${cnt} &gt; 0 and '${type}' == 'date'">
<kw name="Date" library="FakerLibrary">
<var>${new_text}</var>
<arg>pattern=%d-%m-%Y</arg>
<doc>Get a date string between January 1, 1970 and now.</doc>
<status status="NOT RUN" starttime="20231002 12:00:27.418" endtime="20231002 12:00:27.419"/>
</kw>
<status status="NOT RUN" starttime="20231002 12:00:27.418" endtime="20231002 12:00:27.419"/>
</branch>
<branch type="ELSE IF" condition="${cnt} &gt; 0 and '${type}' == 'word'">
<kw name="Sentence" library="FakerLibrary">
<var>${new_text}</var>
<arg>nb_words=2</arg>
<doc>Generate a sentence.</doc>
<status status="NOT RUN" starttime="20231002 12:00:27.420" endtime="20231002 12:00:27.420"/>
</kw>
<status status="NOT RUN" starttime="20231002 12:00:27.419" endtime="20231002 12:00:27.420"/>
</branch>
<branch type="ELSE IF" condition="${cnt} &gt; 0">
<kw name="Sentence" library="FakerLibrary">
<var>${new_text}</var>
<doc>Generate a sentence.</doc>
<status status="NOT RUN" starttime="20231002 12:00:27.421" endtime="20231002 12:00:27.421"/>
</kw>
<status status="NOT RUN" starttime="20231002 12:00:27.421" endtime="20231002 12:00:27.422"/>
</branch>
<status status="PASS" starttime="20231002 12:00:27.396" endtime="20231002 12:00:27.422"/>
</if>
<kw name="Get Length" library="BuiltIn">
<var>${cnt}</var>
<arg>${text}</arg>
<doc>Returns and logs the length of the given item as an integer.</doc>
<msg timestamp="20231002 12:00:27.423" level="INFO">Length is 6</msg>
<msg timestamp="20231002 12:00:27.423" level="INFO">${cnt} = 6</msg>
<status status="PASS" starttime="20231002 12:00:27.422" endtime="20231002 12:00:27.423"/>
</kw>
<if>
<branch type="IF" condition="${cnt} &gt; 0">
<kw name="Replace String" library="String">
<var>${text}</var>
<arg>${text}</arg>
<arg>${symbol}</arg>
<arg>${new_text}</arg>
<doc>Replaces ``search_for`` in the given ``string`` with ``replace_with``.</doc>
<msg timestamp="20231002 12:00:27.425" level="INFO">${text} = 123123</msg>
<status status="PASS" starttime="20231002 12:00:27.424" endtime="20231002 12:00:27.425"/>
</kw>
<status status="PASS" starttime="20231002 12:00:27.423" endtime="20231002 12:00:27.425"/>
</branch>
<status status="PASS" starttime="20231002 12:00:27.423" endtime="20231002 12:00:27.425"/>
</if>
<msg timestamp="20231002 12:00:27.426" level="INFO">${text} = 123123</msg>
<status status="PASS" starttime="20231002 12:00:27.391" endtime="20231002 12:00:27.426"/>
</kw>
<kw name="Get Element Form Item By Name" library="common">
<var>${element}</var>
<arg>${name}</arg>
<arg>//input[contains(@class, "ant-input")]</arg>
<msg timestamp="20231002 12:00:27.427" level="INFO">${element} = xpath=//*[contains(@class, "ant-form-item-label")]/label[text()="Mật khẩu"]/../../*[contains(@class, "ant-form-item")]//input[contains(@class, "ant-input")]</msg>
<status status="PASS" starttime="20231002 12:00:27.426" endtime="20231002 12:00:27.427"/>
</kw>
<kw name="Clear Text" library="Browser">
<arg>${element}</arg>
<tag>PageContent</tag>
<tag>Setter</tag>
<doc>Clears the text field found by ``selector``.</doc>
<status status="PASS" starttime="20231002 12:00:27.428" endtime="20231002 12:00:27.497"/>
</kw>
<kw name="Fill Text" library="Browser">
<arg>${element}</arg>
<arg>${text}</arg>
<arg>True</arg>
<tag>PageContent</tag>
<tag>Setter</tag>
<doc>Clears and fills the given ``txt`` into the text field found by ``selector``.</doc>
<msg timestamp="20231002 12:00:27.499" level="INFO">Fills the text '123123' in the given field.</msg>
<status status="PASS" starttime="20231002 12:00:27.498" endtime="20231002 12:00:27.555"/>
</kw>
<kw name="Get Length" library="BuiltIn">
<var>${cnt}</var>
<arg>${text}</arg>
<doc>Returns and logs the length of the given item as an integer.</doc>
<msg timestamp="20231002 12:00:27.555" level="INFO">Length is 6</msg>
<msg timestamp="20231002 12:00:27.556" level="INFO">${cnt} = 6</msg>
<status status="PASS" starttime="20231002 12:00:27.555" endtime="20231002 12:00:27.556"/>
</kw>
<if>
<branch type="IF" condition="${cnt} &gt; 0">
<kw name="Set Global Variable" library="BuiltIn">
<arg>${STATE["${name}"]}</arg>
<arg>${text}</arg>
<doc>Makes a variable available globally in all tests and suites.</doc>
<msg timestamp="20231002 12:00:27.558" level="INFO">${STATE["Mật khẩu"]} = 123123</msg>
<status status="PASS" starttime="20231002 12:00:27.557" endtime="20231002 12:00:27.558"/>
</kw>
<status status="PASS" starttime="20231002 12:00:27.556" endtime="20231002 12:00:27.558"/>
</branch>
<status status="PASS" starttime="20231002 12:00:27.556" endtime="20231002 12:00:27.558"/>
</if>
<status status="PASS" starttime="20231002 12:00:27.390" endtime="20231002 12:00:27.558"/>
</kw>
<kw name="Click &quot;Đăng nhập&quot; button" library="common" sourcename="Click &quot;${text}&quot; button">
<kw name="Click" library="Browser">
<arg>xpath=//button[@title = "${text}"]</arg>
<tag>PageContent</tag>
<tag>Setter</tag>
<doc>Simulates mouse click on the element found by ``selector``.</doc>
<status status="PASS" starttime="20231002 12:00:27.559" endtime="20231002 12:00:28.258"/>
</kw>
<kw name="Click Confirm To Action" library="common">
<kw name="Set Variable" library="BuiltIn">
<var>${element}</var>
<arg>xpath=//*[contains(@class, "ant-popover")]//*[contains(@class, "ant-btn-primary")]</arg>
<doc>Returns the given values which can then be assigned to a variables.</doc>
<msg timestamp="20231002 12:00:28.262" level="INFO">${element} = xpath=//*[contains(@class, "ant-popover")]//*[contains(@class, "ant-btn-primary")]</msg>
<status status="PASS" starttime="20231002 12:00:28.261" endtime="20231002 12:00:28.262"/>
</kw>
<kw name="Get Element Count" library="Browser">
<var>${count}</var>
<arg>${element}</arg>
<tag>Assertion</tag>
<tag>Getter</tag>
<tag>PageContent</tag>
<doc>Returns the count of elements found with ``selector``.</doc>
<msg timestamp="20231002 12:00:28.654" level="INFO">${count} = 0</msg>
<status status="PASS" starttime="20231002 12:00:28.263" endtime="20231002 12:00:28.654"/>
</kw>
<if>
<branch type="IF" condition="${count} &gt; 0">
<kw name="Click" library="Browser">
<arg>${element}</arg>
<tag>PageContent</tag>
<tag>Setter</tag>
<doc>Simulates mouse click on the element found by ``selector``.</doc>
<status status="NOT RUN" starttime="20231002 12:00:28.657" endtime="20231002 12:00:28.657"/>
</kw>
<kw name="Sleep" library="BuiltIn">
<arg>${SHOULD_TIMEOUT}</arg>
<doc>Pauses the test executed for the given time.</doc>
<status status="NOT RUN" starttime="20231002 12:00:28.657" endtime="20231002 12:00:28.657"/>
</kw>
<status status="NOT RUN" starttime="20231002 12:00:28.654" endtime="20231002 12:00:28.657"/>
[...]
<arg>${contains}</arg>
<doc>Returns and logs the length of the given item as an integer.</doc>
<msg timestamp="20231002 12:01:06.317" level="INFO">Length is 0</msg>
<msg timestamp="20231002 12:01:06.317" level="INFO">${cnt} = 0</msg>
<status status="PASS" starttime="20231002 12:01:06.317" endtime="20231002 12:01:06.317"/>
</kw>
<if>
<branch type="IF" condition="${cntS} &gt; 0">
<kw name="Set Variable" library="BuiltIn">
<var>${new_text}</var>
<arg>${STATE["${containsS[0]}"]}</arg>
<doc>Returns the given values which can then be assigned to a variables.</doc>
<msg timestamp="20231002 12:01:06.319" level="INFO">${new_text} = Amet possimus ab alias.</msg>
<status status="PASS" starttime="20231002 12:01:06.318" endtime="20231002 12:01:06.319"/>
</kw>
<kw name="Set Variable" library="BuiltIn">
<var>${symbol}</var>
<arg>_@${containsS[0]}@_</arg>
<doc>Returns the given values which can then be assigned to a variables.</doc>
<msg timestamp="20231002 12:01:06.320" level="INFO">${symbol} = _@Mật khẩu@_</msg>
<status status="PASS" starttime="20231002 12:01:06.319" endtime="20231002 12:01:06.320"/>
</kw>
<status status="PASS" starttime="20231002 12:01:06.318" endtime="20231002 12:01:06.320"/>
</branch>
<branch type="ELSE IF" condition="${cnt} &gt; 0 and '${type}' == 'test name'">
<kw name="Sentence" library="FakerLibrary">
<var>${random}</var>
<arg>nb_words=3</arg>
<doc>Generate a sentence.</doc>
<status status="NOT RUN" starttime="20231002 12:01:06.320" endtime="20231002 12:01:06.320"/>
</kw>
<kw name="Split String" library="String">
<var>${words}</var>
<arg>${TEST NAME}</arg>
<arg>${SPACE}</arg>
<doc>Splits the ``string`` using ``separator`` as a delimiter string.</doc>
<status status="NOT RUN" starttime="20231002 12:01:06.321" endtime="20231002 12:01:06.321"/>
</kw>
<kw name="Set Variable" library="BuiltIn">
<var>${new_text}</var>
<arg>${words[0]} ${random}</arg>
<doc>Returns the given values which can then be assigned to a variables.</doc>
<status status="NOT RUN" starttime="20231002 12:01:06.321" endtime="20231002 12:01:06.321"/>
</kw>
<status status="NOT RUN" starttime="20231002 12:01:06.320" endtime="20231002 12:01:06.321"/>
</branch>
<branch type="ELSE IF" condition="${cnt} &gt; 0 and '${type}' == 'number'">
<kw name="Random Int" library="FakerLibrary">
<var>${new_text}</var>
<doc>Generate a random integer between two integers ``min`` and ``max`` inclusive
while observing the provided ``step`` value.</doc>
<status status="NOT RUN" starttime="20231002 12:01:06.322" endtime="20231002 12:01:06.322"/>
</kw>
<kw name="Convert To String" library="BuiltIn">
<var>${new_text}</var>
<arg>${new_text}</arg>
<doc>Converts the given item to a Unicode string.</doc>
<status status="NOT RUN" starttime="20231002 12:01:06.323" endtime="20231002 12:01:06.324"/>
</kw>
<status status="NOT RUN" starttime="20231002 12:01:06.321" endtime="20231002 12:01:06.324"/>
</branch>
<branch type="ELSE IF" condition="${cnt} &gt; 0 and '${type}' == 'percentage'">
<kw name="Random Int" library="FakerLibrary">
<var>${new_text}</var>
<arg>max=100</arg>
<doc>Generate a random integer between two integers ``min`` and ``max`` inclusive
while observing the provided ``step`` value.</doc>
<status status="NOT RUN" starttime="20231002 12:01:06.325" endtime="20231002 12:01:06.325"/>
</kw>
<kw name="Convert To String" library="BuiltIn">
<var>${new_text}</var>
<arg>${new_text}</arg>
<doc>Converts the given item to a Unicode string.</doc>
<status status="NOT RUN" starttime="20231002 12:01:06.325" endtime="20231002 12:01:06.325"/>
</kw>
<status status="NOT RUN" starttime="20231002 12:01:06.324" endtime="20231002 12:01:06.325"/>
</branch>
<branch type="ELSE IF" condition="${cnt} &gt; 0 and '${type}' == 'paragraph'">
<kw name="Paragraph" library="FakerLibrary">
<var>${new_text}</var>
<doc>Generate a paragraph.</doc>
<status status="NOT RUN" starttime="20231002 12:01:06.326" endtime="20231002 12:01:06.326"/>
</kw>
<status status="NOT RUN" starttime="20231002 12:01:06.326" endtime="20231002 12:01:06.326"/>
</branch>
<branch type="ELSE IF" condition="${cnt} &gt; 0 and '${type}' == 'email'">
<kw name="Email" library="FakerLibrary">
<var>${new_text}</var>
<status status="NOT RUN" starttime="20231002 12:01:06.326" endtime="20231002 12:01:06.327"/>
</kw>
<status status="NOT RUN" starttime="20231002 12:01:06.326" endtime="20231002 12:01:06.327"/>
</branch>
<branch type="ELSE IF" condition="${cnt} &gt; 0 and '${type}' == 'phone'">
<kw name="Random Int" library="FakerLibrary">
<var>${new_text}</var>
<arg>min=200000000</arg>
<arg>max=999999999</arg>
<doc>Generate a random integer between two integers ``min`` and ``max`` inclusive
while observing the provided ``step`` value.</doc>
<status status="NOT RUN" starttime="20231002 12:01:06.327" endtime="20231002 12:01:06.327"/>
</kw>
<kw name="Convert To String" library="BuiltIn">
<var>${new_text}</var>
<arg>${new_text}</arg>
<doc>Converts the given item to a Unicode string.</doc>
<status status="NOT RUN" starttime="20231002 12:01:06.327" endtime="20231002 12:01:06.327"/>
</kw>
<kw name="Catenate" library="BuiltIn">
<var>${new_text}</var>
<arg>SEPARATOR=</arg>
<arg>0</arg>
<arg>${new_text}</arg>
<doc>Catenates the given items together and returns the resulted string.</doc>
<status status="NOT RUN" starttime="20231002 12:01:06.328" endtime="20231002 12:01:06.328"/>
</kw>
<status status="NOT RUN" starttime="20231002 12:01:06.327" endtime="20231002 12:01:06.328"/>
</branch>
<branch type="ELSE IF" condition="${cnt} &gt; 0 and '${type}' == 'color'">
<kw name="Safe Hex Color" library="FakerLibrary">
<var>${new_text}</var>
<doc>Generate a web-safe color formatted as a hex triplet.</doc>
<status status="NOT RUN" starttime="20231002 12:01:06.328" endtime="20231002 12:01:06.328"/>
</kw>
<status status="NOT RUN" starttime="20231002 12:01:06.328" endtime="20231002 12:01:06.329"/>
</branch>
<branch type="ELSE IF" condition="${cnt} &gt; 0 and '${type}' == 'date'">
<kw name="Date" library="FakerLibrary">
<var>${new_text}</var>
<arg>pattern=%d-%m-%Y</arg>
<doc>Get a date string between January 1, 1970 and now.</doc>
<status status="NOT RUN" starttime="20231002 12:01:06.329" endtime="20231002 12:01:06.329"/>
</kw>
<status status="NOT RUN" starttime="20231002 12:01:06.329" endtime="20231002 12:01:06.329"/>
</branch>
<branch type="ELSE IF" condition="${cnt} &gt; 0 and '${type}' == 'word'">
<kw name="Sentence" library="FakerLibrary">
<var>${new_text}</var>
<arg>nb_words=2</arg>
<doc>Generate a sentence.</doc>
<status status="NOT RUN" starttime="20231002 12:01:06.329" endtime="20231002 12:01:06.329"/>
</kw>
<status status="NOT RUN" starttime="20231002 12:01:06.329" endtime="20231002 12:01:06.330"/>
</branch>
<branch type="ELSE IF" condition="${cnt} &gt; 0">
<kw name="Sentence" library="FakerLibrary">
<var>${new_text}</var>
<doc>Generate a sentence.</doc>
<status status="NOT RUN" starttime="20231002 12:01:06.330" endtime="20231002 12:01:06.330"/>
</kw>
<status status="NOT RUN" starttime="20231002 12:01:06.330" endtime="20231002 12:01:06.330"/>
</branch>
<status status="PASS" starttime="20231002 12:01:06.317" endtime="20231002 12:01:06.330"/>
</if>
<kw name="Get Length" library="BuiltIn">
<var>${cnt}</var>
<arg>${text}</arg>
<doc>Returns and logs the length of the given item as an integer.</doc>
<msg timestamp="20231002 12:01:06.331" level="INFO">Length is 12</msg>
<msg timestamp="20231002 12:01:06.331" level="INFO">${cnt} = 12</msg>
<status status="PASS" starttime="20231002 12:01:06.330" endtime="20231002 12:01:06.331"/>
</kw>
<if>
<branch type="IF" condition="${cnt} &gt; 0">
<kw name="Replace String" library="String">
<var>${text}</var>
<arg>${text}</arg>
<arg>${symbol}</arg>
<arg>${new_text}</arg>
<doc>Replaces ``search_for`` in the given ``string`` with ``replace_with``.</doc>
<msg timestamp="20231002 12:01:06.331" level="INFO">${text} = Amet possimus ab alias.</msg>
<status status="PASS" starttime="20231002 12:01:06.331" endtime="20231002 12:01:06.331"/>
</kw>
<status status="PASS" starttime="20231002 12:01:06.331" endtime="20231002 12:01:06.332"/>
</branch>
<status status="PASS" starttime="20231002 12:01:06.331" endtime="20231002 12:01:06.332"/>
</if>
<msg timestamp="20231002 12:01:06.332" level="INFO">${text} = Amet possimus ab alias.</msg>
<status status="PASS" starttime="20231002 12:01:06.314" endtime="20231002 12:01:06.332"/>
</kw>
<kw name="Get Element Form Item By Name" library="common">
<var>${element}</var>
<arg>${name}</arg>
<arg>//input[contains(@class, "ant-input")]</arg>
<msg timestamp="20231002 12:01:06.333" level="INFO">${element} = xpath=//*[contains(@class, "ant-form-item-label")]/label[text()="Xác nhận mật khẩu"]/../../*[contains(@class, "ant-form-item")]//input[contains(@class, "ant-input")]</msg>
<status status="PASS" starttime="20231002 12:01:06.332" endtime="20231002 12:01:06.333"/>
</kw>
<kw name="Clear Text" library="Browser">
<arg>${element}</arg>
<tag>PageContent</tag>
<tag>Setter</tag>
<doc>Clears the text field found by ``selector``.</doc>
<status status="PASS" starttime="20231002 12:01:06.333" endtime="20231002 12:01:06.363"/>
</kw>
<kw name="Fill Text" library="Browser">
<arg>${element}</arg>
<arg>${text}</arg>
<arg>True</arg>
<tag>PageContent</tag>
<tag>Setter</tag>
<doc>Clears and fills the given ``txt`` into the text field found by ``selector``.</doc>
<msg timestamp="20231002 12:01:06.363" level="INFO">Fills the text 'Amet possimus ab alias.' in the given field.</msg>
<status status="PASS" starttime="20231002 12:01:06.363" endtime="20231002 12:01:06.392"/>
</kw>
<kw name="Get Length" library="BuiltIn">
<var>${cnt}</var>
<arg>${text}</arg>
<doc>Returns and logs the length of the given item as an integer.</doc>
<msg timestamp="20231002 12:01:06.392" level="INFO">Length is 23</msg>
<msg timestamp="20231002 12:01:06.393" level="INFO">${cnt} = 23</msg>
<status status="PASS" starttime="20231002 12:01:06.392" endtime="20231002 12:01:06.393"/>
</kw>
<if>
<branch type="IF" condition="${cnt} &gt; 0">
<kw name="Set Global Variable" library="BuiltIn">
<arg>${STATE["${name}"]}</arg>
<arg>${text}</arg>
<doc>Makes a variable available globally in all tests and suites.</doc>
<msg timestamp="20231002 12:01:06.394" level="INFO">${STATE["Xác nhận mật khẩu"]} = Amet possimus ab alias.</msg>
<status status="PASS" starttime="20231002 12:01:06.393" endtime="20231002 12:01:06.394"/>
</kw>
<status status="PASS" starttime="20231002 12:01:06.393" endtime="20231002 12:01:06.395"/>
</branch>
<status status="PASS" starttime="20231002 12:01:06.393" endtime="20231002 12:01:06.395"/>
</if>
<status status="PASS" starttime="20231002 12:01:06.313" endtime="20231002 12:01:06.395"/>
</kw>
<kw name="When Click &quot;Lưu lại&quot; button" library="common" sourcename="Click &quot;${text}&quot; button">
<kw name="Click" library="Browser">
<arg>xpath=//button[@title = "${text}"]</arg>
<tag>PageContent</tag>
<tag>Setter</tag>
<doc>Simulates mouse click on the element found by ``selector``.</doc>
<status status="PASS" starttime="20231002 12:01:06.396" endtime="20231002 12:01:06.482"/>
</kw>
<kw name="Click Confirm To Action" library="common">
<kw name="Set Variable" library="BuiltIn">
<var>${element}</var>
<arg>xpath=//*[contains(@class, "ant-popover")]//*[contains(@class, "ant-btn-primary")]</arg>
<doc>Returns the given values which can then be assigned to a variables.</doc>
<msg timestamp="20231002 12:01:06.483" level="INFO">${element} = xpath=//*[contains(@class, "ant-popover")]//*[contains(@class, "ant-btn-primary")]</msg>
<status status="PASS" starttime="20231002 12:01:06.482" endtime="20231002 12:01:06.483"/>
</kw>
<kw name="Get Element Count" library="Browser">
<var>${count}</var>
<arg>${element}</arg>
<tag>Assertion</tag>
<tag>Getter</tag>
<tag>PageContent</tag>
<doc>Returns the count of elements found with ``selector``.</doc>
<msg timestamp="20231002 12:01:06.490" level="INFO">${count} = 0</msg>
<status status="PASS" starttime="20231002 12:01:06.483" endtime="20231002 12:01:06.490"/>
</kw>
<if>
<branch type="IF" condition="${count} &gt; 0">
<kw name="Click" library="Browser">
<arg>${element}</arg>
<tag>PageContent</tag>
<tag>Setter</tag>
<doc>Simulates mouse click on the element found by ``selector``.</doc>
<status status="NOT RUN" starttime="20231002 12:01:06.493" endtime="20231002 12:01:06.493"/>
</kw>
<kw name="Sleep" library="BuiltIn">
<arg>${SHOULD_TIMEOUT}</arg>
<doc>Pauses the test executed for the given time.</doc>
<status status="NOT RUN" starttime="20231002 12:01:06.494" endtime="20231002 12:01:06.494"/>
</kw>
<status status="NOT RUN" starttime="20231002 12:01:06.491" endtime="20231002 12:01:06.494"/>
</branch>
<status status="PASS" starttime="20231002 12:01:06.490" endtime="20231002 12:01:06.494"/>
</if>
<status status="PASS" starttime="20231002 12:01:06.482" endtime="20231002 12:01:06.495"/>
</kw>
<kw name="Scroll By" library="Browser">
<arg>${None}</arg>
<tag>PageContent</tag>
<tag>Setter</tag>
<doc>Scrolls an element or the page relative from current position by the given values.</doc>
<msg timestamp="20231002 12:01:06.557" level="INFO">JavaScript executed successfully.</msg>
<msg timestamp="20231002 12:01:06.557" level="INFO">JavaScript executed successfully.</msg>
<msg timestamp="20231002 12:01:06.568" level="INFO">JavaScript executed successfully.</msg>
<msg timestamp="20231002 12:01:06.568" level="INFO">JavaScript executed successfully.</msg>
<msg timestamp="20231002 12:01:06.580" level="INFO">JavaScript executed successfully.</msg>
<status status="PASS" starttime="20231002 12:01:06.495" endtime="20231002 12:01:06.580"/>
</kw>
<status status="PASS" starttime="20231002 12:01:06.395" endtime="20231002 12:01:06.580"/>
</kw>
<kw name="Then User look message &quot;Tạo tài khoản thành công&quot; popup" library="common" sourcename="User look message &quot;${message}&quot; popup">
<kw name="Get Regexp Matches" library="String">
<var>${contains}</var>
<arg>${message}</arg>
<arg>_@(.+)@_</arg>
<arg>1</arg>
<doc>Returns a list of all non-overlapping matches in the given string.</doc>
<msg timestamp="20231002 12:01:06.583" level="INFO">${contains} = []</msg>
<status status="PASS" starttime="20231002 12:01:06.582" endtime="20231002 12:01:06.583"/>
</kw>
<kw name="Get Length" library="BuiltIn">
<var>${cnt}</var>
<arg>${contains}</arg>
<doc>Returns and logs the length of the given item as an integer.</doc>
<msg timestamp="20231002 12:01:06.585" level="INFO">Length is 0</msg>
<msg timestamp="20231002 12:01:06.585" level="INFO">${cnt} = 0</msg>
<status status="PASS" starttime="20231002 12:01:06.584" endtime="20231002 12:01:06.585"/>
</kw>
<if>
<branch type="IF" condition="${cnt} &gt; 0">
<kw name="Replace String" library="String">
<var>${message}</var>
<arg>${message}</arg>
<arg>_@${contains[0]}@_</arg>
<arg>${STATE["${contains[0]}"]}</arg>
<doc>Replaces ``search_for`` in the given ``string`` with ``replace_with``.</doc>
<status status="NOT RUN" starttime="20231002 12:01:06.586" endtime="20231002 12:01:06.587"/>
</kw>
<status status="NOT RUN" starttime="20231002 12:01:06.586" endtime="20231002 12:01:06.587"/>
</branch>
<status status="PASS" starttime="20231002 12:01:06.585" endtime="20231002 12:01:06.587"/>
</if>
<kw name="Element Text Should Be" library="common">
<arg>id=swal2-html-container</arg>
<arg>${message}</arg>
<kw name="Get Text" library="Browser">
<arg>${locator}</arg>
<arg>equal</arg>
<arg>${expected}</arg>
<arg>${message}</arg>
<tag>Assertion</tag>
<tag>Getter</tag>
<tag>PageContent</tag>
<doc>Returns text attribute of the element found by ``selector``.</doc>
<msg timestamp="20231002 12:01:07.655" level="INFO">Text: 'Số điện thoại gồm 10 số'</msg>
<msg timestamp="20231002 12:01:07.837" level="INFO" html="true">&lt;/td&gt;&lt;/tr&gt;&lt;tr&gt;&lt;td colspan="3"&gt;&lt;a href="browser/screenshot/fail-screenshot-6.png" target="_blank"&gt;&lt;img src="browser/screenshot/fail-screenshot-6.png" width="800px"/&gt;&lt;/a&gt;</msg>
<msg timestamp="20231002 12:01:07.838" level="INFO">See also file:///D:/Intern%20test/test/test/results/playwright-log.txt for additional details.</msg>
<msg timestamp="20231002 12:01:07.838" level="FAIL">Text 'Số điện thoại gồm 10 số' (str) should be 'Tạo tài khoản thành công' (str)</msg>
<status status="FAIL" starttime="20231002 12:01:06.595" endtime="20231002 12:01:07.840"/>
</kw>
<status status="FAIL" starttime="20231002 12:01:06.588" endtime="20231002 12:01:07.841"/>
</kw>
<kw name="Set Variable" library="BuiltIn">
<var>${element}</var>
<arg>xpath=//*[contains(@class, "swal2-confirm")]</arg>
<doc>Returns the given values which can then be assigned to a variables.</doc>
<status status="NOT RUN" starttime="20231002 12:01:07.841" endtime="20231002 12:01:07.842"/>
</kw>
<kw name="Run Keyword And Return Status" library="BuiltIn">
<var>${passed}</var>
<arg>Element Should Be Visible</arg>
<arg>${element}</arg>
<doc>Runs the given keyword with given arguments and returns the status as a Boolean value.</doc>
<status status="NOT RUN" starttime="20231002 12:01:07.842" endtime="20231002 12:01:07.842"/>
</kw>
<if>
<branch type="IF" condition="'${passed}' == 'True'">
<kw name="Click" library="Browser">
<arg>${element}</arg>
<tag>PageContent</tag>
<tag>Setter</tag>
<doc>Simulates mouse click on the element found by ``selector``.</doc>
<status status="NOT RUN" starttime="20231002 12:01:07.842" endtime="20231002 12:01:07.842"/>
</kw>
<status status="NOT RUN" starttime="20231002 12:01:07.842" endtime="20231002 12:01:07.842"/>
</branch>
<status status="NOT RUN" starttime="20231002 12:01:07.842" endtime="20231002 12:01:07.843"/>
</if>
<status status="FAIL" starttime="20231002 12:01:06.581" endtime="20231002 12:01:07.843"/>
</kw>
<status status="FAIL" starttime="20231002 12:01:01.354" endtime="20231002 12:01:07.843"/>
</kw>
<kw name="When Click on the &quot;Sửa&quot; button in the &quot;_@Họ và tên@_&quot; table line" library="common" sourcename="Click on the &quot;${text}&quot; button in the &quot;${name}&quot; table line">
<status status="NOT RUN" starttime="20231002 12:01:07.844" endtime="20231002 12:01:07.844"/>
</kw>
<kw name="When Click &quot;Đóng lại&quot; button" library="common" sourcename="Click &quot;${text}&quot; button">
<status status="NOT RUN" starttime="20231002 12:01:07.845" endtime="20231002 12:01:07.845"/>
</kw>
<kw name="Then &quot;_@Họ và tên@_&quot; table line should be highlighted" library="common" sourcename="&quot;${name}&quot; table line should be highlighted">
<status status="NOT RUN" starttime="20231002 12:01:07.846" endtime="20231002 12:01:07.846"/>
</kw>
<kw name="When Click on the &quot;Xóa&quot; button in the &quot;_@Họ và tên@_&quot; table line" library="common" sourcename="Click on the &quot;${text}&quot; button in the &quot;${name}&quot; table line">
<status status="NOT RUN" starttime="20231002 12:01:07.847" endtime="20231002 12:01:07.847"/>
</kw>
<kw name="Tear Down" library="common" type="TEARDOWN">
<kw name="Close Browser" library="Browser">
<arg>ALL</arg>
<tag>BrowserControl</tag>
<tag>Setter</tag>
<doc>Closes the current browser.</doc>
<msg timestamp="20231002 12:01:08.482" level="INFO">Closed all browsers</msg>
<status status="PASS" starttime="20231002 12:01:07.848" endtime="20231002 12:01:08.482"/>
</kw>
<status status="PASS" starttime="20231002 12:01:07.848" endtime="20231002 12:01:08.482"/>
</kw>
<tag>MainPage</tag>
<tag>UI</tag>
<status status="FAIL" starttime="20231002 12:00:57.514" endtime="20231002 12:01:08.483">Text 'Số điện thoại gồm 10 số' (str) should be 'Tạo tài khoản thành công' (str)</status>
</test>
<status status="FAIL" starttime="20231002 12:00:08.905" endtime="20231002 12:01:08.492"/>
</suite>
<statistics>
<total>
<stat pass="2" fail="2" skip="0">All Tests</stat>
</total>
<tag>
<stat pass="2" fail="2" skip="0">MainPage</stat>
<stat pass="2" fail="1" skip="0">Smoketest</stat>
<stat pass="2" fail="2" skip="0">UI</stat>
</tag>
<suite>
<stat pass="2" fail="2" skip="0" id="s1" name="Customer Account">Customer Account</stat>
</suite>
</statistics>
<errors>
</errors>
</robot>
